 Initial value of the OBJECTIVE function =     -12.7822
 Amoeba restart #     1, Objective function =     -54.6670
 Amoeba restart #     2, Objective function =     -54.8720
 Amoeba restart #     3, Objective function =     -54.8778
 Amoeba restart #     4, Objective function =     -54.8787
 Amoeba restart #     5, Objective function =     -54.8798
 Amoeba restart #     6, Objective function =     -54.8805
 Amoeba restart #     7, Objective function =     -54.8805
 Amoeba restart #     8, Objective function =     -54.8806
 Amoeba restart #     9, Objective function =     -54.8807


 FIRST DERIVATIVE TEST
==============================================      
             -h       central        +h     
         ----------  ----------  ---------- 
    1 : -0.1321D+02 -0.3367D+01  0.6247D+01
    2 : -0.4961D+01  0.2716D+00  0.5378D+01
    3 : -0.2747D+02 -0.2457D+01  0.2182D+02
    4 : -0.2907D+01  0.6007D+00  0.3947D+01
    5 : -0.3590D+01 -0.1751D+00  0.3339D+01
    6 : -0.2516D+01  0.1990D+00  0.2795D+01
    7 : -0.5192D+01  0.3770D+00  0.6232D+01
    8 : -0.3343D+01  0.2267D-01  0.3047D+01
    9 : -0.6326D+01 -0.1389D+01  0.5281D+01
   10 : -0.1820D+00  0.2557D-01  0.5370D-01
   11 : -0.1262D+01 -0.6420D-01  0.9305D+00
   12 : -0.2405D+00  0.2814D-01  0.2633D+00
   13 : -0.1103D+01  0.3146D-01  0.1121D+01
   14 : -0.2437D+01  0.1492D+00  0.2634D+01
   15 : -0.1551D+01 -0.1802D+00  0.1137D+01
   16 : -0.3169D+00 -0.4074D-01  0.2246D+00
   17 : -0.1632D+00 -0.5050D-01  0.5779D-01


 HESSIAN MATRIX
====================================================================================================================================================================================================================================      
              1            2            3            4            5            6            7            8            9           10           11           12           13           14           15           16           17
    1 :   0.1509D+06
    2 :  -0.1334D+05   0.3713D+04
    3 :   0.1932D+05  -0.1054D+05   0.5542D+05
    4 :   0.0000D+00  -0.5202D+02  -0.3402D+04   0.6232D+04
    5 :   0.0000D+00  -0.6631D+02  -0.9521D+02  -0.2340D+04   0.5243D+04
    6 :   0.0000D+00  -0.4739D+02  -0.8036D+02  -0.3129D+02  -0.1822D+04   0.3005D+04
    7 :   0.0000D+00   0.2754D+03  -0.8520D+04   0.7262D+02   0.8372D+02  -0.1015D+04   0.6539D+04
    8 :   0.0000D+00  -0.5001D+02  -0.1591D+03  -0.6223D+01   0.2062D+02   0.8771D+02  -0.1215D+04   0.4922D+04
    9 :   0.0000D+00   0.4446D+03  -0.4300D+03   0.7303D+01   0.2067D+02   0.1974D+03   0.6804D+01  -0.1333D+04   0.1044D+05
   10 :   0.0000D+00   0.0000D+00   0.0000D+00   0.0000D+00   0.1217D+01   0.1749D+01   0.1412D+01   0.1716D+01   0.1826D+02   0.2202D+02
   11 :   0.0000D+00   0.0000D+00   0.0000D+00   0.2415D+00  -0.1410D-01  -0.6628D+01  -0.1213D+02  -0.1885D+02  -0.2763D+03  -0.1219D+02   0.2594D+03
   12 :   0.0000D+00   0.0000D+00  -0.4334D+02  -0.3231D+00  -0.3071D+01  -0.1044D+02   0.5059D+01  -0.1536D+02  -0.1309D+03  -0.2468D+00  -0.9330D+01   0.2535D+02
   13 :   0.0000D+00   0.0000D+00   0.0000D+00  -0.9876D-09   0.0000D+00  -0.1026D+02  -0.1085D+02  -0.2332D+02  -0.2419D+03   0.3039D-10   0.1136D+02   0.1761D+01   0.2132D+03
   14 :   0.0000D+00   0.0000D+00   0.0000D+00  -0.3430D+01  -0.1127D+02  -0.1219D+02  -0.1538D+02  -0.1496D+01   0.1929D+03   0.2129D+01  -0.5252D+02   0.5996D+01  -0.7865D-10   0.5848D+03
   15 :   0.0000D+00   0.0000D+00   0.3890D+02  -0.6668D+01  -0.5612D+01  -0.4140D+02  -0.1472D+02   0.4315D+02   0.1084D+03  -0.1623D+01   0.2694D+02  -0.6311D+01   0.0000D+00   0.0000D+00   0.2140D+03
   16 :   0.0000D+00   0.0000D+00   0.0000D+00  -0.8669D-09   0.0000D+00  -0.7332D-09   0.0000D+00   0.3605D+02   0.3054D+02   0.0000D+00   0.0000D+00   0.2550D+01   0.0000D+00   0.0000D+00   0.0000D+00   0.9114D+02
   17 :   0.0000D+00   0.0000D+00   0.0000D+00   0.3505D-09   0.0000D+00   0.2964D-09   0.0000D+00  -0.1552D+00  -0.1025D+02   0.0000D+00   0.0000D+00   0.4798D+00   0.0000D+00   0.0000D+00   0.0000D+00   0.0000D+00   0.1503D+02
 
 
 CORRELATION MATRIX OF PARAMETERS
=============================================================================================  
          1    2    3    4    5    6    7    8    9   10   11   12   13   14   15   16   17
    1 :  1.0
    2 :  0.6  1.0
    3 :  0.2  0.7  1.0
    4 :  0.0  0.1  0.2  1.0
    5 :  0.0  0.1  0.1  0.4  1.0
    6 :  0.0  0.1  0.0  0.2  0.5  1.0
    7 :  0.1  0.3  0.5  0.0  0.1  0.2  1.0
    8 :  0.0  0.1  0.1  0.0  0.0  0.0  0.2  1.0
    9 :  0.0  0.0  0.0  0.0  0.0  0.0  0.0  0.2  1.0
   10 :  0.0  0.0  0.0  0.0  0.0  0.0  0.0  0.0  0.0  1.0
   11 :  0.0  0.0  0.0  0.0  0.0  0.0  0.0  0.0  0.2  0.2  1.0
   12 :  0.0  0.0  0.0  0.0  0.0  0.0  0.0  0.1  0.3  0.0  0.1  1.0
   13 :  0.0  0.0  0.0  0.0  0.0  0.0  0.0  0.0  0.1  0.0 -0.1  0.0  1.0
   14 :  0.0  0.0  0.0  0.0  0.0  0.0  0.0  0.0 -0.1  0.0  0.1  0.0  0.0  1.0
   15 :  0.0  0.0  0.0  0.0  0.0  0.1  0.0 -0.1 -0.1  0.0 -0.1  0.1  0.0  0.0  1.0
   16 :  0.0  0.0  0.0  0.0  0.0  0.0  0.0 -0.1  0.0  0.0  0.0 -0.1  0.0  0.0  0.0  1.0
   17 :  0.0  0.0  0.0  0.0  0.0  0.0  0.0  0.0  0.0  0.0  0.0  0.0  0.0  0.0  0.0  0.0  1.0
 
 
 COVARIANCE MATRIX OF PARAMETERS
====================================================================================================================================================================================================================================      
              1            2            3            4            5            6            7            8            9           10           11           12           13           14           15           16           17
    1 :   0.6628D-05
    2 :   0.2381D-04   0.2693D-03
    3 :   0.2216D-05   0.5121D-04   0.1804D-04
    4 :   0.1409D-05   0.3021D-04   0.9852D-05   0.1605D-03
    5 :   0.9702D-06   0.1782D-04   0.4725D-05   0.7162D-04   0.1907D-03
    6 :   0.1038D-05   0.1674D-04   0.3450D-05   0.4510D-04   0.1157D-03   0.3328D-03
    7 :   0.2018D-05   0.5742D-04   0.2388D-04   0.4301D-05   0.1551D-04   0.5166D-04   0.1529D-03
    8 :   0.7911D-06   0.1823D-04   0.6410D-05   0.1612D-06   0.9694D-06   0.6824D-05   0.3776D-04   0.2032D-03
    9 :  -0.8455D-06  -0.7443D-05   0.1465D-05  -0.1089D-05  -0.2451D-05  -0.5456D-05   0.4721D-05   0.2594D-04   0.9579D-04
   10 :   0.3739D-06  -0.1247D-05  -0.3781D-05  -0.6927D-05  -0.1877D-04  -0.2576D-04  -0.1667D-04  -0.3734D-04  -0.7942D-04   0.4541D-01
   11 :  -0.7061D-06  -0.3579D-05   0.3044D-05  -0.2661D-06   0.2681D-06   0.4393D-05   0.1414D-04   0.4064D-04   0.9832D-04   0.2135D-02   0.3855D-02
   12 :  -0.1944D-06   0.5680D-04   0.4073D-04   0.2275D-04   0.5550D-04   0.1041D-03   0.2178D-04   0.2716D-03   0.5301D-03   0.1228D-02   0.1419D-02   0.3944D-01
   13 :  -0.6808D-06  -0.3002D-05   0.3244D-05   0.9975D-06   0.3207D-05   0.1211D-04   0.1633D-04   0.4723D-04   0.9904D-04  -0.1238D-03  -0.2171D-03  -0.3257D-03   0.4690D-02
   14 :   0.3198D-06   0.3982D-05   0.2515D-06   0.3502D-05   0.6828D-05   0.9535D-05   0.3669D-05  -0.7035D-05  -0.2791D-04   0.1378D-04   0.3317D-03  -0.4045D-03   0.6307D-15   0.1710D-02
   15 :   0.3607D-06   0.1496D-05  -0.1784D-05   0.1707D-04   0.3095D-04   0.7164D-04  -0.7521D-06  -0.5148D-04  -0.4585D-04   0.1118D-03  -0.4436D-03   0.1163D-02   0.0000D+00   0.0000D+00   0.4673D-02
   16 :  -0.2410D-07  -0.6307D-05  -0.4166D-05  -0.3353D-06  -0.1115D-05  -0.3784D-05  -0.1713D-04  -0.9665D-04  -0.4694D-04  -0.3435D-04  -0.3970D-04  -0.1104D-02   0.0000D+00   0.0000D+00   0.0000D+00   0.1097D-01
   17 :  -0.5619D-06  -0.6698D-05  -0.2354D-06  -0.1467D-05  -0.3432D-05  -0.6971D-05   0.2912D-05   0.1111D-04   0.4837D-04  -0.3918D-04  -0.4528D-04  -0.1259D-02   0.0000D+00   0.0000D+00   0.0000D+00   0.0000D+00   0.6652D-01
 
 
 DETERMINISTIC RUN COMPLETED
 BOOTSTRAP RUNS COMPLETED 
