 Initial value of the OBJECTIVE function =     250.4144
 Amoeba restart #     1, Objective function =       0.2934
 Amoeba restart #     2, Objective function =     -20.5087
 Amoeba restart #     3, Objective function =     -33.3437
 Amoeba restart #     4, Objective function =     -38.4358
 Amoeba restart #     5, Objective function =     -38.8502
 Amoeba restart #     6, Objective function =     -39.6073
 Amoeba restart #     7, Objective function =     -39.7275
 Amoeba restart #     8, Objective function =     -39.8264
 Amoeba restart #     9, Objective function =     -39.8432
 Amoeba restart #    10, Objective function =     -39.8514
 Amoeba restart #    11, Objective function =     -39.8667
 Amoeba restart #    12, Objective function =     -39.8671
 Amoeba restart #    13, Objective function =     -39.8672
 Amoeba restart #    14, Objective function =     -39.8768
 Amoeba restart #    15, Objective function =     -39.8772
 Amoeba restart #    16, Objective function =     -39.8773
 Amoeba restart #    17, Objective function =     -39.8888
 Amoeba restart #    18, Objective function =     -39.8990
 Amoeba restart #    19, Objective function =     -39.8997
 Amoeba restart #    20, Objective function =     -39.9007
 Amoeba restart #    21, Objective function =     -39.9007
 Amoeba restart #    22, Objective function =     -39.9010
 Amoeba restart #    23, Objective function =     -39.9011
 Amoeba restart #    24, Objective function =     -39.9011
 Amoeba restart #    25, Objective function =     -39.9011
 Amoeba restart #    26, Objective function =     -39.9011


 FIRST DERIVATIVE TEST
==============================================      
             -h       central        +h     
         ----------  ----------  ---------- 
    1 : -0.9197D+03  0.2787D+02  0.9530D+03
    2 : -0.1560D+02  0.2803D+01  0.2078D+02
    3 : -0.2543D+02  0.7794D+03  0.8910D+03
    4 : -0.1881D+02 -0.4787D+01  0.1591D+02
    5 : -0.8188D+01  0.6916D+00  0.1132D+02
    6 : -0.4543D+03 -0.7532D+02  0.3293D+03
    7 : -0.2585D+02  0.1068D+02  0.4808D+02
    8 : -0.7919D+01  0.1424D+01  0.1016D+02
    9 : -0.8724D+02  0.5983D+02  0.2102D+03
   10 : -0.1536D+00 -0.8310D-02  0.9484D-01
   11 : -0.6778D+00  0.1454D+00  0.1347D+01
   12 : -0.1046D+00  0.2279D+00  0.3964D+00
   13 : -0.1629D+01 -0.3062D+00  0.9647D+00
   14 : -0.2698D+01 -0.3319D-01  0.2527D+01
   15 : -0.1472D+01 -0.1231D-01  0.1390D+01
   16 : -0.2550D+00 -0.2149D-02  0.2408D+00
   17 : -0.2057D+00 -0.1943D-02  0.1938D+00
   18 : -0.1274D+00 -0.3734D-03  0.1217D+00


 HESSIAN MATRIX
=================================================================================================================================================================================================================================================      
              1            2            3            4            5            6            7            8            9           10           11           12           13           14           15           16           17           18
    1 :   0.1402D+10
    2 :  -0.4582D+07   0.4686D+05
    3 :   0.0000D+00  -0.4604D+05   0.2046D+08
    4 :   0.0000D+00   0.3848D+03  -0.7555D+05   0.1734D+06
    5 :   0.0000D+00  -0.2207D+03  -0.3694D+04  -0.3536D+05   0.4786D+05
    6 :   0.3540D+07  -0.5988D+05   0.6599D+04  -0.7482D+04  -0.3801D+05   0.5508D+07
    7 :  -0.1296D-04   0.6402D+04  -0.2393D+05  -0.5514D+03   0.3624D+03  -0.1407D+06   0.1973D+06
    8 :   0.0000D+00  -0.1723D+03  -0.7512D+03  -0.7665D+03  -0.4212D+03  -0.8316D+03  -0.1976D+05   0.3576D+05
    9 :   0.1203D+07  -0.1618D+05   0.5667D+04  -0.1164D+04  -0.2507D+03  -0.8732D+06  -0.3926D+05  -0.9841D+04   0.7769D+06
   10 :   0.2349D-06   0.4040D-09  -0.1830D-08  -0.1974D-08   0.0000D+00   0.0000D+00   0.1527D-08   0.3219D+01   0.2205D+02   0.2519D+02
   11 :   0.4488D-06   0.7720D-09  -0.3497D-08  -0.3772D-08   0.0000D+00   0.0000D+00  -0.2348D+01  -0.8915D+01  -0.4864D+03  -0.3713D+01   0.3902D+03
   12 :   0.0000D+00   0.0000D+00  -0.1111D+00  -0.2629D+00  -0.9502D+00  -0.3484D+01  -0.5986D+01  -0.1558D+02  -0.3111D+03  -0.4957D+00  -0.3988D+01   0.2360D+02
   13 :   0.5352D-06   0.9206D-09  -0.4170D-08  -0.4498D-08   0.0000D+00   0.0000D+00   0.1528D+02  -0.2519D+01  -0.6557D+03  -0.6305D-10   0.1212D+02   0.2586D+01   0.2606D+03
   14 :   0.0000D+00   0.0000D+00   0.0000D+00   0.0000D+00  -0.4589D+00  -0.2636D+02  -0.1653D+03  -0.2211D+03   0.7650D+03   0.2187D+01  -0.5247D+02   0.2969D+01   0.0000D+00   0.5875D+03
   15 :   0.0000D+00   0.0000D+00  -0.2331D+02  -0.8022D+02  -0.4652D+02   0.2490D+03   0.1051D+02   0.3653D+01   0.2228D+03  -0.1535D+01   0.2717D+02  -0.6894D+01   0.0000D+00   0.0000D+00   0.2273D+03
   16 :   0.8241D-06   0.1418D-08  -0.6421D-08  -0.6926D-08   0.0000D+00   0.0000D+00  -0.2679D-08  -0.2021D-08   0.1459D+03  -0.9709D-10  -0.1855D-09   0.2717D+01  -0.2212D-09   0.0000D+00   0.0000D+00   0.7673D+02
   17 :   0.0000D+00  -0.1482D+01  -0.1233D+04  -0.2211D+02   0.1413D+03   0.5071D+03   0.1771D+02   0.0000D+00   0.0000D+00   0.0000D+00   0.0000D+00   0.0000D+00   0.0000D+00   0.0000D+00   0.0000D+00   0.0000D+00   0.4980D+02
   18 :   0.0000D+00   0.0000D+00  -0.2910D+01  -0.5803D+01  -0.1404D+02  -0.3667D+02  -0.2121D+02  -0.2491D+02  -0.2879D+02   0.0000D+00   0.0000D+00   0.3719D+00   0.0000D+00   0.0000D+00   0.0000D+00   0.0000D+00   0.0000D+00   0.1291D+02
 
 
 CORRELATION MATRIX OF PARAMETERS
==================================================================================================  
          1    2    3    4    5    6    7    8    9   10   11   12   13   14   15   16   17   18
    1 :  1.0
    2 :  0.6  1.0
    3 :  0.0  0.0  1.0
    4 :  0.0  0.0  0.0  1.0
    5 :  0.0  0.0  0.0  0.4  1.0
    6 :  0.0  0.1  0.0  0.0  0.1  1.0
    7 :  0.0 -0.1  0.0  0.0  0.0  0.1  1.0
    8 :  0.0  0.0  0.0  0.0  0.0  0.0  0.2  1.0
    9 :  0.0  0.1  0.0  0.0  0.0  0.4  0.1  0.1  1.0
   10 :  0.0  0.0  0.0  0.0  0.0  0.0  0.0  0.0  0.0  1.0
   11 :  0.0  0.0  0.0  0.0  0.0  0.0  0.0  0.0  0.0  0.0  1.0
   12 :  0.0  0.0  0.0  0.0  0.0  0.0  0.0  0.0  0.1  0.0  0.0  1.0
   13 :  0.0  0.0  0.0  0.0  0.0  0.0  0.0  0.0  0.0  0.0  0.0  0.0  1.0
   14 :  0.0  0.0  0.0  0.0  0.0  0.0  0.0  0.0  0.0  0.0  0.1  0.0  0.0  1.0
   15 :  0.0  0.0  0.0  0.0  0.0  0.0  0.0  0.0  0.0  0.0 -0.1  0.1  0.0  0.0  1.0
   16 :  0.0  0.0  0.0  0.0  0.0  0.0  0.0  0.0  0.0  0.0  0.0 -0.1  0.0  0.0  0.0  1.0
   17 :  0.0  0.0  0.0  0.0 -0.1  0.0  0.0  0.0  0.0  0.0  0.0  0.0  0.0  0.0  0.0  0.0  1.0
   18 :  0.0  0.0  0.0  0.0  0.0  0.0  0.0  0.0  0.0  0.0  0.0  0.0  0.0  0.0  0.0  0.0  0.0  1.0
 
 
 COVARIANCE MATRIX OF PARAMETERS
=================================================================================================================================================================================================================================================      
              1            2            3            4            5            6            7            8            9           10           11           12           13           14           15           16           17           18
    1 :   0.7130D-09
    2 :   0.6972D-07   0.2134D-04
    3 :   0.1569D-09   0.4801D-07   0.4887D-07
    4 :  -0.8635D-10  -0.2643D-07   0.2129D-07   0.5766D-05
    5 :   0.2699D-09   0.8260D-07   0.1950D-07   0.4260D-05   0.2089D-04
    6 :   0.3011D-09   0.2324D-06   0.1049D-09   0.3722D-07   0.1442D-06   0.1815D-06
    7 :  -0.2030D-08  -0.5212D-06   0.6027D-08   0.3484D-07   0.6445D-07   0.1295D-06   0.5070D-05
    8 :  -0.7743D-09  -0.1784D-06   0.5046D-08   0.1939D-06   0.2851D-06   0.7580D-07   0.2802D-05   0.2797D-04
    9 :   0.5726D-09   0.6766D-06   0.1681D-09   0.5607D-07   0.1756D-06   0.2116D-06   0.2917D-06   0.3543D-06   0.1287D-05
   10 :  -0.4024D-09  -0.5696D-06  -0.7921D-09  -0.7387D-07  -0.1902D-06  -0.1949D-06  -0.6135D-06  -0.3884D-05  -0.1127D-05   0.3970D-01
   11 :   0.6801D-09   0.8309D-06   0.3536D-09   0.7384D-07   0.2240D-06   0.2644D-06   0.4523D-06   0.1044D-05   0.1594D-05   0.3778D-03   0.2563D-02
   12 :   0.6682D-08   0.8833D-05   0.8386D-08   0.1128D-05   0.3416D-05   0.2938D-05   0.7043D-05   0.2323D-04   0.1721D-04   0.8977D-03   0.4330D-03   0.4237D-01
   13 :   0.1454D-08   0.1605D-05   0.1865D-10   0.1263D-06   0.3966D-06   0.4840D-06   0.3728D-06   0.8827D-06   0.2994D-05  -0.2647D-04  -0.1234D-03  -0.4203D-03   0.3837D-02
   14 :  -0.1566D-08  -0.1053D-05   0.3389D-08   0.1594D-07  -0.7702D-07  -0.1929D-06   0.2109D-05   0.1006D-04  -0.1617D-05  -0.1186D-03   0.2267D-03  -0.2141D-03   0.0000D+00   0.1702D-02
   15 :  -0.6252D-09  -0.7134D-06   0.1608D-07   0.2831D-05   0.4013D-05  -0.3572D-06  -0.4100D-06  -0.2431D-06  -0.9376D-06   0.2502D-03  -0.2932D-03   0.1285D-02   0.0000D+00   0.0000D+00   0.4399D-02
   16 :  -0.1326D-08  -0.1600D-05  -0.6167D-09  -0.1466D-06  -0.4550D-06  -0.5064D-06  -0.8043D-06  -0.1496D-05  -0.3058D-05  -0.3179D-04  -0.1533D-04  -0.1500D-02   0.1106D-13   0.0000D+00   0.0000D+00   0.1303D-01
   17 :   0.2808D-08  -0.6042D-06   0.1161D-05  -0.9919D-05  -0.6078D-04  -0.1895D-05  -0.1803D-05   0.0000D+00   0.0000D+00   0.0000D+00   0.0000D+00   0.0000D+00   0.0000D+00   0.0000D+00   0.0000D+00   0.0000D+00   0.2008D-01
   18 :  -0.2600D-08   0.8028D-06   0.6187D-07   0.7854D-05   0.2408D-04   0.1262D-05   0.1419D-04   0.5410D-04   0.2375D-05  -0.2586D-04  -0.1247D-04  -0.1221D-02   0.0000D+00   0.0000D+00   0.0000D+00   0.0000D+00   0.0000D+00   0.7747D-01
 
 
 DETERMINISTIC RUN COMPLETED
 BOOTSTRAP RUNS COMPLETED 
