 Initial value of the OBJECTIVE function =      -5.0840
 Amoeba restart #     1, Objective function =     -67.1730
 Amoeba restart #     2, Objective function =     -99.4904
 Amoeba restart #     3, Objective function =    -113.0133
 Amoeba restart #     4, Objective function =    -113.3173
 Amoeba restart #     5, Objective function =    -113.3959
 Amoeba restart #     6, Objective function =    -113.4297
 Amoeba restart #     7, Objective function =    -113.9771
 Amoeba restart #     8, Objective function =    -113.9896
 Amoeba restart #     9, Objective function =    -113.9967
 Amoeba restart #    10, Objective function =    -114.1534
 Amoeba restart #    11, Objective function =    -114.7927
 Amoeba restart #    12, Objective function =    -114.8272
 Amoeba restart #    13, Objective function =    -114.8294
 Amoeba restart #    14, Objective function =    -114.8336
 Amoeba restart #    15, Objective function =    -115.8038
 Amoeba restart #    16, Objective function =    -115.8055
 Amoeba restart #    17, Objective function =    -115.8060
 Amoeba restart #    18, Objective function =    -115.8076
 Amoeba restart #    19, Objective function =    -115.8080
 Amoeba restart #    20, Objective function =    -116.0812
 Amoeba restart #    21, Objective function =    -116.0815
 Amoeba restart #    22, Objective function =    -116.0816
 Amoeba restart #    23, Objective function =    -116.1172
 Amoeba restart #    24, Objective function =    -116.8841
 Amoeba restart #    25, Objective function =    -117.5592
 Amoeba restart #    26, Objective function =    -118.6796
 Amoeba restart #    27, Objective function =    -119.6327
 Amoeba restart #    28, Objective function =    -120.2526
 Amoeba restart #    29, Objective function =    -120.2529
 Amoeba restart #    30, Objective function =    -120.2530
 Amoeba restart #    31, Objective function =    -120.2542
 Amoeba restart #    32, Objective function =    -120.4639
 Amoeba restart #    33, Objective function =    -121.7201
 Amoeba restart #    34, Objective function =    -122.5171
 Amoeba restart #    35, Objective function =    -122.5172
 Amoeba restart #    36, Objective function =    -123.3585
 Amoeba restart #    37, Objective function =    -123.6436
 Amoeba restart #    38, Objective function =    -123.9521
 Amoeba restart #    39, Objective function =    -124.7885
 Amoeba restart #    40, Objective function =    -124.7886
 Amoeba restart #    41, Objective function =    -126.1110
 Amoeba restart #    42, Objective function =    -126.6188
 Amoeba restart #    43, Objective function =    -127.2104
 Amoeba restart #    44, Objective function =    -127.8564
 Amoeba restart #    45, Objective function =    -127.8564
 Amoeba restart #    46, Objective function =    -127.8565
 Amoeba restart #    47, Objective function =    -128.1421
 Amoeba restart #    48, Objective function =    -128.1421
 Amoeba restart #    49, Objective function =    -128.7296
 Amoeba restart #    50, Objective function =    -128.7296
 Amoeba restart #    51, Objective function =    -129.8493
 Amoeba restart #    52, Objective function =    -131.0077
 Amoeba restart #    53, Objective function =    -131.0080
 Amoeba restart #    54, Objective function =    -131.8067
 Amoeba restart #    55, Objective function =    -133.3301
 Amoeba restart #    56, Objective function =    -133.3302
 Amoeba restart #    57, Objective function =    -133.3302
 Amoeba restart #    58, Objective function =    -133.3302
 Amoeba restart #    59, Objective function =    -133.8232
 Amoeba restart #    60, Objective function =    -133.8232
 Amoeba restart #    61, Objective function =    -133.8233
 Amoeba restart #    62, Objective function =    -134.9085
 Amoeba restart #    63, Objective function =    -134.9557
 Amoeba restart #    64, Objective function =    -134.9558
 Amoeba restart #    65, Objective function =    -135.4501
 Amoeba restart #    66, Objective function =    -135.4502
 Amoeba restart #    67, Objective function =    -136.3088
 Amoeba restart #    68, Objective function =    -137.4775
 Amoeba restart #    69, Objective function =    -138.2185
 Amoeba restart #    70, Objective function =    -138.2185
 Amoeba restart #    71, Objective function =    -138.2185
 Amoeba restart #    72, Objective function =    -138.2188
 Amoeba restart #    73, Objective function =    -138.7698
 Amoeba restart #    74, Objective function =    -140.0337
 Amoeba restart #    75, Objective function =    -140.5750
 Amoeba restart #    76, Objective function =    -141.1117
 Amoeba restart #    77, Objective function =    -142.1681
 Amoeba restart #    78, Objective function =    -142.3856
 Amoeba restart #    79, Objective function =    -142.3856
 Amoeba restart #    80, Objective function =    -142.4826
 Amoeba restart #    81, Objective function =    -142.4826
 Amoeba restart #    82, Objective function =    -143.5966
 Amoeba restart #    83, Objective function =    -143.5966
 Amoeba restart #    84, Objective function =    -144.3982
 Amoeba restart #    85, Objective function =    -144.3982
 Amoeba restart #    86, Objective function =    -144.3982
 Amoeba restart #    87, Objective function =    -144.6225
 Amoeba restart #    88, Objective function =    -145.5747
 Amoeba restart #    89, Objective function =    -145.7054
 Amoeba restart #    90, Objective function =    -145.7883
 Amoeba restart #    91, Objective function =    -146.2134
 Amoeba restart #    92, Objective function =    -146.2134
 Amoeba restart #    93, Objective function =    -147.1305
 Amoeba restart #    94, Objective function =    -147.3411
 Amoeba restart #    95, Objective function =    -147.3411
 Amoeba restart #    96, Objective function =    -147.7240
 Amoeba restart #    97, Objective function =    -147.7240
 Amoeba restart #    98, Objective function =    -147.7242
 Amoeba restart #    99, Objective function =    -148.0761
 Amoeba restart #   100, Objective function =    -148.0761


 FIRST DERIVATIVE TEST
==============================================      
             -h       central        +h     
         ----------  ----------  ---------- 
    1 : -0.4397D+01 -0.3435D-01  0.4225D+01
    2 : -0.4810D+44 -0.6280D+42  0.4496D+44
    3 : -0.1007D+43 -0.1020D+41  0.9583D+42
    4 : -0.1343D+43 -0.1404D+41  0.1275D+43
    5 : -0.1923D+44 -0.2635D+42  0.1792D+44
    6 : -0.6793D+00  0.6927D-02  0.6733D+00
    7 : -0.4352D+01  0.9425D-01  0.4412D+01
    8 : -0.3792D+01 -0.6857D+00  0.2653D+01
    9 : -0.9762D+01 -0.1060D+01  0.7068D+01
   10 : -0.1341D+00  0.3734D-01  0.1086D+00
   11 : -0.3896D+00  0.2813D+00  0.1065D+01
   12 : -0.7843D-01  0.5030D-01  0.1669D+00
   13 : -0.1025D+01 -0.1321D-01  0.9588D+00
   14 : -0.2638D+01 -0.3442D-01  0.2467D+01
   15 : -0.1351D+01 -0.1664D-01  0.1266D+01
   16 : -0.3252D+00 -0.4256D-02  0.3041D+00
   17 :  0.2195D+24  0.2173D+24  0.2152D+24
   18 : -0.1149D+00 -0.1487D-02  0.1074D+00


 HESSIAN MATRIX
=================================================================================================================================================================================================================================================      
              1            2            3            4            5            6            7            8            9           10           11           12           13           14           15           16           17           18
    1 :   0.2972D+05
    2 :   0.0000D+00   0.2607D+47
    3 :   0.0000D+00   0.3883D+46   0.5789D+45
    4 :   0.0000D+00   0.4002D+46   0.5965D+45   0.6148D+45
    5 :   0.0000D+00  -0.1309D+47  -0.1951D+46  -0.2010D+46   0.6572D+46
    6 :   0.0000D+00   0.0000D+00   0.0000D+00   0.0000D+00   0.0000D+00   0.2965D+03
    7 :   0.1738D+04   0.0000D+00   0.0000D+00   0.0000D+00   0.0000D+00  -0.1642D+03   0.2259D+04
    8 :   0.0000D+00   0.0000D+00   0.0000D+00   0.0000D+00   0.0000D+00   0.2539D+01  -0.6705D+03   0.5827D+04
    9 :   0.0000D+00   0.0000D+00   0.0000D+00   0.0000D+00   0.0000D+00   0.2247D+02  -0.2731D+02  -0.1932D+04   0.1755D+05
   10 :   0.0000D+00   0.0000D+00   0.0000D+00   0.0000D+00   0.0000D+00   0.3998D-01   0.1048D+00   0.2948D+00  -0.3700D+01   0.1680D+02
   11 :   0.0000D+00   0.0000D+00   0.0000D+00   0.0000D+00   0.0000D+00  -0.4679D-01  -0.6960D+00  -0.1461D+02  -0.2589D+03  -0.8852D+00   0.1162D+03
   12 :   0.0000D+00   0.0000D+00   0.0000D+00   0.0000D+00   0.0000D+00  -0.2553D+00  -0.1081D+01  -0.6070D+01  -0.3124D+02  -0.2225D+00  -0.6231D+01   0.5844D+01
   13 :   0.0000D+00   0.0000D+00   0.0000D+00   0.0000D+00   0.0000D+00  -0.4151D+00  -0.1718D+01  -0.1697D+02  -0.3386D+03   0.0000D+00   0.2089D+02  -0.5163D+01   0.1637D+03
   14 :   0.0000D+00   0.0000D+00   0.0000D+00   0.0000D+00   0.0000D+00  -0.2167D+01  -0.6574D+01  -0.6581D+02  -0.2431D+03  -0.1727D+01  -0.3856D+02   0.7845D+01  -0.2721D-09   0.5915D+03
   15 :   0.0000D+00   0.0000D+00   0.0000D+00   0.0000D+00   0.0000D+00  -0.3928D+01  -0.9171D+01  -0.1839D+02   0.1496D+03   0.9804D+00   0.5245D+01  -0.1078D+01   0.0000D+00   0.0000D+00   0.1988D+03
   16 :   0.0000D+00   0.0000D+00   0.0000D+00   0.0000D+00   0.0000D+00   0.0000D+00   0.1438D-08   0.0000D+00   0.7309D+02   0.1790D-09   0.3080D-09   0.7179D+00  -0.4612D-09  -0.6475D-09   0.0000D+00   0.1236D+03
   17 :   0.0000D+00   0.8530D+65   0.1439D+64   0.1951D+64   0.3614D+65   0.0000D+00   0.0000D+00   0.0000D+00   0.1424D+15   0.0000D+00   0.8517D+13  -0.1813D+13  -0.1275D+14  -0.1790D+14   0.0000D+00  -0.3034D+14  -0.2362D+47
   18 :   0.0000D+00   0.0000D+00   0.0000D+00   0.0000D+00   0.0000D+00   0.0000D+00   0.0000D+00   0.0000D+00  -0.1190D+02   0.0000D+00   0.0000D+00   0.2296D+00   0.0000D+00   0.0000D+00   0.0000D+00   0.0000D+00   0.0000D+00   0.1542D+02
 
 
 CORRELATION MATRIX OF PARAMETERS
==================================================================================================  
          1    2    3    4    5    6    7    8    9   10   11   12   13   14   15   16   17   18
    1 :  1.0
    2 :  0.0  1.0
    3 :  0.0 -1.0  1.0
    4 :  0.0  0.0 -1.0  1.0
    5 :  0.0  0.0  0.0  1.0  1.0
    6 :  0.0  0.0  0.0  0.0  0.0  1.0
    7 : -0.2  0.0  0.0  0.0  0.0  0.2  1.0
    8 :  0.0  0.0  0.0  0.0  0.0  0.0  0.2  1.0
    9 :  0.0  0.0  0.0  0.0  0.0  0.0  0.0  0.2  1.0
   10 :  0.0  0.0  0.0  0.0  0.0  0.0  0.0  0.0  0.0  1.0
   11 :  0.0  0.0  0.0  0.0  0.0  0.0  0.0  0.1  0.2  0.0  1.0
   12 :  0.0  0.0  0.0  0.0  0.0  0.0  0.0  0.1  0.1  0.0  0.2  1.0
   13 :  0.0  0.0  0.0  0.0  0.0  0.0  0.0  0.1  0.2  0.0 -0.1  0.2  1.0
   14 :  0.0  0.0  0.0  0.0  0.0  0.0  0.0  0.0  0.1  0.0  0.1 -0.1  0.0  1.0
   15 :  0.0  0.0  0.0  0.0  0.0  0.0  0.0  0.0 -0.1  0.0  0.0  0.0  0.0  0.0  1.0
   16 :  0.0  0.0  0.0  0.0  0.0  0.0  0.0  0.0 -0.1  0.0  0.0  0.0  0.0  0.0  0.0  1.0
   17 :  9.0  9.0  9.0  9.0  9.0  9.0  9.0  9.0  9.0  9.0  9.0  9.0  9.0  9.0  9.0  9.0  9.0
   18 :  0.0  0.0  0.0  0.0  0.0  0.0  0.0  0.0  0.0  0.0  0.0  0.0  0.0  0.0  0.0  0.0  9.0  1.0
     Values of 9.0 indicate that there were negative variances
     Values of 8.0 indicate that the covariance was nonzero but
       one or both variances were zero
 
 
 COVARIANCE MATRIX OF PARAMETERS
=================================================================================================================================================================================================================================================      
              1            2            3            4            5            6            7            8            9           10           11           12           13           14           15           16           17           18
    1 :   0.3365D-04
    2 :   0.6060D-73   0.3836D-46
    3 :  -0.1552D-72  -0.2573D-45   0.1728D-44
    4 :  -0.1200D-71  -0.7535D-49  -0.1676D-44   0.1626D-44
    5 :  -0.1028D-72  -0.5756D-50   0.1469D-48   0.4975D-45   0.1522D-45
    6 :   0.0000D+00   0.0000D+00   0.0000D+00   0.0000D+00   0.0000D+00   0.3373D-02
    7 :  -0.2589D-04   0.0000D+00   0.0000D+00   0.0000D+00   0.0000D+00   0.2451D-03   0.4426D-03
    8 :  -0.2979D-05   0.0000D+00   0.0000D+00   0.0000D+00   0.0000D+00   0.2673D-04   0.5093D-04   0.1716D-03
    9 :  -0.3681D-06   0.0000D+00   0.0000D+00   0.0000D+00   0.0000D+00  -0.9948D-06   0.6294D-05   0.1889D-04   0.5697D-04
   10 :   0.1326D-06   0.0000D+00   0.0000D+00   0.0000D+00   0.0000D+00  -0.1024D-04  -0.2267D-05   0.1148D-05   0.1254D-04   0.5951D-01
   11 :  -0.1349D-05   0.0000D+00   0.0000D+00   0.0000D+00   0.0000D+00   0.3894D-05   0.2306D-04   0.6368D-04   0.1270D-03   0.4534D-03   0.8607D-02
   12 :  -0.1128D-04   0.0000D+00   0.0000D+00   0.0000D+00   0.0000D+00   0.2189D-03   0.1929D-03   0.3472D-03   0.4405D-03   0.2749D-02   0.9176D-02   0.1711D+00
   13 :  -0.1525D-05   0.0000D+00   0.0000D+00   0.0000D+00   0.0000D+00   0.1824D-04   0.2608D-04   0.5969D-04   0.1155D-03   0.2886D-04  -0.8088D-03   0.5397D-02   0.6108D-02
   14 :  -0.7083D-06   0.0000D+00   0.0000D+00   0.0000D+00   0.0000D+00   0.1497D-04   0.1211D-04   0.2641D-04   0.2590D-04   0.1668D-03   0.4395D-03  -0.2269D-02   0.2810D-14   0.1691D-02
   15 :  -0.1219D-05   0.0000D+00   0.0000D+00   0.0000D+00   0.0000D+00   0.8231D-04   0.2084D-04   0.1858D-05  -0.4389D-04  -0.2905D-03  -0.1774D-03   0.9274D-03   0.0000D+00   0.0000D+00   0.5030D-02
   16 :   0.2833D-06   0.0000D+00   0.0000D+00   0.0000D+00   0.0000D+00  -0.6831D-06  -0.4843D-05  -0.1319D-04  -0.3626D-04  -0.1597D-04  -0.5330D-04  -0.9940D-03   0.2280D-13   0.8857D-14   0.0000D+00   0.8092D-02
   17 :  -0.8432D-39   0.1229D-27  -0.3298D-28   0.8957D-27   0.2329D-27  -0.4172D-37   0.1442D-37   0.7490D-37   0.3200D-36  -0.1690D-36   0.2572D-35  -0.1305D-34  -0.3298D-35  -0.1282D-35   0.0000D+00  -0.1040D-34  -0.4234D-46
   18 :  -0.1161D-06   0.0000D+00   0.0000D+00   0.0000D+00   0.0000D+00  -0.4027D-05   0.1986D-05   0.9410D-05   0.3741D-04  -0.4093D-04  -0.1366D-03  -0.2548D-02   0.0000D+00   0.0000D+00   0.0000D+00   0.0000D+00   0.0000D+00   0.6485D-01
 
 
 MAXIMUM NUMBER ( 100 ) OF ITERATIONS EXCEEDED
 DETERMINISTIC RUN COMPLETED
 BOOTSTRAP RUNS COMPLETED 
