 Initial value of the OBJECTIVE function =     248.4067
 Amoeba restart #     1, Objective function =       1.6069
 Amoeba restart #     2, Objective function =     -45.2850
 Amoeba restart #     3, Objective function =     -54.5289
 Amoeba restart #     4, Objective function =     -61.5526
 Amoeba restart #     5, Objective function =     -62.2868
 Amoeba restart #     6, Objective function =     -62.2951
 Amoeba restart #     7, Objective function =     -62.2957
 Amoeba restart #     8, Objective function =     -62.2961
 Amoeba restart #     9, Objective function =     -62.2963
 Amoeba restart #    10, Objective function =     -62.2966
 Amoeba restart #    11, Objective function =     -62.2966
 Amoeba restart #    12, Objective function =     -62.2967


 FIRST DERIVATIVE TEST
==============================================      
             -h       central        +h     
         ----------  ----------  ---------- 
    1 : -0.1183D+05 -0.5398D+04  0.8858D+03
    2 : -0.1594D+02  0.8414D+00  0.1727D+02
    3 : -0.1407D+02  0.2200D+00  0.1417D+02
    4 : -0.7915D+01  0.7123D+00  0.9124D+01
    5 : -0.7002D+01  0.4189D+00  0.7657D+01
    6 : -0.1106D+02  0.9294D+00  0.1205D+02
    7 : -0.2751D+02 -0.2799D+00  0.2624D+02
    8 : -0.6800D+01  0.6577D+00  0.7933D+01
    9 : -0.4162D+02  0.9465D+01  0.5722D+02
   10 : -0.7422D-01 -0.4860D-01  0.1400D+00
   11 : -0.1120D+01 -0.5181D-01  0.9950D+00
   12 : -0.2749D+00  0.3652D-02  0.2587D+00
   13 : -0.1612D+01 -0.2528D+00  0.1053D+01
   14 : -0.2720D+01  0.3012D-01  0.2672D+01
   15 : -0.1517D+01 -0.2567D-01  0.1407D+01
   16 : -0.1244D+00  0.1203D+00  0.3553D+00
   17 : -0.1837D+00  0.1918D-01  0.2141D+00
   18 : -0.1006D+00  0.4945D-02  0.1064D+00


 HESSIAN MATRIX
=================================================================================================================================================================================================================================================      
              1            2            3            4            5            6            7            8            9           10           11           12           13           14           15           16           17           18
    1 :   0.6414D+11
    2 :  -0.4376D+08   0.3795D+06
    3 :  -0.1195D+08  -0.4822D+05   0.2676D+05
    4 :   0.6203D-04   0.0000D+00  -0.7446D+04   0.2948D+05
    5 :   0.1085D-03   0.0000D+00   0.4224D+02  -0.1022D+05   0.2219D+05
    6 :  -0.8138D-04  -0.1844D-06  -0.2906D+03  -0.3115D+03  -0.1639D+05   0.5080D+05
    7 :   0.0000D+00   0.1448D+05   0.1750D+04  -0.1572D+04  -0.6937D+03  -0.1807D+05   0.9406D+05
    8 :   0.5280D-04   0.1197D-06  -0.1649D+03  -0.7983D+03  -0.6932D+03   0.1251D+03  -0.1177D+05   0.2171D+05
    9 :   0.1632D+08   0.1452D+05  -0.2613D+05  -0.6458D+03  -0.6250D+03  -0.7559D+03  -0.5393D+05  -0.8908D+04   0.1967D+06
   10 :   0.0000D+00   0.0000D+00   0.0000D+00   0.0000D+00  -0.9766D-09   0.0000D+00  -0.1128D-08  -0.4751D-09   0.3155D+02   0.3233D+02
   11 :   0.0000D+00   0.0000D+00   0.0000D+00   0.1065D-08   0.0000D+00  -0.1398D-08   0.1077D-08  -0.1548D+01  -0.4968D+03   0.7617D+00   0.3955D+03
   12 :   0.1811D-05   0.0000D+00   0.1701D-09  -0.1262D-01  -0.2971D-01  -0.5245D+00  -0.1163D+01  -0.4445D+01  -0.3092D+03  -0.2617D+00  -0.5881D+01   0.3318D+02
   13 :   0.0000D+00   0.0000D+00   0.0000D+00   0.0000D+00   0.0000D+00   0.0000D+00   0.0000D+00   0.1297D+02  -0.6454D+03   0.0000D+00   0.1253D+02   0.3983D+01   0.2673D+03
   14 :   0.0000D+00   0.0000D+00   0.0000D+00   0.0000D+00  -0.5329D-01  -0.2575D+01  -0.3916D+02  -0.1321D+03   0.6334D+03   0.3125D+01  -0.5602D+02   0.3036D+01   0.0000D+00   0.6155D+03
   15 :   0.0000D+00   0.0000D+00  -0.7269D+01  -0.8262D+02  -0.9119D+02  -0.1069D+03   0.7437D+02   0.5614D+02   0.3320D+03  -0.1952D+01   0.2916D+02  -0.7404D+01   0.0000D+00   0.0000D+00   0.2318D+03
   16 :   0.0000D+00   0.0000D+00   0.0000D+00  -0.1871D-08   0.0000D+00   0.2454D-08   0.1890D-08  -0.1592D-08   0.1393D+03   0.0000D+00   0.1873D-09   0.2801D+01   0.0000D+00   0.0000D+00   0.0000D+00   0.7292D+02
   17 :   0.8932D-05   0.0000D+00  -0.1152D+02  -0.3653D+03  -0.3533D+02   0.1165D+03   0.2498D+03   0.4405D+02  -0.2389D-08   0.0000D+00   0.1534D-09   0.4475D-10   0.0000D+00   0.0000D+00   0.0000D+00  -0.2694D-09   0.4955D+02
   18 :   0.0000D+00   0.0000D+00   0.0000D+00  -0.6687D+00  -0.1995D+01  -0.1057D+02  -0.1163D+02  -0.1373D+02  -0.5238D+02   0.0000D+00   0.0000D+00   0.4325D+00   0.0000D+00   0.0000D+00   0.0000D+00   0.0000D+00   0.0000D+00   0.1071D+02
 
 
 CORRELATION MATRIX OF PARAMETERS
==================================================================================================  
          1    2    3    4    5    6    7    8    9   10   11   12   13   14   15   16   17   18
    1 :  1.0
    2 :  0.3  1.0
    3 :  0.4  0.5  1.0
    4 :  0.1  0.1  0.3  1.0
    5 :  0.0  0.0  0.1  0.4  1.0
    6 :  0.0  0.0  0.1  0.2  0.5  1.0
    7 :  0.0 -0.1  0.0  0.1  0.1  0.3  1.0
    8 :  0.0  0.0  0.0  0.1  0.1  0.1  0.3  1.0
    9 :  0.0  0.1  0.4  0.1  0.1  0.1  0.4  0.1  1.0
   10 :  0.0  0.0  0.0  0.0  0.0  0.0  0.0  0.0  0.0  1.0
   11 :  0.0  0.0  0.0  0.0  0.0  0.0  0.0  0.0  0.1  0.0  1.0
   12 :  0.0  0.0  0.0  0.0  0.0  0.0  0.1  0.0  0.1  0.0  0.1  1.0
   13 :  0.0  0.0  0.0  0.0  0.0  0.0  0.0  0.0  0.1  0.0  0.0  0.0  1.0
   14 :  0.0  0.0  0.0  0.0  0.0  0.0  0.0  0.0 -0.1  0.0  0.1  0.0  0.0  1.0
   15 :  0.0  0.0  0.0  0.0  0.0  0.0  0.0  0.0  0.0  0.0 -0.1  0.1  0.0  0.0  1.0
   16 :  0.0  0.0  0.0  0.0  0.0  0.0  0.0  0.0  0.0  0.0  0.0 -0.1  0.0  0.0  0.0  1.0
   17 :  0.0  0.1  0.1  0.3  0.0 -0.1 -0.1  0.0  0.0  0.0  0.0  0.0  0.0  0.0  0.0  0.0  1.0
   18 :  0.0  0.0  0.0  0.0  0.0  0.0  0.0  0.0  0.0  0.0  0.0  0.0  0.0  0.0  0.0  0.0  0.0  1.0
 
 
 COVARIANCE MATRIX OF PARAMETERS
=================================================================================================================================================================================================================================================      
              1            2            3            4            5            6            7            8            9           10           11           12           13           14           15           16           17           18
    1 :   0.1559D-10
    2 :   0.1798D-08   0.2635D-05
    3 :   0.1020D-07   0.4748D-05   0.3737D-04
    4 :   0.2577D-08   0.1199D-05   0.9439D-05   0.3392D-04
    5 :   0.1167D-08   0.5432D-06   0.4276D-05   0.1562D-04   0.4506D-04
    6 :   0.4507D-09   0.2097D-06   0.1651D-05   0.5246D-05   0.1453D-04   0.1968D-04
    7 :  -0.3284D-09  -0.4297D-06  -0.1890D-06   0.1690D-05   0.3124D-05   0.3781D-05   0.1063D-04
    8 :   0.2896D-10  -0.1366D-06   0.6557D-06   0.2632D-05   0.3048D-05   0.1936D-05   0.5763D-05   0.4607D-04
    9 :  -0.1456D-09   0.3188D-06   0.4994D-05   0.7638D-06   0.1194D-05   0.1200D-05   0.3176D-05   0.2086D-05   0.5084D-05
   10 :   0.1421D-09  -0.3111D-06  -0.4875D-05  -0.7455D-06  -0.1165D-05  -0.1171D-05  -0.3100D-05  -0.2036D-05  -0.4963D-05   0.3093D-01
   11 :  -0.1831D-09   0.4005D-06   0.6286D-05   0.9713D-06   0.1514D-05   0.1518D-05   0.4019D-05   0.2805D-05   0.6397D-05  -0.5957D-04   0.2528D-02
   12 :  -0.1387D-08   0.3010D-05   0.4773D-04   0.7806D-05   0.1217D-04   0.1215D-04   0.3144D-04   0.2610D-04   0.4848D-04   0.2334D-03   0.4481D-03   0.3014D-01
   13 :  -0.3237D-09   0.7126D-06   0.1102D-04   0.1555D-05   0.2482D-05   0.2552D-05   0.6733D-05   0.2282D-05   0.1125D-04  -0.6858D-06  -0.1252D-03  -0.4491D-03   0.3741D-02
   14 :   0.1266D-09  -0.3605D-06  -0.4642D-05  -0.3649D-07  -0.2269D-06  -0.4123D-06  -0.1129D-05   0.7878D-05  -0.4863D-05  -0.1636D-03   0.2279D-03  -0.1487D-03   0.0000D+00   0.1625D-02
   15 :   0.2192D-08   0.6443D-06   0.4218D-06   0.1850D-04   0.2117D-04   0.5868D-05  -0.8883D-05  -0.1368D-04  -0.6580D-05   0.2754D-03  -0.3038D-03   0.9626D-03   0.0000D+00   0.0000D+00   0.4314D-02
   16 :   0.3314D-09  -0.7246D-06  -0.1137D-04  -0.1759D-05  -0.2748D-05  -0.2759D-05  -0.7276D-05  -0.4988D-05  -0.1158D-04  -0.8966D-05  -0.1721D-04  -0.1158D-02   0.0000D+00   0.0000D+00   0.0000D+00   0.1371D-01
   17 :   0.2277D-07   0.1213D-04   0.7783D-04   0.2380D-03  -0.2048D-04  -0.6704D-04  -0.5871D-04  -0.4095D-04   0.1186D-15  -0.7507D-16  -0.8328D-14  -0.3351D-13   0.0000D+00   0.0000D+00   0.0000D+00   0.7455D-13   0.2018D-01
   18 :  -0.1524D-09   0.1178D-05   0.2614D-04   0.1883D-04   0.3537D-04   0.3138D-04   0.3318D-04   0.6816D-04   0.2290D-04  -0.9423D-05  -0.1809D-04  -0.1217D-02   0.0000D+00   0.0000D+00   0.0000D+00   0.0000D+00   0.0000D+00   0.9333D-01
 
 
 DETERMINISTIC RUN COMPLETED
 BOOTSTRAP RUNS COMPLETED 
