 Initial value of the OBJECTIVE function =     434.5717
 Amoeba restart #     1, Objective function =      -9.9954
 Amoeba restart #     2, Objective function =     -44.3666
 Amoeba restart #     3, Objective function =     -53.8867
 Amoeba restart #     4, Objective function =     -59.0232
 Amoeba restart #     5, Objective function =     -62.2067
 Amoeba restart #     6, Objective function =     -62.2154
 Amoeba restart #     7, Objective function =     -62.2202
 Amoeba restart #     8, Objective function =     -62.2202
 Amoeba restart #     9, Objective function =     -62.2221
 Amoeba restart #    10, Objective function =     -62.2223
 Amoeba restart #    11, Objective function =     -62.2224
 Amoeba restart #    12, Objective function =     -62.2225
 Amoeba restart #    13, Objective function =     -62.2225
 Amoeba restart #    14, Objective function =     -62.2225
 Amoeba restart #    15, Objective function =     -62.2225


 FIRST DERIVATIVE TEST
==============================================      
             -h       central        +h     
         ----------  ----------  ---------- 
    1 : -0.1052D+05 -0.1045D+03  0.1006D+05
    2 : -0.7449D+01 -0.1262D-01  0.7235D+01
    3 : -0.5704D+02 -0.2016D+02  0.1583D+02
    4 : -0.1702D+02  0.5559D+01  0.2868D+02
    5 : -0.6036D+02  0.6002D+02  0.2048D+03
    6 : -0.2638D+02  0.2258D+01  0.4746D+02
    7 : -0.5847D+02  0.4074D+01  0.6163D+02
    8 : -0.3769D+02 -0.8502D+01  0.6509D+01
    9 : -0.1660D+03 -0.4080D+02  0.9070D+02
   10 : -0.1454D+00 -0.2839D-01  0.4072D-01
   11 : -0.1539D+01  0.2719D+00  0.1322D+01
   12 : -0.4717D+00 -0.1874D-01  0.4424D+00
   13 : -0.1495D+01 -0.1745D-01  0.1402D+01
   14 : -0.2042D+01  0.7233D+00  0.3380D+01
   15 : -0.1762D+01 -0.3132D+00  0.1079D+01
   16 : -0.2156D+00 -0.2301D-02  0.2027D+00
   17 : -0.5346D+00 -0.2778D+00 -0.3096D-01
   18 : -0.1914D+00 -0.4237D-02  0.1756D+00


 HESSIAN MATRIX
=================================================================================================================================================================================================================================================      
              1            2            3            4            5            6            7            8            9           10           11           12           13           14           15           16           17           18
    1 :   0.1693D+12
    2 :  -0.4943D+07   0.6990D+05
    3 :   0.0000D+00  -0.8918D+05   0.5523D+06
    4 :  -0.2808D+08  -0.1528D+05  -0.4535D+05   0.6053D+05
    5 :   0.1836D+08   0.8539D+04  -0.5161D+04  -0.4075D+05   0.9092D+06
    6 :   0.0000D+00  -0.2247D+04  -0.8393D+04  -0.1376D+04  -0.3972D+05   0.2217D+06
    7 :   0.0000D+00   0.7363D+02   0.1426D+05  -0.1239D+04  -0.7264D+05  -0.6887D+05   0.5154D+06
    8 :   0.0000D+00  -0.2044D+04  -0.7637D+04  -0.1210D+04  -0.1187D+04   0.4012D+04  -0.4821D+05   0.7520D+05
    9 :   0.1665D+08   0.7484D+04  -0.8915D+04  -0.2063D+05  -0.3126D+06  -0.3860D+04  -0.8009D+05  -0.1945D+05   0.7626D+06
   10 :   0.0000D+00   0.0000D+00   0.0000D+00   0.0000D+00   0.0000D+00   0.1775D-08   0.0000D+00   0.0000D+00  -0.1311D+03   0.2568D+02
   11 :   0.0000D+00   0.0000D+00  -0.5426D-08  -0.9769D-09   0.1458D-08   0.0000D+00   0.0000D+00   0.0000D+00  -0.5202D+03  -0.2626D+02   0.5497D+03
   12 :   0.0000D+00   0.0000D+00   0.0000D+00  -0.1207D-01   0.5481D-01   0.6708D+00   0.5214D+00  -0.9476D+00  -0.7531D+03  -0.4902D+01  -0.4923D+01   0.6332D+02
   13 :   0.0000D+00   0.0000D+00   0.5567D-08   0.1002D-08  -0.1496D-08   0.6263D-08   0.0000D+00   0.0000D+00  -0.6566D+03   0.0000D+00   0.6773D+01   0.1873D+02   0.2991D+03
   14 :   0.0000D+00   0.0000D+00  -0.6030D-08  -0.1086D-08  -0.1680D-01  -0.1564D+01  -0.2095D+02  -0.9347D+02   0.8501D+03   0.4702D+01  -0.5824D+02  -0.8031D+01   0.0000D+00   0.6066D+03
   15 :   0.0000D+00   0.0000D+00  -0.4040D-08   0.1673D+03   0.7709D+02  -0.1727D+03  -0.2494D+03  -0.2223D+03   0.3472D+03  -0.3083D+01   0.3301D+02  -0.1056D+02   0.0000D+00   0.0000D+00   0.2129D+03
   16 :   0.0000D+00   0.0000D+00  -0.7035D-08   0.0000D+00   0.1890D-08  -0.3957D-08   0.0000D+00   0.0000D+00   0.1485D+03   0.0000D+00   0.0000D+00   0.3773D+01   0.0000D+00   0.0000D+00   0.0000D+00   0.5459D+02
   17 :   0.0000D+00   0.4547D+03  -0.1459D+03  -0.8000D+01   0.2962D+02  -0.4915D+03  -0.1371D+03  -0.1043D+03   0.1588D+03   0.0000D+00   0.0000D+00   0.0000D+00   0.0000D+00   0.0000D+00   0.0000D+00   0.0000D+00   0.5102D+02
   18 :   0.0000D+00   0.0000D+00   0.0000D+00  -0.6145D+00  -0.3285D+01  -0.2198D+02  -0.2787D+02  -0.3706D+02  -0.1241D+03   0.0000D+00   0.0000D+00   0.1786D+00   0.0000D+00   0.0000D+00   0.0000D+00   0.0000D+00   0.0000D+00   0.2101D+02
 
 
 CORRELATION MATRIX OF PARAMETERS
==================================================================================================  
          1    2    3    4    5    6    7    8    9   10   11   12   13   14   15   16   17   18
    1 :  1.0
    2 :  0.0  1.0
    3 :  0.0  0.5  1.0
    4 :  0.3  0.3  0.2  1.0
    5 :  0.0  0.0  0.1  0.2  1.0
    6 :  0.0  0.0  0.0  0.0  0.1  1.0
    7 :  0.0  0.0  0.0  0.0  0.1  0.2  1.0
    8 :  0.0  0.1  0.0  0.0  0.0  0.0  0.2  1.0
    9 :  0.0  0.0  0.1  0.2  0.4  0.0  0.1  0.1  1.0
   10 :  0.0  0.0  0.0  0.0  0.0  0.0  0.0  0.0  0.0  1.0
   11 :  0.0  0.0  0.0  0.0  0.0  0.0  0.0  0.0  0.0  0.2  1.0
   12 :  0.0  0.0  0.0  0.0  0.0  0.0  0.0  0.0  0.1  0.1  0.0  1.0
   13 :  0.0  0.0  0.0  0.0  0.0  0.0  0.0  0.0  0.0  0.0  0.0 -0.1  1.0
   14 :  0.0  0.0  0.0  0.0  0.0  0.0  0.0  0.0  0.0  0.0  0.1  0.0  0.0  1.0
   15 :  0.0  0.0  0.0  0.0  0.0  0.0  0.0  0.1  0.0  0.0 -0.1  0.1  0.0  0.0  1.0
   16 :  0.0  0.0  0.0  0.0  0.0  0.0  0.0  0.0  0.0  0.0  0.0 -0.1  0.0  0.0  0.0  1.0
   17 :  0.0 -0.2  0.0  0.0  0.0  0.2  0.0  0.1  0.0  0.0  0.0  0.0  0.0  0.0  0.0  0.0  1.0
   18 :  0.0  0.0  0.0  0.0  0.0  0.0  0.0  0.0  0.0  0.0  0.0  0.0  0.0  0.0  0.0  0.0  0.0  1.0
 
 
 COVARIANCE MATRIX OF PARAMETERS
=================================================================================================================================================================================================================================================      
              1            2            3            4            5            6            7            8            9           10           11           12           13           14           15           16           17           18
    1 :   0.5906D-11
    2 :   0.4177D-09   0.1431D-04
    3 :   0.6745D-10   0.2310D-05   0.1811D-05
    4 :   0.2896D-08   0.5344D-05   0.1357D-05   0.1652D-04
    5 :   0.6984D-11   0.1182D-06   0.7109D-07   0.7405D-06   0.1100D-05
    6 :   0.2602D-10   0.2868D-06   0.8972D-07   0.2353D-06   0.1971D-06   0.4511D-05
    7 :   0.9500D-11   0.1892D-08  -0.2482D-07   0.1755D-06   0.1814D-06   0.6028D-06   0.1940D-05
    8 :   0.6960D-10   0.6973D-06   0.1861D-06   0.3774D-06   0.1231D-06   0.1457D-06   0.1244D-05   0.1330D-04
    9 :  -0.4815D-10   0.9902D-07   0.8960D-07   0.7796D-06   0.4740D-06   0.8985D-07   0.2355D-06   0.3391D-06   0.1311D-05
   10 :  -0.2459D-09   0.5057D-06   0.4575D-06   0.3981D-05   0.2421D-05   0.4588D-06   0.1203D-05   0.1732D-05   0.6696D-05   0.3894D-01
   11 :  -0.5732D-10   0.1179D-06   0.1067D-06   0.9281D-06   0.5643D-06   0.1070D-06   0.2803D-06   0.4037D-06   0.1561D-05   0.1861D-02   0.1819D-02
   12 :  -0.5950D-09   0.1234D-05   0.1112D-05   0.9657D-05   0.5866D-05   0.1062D-05   0.2918D-05   0.4398D-05   0.1624D-04   0.3160D-02   0.1415D-03   0.1579D-01
   13 :  -0.6714D-10   0.1374D-06   0.1247D-06   0.1086D-05   0.6604D-06   0.1283D-06   0.3278D-06   0.4598D-06   0.1826D-05  -0.2400D-03  -0.5005D-04  -0.9890D-03   0.3343D-02
   14 :   0.6713D-10  -0.6792D-08  -0.7610D-07  -0.8416D-06  -0.5255D-06  -0.5024D-07  -0.1512D-07   0.1657D-05  -0.1525D-05  -0.8135D-04   0.1766D-03   0.2091D-03   0.0000D+00   0.1649D-02
   15 :  -0.2119D-08  -0.3389D-05  -0.9546D-06  -0.1334D-04  -0.4319D-06   0.4414D-05   0.3306D-05   0.1351D-04  -0.1478D-05   0.4320D-03  -0.2750D-03   0.7829D-03   0.0000D+00   0.0000D+00   0.4696D-02
   16 :   0.1721D-09  -0.3547D-06  -0.3205D-06  -0.2788D-05  -0.1695D-05  -0.3178D-06  -0.8423D-06  -0.1226D-05  -0.4689D-05  -0.2184D-03  -0.9778D-05  -0.1092D-02   0.0000D+00   0.0000D+00   0.0000D+00   0.1832D-01
   17 :  -0.2510D-08  -0.1162D-03   0.6250D-05   0.3243D-05   0.5229D-06   0.4509D-04   0.7022D-05   0.2613D-04  -0.4082D-05   0.0000D+00   0.0000D+00   0.0000D+00   0.0000D+00   0.0000D+00   0.0000D+00   0.0000D+00   0.1960D-01
   18 :  -0.3105D-10   0.2282D-05   0.9599D-06   0.6267D-05   0.3586D-05   0.6297D-05   0.6135D-05   0.2542D-04   0.7609D-05  -0.2685D-04  -0.1202D-05  -0.1342D-03   0.0000D+00   0.0000D+00   0.0000D+00   0.0000D+00   0.0000D+00   0.4759D-01
 
 
 DETERMINISTIC RUN COMPLETED
 BOOTSTRAP RUNS COMPLETED 
