                ****************************************
                                VPA-2BOX                
                BOOTSTRAP ESTIMATES OF BIAS AND VARIANCE
                ****************************************


BFT East 1968-2015 Continuity Run                 
20:51, 26 September 2017


 *************************************************
 BIAS AND STANDARD ERROR ESTIMATES
 *************************************************


TABLE 1A. BIAS OF FISHING MORTALITY RATE FOR BFTE test                                         
=============================================================================
        1      2      3      4      5      6      7      8      9     10
-----------------------------------------------------------------------------
  1968   0.000  0.002  0.002  0.002  0.002  0.001  0.007  0.006  0.006  0.031
  1969   0.000  0.005  0.003  0.000  0.001  0.002  0.002  0.012  0.013  0.053
  1970   0.000  0.004  0.001  0.001  0.000  0.001  0.002  0.005  0.011  0.040
  1971   0.000  0.003  0.001  0.001  0.000  0.000  0.000  0.003  0.011  0.038
  1972   0.000  0.003  0.004  0.002  0.000  0.001  0.000  0.000  0.004  0.015
  1973   0.000  0.002  0.001  0.001  0.001  0.000  0.001  0.001  0.002  0.008
  1974  -0.001 -0.004  0.003  0.005  0.002  0.001  0.000  0.004  0.002  0.005
  1975  -0.001 -0.004 -0.001  0.001  0.002  0.001  0.001  0.001  0.002  0.002
  1976   0.000 -0.003 -0.003 -0.002  0.003  0.002  0.002  0.003  0.002  0.001
  1977   0.000 -0.004 -0.002 -0.002 -0.001  0.002  0.001  0.001  0.002  0.000
  1978  -0.002 -0.003 -0.002 -0.001 -0.001  0.000  0.001  0.001  0.002  0.000
  1979   0.000 -0.002 -0.002 -0.001  0.000  0.000  0.000  0.003  0.002  0.000
  1980  -0.001 -0.001 -0.003 -0.002 -0.001  0.000 -0.001 -0.001  0.002 -0.001
  1981  -0.001 -0.003 -0.002 -0.001 -0.001  0.000 -0.001 -0.001 -0.001 -0.001
  1982  -0.002 -0.003 -0.004 -0.002 -0.001 -0.001 -0.001 -0.001 -0.002 -0.002
  1983  -0.003 -0.003 -0.002 -0.001 -0.001 -0.001 -0.001 -0.001 -0.002 -0.002
  1984  -0.001 -0.004 -0.002 -0.002 -0.002 -0.002 -0.002 -0.002 -0.002 -0.002
  1985  -0.001 -0.004 -0.005 -0.002 -0.002 -0.001 -0.001 -0.001 -0.001 -0.002
  1986  -0.002 -0.002 -0.003 -0.002 -0.001 -0.001 -0.001 -0.001 -0.001 -0.002
  1987  -0.001 -0.004 -0.003 -0.002 -0.001 -0.001 -0.001 -0.001 -0.001 -0.002
  1988  -0.003 -0.003 -0.005 -0.002 -0.001 -0.001 -0.001 -0.002 -0.002 -0.003
  1989  -0.002 -0.004 -0.002 -0.003 -0.002 -0.001 -0.001 -0.001 -0.001 -0.002
  1990  -0.001 -0.002 -0.003 -0.004 -0.004 -0.001 -0.001 -0.001 -0.001 -0.003
  1991   0.000 -0.002 -0.003 -0.003 -0.004 -0.001 -0.001 -0.001 -0.001 -0.003
  1992  -0.001 -0.003 -0.005 -0.003 -0.002 -0.002 -0.001 -0.001 -0.001 -0.003
  1993   0.000 -0.003 -0.005 -0.003 -0.002 -0.002 -0.002 -0.001  0.000 -0.003
  1994   0.000 -0.001 -0.002 -0.002 -0.002 -0.002 -0.003 -0.003  0.000 -0.008
  1995   0.000 -0.001 -0.001 -0.001 -0.002 -0.003 -0.002 -0.003  0.002 -0.008
  1996   0.000 -0.001 -0.001 -0.002 -0.002 -0.001 -0.001 -0.002 -0.004 -0.006
  1997  -0.001  0.000 -0.001 -0.001 -0.001 -0.001 -0.001 -0.003 -0.004 -0.006
  1998   0.000 -0.001 -0.001 -0.001 -0.001 -0.001 -0.001 -0.002 -0.002 -0.004
  1999  -0.001 -0.001 -0.001 -0.001  0.000  0.000 -0.001 -0.001 -0.002 -0.005
  2000  -0.001 -0.001 -0.001 -0.002 -0.001  0.000 -0.001 -0.001 -0.002 -0.006
  2001   0.000 -0.009 -0.002 -0.002 -0.001 -0.001  0.000 -0.001 -0.001 -0.005
  2002  -0.001 -0.012 -0.014 -0.001 -0.001 -0.001  0.000  0.000 -0.001 -0.006
  2003  -0.001 -0.009 -0.008 -0.003 -0.001 -0.001 -0.001  0.000 -0.001 -0.007
  2004  -0.002 -0.005 -0.007 -0.004 -0.003 -0.001 -0.001 -0.001 -0.001 -0.009
  2005  -0.003 -0.003 -0.003 -0.003 -0.003 -0.004 -0.001 -0.001 -0.002 -0.012
  2006  -0.001 -0.002 -0.004 -0.005 -0.004 -0.007 -0.005 -0.001 -0.002 -0.012
  2007  -0.001 -0.004 -0.003 -0.009 -0.015 -0.009 -0.007 -0.007 -0.001 -0.013
  2008   0.000 -0.005 -0.003 -0.004 -0.005 -0.004 -0.002 -0.004 -0.004 -0.004
  2009   0.000  0.004 -0.001 -0.002 -0.002 -0.004 -0.005 -0.002 -0.004 -0.004
  2010   0.000  0.004  0.004 -0.002 -0.003 -0.002 -0.002 -0.002 -0.001 -0.001
  2011   0.000 -0.001  0.002  0.003 -0.002 -0.001 -0.001 -0.001 -0.001 -0.001
  2012   0.000  0.000 -0.002  0.005  0.005 -0.001 -0.001 -0.001 -0.002 -0.002
  2013   0.000 -0.001  0.000 -0.006  0.007  0.004 -0.001 -0.002 -0.002 -0.002
  2014   0.000 -0.001  0.000 -0.001 -0.005  0.002  0.001 -0.001 -0.002 -0.002
  2015   0.000 -0.002 -0.001 -0.003 -0.001 -0.002  0.002  0.003 -0.002 -0.002
=============================================================================


TABLE 1B. STANDARD ERROR OF FISHING MORTALITY RATE FOR BFTE test                                         
====================================================================================================================     
            1          2          3          4          5          6          7          8          9         10
--------------------------------------------------------------------------------------------------------------------     
  1968  0.858E-03  0.134E-01  0.866E-02  0.950E-02  0.886E-02  0.426E-02  0.306E-01  0.283E-01  0.350E-01  0.100E+00
  1969  0.401E-02  0.401E-01  0.217E-01  0.144E-02  0.319E-02  0.109E-01  0.825E-02  0.491E-01  0.562E-01  0.165E+00
  1970  0.111E-01  0.511E-01  0.973E-02  0.413E-02  0.110E-02  0.335E-02  0.101E-01  0.185E-01  0.415E-01  0.127E+00
  1971  0.560E-02  0.443E-01  0.721E-02  0.550E-02  0.313E-02  0.373E-03  0.170E-02  0.148E-01  0.411E-01  0.132E+00
  1972  0.144E-02  0.423E-01  0.421E-01  0.160E-01  0.192E-02  0.384E-02  0.103E-02  0.170E-02  0.162E-01  0.563E-01
  1973  0.192E-02  0.673E-01  0.150E-01  0.600E-02  0.398E-02  0.243E-02  0.570E-02  0.297E-02  0.814E-02  0.301E-01
  1974  0.289E-02  0.149E-01  0.352E-01  0.412E-01  0.117E-01  0.945E-02  0.177E-02  0.219E-01  0.742E-02  0.241E-01
  1975  0.401E-02  0.185E-01  0.356E-02  0.125E-01  0.115E-01  0.963E-02  0.852E-02  0.806E-02  0.116E-01  0.173E-01
  1976  0.616E-03  0.119E-01  0.147E-01  0.902E-02  0.250E-01  0.116E-01  0.128E-01  0.195E-01  0.133E-01  0.171E-01
  1977  0.182E-02  0.190E-01  0.802E-02  0.920E-02  0.260E-02  0.167E-01  0.864E-02  0.789E-02  0.118E-01  0.117E-01
  1978  0.107E-01  0.171E-01  0.820E-02  0.528E-02  0.434E-02  0.160E-02  0.692E-02  0.456E-02  0.111E-01  0.932E-02
  1979  0.125E-02  0.114E-01  0.111E-01  0.693E-02  0.213E-02  0.187E-02  0.206E-02  0.162E-01  0.986E-02  0.676E-02
  1980  0.396E-02  0.597E-02  0.168E-01  0.102E-01  0.310E-02  0.264E-02  0.312E-02  0.264E-02  0.146E-01  0.737E-02
  1981  0.672E-02  0.165E-01  0.960E-02  0.465E-02  0.477E-02  0.273E-02  0.453E-02  0.689E-02  0.579E-02  0.603E-02
  1982  0.137E-01  0.167E-01  0.241E-01  0.112E-01  0.798E-02  0.754E-02  0.550E-02  0.829E-02  0.947E-02  0.937E-02
  1983  0.162E-01  0.199E-01  0.121E-01  0.919E-02  0.975E-02  0.777E-02  0.846E-02  0.648E-02  0.103E-01  0.966E-02
  1984  0.501E-02  0.231E-01  0.115E-01  0.159E-01  0.167E-01  0.129E-01  0.156E-01  0.153E-01  0.119E-01  0.106E-01
  1985  0.413E-02  0.306E-01  0.335E-01  0.178E-01  0.151E-01  0.937E-02  0.665E-02  0.935E-02  0.108E-01  0.886E-02
  1986  0.861E-02  0.171E-01  0.229E-01  0.153E-01  0.571E-02  0.117E-01  0.914E-02  0.732E-02  0.114E-01  0.897E-02
  1987  0.671E-02  0.196E-01  0.251E-01  0.192E-01  0.928E-02  0.889E-02  0.916E-02  0.847E-02  0.108E-01  0.824E-02
  1988  0.746E-02  0.142E-01  0.327E-01  0.188E-01  0.117E-01  0.942E-02  0.122E-01  0.158E-01  0.155E-01  0.112E-01
  1989  0.566E-02  0.116E-01  0.105E-01  0.204E-01  0.220E-01  0.875E-02  0.111E-01  0.137E-01  0.136E-01  0.934E-02
  1990  0.306E-02  0.724E-02  0.938E-02  0.255E-01  0.333E-01  0.151E-01  0.157E-01  0.138E-01  0.168E-01  0.109E-01
  1991  0.143E-02  0.640E-02  0.106E-01  0.994E-02  0.320E-01  0.159E-01  0.142E-01  0.169E-01  0.225E-01  0.134E-01
  1992  0.183E-02  0.955E-02  0.156E-01  0.908E-02  0.526E-02  0.152E-01  0.212E-01  0.189E-01  0.263E-01  0.143E-01
  1993  0.138E-02  0.125E-01  0.178E-01  0.990E-02  0.744E-02  0.491E-02  0.213E-01  0.219E-01  0.249E-01  0.129E-01
  1994  0.189E-02  0.513E-02  0.837E-02  0.584E-02  0.636E-02  0.814E-02  0.102E-01  0.600E-01  0.706E-01  0.357E-01
  1995  0.227E-02  0.252E-02  0.457E-02  0.538E-02  0.585E-02  0.956E-02  0.859E-02  0.112E-01  0.925E-01  0.477E-01
  1996  0.225E-02  0.384E-02  0.589E-02  0.884E-02  0.623E-02  0.419E-02  0.495E-02  0.709E-02  0.125E-01  0.661E-01
  1997  0.298E-02  0.337E-02  0.556E-02  0.527E-02  0.431E-02  0.498E-02  0.501E-02  0.964E-02  0.146E-01  0.761E-01
  1998  0.248E-02  0.510E-02  0.100E-01  0.858E-02  0.535E-02  0.221E-02  0.235E-02  0.715E-02  0.924E-02  0.519E-01
  1999  0.722E-02  0.734E-02  0.767E-02  0.119E-01  0.337E-02  0.218E-02  0.315E-02  0.376E-02  0.102E-01  0.614E-01
  2000  0.305E-02  0.960E-02  0.650E-02  0.976E-02  0.579E-02  0.266E-02  0.341E-02  0.374E-02  0.104E-01  0.685E-01
  2001  0.299E-03  0.200E-01  0.123E-01  0.142E-01  0.539E-02  0.743E-02  0.362E-02  0.383E-02  0.569E-02  0.473E-01
  2002  0.130E-02  0.275E-01  0.336E-01  0.128E-01  0.393E-02  0.497E-02  0.532E-02  0.322E-02  0.428E-02  0.388E-01
  2003  0.158E-02  0.218E-01  0.208E-01  0.843E-02  0.106E-01  0.498E-02  0.598E-02  0.622E-02  0.598E-02  0.438E-01
  2004  0.456E-02  0.125E-01  0.182E-01  0.101E-01  0.692E-02  0.630E-02  0.793E-02  0.822E-02  0.916E-02  0.453E-01
  2005  0.970E-02  0.820E-02  0.649E-02  0.782E-02  0.905E-02  0.952E-02  0.958E-02  0.693E-02  0.126E-01  0.609E-01
  2006  0.330E-02  0.510E-02  0.978E-02  0.125E-01  0.108E-01  0.179E-01  0.146E-01  0.167E-01  0.145E-01  0.575E-01
  2007  0.170E-02  0.128E-01  0.103E-01  0.242E-01  0.426E-01  0.275E-01  0.208E-01  0.193E-01  0.194E-01  0.461E-01
  2008  0.381E-03  0.154E-01  0.883E-02  0.136E-01  0.149E-01  0.109E-01  0.764E-02  0.126E-01  0.133E-01  0.133E-01
  2009  0.590E-03  0.607E-02  0.376E-02  0.612E-02  0.672E-02  0.131E-01  0.159E-01  0.617E-02  0.116E-01  0.116E-01
  2010  0.249E-03  0.651E-02  0.661E-02  0.559E-02  0.915E-02  0.603E-02  0.744E-02  0.596E-02  0.424E-02  0.424E-02
  2011  0.151E-06  0.176E-02  0.346E-02  0.565E-02  0.680E-02  0.368E-02  0.245E-02  0.323E-02  0.501E-02  0.501E-02
  2012  0.138E-05  0.112E-03  0.299E-02  0.779E-02  0.859E-02  0.276E-02  0.279E-02  0.359E-02  0.574E-02  0.574E-02
  2013  0.222E-05  0.292E-02  0.199E-02  0.808E-02  0.121E-01  0.623E-02  0.488E-02  0.635E-02  0.599E-02  0.599E-02
  2014  0.863E-07  0.167E-02  0.125E-02  0.711E-02  0.744E-02  0.390E-02  0.229E-02  0.246E-02  0.711E-02  0.711E-02
  2015  0.438E-06  0.359E-02  0.159E-02  0.832E-02  0.596E-02  0.302E-02  0.356E-02  0.498E-02  0.797E-02  0.797E-02
====================================================================================================================     


TABLE 1C. BIAS OF ABUNDANCE (BY AREA) OF BFTE test                                         
====================================================================================================================     
            1          2          3          4          5          6          7          8          9         10
--------------------------------------------------------------------------------------------------------------------     
  1968  0.434E+05  0.147E+05  0.160E+04  0.353E+05  0.230E+05  0.852E+05  0.243E+05  0.206E+05  0.108E+05  0.600E+06
  1969  0.423E+05  0.297E+05  0.109E+05  0.126E+04  0.289E+05  0.192E+05  0.726E+05  0.211E+05  0.181E+05  0.552E+06
  1970  0.628E+05  0.289E+05  0.220E+05  0.856E+04  0.103E+04  0.242E+05  0.164E+05  0.631E+05  0.186E+05  0.516E+06
  1971  0.131E+06  0.429E+05  0.215E+05  0.173E+05  0.701E+04  0.860E+03  0.206E+05  0.142E+05  0.554E+05  0.483E+06
  1972  0.118E+06  0.894E+05  0.318E+05  0.169E+05  0.142E+05  0.585E+04  0.730E+03  0.179E+05  0.125E+05  0.486E+06
  1973  0.537E+05  0.810E+05  0.663E+05  0.250E+05  0.138E+05  0.118E+05  0.499E+04  0.632E+03  0.157E+05  0.451E+06
  1974  0.422E+05  0.368E+05  0.600E+05  0.521E+05  0.205E+05  0.115E+05  0.101E+05  0.434E+04  0.554E+03  0.421E+06
  1975  0.417E+05  0.288E+05  0.272E+05  0.472E+05  0.427E+05  0.171E+05  0.984E+04  0.876E+04  0.381E+04  0.382E+06
  1976  0.460E+05  0.285E+05  0.213E+05  0.214E+05  0.386E+05  0.356E+05  0.146E+05  0.855E+04  0.769E+04  0.349E+06
  1977  0.229E+05  0.314E+05  0.211E+05  0.168E+05  0.175E+05  0.323E+05  0.304E+05  0.127E+05  0.751E+04  0.322E+06
  1978  0.185E+05  0.156E+05  0.233E+05  0.166E+05  0.137E+05  0.146E+05  0.275E+05  0.264E+05  0.111E+05  0.299E+06
  1979  0.268E+05  0.127E+05  0.116E+05  0.183E+05  0.136E+05  0.115E+05  0.125E+05  0.239E+05  0.232E+05  0.280E+06
  1980  0.276E+05  0.183E+05  0.938E+04  0.910E+04  0.150E+05  0.114E+05  0.978E+04  0.108E+05  0.210E+05  0.274E+06
  1981  0.270E+05  0.189E+05  0.136E+05  0.738E+04  0.745E+04  0.125E+05  0.968E+04  0.850E+04  0.952E+04  0.267E+06
  1982  0.367E+05  0.185E+05  0.140E+05  0.107E+05  0.604E+04  0.622E+04  0.107E+05  0.841E+04  0.747E+04  0.250E+06
  1983  0.414E+05  0.251E+05  0.137E+05  0.110E+05  0.873E+04  0.505E+04  0.530E+04  0.927E+04  0.739E+04  0.233E+06
  1984  0.274E+05  0.283E+05  0.186E+05  0.108E+05  0.899E+04  0.729E+04  0.430E+04  0.461E+04  0.814E+04  0.218E+06
  1985  0.298E+05  0.187E+05  0.209E+05  0.146E+05  0.880E+04  0.751E+04  0.621E+04  0.374E+04  0.405E+04  0.204E+06
  1986  0.294E+05  0.204E+05  0.138E+05  0.164E+05  0.119E+05  0.735E+04  0.640E+04  0.540E+04  0.328E+04  0.188E+06
  1987  0.303E+05  0.201E+05  0.151E+05  0.109E+05  0.135E+05  0.998E+04  0.626E+04  0.556E+04  0.474E+04  0.173E+06
  1988  0.433E+05  0.207E+05  0.149E+05  0.119E+05  0.891E+04  0.112E+05  0.850E+04  0.545E+04  0.488E+04  0.161E+06
  1989  0.532E+05  0.296E+05  0.153E+05  0.117E+05  0.972E+04  0.744E+04  0.958E+04  0.739E+04  0.478E+04  0.150E+06
  1990  0.409E+05  0.364E+05  0.219E+05  0.121E+05  0.956E+04  0.812E+04  0.634E+04  0.833E+04  0.649E+04  0.140E+06
  1991  0.439E+05  0.280E+05  0.269E+05  0.172E+05  0.986E+04  0.798E+04  0.692E+04  0.551E+04  0.732E+04  0.132E+06
  1992  0.440E+05  0.301E+05  0.207E+05  0.212E+05  0.141E+05  0.824E+04  0.680E+04  0.601E+04  0.484E+04  0.126E+06
  1993  0.305E+05  0.301E+05  0.222E+05  0.163E+05  0.173E+05  0.118E+05  0.702E+04  0.591E+04  0.528E+04  0.118E+06
  1994  0.106E+05  0.208E+05  0.223E+05  0.175E+05  0.133E+05  0.145E+05  0.100E+05  0.610E+04  0.519E+04  0.112E+06
  1995  0.126E+05  0.725E+04  0.154E+05  0.175E+05  0.143E+05  0.111E+05  0.123E+05  0.872E+04  0.535E+04  0.106E+06
  1996  0.565E+04  0.862E+04  0.536E+04  0.121E+05  0.143E+05  0.119E+05  0.947E+04  0.107E+05  0.765E+04  0.100E+06
  1997  0.135E+05  0.387E+04  0.638E+04  0.421E+04  0.992E+04  0.120E+05  0.102E+05  0.823E+04  0.942E+04  0.976E+05
  1998  0.308E+05  0.922E+04  0.286E+04  0.502E+04  0.345E+04  0.828E+04  0.102E+05  0.885E+04  0.723E+04  0.966E+05
  1999  0.194E+05  0.211E+05  0.683E+04  0.224E+04  0.410E+04  0.288E+04  0.706E+04  0.887E+04  0.777E+04  0.939E+05
  2000  0.118E+06  0.132E+05  0.156E+05  0.537E+04  0.183E+04  0.343E+04  0.245E+04  0.614E+04  0.778E+04  0.918E+05
  2001  0.133E+06  0.806E+05  0.979E+04  0.123E+05  0.439E+04  0.153E+04  0.292E+04  0.213E+04  0.539E+04  0.900E+05
  2002  0.243E+06  0.908E+05  0.596E+05  0.769E+04  0.100E+05  0.367E+04  0.131E+04  0.254E+04  0.187E+04  0.862E+05
  2003  0.194E+06  0.166E+06  0.672E+05  0.468E+05  0.630E+04  0.839E+04  0.312E+04  0.114E+04  0.223E+04  0.797E+05
  2004  0.275E+06  0.133E+06  0.123E+06  0.528E+05  0.383E+05  0.526E+04  0.715E+04  0.272E+04  0.997E+03  0.741E+05
  2005  0.277E+06  0.188E+06  0.984E+05  0.968E+05  0.432E+05  0.320E+05  0.448E+04  0.621E+04  0.238E+04  0.679E+05
  2006  0.261E+06  0.190E+06  0.139E+06  0.774E+05  0.793E+05  0.361E+05  0.273E+05  0.390E+04  0.545E+04  0.635E+05
  2007  0.303E+06  0.178E+06  0.140E+06  0.110E+06  0.634E+05  0.662E+05  0.308E+05  0.237E+05  0.342E+04  0.623E+05
  2008 -0.174E+06  0.207E+06  0.132E+06  0.110E+06  0.897E+05  0.529E+05  0.564E+05  0.267E+05  0.208E+05  0.594E+05
  2009 -0.118E+06 -0.119E+06  0.153E+06  0.104E+06  0.904E+05  0.749E+05  0.451E+05  0.490E+05  0.235E+05  0.722E+05
  2010  0.249E+06 -0.804E+05 -0.883E+05  0.121E+06  0.850E+05  0.755E+05  0.638E+05  0.392E+05  0.431E+05  0.861E+05
  2011  0.173E+06  0.170E+06 -0.596E+05 -0.695E+05  0.987E+05  0.710E+05  0.644E+05  0.555E+05  0.344E+05  0.116E+06
  2012  0.460E+06  0.118E+06  0.126E+06 -0.469E+05 -0.569E+05  0.825E+05  0.605E+05  0.559E+05  0.487E+05  0.136E+06
  2013  0.892E+06  0.315E+06  0.874E+05  0.992E+05 -0.384E+05 -0.475E+05  0.703E+05  0.526E+05  0.491E+05  0.166E+06
  2014  0.202E+07  0.610E+06  0.233E+06  0.688E+05  0.812E+05 -0.321E+05 -0.405E+05  0.611E+05  0.462E+05  0.194E+06
  2015 -0.411E+05  0.138E+07  0.452E+06  0.183E+06  0.563E+05  0.678E+05 -0.273E+05 -0.352E+05  0.536E+05  0.216E+06
  2016            -0.281E+05  0.102E+07  0.355E+06  0.150E+06  0.470E+05  0.578E+05 -0.237E+05 -0.309E+05  0.243E+06
====================================================================================================================     


TABLE 1D. STANDARD ERROR OF ABUNDANCE (BY AREA) OF BFTE test                                         
====================================================================================================================     
            1          2          3          4          5          6          7          8          9         10
--------------------------------------------------------------------------------------------------------------------     
  1968  0.363E+06  0.159E+06  0.515E+06  0.602E+06  0.211E+06  0.381E+06  0.923E+05  0.688E+05  0.330E+05  0.132E+07
  1969  0.264E+06  0.248E+06  0.118E+06  0.405E+06  0.493E+06  0.176E+06  0.325E+06  0.803E+05  0.604E+05  0.122E+07
  1970  0.336E+06  0.181E+06  0.184E+06  0.929E+05  0.332E+06  0.412E+06  0.150E+06  0.282E+06  0.705E+05  0.115E+07
  1971  0.606E+06  0.230E+06  0.134E+06  0.144E+06  0.760E+05  0.277E+06  0.351E+06  0.130E+06  0.248E+06  0.109E+07
  1972  0.472E+06  0.414E+06  0.170E+06  0.105E+06  0.118E+06  0.635E+05  0.236E+06  0.305E+06  0.114E+06  0.118E+07
  1973  0.164E+06  0.323E+06  0.307E+06  0.134E+06  0.861E+05  0.988E+05  0.541E+05  0.205E+06  0.268E+06  0.115E+07
  1974  0.135E+06  0.112E+06  0.239E+06  0.241E+06  0.109E+06  0.719E+05  0.842E+05  0.470E+05  0.180E+06  0.121E+07
  1975  0.138E+06  0.920E+05  0.830E+05  0.188E+06  0.198E+06  0.914E+05  0.613E+05  0.732E+05  0.413E+05  0.114E+07
  1976  0.157E+06  0.941E+05  0.681E+05  0.653E+05  0.154E+06  0.165E+06  0.779E+05  0.533E+05  0.642E+05  0.103E+07
  1977  0.821E+05  0.108E+06  0.697E+05  0.535E+05  0.534E+05  0.128E+06  0.141E+06  0.677E+05  0.468E+05  0.921E+06
  1978  0.675E+05  0.561E+05  0.796E+05  0.548E+05  0.438E+05  0.446E+05  0.109E+06  0.122E+06  0.595E+05  0.826E+06
  1979  0.980E+05  0.461E+05  0.415E+05  0.626E+05  0.449E+05  0.366E+05  0.380E+05  0.952E+05  0.107E+06  0.738E+06
  1980  0.103E+06  0.670E+05  0.341E+05  0.327E+05  0.513E+05  0.375E+05  0.312E+05  0.331E+05  0.836E+05  0.655E+06
  1981  0.103E+06  0.706E+05  0.497E+05  0.268E+05  0.267E+05  0.428E+05  0.319E+05  0.271E+05  0.290E+05  0.586E+06
  1982  0.143E+06  0.707E+05  0.523E+05  0.391E+05  0.220E+05  0.223E+05  0.365E+05  0.278E+05  0.238E+05  0.546E+06
  1983  0.167E+06  0.979E+05  0.523E+05  0.411E+05  0.320E+05  0.184E+05  0.190E+05  0.317E+05  0.244E+05  0.506E+06
  1984  0.114E+06  0.114E+06  0.725E+05  0.411E+05  0.336E+05  0.267E+05  0.156E+05  0.165E+05  0.279E+05  0.470E+06
  1985  0.124E+06  0.779E+05  0.845E+05  0.570E+05  0.337E+05  0.281E+05  0.228E+05  0.136E+05  0.145E+05  0.438E+06
  1986  0.119E+06  0.850E+05  0.576E+05  0.664E+05  0.467E+05  0.281E+05  0.239E+05  0.198E+05  0.119E+05  0.403E+06
  1987  0.115E+06  0.814E+05  0.630E+05  0.453E+05  0.543E+05  0.390E+05  0.240E+05  0.208E+05  0.174E+05  0.370E+06
  1988  0.108E+06  0.786E+05  0.602E+05  0.495E+05  0.371E+05  0.454E+05  0.332E+05  0.208E+05  0.183E+05  0.343E+06
  1989  0.142E+06  0.739E+05  0.582E+05  0.472E+05  0.405E+05  0.310E+05  0.387E+05  0.289E+05  0.183E+05  0.319E+06
  1990  0.113E+06  0.969E+05  0.547E+05  0.457E+05  0.387E+05  0.338E+05  0.264E+05  0.336E+05  0.253E+05  0.297E+06
  1991  0.127E+06  0.772E+05  0.718E+05  0.430E+05  0.374E+05  0.323E+05  0.288E+05  0.229E+05  0.295E+05  0.281E+06
  1992  0.137E+06  0.871E+05  0.572E+05  0.564E+05  0.352E+05  0.312E+05  0.275E+05  0.251E+05  0.201E+05  0.269E+06
  1993  0.103E+06  0.940E+05  0.644E+05  0.449E+05  0.462E+05  0.294E+05  0.266E+05  0.239E+05  0.220E+05  0.254E+06
  1994  0.491E+05  0.707E+05  0.695E+05  0.506E+05  0.367E+05  0.386E+05  0.250E+05  0.231E+05  0.210E+05  0.242E+06
  1995  0.706E+05  0.336E+05  0.523E+05  0.546E+05  0.414E+05  0.307E+05  0.329E+05  0.218E+05  0.203E+05  0.231E+06
  1996  0.436E+05  0.483E+05  0.249E+05  0.411E+05  0.447E+05  0.346E+05  0.261E+05  0.286E+05  0.191E+05  0.222E+06
  1997  0.672E+05  0.298E+05  0.357E+05  0.195E+05  0.337E+05  0.374E+05  0.295E+05  0.227E+05  0.251E+05  0.218E+06
  1998  0.138E+06  0.460E+05  0.220E+05  0.281E+05  0.160E+05  0.281E+05  0.318E+05  0.256E+05  0.200E+05  0.219E+06
  1999  0.111E+06  0.946E+05  0.340E+05  0.172E+05  0.229E+05  0.133E+05  0.240E+05  0.277E+05  0.225E+05  0.215E+06
  2000  0.247E+06  0.758E+05  0.700E+05  0.267E+05  0.141E+05  0.192E+05  0.114E+05  0.208E+05  0.243E+05  0.214E+06
  2001  0.278E+06  0.169E+06  0.561E+05  0.550E+05  0.219E+05  0.118E+05  0.163E+05  0.987E+04  0.183E+05  0.213E+06
  2002  0.509E+06  0.190E+06  0.125E+06  0.441E+05  0.450E+05  0.182E+05  0.100E+05  0.142E+05  0.867E+04  0.206E+06
  2003  0.407E+06  0.348E+06  0.141E+06  0.979E+05  0.361E+05  0.376E+05  0.155E+05  0.871E+04  0.125E+05  0.189E+06
  2004  0.576E+06  0.278E+06  0.258E+06  0.110E+06  0.802E+05  0.301E+05  0.320E+05  0.135E+05  0.764E+04  0.172E+06
  2005  0.581E+06  0.394E+06  0.206E+06  0.203E+06  0.904E+05  0.670E+05  0.257E+05  0.278E+05  0.119E+05  0.155E+06
  2006  0.545E+06  0.397E+06  0.292E+06  0.162E+06  0.166E+06  0.755E+05  0.571E+05  0.223E+05  0.245E+05  0.142E+06
  2007  0.633E+06  0.373E+06  0.294E+06  0.229E+06  0.133E+06  0.139E+06  0.644E+05  0.496E+05  0.196E+05  0.135E+06
  2008  0.375E+06  0.433E+06  0.276E+06  0.231E+06  0.188E+06  0.111E+06  0.118E+06  0.559E+05  0.435E+05  0.124E+06
  2009  0.253E+06  0.256E+06  0.321E+06  0.217E+06  0.189E+06  0.157E+06  0.944E+05  0.103E+06  0.491E+05  0.151E+06
  2010  0.306E+06  0.173E+06  0.190E+06  0.252E+06  0.178E+06  0.158E+06  0.134E+06  0.821E+05  0.901E+05  0.180E+06
  2011  0.515E+06  0.209E+06  0.128E+06  0.149E+06  0.207E+06  0.149E+06  0.135E+06  0.116E+06  0.721E+05  0.243E+06
  2012  0.855E+06  0.352E+06  0.155E+06  0.101E+06  0.122E+06  0.172E+06  0.127E+06  0.117E+06  0.102E+06  0.284E+06
  2013  0.171E+07  0.585E+06  0.261E+06  0.122E+06  0.827E+05  0.102E+06  0.147E+06  0.110E+06  0.103E+06  0.347E+06
  2014  0.259E+07  0.117E+07  0.433E+06  0.205E+06  0.998E+05  0.691E+05  0.871E+05  0.128E+06  0.967E+05  0.406E+06
  2015  0.308E+05  0.177E+07  0.865E+06  0.341E+06  0.168E+06  0.834E+05  0.589E+05  0.757E+05  0.112E+06  0.453E+06
  2016             0.211E+05  0.131E+07  0.681E+06  0.279E+06  0.140E+06  0.710E+05  0.512E+05  0.665E+05  0.509E+06
====================================================================================================================     


TABLE 1E. PARAMETER ESTIMATES FOR BFTE test                                         
==================================================================
 
 TERMINAL AGE STRUCTURE OF POPULATION ABUNDANCE
                  Average of               Std.              
  Age      MLE    bootstraps    Bias       Error   % CV      
  ---  ---------- ---------- ---------- ---------- -----     
    2   0.271E+06  0.289E+06 -0.281E+05  0.211E+05   7.3
    3   0.220E+07  0.328E+07  0.102E+07  0.131E+07  40.0
    4   0.207E+07  0.248E+07  0.355E+06  0.681E+06  27.4
    5   0.873E+06  0.106E+07  0.150E+06  0.279E+06  26.2
    6   0.428E+06  0.502E+06  0.470E+05  0.140E+06  27.9
    7   0.262E+06  0.287E+06  0.578E+05  0.710E+05  24.8
    8   0.192E+06  0.204E+06 -0.237E+05  0.512E+05  25.1
    9   0.255E+06  0.259E+06 -0.309E+05  0.665E+05  25.7
   10   0.179E+07  0.206E+07  0.243E+06  0.509E+06  24.7
 
 TERMINAL AGE STRUCTURE OF FISHING MORTALITY RATE
                  Average of               Std.              
  Age      MLE    bootstraps    Bias       Error   % CV      
  ---  ---------- ---------- ---------- ---------- -----     
    1   0.607E-05  0.571E-05  0.535E-06  0.438E-06   7.7
    2   0.110E-01  0.863E-02 -0.206E-02  0.359E-02  41.6
    3   0.693E-02  0.619E-02 -0.564E-03  0.159E-02  25.7
    4   0.385E-01  0.337E-01 -0.315E-02  0.832E-02  24.7
    5   0.259E-01  0.236E-01 -0.810E-03  0.596E-02  25.3
    6   0.124E-01  0.120E-01 -0.216E-02  0.302E-02  25.2
    7   0.137E-01  0.137E-01  0.215E-02  0.356E-02  26.0
    8   0.184E-01  0.193E-01  0.308E-02  0.498E-02  25.9
    9   0.345E-01  0.318E-01 -0.215E-02  0.797E-02  25.1
   10   0.345E-01  0.318E-01 -0.215E-02  0.797E-02  25.1
 
 RATIO OF FISHING MORTALITY RATE ON LAST TWO AGES (F-RATIO)
                  Average of               Std.              
 Year      MLE    bootstraps    Bias       Error   % CV      
 ----  ---------- ---------- ---------- ---------- -----     
 1968   0.896E+00  0.994E+00  0.960E-01  0.616E+00  62.0
 1969   0.896E+00  0.994E+00  0.960E-01  0.616E+00  62.0
 1970   0.896E+00  0.994E+00  0.960E-01  0.616E+00  62.0
 1971   0.896E+00  0.994E+00  0.960E-01  0.616E+00  62.0
 1972   0.896E+00  0.994E+00  0.960E-01  0.616E+00  62.0
 1973   0.896E+00  0.994E+00  0.960E-01  0.616E+00  62.0
 1974   0.896E+00  0.994E+00  0.960E-01  0.616E+00  62.0
 1975   0.896E+00  0.994E+00  0.960E-01  0.616E+00  62.0
 1976   0.896E+00  0.994E+00  0.960E-01  0.616E+00  62.0
 1977   0.896E+00  0.994E+00  0.960E-01  0.616E+00  62.0
 1978   0.896E+00  0.994E+00  0.960E-01  0.616E+00  62.0
 1979   0.896E+00  0.994E+00  0.960E-01  0.616E+00  62.0
 1980   0.896E+00  0.994E+00  0.960E-01  0.616E+00  62.0
 1981   0.504E+00  0.490E+00 -0.186E-01  0.109E+00  22.2
 1982   0.504E+00  0.490E+00 -0.186E-01  0.109E+00  22.2
 1983   0.504E+00  0.490E+00 -0.186E-01  0.109E+00  22.2
 1984   0.504E+00  0.490E+00 -0.186E-01  0.109E+00  22.2
 1985   0.504E+00  0.490E+00 -0.186E-01  0.109E+00  22.2
 1986   0.504E+00  0.490E+00 -0.186E-01  0.109E+00  22.2
 1987   0.504E+00  0.490E+00 -0.186E-01  0.109E+00  22.2
 1988   0.504E+00  0.490E+00 -0.186E-01  0.109E+00  22.2
 1989   0.504E+00  0.490E+00 -0.186E-01  0.109E+00  22.2
 1990   0.504E+00  0.490E+00 -0.186E-01  0.109E+00  22.2
 1991   0.504E+00  0.490E+00 -0.186E-01  0.109E+00  22.2
 1992   0.504E+00  0.490E+00 -0.186E-01  0.109E+00  22.2
 1993   0.504E+00  0.490E+00 -0.186E-01  0.109E+00  22.2
 1994   0.504E+00  0.490E+00 -0.186E-01  0.109E+00  22.2
 1995   0.504E+00  0.490E+00 -0.186E-01  0.109E+00  22.2
 1996   0.152E+01  0.145E+01 -0.519E-01  0.388E+00  26.7
 1997   0.152E+01  0.145E+01 -0.519E-01  0.388E+00  26.7
 1998   0.152E+01  0.145E+01 -0.519E-01  0.388E+00  26.7
 1999   0.152E+01  0.145E+01 -0.519E-01  0.388E+00  26.7
 2000   0.152E+01  0.145E+01 -0.519E-01  0.388E+00  26.7
 2001   0.152E+01  0.145E+01 -0.519E-01  0.388E+00  26.7
 2002   0.152E+01  0.145E+01 -0.519E-01  0.388E+00  26.7
 2003   0.152E+01  0.145E+01 -0.519E-01  0.388E+00  26.7
 2004   0.152E+01  0.145E+01 -0.519E-01  0.388E+00  26.7
 2005   0.152E+01  0.145E+01 -0.519E-01  0.388E+00  26.7
 2006   0.152E+01  0.145E+01 -0.519E-01  0.388E+00  26.7
 2007   0.152E+01  0.145E+01 -0.519E-01  0.388E+00  26.7
 2008   0.100E+01  0.100E+01  0.000E+00  0.000E+00   0.0
 2009   0.100E+01  0.100E+01  0.000E+00  0.000E+00   0.0
 2010   0.100E+01  0.100E+01  0.000E+00  0.000E+00   0.0
 2011   0.100E+01  0.100E+01  0.000E+00  0.000E+00   0.0
 2012   0.100E+01  0.100E+01  0.000E+00  0.000E+00   0.0
 2013   0.100E+01  0.100E+01  0.000E+00  0.000E+00   0.0
 2014   0.100E+01  0.100E+01  0.000E+00  0.000E+00   0.0
 2015   0.100E+01  0.100E+01  0.000E+00  0.000E+00   0.0
 
 NATURAL MORTALITY RATE
                  Average of               Std.              
  Age      MLE    bootstraps    Bias       Error   % CV      
  ---  ---------- ---------- ---------- ---------- -----     
    1   0.380E+00  0.380E+00  0.000E+00  0.000E+00   0.0
    2   0.300E+00  0.300E+00  0.000E+00  0.000E+00   0.0
    3   0.240E+00  0.240E+00  0.000E+00  0.000E+00   0.0
    4   0.200E+00  0.200E+00  0.000E+00  0.000E+00   0.0
    5   0.180E+00  0.180E+00  0.000E+00  0.000E+00   0.0
    6   0.160E+00  0.160E+00  0.000E+00  0.000E+00   0.0
    7   0.140E+00  0.140E+00  0.000E+00  0.000E+00   0.0
    8   0.130E+00  0.130E+00  0.000E+00  0.000E+00   0.0
    9   0.120E+00  0.120E+00  0.000E+00  0.000E+00   0.0
   10   0.100E+00  0.100E+00  0.000E+00  0.000E+00   0.0
 
 TRANSFER COEFFICIENTS
                  Average of               Std.              
  Age      MLE    bootstraps    Bias       Error   % CV      
  ---  ---------- ---------- ---------- ---------- -----     
    1   0.000E+00  0.000E+00  0.000E+00  0.000E+00   0.0
    2   0.000E+00  0.000E+00  0.000E+00  0.000E+00   0.0
    3   0.000E+00  0.000E+00  0.000E+00  0.000E+00   0.0
    4   0.000E+00  0.000E+00  0.000E+00  0.000E+00   0.0
    5   0.000E+00  0.000E+00  0.000E+00  0.000E+00   0.0
    6   0.000E+00  0.000E+00  0.000E+00  0.000E+00   0.0
    7   0.000E+00  0.000E+00  0.000E+00  0.000E+00   0.0
    8   0.000E+00  0.000E+00  0.000E+00  0.000E+00   0.0
    9   0.000E+00  0.000E+00  0.000E+00  0.000E+00   0.0
   10   0.000E+00  0.000E+00  0.000E+00  0.000E+00   0.0
 
 
 VARIANCE SCALING PARAMETERS
                  Average of               Std.              
 Index     MLE    bootstraps    Bias       Error   % CV      
 ----- ---------- ---------- ---------- ---------- -----     
    1   0.482E+00  0.475E+00 -0.724E-02  0.477E-01  10.0
    2   0.482E+00  0.475E+00 -0.724E-02  0.477E-01  10.0
    3   0.443E+00  0.439E+00 -0.409E-02  0.417E-01   9.5
    4   0.443E+00  0.439E+00 -0.409E-02  0.417E-01   9.5
    5   0.443E+00  0.439E+00 -0.409E-02  0.417E-01   9.5
    6   0.669E+00  0.652E+00 -0.167E-01  0.638E-01   9.8
    7   0.669E+00  0.652E+00 -0.167E-01  0.638E-01   9.8
    8   0.371E+00  0.325E+00 -0.461E-01  0.175E+00  53.9
    9   0.499E+00  0.416E+00 -0.823E-01  0.186E+00  44.6
   10   0.989E+00  0.961E+00 -0.277E-01  0.192E+00  20.0
 
 CATCHABILITY COEFFICIENTS
                         Average of               Std.           
 Index  Year      MLE    bootstraps    Bias       Error   % CV   
 -----  ----  ---------- ---------- ---------- ---------- -----  
    1   1968   0.750E-06  0.743E-06 -0.681E-07  0.166E-06  22.4
    1   1969   0.750E-06  0.743E-06 -0.681E-07  0.166E-06  22.4
    1   1970   0.750E-06  0.743E-06 -0.681E-07  0.166E-06  22.4
    1   1971   0.750E-06  0.743E-06 -0.681E-07  0.166E-06  22.4
    1   1972   0.750E-06  0.743E-06 -0.681E-07  0.166E-06  22.4
    1   1973   0.750E-06  0.743E-06 -0.681E-07  0.166E-06  22.4
    1   1974   0.750E-06  0.743E-06 -0.681E-07  0.166E-06  22.4
    1   1975   0.750E-06  0.743E-06 -0.681E-07  0.166E-06  22.4
    1   1976   0.750E-06  0.743E-06 -0.681E-07  0.166E-06  22.4
    1   1977   0.750E-06  0.743E-06 -0.681E-07  0.166E-06  22.4
    1   1978   0.750E-06  0.743E-06 -0.681E-07  0.166E-06  22.4
    1   1979   0.750E-06  0.743E-06 -0.681E-07  0.166E-06  22.4
    1   1980   0.750E-06  0.743E-06 -0.681E-07  0.166E-06  22.4
    1   1981   0.750E-06  0.743E-06 -0.681E-07  0.166E-06  22.4
    1   1982   0.750E-06  0.743E-06 -0.681E-07  0.166E-06  22.4
    1   1983   0.750E-06  0.743E-06 -0.681E-07  0.166E-06  22.4
    1   1984   0.750E-06  0.743E-06 -0.681E-07  0.166E-06  22.4
    1   1985   0.750E-06  0.743E-06 -0.681E-07  0.166E-06  22.4
    1   1986   0.750E-06  0.743E-06 -0.681E-07  0.166E-06  22.4
    1   1987   0.750E-06  0.743E-06 -0.681E-07  0.166E-06  22.4
    1   1988   0.750E-06  0.743E-06 -0.681E-07  0.166E-06  22.4
    1   1989   0.750E-06  0.743E-06 -0.681E-07  0.166E-06  22.4
    1   1990   0.750E-06  0.743E-06 -0.681E-07  0.166E-06  22.4
    1   1991   0.750E-06  0.743E-06 -0.681E-07  0.166E-06  22.4
    1   1992   0.750E-06  0.743E-06 -0.681E-07  0.166E-06  22.4
    1   1993   0.750E-06  0.743E-06 -0.681E-07  0.166E-06  22.4
    1   1994   0.750E-06  0.743E-06 -0.681E-07  0.166E-06  22.4
    1   1995   0.750E-06  0.743E-06 -0.681E-07  0.166E-06  22.4
    1   1996   0.750E-06  0.743E-06 -0.681E-07  0.166E-06  22.4
    1   1997   0.750E-06  0.743E-06 -0.681E-07  0.166E-06  22.4
    1   1998   0.750E-06  0.743E-06 -0.681E-07  0.166E-06  22.4
    1   1999   0.750E-06  0.743E-06 -0.681E-07  0.166E-06  22.4
    1   2000   0.750E-06  0.743E-06 -0.681E-07  0.166E-06  22.4
    1   2001   0.750E-06  0.743E-06 -0.681E-07  0.166E-06  22.4
    1   2002   0.750E-06  0.743E-06 -0.681E-07  0.166E-06  22.4
    1   2003   0.750E-06  0.743E-06 -0.681E-07  0.166E-06  22.4
    1   2004   0.750E-06  0.743E-06 -0.681E-07  0.166E-06  22.4
    1   2005   0.750E-06  0.743E-06 -0.681E-07  0.166E-06  22.4
    1   2006   0.750E-06  0.743E-06 -0.681E-07  0.166E-06  22.4
    1   2007   0.750E-06  0.743E-06 -0.681E-07  0.166E-06  22.4
    1   2008   0.750E-06  0.743E-06 -0.681E-07  0.166E-06  22.4
    1   2009   0.750E-06  0.743E-06 -0.681E-07  0.166E-06  22.4
    1   2010   0.750E-06  0.743E-06 -0.681E-07  0.166E-06  22.4
    1   2011   0.750E-06  0.743E-06 -0.681E-07  0.166E-06  22.4
    1   2012   0.750E-06  0.743E-06 -0.681E-07  0.166E-06  22.4
    1   2013   0.750E-06  0.743E-06 -0.681E-07  0.166E-06  22.4
    1   2014   0.750E-06  0.743E-06 -0.681E-07  0.166E-06  22.4
    1   2015   0.750E-06  0.743E-06 -0.681E-07  0.166E-06  22.4
    2   1968   0.766E-06  0.724E-06 -0.828E-07  0.206E-06  28.5
    2   1969   0.766E-06  0.724E-06 -0.828E-07  0.206E-06  28.5
    2   1970   0.766E-06  0.724E-06 -0.828E-07  0.206E-06  28.5
    2   1971   0.766E-06  0.724E-06 -0.828E-07  0.206E-06  28.5
    2   1972   0.766E-06  0.724E-06 -0.828E-07  0.206E-06  28.5
    2   1973   0.766E-06  0.724E-06 -0.828E-07  0.206E-06  28.5
    2   1974   0.766E-06  0.724E-06 -0.828E-07  0.206E-06  28.5
    2   1975   0.766E-06  0.724E-06 -0.828E-07  0.206E-06  28.5
    2   1976   0.766E-06  0.724E-06 -0.828E-07  0.206E-06  28.5
    2   1977   0.766E-06  0.724E-06 -0.828E-07  0.206E-06  28.5
    2   1978   0.766E-06  0.724E-06 -0.828E-07  0.206E-06  28.5
    2   1979   0.766E-06  0.724E-06 -0.828E-07  0.206E-06  28.5
    2   1980   0.766E-06  0.724E-06 -0.828E-07  0.206E-06  28.5
    2   1981   0.766E-06  0.724E-06 -0.828E-07  0.206E-06  28.5
    2   1982   0.766E-06  0.724E-06 -0.828E-07  0.206E-06  28.5
    2   1983   0.766E-06  0.724E-06 -0.828E-07  0.206E-06  28.5
    2   1984   0.766E-06  0.724E-06 -0.828E-07  0.206E-06  28.5
    2   1985   0.766E-06  0.724E-06 -0.828E-07  0.206E-06  28.5
    2   1986   0.766E-06  0.724E-06 -0.828E-07  0.206E-06  28.5
    2   1987   0.766E-06  0.724E-06 -0.828E-07  0.206E-06  28.5
    2   1988   0.766E-06  0.724E-06 -0.828E-07  0.206E-06  28.5
    2   1989   0.766E-06  0.724E-06 -0.828E-07  0.206E-06  28.5
    2   1990   0.766E-06  0.724E-06 -0.828E-07  0.206E-06  28.5
    2   1991   0.766E-06  0.724E-06 -0.828E-07  0.206E-06  28.5
    2   1992   0.766E-06  0.724E-06 -0.828E-07  0.206E-06  28.5
    2   1993   0.766E-06  0.724E-06 -0.828E-07  0.206E-06  28.5
    2   1994   0.766E-06  0.724E-06 -0.828E-07  0.206E-06  28.5
    2   1995   0.766E-06  0.724E-06 -0.828E-07  0.206E-06  28.5
    2   1996   0.766E-06  0.724E-06 -0.828E-07  0.206E-06  28.5
    2   1997   0.766E-06  0.724E-06 -0.828E-07  0.206E-06  28.5
    2   1998   0.766E-06  0.724E-06 -0.828E-07  0.206E-06  28.5
    2   1999   0.766E-06  0.724E-06 -0.828E-07  0.206E-06  28.5
    2   2000   0.766E-06  0.724E-06 -0.828E-07  0.206E-06  28.5
    2   2001   0.766E-06  0.724E-06 -0.828E-07  0.206E-06  28.5
    2   2002   0.766E-06  0.724E-06 -0.828E-07  0.206E-06  28.5
    2   2003   0.766E-06  0.724E-06 -0.828E-07  0.206E-06  28.5
    2   2004   0.766E-06  0.724E-06 -0.828E-07  0.206E-06  28.5
    2   2005   0.766E-06  0.724E-06 -0.828E-07  0.206E-06  28.5
    2   2006   0.766E-06  0.724E-06 -0.828E-07  0.206E-06  28.5
    2   2007   0.766E-06  0.724E-06 -0.828E-07  0.206E-06  28.5
    2   2008   0.766E-06  0.724E-06 -0.828E-07  0.206E-06  28.5
    2   2009   0.766E-06  0.724E-06 -0.828E-07  0.206E-06  28.5
    2   2010   0.766E-06  0.724E-06 -0.828E-07  0.206E-06  28.5
    2   2011   0.766E-06  0.724E-06 -0.828E-07  0.206E-06  28.5
    2   2012   0.766E-06  0.724E-06 -0.828E-07  0.206E-06  28.5
    2   2013   0.766E-06  0.724E-06 -0.828E-07  0.206E-06  28.5
    2   2014   0.766E-06  0.724E-06 -0.828E-07  0.206E-06  28.5
    2   2015   0.766E-06  0.724E-06 -0.828E-07  0.206E-06  28.5
    3   1968   0.853E-06  0.838E-06 -0.782E-07  0.121E-06  14.4
    3   1969   0.853E-06  0.838E-06 -0.782E-07  0.121E-06  14.4
    3   1970   0.853E-06  0.838E-06 -0.782E-07  0.121E-06  14.4
    3   1971   0.853E-06  0.838E-06 -0.782E-07  0.121E-06  14.4
    3   1972   0.853E-06  0.838E-06 -0.782E-07  0.121E-06  14.4
    3   1973   0.853E-06  0.838E-06 -0.782E-07  0.121E-06  14.4
    3   1974   0.853E-06  0.838E-06 -0.782E-07  0.121E-06  14.4
    3   1975   0.853E-06  0.838E-06 -0.782E-07  0.121E-06  14.4
    3   1976   0.853E-06  0.838E-06 -0.782E-07  0.121E-06  14.4
    3   1977   0.853E-06  0.838E-06 -0.782E-07  0.121E-06  14.4
    3   1978   0.853E-06  0.838E-06 -0.782E-07  0.121E-06  14.4
    3   1979   0.853E-06  0.838E-06 -0.782E-07  0.121E-06  14.4
    3   1980   0.853E-06  0.838E-06 -0.782E-07  0.121E-06  14.4
    3   1981   0.853E-06  0.838E-06 -0.782E-07  0.121E-06  14.4
    3   1982   0.853E-06  0.838E-06 -0.782E-07  0.121E-06  14.4
    3   1983   0.853E-06  0.838E-06 -0.782E-07  0.121E-06  14.4
    3   1984   0.853E-06  0.838E-06 -0.782E-07  0.121E-06  14.4
    3   1985   0.853E-06  0.838E-06 -0.782E-07  0.121E-06  14.4
    3   1986   0.853E-06  0.838E-06 -0.782E-07  0.121E-06  14.4
    3   1987   0.853E-06  0.838E-06 -0.782E-07  0.121E-06  14.4
    3   1988   0.853E-06  0.838E-06 -0.782E-07  0.121E-06  14.4
    3   1989   0.853E-06  0.838E-06 -0.782E-07  0.121E-06  14.4
    3   1990   0.853E-06  0.838E-06 -0.782E-07  0.121E-06  14.4
    3   1991   0.853E-06  0.838E-06 -0.782E-07  0.121E-06  14.4
    3   1992   0.853E-06  0.838E-06 -0.782E-07  0.121E-06  14.4
    3   1993   0.853E-06  0.838E-06 -0.782E-07  0.121E-06  14.4
    3   1994   0.853E-06  0.838E-06 -0.782E-07  0.121E-06  14.4
    3   1995   0.853E-06  0.838E-06 -0.782E-07  0.121E-06  14.4
    3   1996   0.853E-06  0.838E-06 -0.782E-07  0.121E-06  14.4
    3   1997   0.853E-06  0.838E-06 -0.782E-07  0.121E-06  14.4
    3   1998   0.853E-06  0.838E-06 -0.782E-07  0.121E-06  14.4
    3   1999   0.853E-06  0.838E-06 -0.782E-07  0.121E-06  14.4
    3   2000   0.853E-06  0.838E-06 -0.782E-07  0.121E-06  14.4
    3   2001   0.853E-06  0.838E-06 -0.782E-07  0.121E-06  14.4
    3   2002   0.853E-06  0.838E-06 -0.782E-07  0.121E-06  14.4
    3   2003   0.853E-06  0.838E-06 -0.782E-07  0.121E-06  14.4
    3   2004   0.853E-06  0.838E-06 -0.782E-07  0.121E-06  14.4
    3   2005   0.853E-06  0.838E-06 -0.782E-07  0.121E-06  14.4
    3   2006   0.853E-06  0.838E-06 -0.782E-07  0.121E-06  14.4
    3   2007   0.853E-06  0.838E-06 -0.782E-07  0.121E-06  14.4
    3   2008   0.853E-06  0.838E-06 -0.782E-07  0.121E-06  14.4
    3   2009   0.853E-06  0.838E-06 -0.782E-07  0.121E-06  14.4
    3   2010   0.853E-06  0.838E-06 -0.782E-07  0.121E-06  14.4
    3   2011   0.853E-06  0.838E-06 -0.782E-07  0.121E-06  14.4
    3   2012   0.853E-06  0.838E-06 -0.782E-07  0.121E-06  14.4
    3   2013   0.853E-06  0.838E-06 -0.782E-07  0.121E-06  14.4
    3   2014   0.853E-06  0.838E-06 -0.782E-07  0.121E-06  14.4
    3   2015   0.853E-06  0.838E-06 -0.782E-07  0.121E-06  14.4
    4   1968   0.956E-06  0.935E-06 -0.954E-07  0.122E-06  13.1
    4   1969   0.956E-06  0.935E-06 -0.954E-07  0.122E-06  13.1
    4   1970   0.956E-06  0.935E-06 -0.954E-07  0.122E-06  13.1
    4   1971   0.956E-06  0.935E-06 -0.954E-07  0.122E-06  13.1
    4   1972   0.956E-06  0.935E-06 -0.954E-07  0.122E-06  13.1
    4   1973   0.956E-06  0.935E-06 -0.954E-07  0.122E-06  13.1
    4   1974   0.956E-06  0.935E-06 -0.954E-07  0.122E-06  13.1
    4   1975   0.956E-06  0.935E-06 -0.954E-07  0.122E-06  13.1
    4   1976   0.956E-06  0.935E-06 -0.954E-07  0.122E-06  13.1
    4   1977   0.956E-06  0.935E-06 -0.954E-07  0.122E-06  13.1
    4   1978   0.956E-06  0.935E-06 -0.954E-07  0.122E-06  13.1
    4   1979   0.956E-06  0.935E-06 -0.954E-07  0.122E-06  13.1
    4   1980   0.956E-06  0.935E-06 -0.954E-07  0.122E-06  13.1
    4   1981   0.956E-06  0.935E-06 -0.954E-07  0.122E-06  13.1
    4   1982   0.956E-06  0.935E-06 -0.954E-07  0.122E-06  13.1
    4   1983   0.956E-06  0.935E-06 -0.954E-07  0.122E-06  13.1
    4   1984   0.956E-06  0.935E-06 -0.954E-07  0.122E-06  13.1
    4   1985   0.956E-06  0.935E-06 -0.954E-07  0.122E-06  13.1
    4   1986   0.956E-06  0.935E-06 -0.954E-07  0.122E-06  13.1
    4   1987   0.956E-06  0.935E-06 -0.954E-07  0.122E-06  13.1
    4   1988   0.956E-06  0.935E-06 -0.954E-07  0.122E-06  13.1
    4   1989   0.956E-06  0.935E-06 -0.954E-07  0.122E-06  13.1
    4   1990   0.956E-06  0.935E-06 -0.954E-07  0.122E-06  13.1
    4   1991   0.956E-06  0.935E-06 -0.954E-07  0.122E-06  13.1
    4   1992   0.956E-06  0.935E-06 -0.954E-07  0.122E-06  13.1
    4   1993   0.956E-06  0.935E-06 -0.954E-07  0.122E-06  13.1
    4   1994   0.956E-06  0.935E-06 -0.954E-07  0.122E-06  13.1
    4   1995   0.956E-06  0.935E-06 -0.954E-07  0.122E-06  13.1
    4   1996   0.956E-06  0.935E-06 -0.954E-07  0.122E-06  13.1
    4   1997   0.956E-06  0.935E-06 -0.954E-07  0.122E-06  13.1
    4   1998   0.956E-06  0.935E-06 -0.954E-07  0.122E-06  13.1
    4   1999   0.956E-06  0.935E-06 -0.954E-07  0.122E-06  13.1
    4   2000   0.956E-06  0.935E-06 -0.954E-07  0.122E-06  13.1
    4   2001   0.956E-06  0.935E-06 -0.954E-07  0.122E-06  13.1
    4   2002   0.956E-06  0.935E-06 -0.954E-07  0.122E-06  13.1
    4   2003   0.956E-06  0.935E-06 -0.954E-07  0.122E-06  13.1
    4   2004   0.956E-06  0.935E-06 -0.954E-07  0.122E-06  13.1
    4   2005   0.956E-06  0.935E-06 -0.954E-07  0.122E-06  13.1
    4   2006   0.956E-06  0.935E-06 -0.954E-07  0.122E-06  13.1
    4   2007   0.956E-06  0.935E-06 -0.954E-07  0.122E-06  13.1
    4   2008   0.956E-06  0.935E-06 -0.954E-07  0.122E-06  13.1
    4   2009   0.956E-06  0.935E-06 -0.954E-07  0.122E-06  13.1
    4   2010   0.956E-06  0.935E-06 -0.954E-07  0.122E-06  13.1
    4   2011   0.956E-06  0.935E-06 -0.954E-07  0.122E-06  13.1
    4   2012   0.956E-06  0.935E-06 -0.954E-07  0.122E-06  13.1
    4   2013   0.956E-06  0.935E-06 -0.954E-07  0.122E-06  13.1
    4   2014   0.956E-06  0.935E-06 -0.954E-07  0.122E-06  13.1
    4   2015   0.956E-06  0.935E-06 -0.954E-07  0.122E-06  13.1
    5   1968   0.857E-06  0.802E-06 -0.111E-06  0.230E-06  28.7
    5   1969   0.857E-06  0.802E-06 -0.111E-06  0.230E-06  28.7
    5   1970   0.857E-06  0.802E-06 -0.111E-06  0.230E-06  28.7
    5   1971   0.857E-06  0.802E-06 -0.111E-06  0.230E-06  28.7
    5   1972   0.857E-06  0.802E-06 -0.111E-06  0.230E-06  28.7
    5   1973   0.857E-06  0.802E-06 -0.111E-06  0.230E-06  28.7
    5   1974   0.857E-06  0.802E-06 -0.111E-06  0.230E-06  28.7
    5   1975   0.857E-06  0.802E-06 -0.111E-06  0.230E-06  28.7
    5   1976   0.857E-06  0.802E-06 -0.111E-06  0.230E-06  28.7
    5   1977   0.857E-06  0.802E-06 -0.111E-06  0.230E-06  28.7
    5   1978   0.857E-06  0.802E-06 -0.111E-06  0.230E-06  28.7
    5   1979   0.857E-06  0.802E-06 -0.111E-06  0.230E-06  28.7
    5   1980   0.857E-06  0.802E-06 -0.111E-06  0.230E-06  28.7
    5   1981   0.857E-06  0.802E-06 -0.111E-06  0.230E-06  28.7
    5   1982   0.857E-06  0.802E-06 -0.111E-06  0.230E-06  28.7
    5   1983   0.857E-06  0.802E-06 -0.111E-06  0.230E-06  28.7
    5   1984   0.857E-06  0.802E-06 -0.111E-06  0.230E-06  28.7
    5   1985   0.857E-06  0.802E-06 -0.111E-06  0.230E-06  28.7
    5   1986   0.857E-06  0.802E-06 -0.111E-06  0.230E-06  28.7
    5   1987   0.857E-06  0.802E-06 -0.111E-06  0.230E-06  28.7
    5   1988   0.857E-06  0.802E-06 -0.111E-06  0.230E-06  28.7
    5   1989   0.857E-06  0.802E-06 -0.111E-06  0.230E-06  28.7
    5   1990   0.857E-06  0.802E-06 -0.111E-06  0.230E-06  28.7
    5   1991   0.857E-06  0.802E-06 -0.111E-06  0.230E-06  28.7
    5   1992   0.857E-06  0.802E-06 -0.111E-06  0.230E-06  28.7
    5   1993   0.857E-06  0.802E-06 -0.111E-06  0.230E-06  28.7
    5   1994   0.857E-06  0.802E-06 -0.111E-06  0.230E-06  28.7
    5   1995   0.857E-06  0.802E-06 -0.111E-06  0.230E-06  28.7
    5   1996   0.857E-06  0.802E-06 -0.111E-06  0.230E-06  28.7
    5   1997   0.857E-06  0.802E-06 -0.111E-06  0.230E-06  28.7
    5   1998   0.857E-06  0.802E-06 -0.111E-06  0.230E-06  28.7
    5   1999   0.857E-06  0.802E-06 -0.111E-06  0.230E-06  28.7
    5   2000   0.857E-06  0.802E-06 -0.111E-06  0.230E-06  28.7
    5   2001   0.857E-06  0.802E-06 -0.111E-06  0.230E-06  28.7
    5   2002   0.857E-06  0.802E-06 -0.111E-06  0.230E-06  28.7
    5   2003   0.857E-06  0.802E-06 -0.111E-06  0.230E-06  28.7
    5   2004   0.857E-06  0.802E-06 -0.111E-06  0.230E-06  28.7
    5   2005   0.857E-06  0.802E-06 -0.111E-06  0.230E-06  28.7
    5   2006   0.857E-06  0.802E-06 -0.111E-06  0.230E-06  28.7
    5   2007   0.857E-06  0.802E-06 -0.111E-06  0.230E-06  28.7
    5   2008   0.857E-06  0.802E-06 -0.111E-06  0.230E-06  28.7
    5   2009   0.857E-06  0.802E-06 -0.111E-06  0.230E-06  28.7
    5   2010   0.857E-06  0.802E-06 -0.111E-06  0.230E-06  28.7
    5   2011   0.857E-06  0.802E-06 -0.111E-06  0.230E-06  28.7
    5   2012   0.857E-06  0.802E-06 -0.111E-06  0.230E-06  28.7
    5   2013   0.857E-06  0.802E-06 -0.111E-06  0.230E-06  28.7
    5   2014   0.857E-06  0.802E-06 -0.111E-06  0.230E-06  28.7
    5   2015   0.857E-06  0.802E-06 -0.111E-06  0.230E-06  28.7
    6   1968   0.573E-07  0.567E-07 -0.963E-08  0.717E-08  12.6
    6   1969   0.573E-07  0.567E-07 -0.963E-08  0.717E-08  12.6
    6   1970   0.573E-07  0.567E-07 -0.963E-08  0.717E-08  12.6
    6   1971   0.573E-07  0.567E-07 -0.963E-08  0.717E-08  12.6
    6   1972   0.573E-07  0.567E-07 -0.963E-08  0.717E-08  12.6
    6   1973   0.573E-07  0.567E-07 -0.963E-08  0.717E-08  12.6
    6   1974   0.573E-07  0.567E-07 -0.963E-08  0.717E-08  12.6
    6   1975   0.573E-07  0.567E-07 -0.963E-08  0.717E-08  12.6
    6   1976   0.573E-07  0.567E-07 -0.963E-08  0.717E-08  12.6
    6   1977   0.573E-07  0.567E-07 -0.963E-08  0.717E-08  12.6
    6   1978   0.573E-07  0.567E-07 -0.963E-08  0.717E-08  12.6
    6   1979   0.573E-07  0.567E-07 -0.963E-08  0.717E-08  12.6
    6   1980   0.573E-07  0.567E-07 -0.963E-08  0.717E-08  12.6
    6   1981   0.573E-07  0.567E-07 -0.963E-08  0.717E-08  12.6
    6   1982   0.573E-07  0.567E-07 -0.963E-08  0.717E-08  12.6
    6   1983   0.573E-07  0.567E-07 -0.963E-08  0.717E-08  12.6
    6   1984   0.573E-07  0.567E-07 -0.963E-08  0.717E-08  12.6
    6   1985   0.573E-07  0.567E-07 -0.963E-08  0.717E-08  12.6
    6   1986   0.573E-07  0.567E-07 -0.963E-08  0.717E-08  12.6
    6   1987   0.573E-07  0.567E-07 -0.963E-08  0.717E-08  12.6
    6   1988   0.573E-07  0.567E-07 -0.963E-08  0.717E-08  12.6
    6   1989   0.573E-07  0.567E-07 -0.963E-08  0.717E-08  12.6
    6   1990   0.573E-07  0.567E-07 -0.963E-08  0.717E-08  12.6
    6   1991   0.573E-07  0.567E-07 -0.963E-08  0.717E-08  12.6
    6   1992   0.573E-07  0.567E-07 -0.963E-08  0.717E-08  12.6
    6   1993   0.573E-07  0.567E-07 -0.963E-08  0.717E-08  12.6
    6   1994   0.573E-07  0.567E-07 -0.963E-08  0.717E-08  12.6
    6   1995   0.573E-07  0.567E-07 -0.963E-08  0.717E-08  12.6
    6   1996   0.573E-07  0.567E-07 -0.963E-08  0.717E-08  12.6
    6   1997   0.573E-07  0.567E-07 -0.963E-08  0.717E-08  12.6
    6   1998   0.573E-07  0.567E-07 -0.963E-08  0.717E-08  12.6
    6   1999   0.573E-07  0.567E-07 -0.963E-08  0.717E-08  12.6
    6   2000   0.573E-07  0.567E-07 -0.963E-08  0.717E-08  12.6
    6   2001   0.573E-07  0.567E-07 -0.963E-08  0.717E-08  12.6
    6   2002   0.573E-07  0.567E-07 -0.963E-08  0.717E-08  12.6
    6   2003   0.573E-07  0.567E-07 -0.963E-08  0.717E-08  12.6
    6   2004   0.573E-07  0.567E-07 -0.963E-08  0.717E-08  12.6
    6   2005   0.573E-07  0.567E-07 -0.963E-08  0.717E-08  12.6
    6   2006   0.573E-07  0.567E-07 -0.963E-08  0.717E-08  12.6
    6   2007   0.573E-07  0.567E-07 -0.963E-08  0.717E-08  12.6
    6   2008   0.573E-07  0.567E-07 -0.963E-08  0.717E-08  12.6
    6   2009   0.573E-07  0.567E-07 -0.963E-08  0.717E-08  12.6
    6   2010   0.573E-07  0.567E-07 -0.963E-08  0.717E-08  12.6
    6   2011   0.573E-07  0.567E-07 -0.963E-08  0.717E-08  12.6
    6   2012   0.573E-07  0.567E-07 -0.963E-08  0.717E-08  12.6
    6   2013   0.573E-07  0.567E-07 -0.963E-08  0.717E-08  12.6
    6   2014   0.573E-07  0.567E-07 -0.963E-08  0.717E-08  12.6
    6   2015   0.573E-07  0.567E-07 -0.963E-08  0.717E-08  12.6
    7   1968   0.207E-07  0.199E-07 -0.369E-08  0.592E-08  29.8
    7   1969   0.207E-07  0.199E-07 -0.369E-08  0.592E-08  29.8
    7   1970   0.207E-07  0.199E-07 -0.369E-08  0.592E-08  29.8
    7   1971   0.207E-07  0.199E-07 -0.369E-08  0.592E-08  29.8
    7   1972   0.207E-07  0.199E-07 -0.369E-08  0.592E-08  29.8
    7   1973   0.207E-07  0.199E-07 -0.369E-08  0.592E-08  29.8
    7   1974   0.207E-07  0.199E-07 -0.369E-08  0.592E-08  29.8
    7   1975   0.207E-07  0.199E-07 -0.369E-08  0.592E-08  29.8
    7   1976   0.207E-07  0.199E-07 -0.369E-08  0.592E-08  29.8
    7   1977   0.207E-07  0.199E-07 -0.369E-08  0.592E-08  29.8
    7   1978   0.207E-07  0.199E-07 -0.369E-08  0.592E-08  29.8
    7   1979   0.207E-07  0.199E-07 -0.369E-08  0.592E-08  29.8
    7   1980   0.207E-07  0.199E-07 -0.369E-08  0.592E-08  29.8
    7   1981   0.207E-07  0.199E-07 -0.369E-08  0.592E-08  29.8
    7   1982   0.207E-07  0.199E-07 -0.369E-08  0.592E-08  29.8
    7   1983   0.207E-07  0.199E-07 -0.369E-08  0.592E-08  29.8
    7   1984   0.207E-07  0.199E-07 -0.369E-08  0.592E-08  29.8
    7   1985   0.207E-07  0.199E-07 -0.369E-08  0.592E-08  29.8
    7   1986   0.207E-07  0.199E-07 -0.369E-08  0.592E-08  29.8
    7   1987   0.207E-07  0.199E-07 -0.369E-08  0.592E-08  29.8
    7   1988   0.207E-07  0.199E-07 -0.369E-08  0.592E-08  29.8
    7   1989   0.207E-07  0.199E-07 -0.369E-08  0.592E-08  29.8
    7   1990   0.207E-07  0.199E-07 -0.369E-08  0.592E-08  29.8
    7   1991   0.207E-07  0.199E-07 -0.369E-08  0.592E-08  29.8
    7   1992   0.207E-07  0.199E-07 -0.369E-08  0.592E-08  29.8
    7   1993   0.207E-07  0.199E-07 -0.369E-08  0.592E-08  29.8
    7   1994   0.207E-07  0.199E-07 -0.369E-08  0.592E-08  29.8
    7   1995   0.207E-07  0.199E-07 -0.369E-08  0.592E-08  29.8
    7   1996   0.207E-07  0.199E-07 -0.369E-08  0.592E-08  29.8
    7   1997   0.207E-07  0.199E-07 -0.369E-08  0.592E-08  29.8
    7   1998   0.207E-07  0.199E-07 -0.369E-08  0.592E-08  29.8
    7   1999   0.207E-07  0.199E-07 -0.369E-08  0.592E-08  29.8
    7   2000   0.207E-07  0.199E-07 -0.369E-08  0.592E-08  29.8
    7   2001   0.207E-07  0.199E-07 -0.369E-08  0.592E-08  29.8
    7   2002   0.207E-07  0.199E-07 -0.369E-08  0.592E-08  29.8
    7   2003   0.207E-07  0.199E-07 -0.369E-08  0.592E-08  29.8
    7   2004   0.207E-07  0.199E-07 -0.369E-08  0.592E-08  29.8
    7   2005   0.207E-07  0.199E-07 -0.369E-08  0.592E-08  29.8
    7   2006   0.207E-07  0.199E-07 -0.369E-08  0.592E-08  29.8
    7   2007   0.207E-07  0.199E-07 -0.369E-08  0.592E-08  29.8
    7   2008   0.207E-07  0.199E-07 -0.369E-08  0.592E-08  29.8
    7   2009   0.207E-07  0.199E-07 -0.369E-08  0.592E-08  29.8
    7   2010   0.207E-07  0.199E-07 -0.369E-08  0.592E-08  29.8
    7   2011   0.207E-07  0.199E-07 -0.369E-08  0.592E-08  29.8
    7   2012   0.207E-07  0.199E-07 -0.369E-08  0.592E-08  29.8
    7   2013   0.207E-07  0.199E-07 -0.369E-08  0.592E-08  29.8
    7   2014   0.207E-07  0.199E-07 -0.369E-08  0.592E-08  29.8
    7   2015   0.207E-07  0.199E-07 -0.369E-08  0.592E-08  29.8
    8   1968   0.288E-06  0.279E-06 -0.246E-07  0.529E-07  18.9
    8   1969   0.288E-06  0.279E-06 -0.246E-07  0.529E-07  18.9
    8   1970   0.288E-06  0.279E-06 -0.246E-07  0.529E-07  18.9
    8   1971   0.288E-06  0.279E-06 -0.246E-07  0.529E-07  18.9
    8   1972   0.288E-06  0.279E-06 -0.246E-07  0.529E-07  18.9
    8   1973   0.288E-06  0.279E-06 -0.246E-07  0.529E-07  18.9
    8   1974   0.288E-06  0.279E-06 -0.246E-07  0.529E-07  18.9
    8   1975   0.288E-06  0.279E-06 -0.246E-07  0.529E-07  18.9
    8   1976   0.288E-06  0.279E-06 -0.246E-07  0.529E-07  18.9
    8   1977   0.288E-06  0.279E-06 -0.246E-07  0.529E-07  18.9
    8   1978   0.288E-06  0.279E-06 -0.246E-07  0.529E-07  18.9
    8   1979   0.288E-06  0.279E-06 -0.246E-07  0.529E-07  18.9
    8   1980   0.288E-06  0.279E-06 -0.246E-07  0.529E-07  18.9
    8   1981   0.288E-06  0.279E-06 -0.246E-07  0.529E-07  18.9
    8   1982   0.288E-06  0.279E-06 -0.246E-07  0.529E-07  18.9
    8   1983   0.288E-06  0.279E-06 -0.246E-07  0.529E-07  18.9
    8   1984   0.288E-06  0.279E-06 -0.246E-07  0.529E-07  18.9
    8   1985   0.288E-06  0.279E-06 -0.246E-07  0.529E-07  18.9
    8   1986   0.288E-06  0.279E-06 -0.246E-07  0.529E-07  18.9
    8   1987   0.288E-06  0.279E-06 -0.246E-07  0.529E-07  18.9
    8   1988   0.288E-06  0.279E-06 -0.246E-07  0.529E-07  18.9
    8   1989   0.288E-06  0.279E-06 -0.246E-07  0.529E-07  18.9
    8   1990   0.288E-06  0.279E-06 -0.246E-07  0.529E-07  18.9
    8   1991   0.288E-06  0.279E-06 -0.246E-07  0.529E-07  18.9
    8   1992   0.288E-06  0.279E-06 -0.246E-07  0.529E-07  18.9
    8   1993   0.288E-06  0.279E-06 -0.246E-07  0.529E-07  18.9
    8   1994   0.288E-06  0.279E-06 -0.246E-07  0.529E-07  18.9
    8   1995   0.288E-06  0.279E-06 -0.246E-07  0.529E-07  18.9
    8   1996   0.288E-06  0.279E-06 -0.246E-07  0.529E-07  18.9
    8   1997   0.288E-06  0.279E-06 -0.246E-07  0.529E-07  18.9
    8   1998   0.288E-06  0.279E-06 -0.246E-07  0.529E-07  18.9
    8   1999   0.288E-06  0.279E-06 -0.246E-07  0.529E-07  18.9
    8   2000   0.288E-06  0.279E-06 -0.246E-07  0.529E-07  18.9
    8   2001   0.288E-06  0.279E-06 -0.246E-07  0.529E-07  18.9
    8   2002   0.288E-06  0.279E-06 -0.246E-07  0.529E-07  18.9
    8   2003   0.288E-06  0.279E-06 -0.246E-07  0.529E-07  18.9
    8   2004   0.288E-06  0.279E-06 -0.246E-07  0.529E-07  18.9
    8   2005   0.288E-06  0.279E-06 -0.246E-07  0.529E-07  18.9
    8   2006   0.288E-06  0.279E-06 -0.246E-07  0.529E-07  18.9
    8   2007   0.288E-06  0.279E-06 -0.246E-07  0.529E-07  18.9
    8   2008   0.288E-06  0.279E-06 -0.246E-07  0.529E-07  18.9
    8   2009   0.288E-06  0.279E-06 -0.246E-07  0.529E-07  18.9
    8   2010   0.288E-06  0.279E-06 -0.246E-07  0.529E-07  18.9
    8   2011   0.288E-06  0.279E-06 -0.246E-07  0.529E-07  18.9
    8   2012   0.288E-06  0.279E-06 -0.246E-07  0.529E-07  18.9
    8   2013   0.288E-06  0.279E-06 -0.246E-07  0.529E-07  18.9
    8   2014   0.288E-06  0.279E-06 -0.246E-07  0.529E-07  18.9
    8   2015   0.288E-06  0.279E-06 -0.246E-07  0.529E-07  18.9
    9   1968   0.337E-06  0.314E-06 -0.467E-07  0.859E-07  27.4
    9   1969   0.337E-06  0.314E-06 -0.467E-07  0.859E-07  27.4
    9   1970   0.337E-06  0.314E-06 -0.467E-07  0.859E-07  27.4
    9   1971   0.337E-06  0.314E-06 -0.467E-07  0.859E-07  27.4
    9   1972   0.337E-06  0.314E-06 -0.467E-07  0.859E-07  27.4
    9   1973   0.337E-06  0.314E-06 -0.467E-07  0.859E-07  27.4
    9   1974   0.337E-06  0.314E-06 -0.467E-07  0.859E-07  27.4
    9   1975   0.337E-06  0.314E-06 -0.467E-07  0.859E-07  27.4
    9   1976   0.337E-06  0.314E-06 -0.467E-07  0.859E-07  27.4
    9   1977   0.337E-06  0.314E-06 -0.467E-07  0.859E-07  27.4
    9   1978   0.337E-06  0.314E-06 -0.467E-07  0.859E-07  27.4
    9   1979   0.337E-06  0.314E-06 -0.467E-07  0.859E-07  27.4
    9   1980   0.337E-06  0.314E-06 -0.467E-07  0.859E-07  27.4
    9   1981   0.337E-06  0.314E-06 -0.467E-07  0.859E-07  27.4
    9   1982   0.337E-06  0.314E-06 -0.467E-07  0.859E-07  27.4
    9   1983   0.337E-06  0.314E-06 -0.467E-07  0.859E-07  27.4
    9   1984   0.337E-06  0.314E-06 -0.467E-07  0.859E-07  27.4
    9   1985   0.337E-06  0.314E-06 -0.467E-07  0.859E-07  27.4
    9   1986   0.337E-06  0.314E-06 -0.467E-07  0.859E-07  27.4
    9   1987   0.337E-06  0.314E-06 -0.467E-07  0.859E-07  27.4
    9   1988   0.337E-06  0.314E-06 -0.467E-07  0.859E-07  27.4
    9   1989   0.337E-06  0.314E-06 -0.467E-07  0.859E-07  27.4
    9   1990   0.337E-06  0.314E-06 -0.467E-07  0.859E-07  27.4
    9   1991   0.337E-06  0.314E-06 -0.467E-07  0.859E-07  27.4
    9   1992   0.337E-06  0.314E-06 -0.467E-07  0.859E-07  27.4
    9   1993   0.337E-06  0.314E-06 -0.467E-07  0.859E-07  27.4
    9   1994   0.337E-06  0.314E-06 -0.467E-07  0.859E-07  27.4
    9   1995   0.337E-06  0.314E-06 -0.467E-07  0.859E-07  27.4
    9   1996   0.337E-06  0.314E-06 -0.467E-07  0.859E-07  27.4
    9   1997   0.337E-06  0.314E-06 -0.467E-07  0.859E-07  27.4
    9   1998   0.337E-06  0.314E-06 -0.467E-07  0.859E-07  27.4
    9   1999   0.337E-06  0.314E-06 -0.467E-07  0.859E-07  27.4
    9   2000   0.337E-06  0.314E-06 -0.467E-07  0.859E-07  27.4
    9   2001   0.337E-06  0.314E-06 -0.467E-07  0.859E-07  27.4
    9   2002   0.337E-06  0.314E-06 -0.467E-07  0.859E-07  27.4
    9   2003   0.337E-06  0.314E-06 -0.467E-07  0.859E-07  27.4
    9   2004   0.337E-06  0.314E-06 -0.467E-07  0.859E-07  27.4
    9   2005   0.337E-06  0.314E-06 -0.467E-07  0.859E-07  27.4
    9   2006   0.337E-06  0.314E-06 -0.467E-07  0.859E-07  27.4
    9   2007   0.337E-06  0.314E-06 -0.467E-07  0.859E-07  27.4
    9   2008   0.337E-06  0.314E-06 -0.467E-07  0.859E-07  27.4
    9   2009   0.337E-06  0.314E-06 -0.467E-07  0.859E-07  27.4
    9   2010   0.337E-06  0.314E-06 -0.467E-07  0.859E-07  27.4
    9   2011   0.337E-06  0.314E-06 -0.467E-07  0.859E-07  27.4
    9   2012   0.337E-06  0.314E-06 -0.467E-07  0.859E-07  27.4
    9   2013   0.337E-06  0.314E-06 -0.467E-07  0.859E-07  27.4
    9   2014   0.337E-06  0.314E-06 -0.467E-07  0.859E-07  27.4
    9   2015   0.337E-06  0.314E-06 -0.467E-07  0.859E-07  27.4
   10   1968   0.596E-08  0.596E-08 -0.236E-08  0.195E-08  32.7
   10   1969   0.596E-08  0.596E-08 -0.236E-08  0.195E-08  32.7
   10   1970   0.596E-08  0.596E-08 -0.236E-08  0.195E-08  32.7
   10   1971   0.596E-08  0.596E-08 -0.236E-08  0.195E-08  32.7
   10   1972   0.596E-08  0.596E-08 -0.236E-08  0.195E-08  32.7
   10   1973   0.596E-08  0.596E-08 -0.236E-08  0.195E-08  32.7
   10   1974   0.596E-08  0.596E-08 -0.236E-08  0.195E-08  32.7
   10   1975   0.596E-08  0.596E-08 -0.236E-08  0.195E-08  32.7
   10   1976   0.596E-08  0.596E-08 -0.236E-08  0.195E-08  32.7
   10   1977   0.596E-08  0.596E-08 -0.236E-08  0.195E-08  32.7
   10   1978   0.596E-08  0.596E-08 -0.236E-08  0.195E-08  32.7
   10   1979   0.596E-08  0.596E-08 -0.236E-08  0.195E-08  32.7
   10   1980   0.596E-08  0.596E-08 -0.236E-08  0.195E-08  32.7
   10   1981   0.596E-08  0.596E-08 -0.236E-08  0.195E-08  32.7
   10   1982   0.596E-08  0.596E-08 -0.236E-08  0.195E-08  32.7
   10   1983   0.596E-08  0.596E-08 -0.236E-08  0.195E-08  32.7
   10   1984   0.596E-08  0.596E-08 -0.236E-08  0.195E-08  32.7
   10   1985   0.596E-08  0.596E-08 -0.236E-08  0.195E-08  32.7
   10   1986   0.596E-08  0.596E-08 -0.236E-08  0.195E-08  32.7
   10   1987   0.596E-08  0.596E-08 -0.236E-08  0.195E-08  32.7
   10   1988   0.596E-08  0.596E-08 -0.236E-08  0.195E-08  32.7
   10   1989   0.596E-08  0.596E-08 -0.236E-08  0.195E-08  32.7
   10   1990   0.596E-08  0.596E-08 -0.236E-08  0.195E-08  32.7
   10   1991   0.596E-08  0.596E-08 -0.236E-08  0.195E-08  32.7
   10   1992   0.596E-08  0.596E-08 -0.236E-08  0.195E-08  32.7
   10   1993   0.596E-08  0.596E-08 -0.236E-08  0.195E-08  32.7
   10   1994   0.596E-08  0.596E-08 -0.236E-08  0.195E-08  32.7
   10   1995   0.596E-08  0.596E-08 -0.236E-08  0.195E-08  32.7
   10   1996   0.596E-08  0.596E-08 -0.236E-08  0.195E-08  32.7
   10   1997   0.596E-08  0.596E-08 -0.236E-08  0.195E-08  32.7
   10   1998   0.596E-08  0.596E-08 -0.236E-08  0.195E-08  32.7
   10   1999   0.596E-08  0.596E-08 -0.236E-08  0.195E-08  32.7
   10   2000   0.596E-08  0.596E-08 -0.236E-08  0.195E-08  32.7
   10   2001   0.596E-08  0.596E-08 -0.236E-08  0.195E-08  32.7
   10   2002   0.596E-08  0.596E-08 -0.236E-08  0.195E-08  32.7
   10   2003   0.596E-08  0.596E-08 -0.236E-08  0.195E-08  32.7
   10   2004   0.596E-08  0.596E-08 -0.236E-08  0.195E-08  32.7
   10   2005   0.596E-08  0.596E-08 -0.236E-08  0.195E-08  32.7
   10   2006   0.596E-08  0.596E-08 -0.236E-08  0.195E-08  32.7
   10   2007   0.596E-08  0.596E-08 -0.236E-08  0.195E-08  32.7
   10   2008   0.596E-08  0.596E-08 -0.236E-08  0.195E-08  32.7
   10   2009   0.596E-08  0.596E-08 -0.236E-08  0.195E-08  32.7
   10   2010   0.596E-08  0.596E-08 -0.236E-08  0.195E-08  32.7
   10   2011   0.596E-08  0.596E-08 -0.236E-08  0.195E-08  32.7
   10   2012   0.596E-08  0.596E-08 -0.236E-08  0.195E-08  32.7
   10   2013   0.596E-08  0.596E-08 -0.236E-08  0.195E-08  32.7
   10   2014   0.596E-08  0.596E-08 -0.236E-08  0.195E-08  32.7
   10   2015   0.596E-08  0.596E-08 -0.236E-08  0.195E-08  32.7
 


 *************************************************
 CORRELATION AND COVARIANCE MATRICES OF PARAMETERS
 *************************************************


TABLE 2A. CORRELATION MATRIX
==================================================================================================  
          1    2    3    4    5    6    7    8    9   10   11   12   13   14   15   16   17   18
    1 :  1.0
    2 :  0.8  1.0
    3 :  0.6  0.7  1.0
    4 :  0.4  0.6  0.9  1.0
    5 :  0.1  0.4  0.6  0.9  1.0
    6 : -0.1  0.3  0.6  0.8  0.9  1.0
    7 : -0.1  0.2  0.5  0.7  0.9  1.0  1.0
    8 : -0.2  0.1  0.4  0.6  0.7  0.9  0.9  1.0
    9 : -0.2  0.1  0.4  0.5  0.7  0.8  0.9  0.9  1.0
   10 : -0.1  0.0  0.0  0.0  0.1  0.1  0.2  0.2  0.2  1.0
   11 : -0.1  0.0  0.1  0.2  0.3  0.3  0.4  0.4  0.4  0.5  1.0
   12 : -0.2  0.0  0.3  0.4  0.5  0.6  0.6  0.7  0.7  0.2  0.4  1.0
   13 :  0.0  0.0  0.0 -0.1 -0.1 -0.1 -0.1  0.0 -0.1  0.0 -0.1  0.0  1.0
   14 :  0.1  0.1  0.1  0.0  0.0  0.0  0.0  0.0  0.0  0.0  0.0  0.0  0.0  1.0
   15 :  0.0  0.0  0.0  0.0  0.0  0.0  0.0  0.0  0.1  0.0  0.0  0.0 -0.1  0.0  1.0
   16 :  0.0  0.0 -0.1 -0.1 -0.1 -0.1 -0.2 -0.2 -0.2 -0.1 -0.1 -0.1  0.0  0.0 -0.1  1.0
   17 :  0.0 -0.1 -0.2 -0.1 -0.1 -0.1 -0.1  0.0  0.0  0.0  0.0  0.0 -0.1  0.1  0.1  0.1  1.0
   18 :  0.0  0.0  0.0  0.0  0.0  0.0  0.0  0.0 -0.1 -0.1 -0.1 -0.1  0.0 -0.1  0.0  0.0  0.0  1.0
 
 
TABLE 2B. COVARIANCE MATRIX
=================================================================================================================================================================================================================================================      
              1            2            3            4            5            6            7            8            9           10           11           12           13           14           15           16           17           18
    1 :   0.1916D-12
    2 :   0.1244D-08   0.1287D-04
    3 :   0.4395D-09   0.4273D-05   0.2528D-05
    4 :   0.1420D-08   0.1826D-04   0.1169D-04   0.6921D-04
    5 :   0.2141D-09   0.7708D-05   0.6090D-05   0.4402D-04   0.3557D-04
    6 :  -0.6975D-10   0.3057D-05   0.2704D-05   0.2022D-04   0.1655D-04   0.9130D-05
    7 :  -0.1818D-09   0.3019D-05   0.2842D-05   0.2164D-04   0.1823D-04   0.1029D-04   0.1270D-04
    8 :  -0.4652D-09   0.2571D-05   0.3200D-05   0.2420D-04   0.2069D-04   0.1297D-04   0.1674D-04   0.2485D-04
    9 :  -0.7374D-09   0.3536D-05   0.4887D-05   0.3638D-04   0.3328D-04   0.1937D-04   0.2528D-04   0.3662D-04   0.6351D-04
   10 :  -0.2716D-07  -0.2583D-04   0.2511D-04   0.2352D-03   0.3299D-03   0.2290D-03   0.3549D-03   0.5731D-03   0.9493D-03   0.3796D+00
   11 :  -0.4354D-08   0.6268D-05   0.2573D-04   0.2106D-03   0.1792D-03   0.1024D-03   0.1375D-03   0.1982D-03   0.3438D-03   0.3137D-01   0.1180D-01
   12 :  -0.3032D-07   0.2201D-04   0.1594D-03   0.1204D-02   0.1098D-02   0.6728D-03   0.8858D-03   0.1286D-02   0.2267D-02   0.5891D-01   0.1704D-01   0.1506D+00
   13 :  -0.6989D-09  -0.1461D-05  -0.2816D-05  -0.2512D-04  -0.2899D-04  -0.1191D-04  -0.1280D-04  -0.7216D-05  -0.2890D-04   0.1205D-02  -0.4288D-03  -0.1615D-03   0.2279D-02
   14 :   0.1488D-08   0.9831D-05   0.3532D-05   0.4830D-05  -0.5879D-05  -0.4345D-05  -0.4176D-05  -0.9109D-05  -0.7423D-05  -0.2657D-03   0.1726D-03  -0.7642D-04  -0.6930D-04   0.1742D-02
   15 :   0.8561D-09   0.1058D-04   0.2083D-05   0.3500D-05   0.6119D-06  -0.3513D-05  -0.1947D-05   0.2187D-05   0.2793D-04  -0.5275D-03   0.1823D-03   0.4174D-03  -0.3169D-03   0.2387D-04   0.4066D-02
   16 :   0.2013D-08  -0.2174D-04  -0.2321D-04  -0.1297D-03  -0.1004D-03  -0.7267D-04  -0.9885D-04  -0.1677D-03  -0.2860D-03  -0.1089D-01  -0.1556D-02  -0.9882D-02   0.2922D-03   0.1320D-03  -0.5935D-03   0.3062D-01
   17 :  -0.1886D-08  -0.8735D-04  -0.4477D-04  -0.2143D-03  -0.8276D-04  -0.4185D-04  -0.4836D-04  -0.2790D-04   0.1358D-04  -0.1391D-02   0.6975D-03   0.3132D-02  -0.5860D-03   0.4482D-03   0.7326D-03   0.1758D-02   0.3446D-01
   18 :   0.1683D-08   0.2608D-04  -0.5967D-05  -0.9518D-05  -0.2431D-04   0.1107D-05  -0.8106D-05  -0.2261D-04  -0.1002D-03  -0.6383D-02  -0.1480D-02  -0.5835D-02  -0.1817D-03  -0.4615D-03  -0.2247D-03  -0.1442D-02  -0.1040D-02   0.3685D-01
 
 
