     1     0   0.3764E-01
     1     1   0.3991E-01
     1     2   0.2618E-01
     1     3   0.3027E-01
     1     4   0.3351E-01
     1     5   0.3069E-01
     1     6   0.4347E-01
     1     7   0.2846E-01
     1     8   0.3081E-01
     1     9   0.3769E-01
     1    10   0.2210E-01
     1    11   0.3414E-01
     1    12   0.4836E-01
     1    13   0.4189E-01
     1    14   0.3908E-01
     1    15   0.3688E-01
     1    16   0.4712E-01
     1    17   0.3387E-01
     1    18   0.3863E-01
     1    19   0.4052E-01
     1    20   0.2489E-01
     1    21   0.3787E-01
     1    22   0.3631E-01
     1    23   0.3166E-01
     1    24   0.2578E-01
     1    25   0.5798E-01
     1    26   0.4252E-01
     1    27   0.1954E-01
     1    28   0.3622E-01
     1    29   0.3144E-01
     1    30   0.2653E-01
     1    31   0.3761E-01
     1    32   0.3039E-01
     1    33   0.5928E-01
     1    34   0.3859E-01
     1    35   0.3336E-01
     1    36   0.3379E-01
     1    37   0.3886E-01
     1    38   0.4193E-01
     1    39   0.2763E-01
     1    40   0.3292E-01
     1    41   0.3485E-01
     1    42   0.2857E-01
     1    43   0.3957E-01
     1    44   0.4752E-01
     1    45   0.3562E-01
     1    46   0.3779E-01
     1    47   0.3182E-01
     1    48   0.3013E-01
     1    49   0.3207E-01
     1    50   0.2999E-01
     1    51   0.4831E-01
     1    52   0.4843E-01
     1    53   0.4032E-01
     1    54   0.2373E-01
     1    55   0.3457E-01
     1    56   0.3964E-01
     1    57   0.4009E-01
     1    58   0.3372E-01
     1    59   0.4928E-01
     1    60   0.3751E-01
     1    61   0.3668E-01
     1    62   0.3710E-01
     1    63   0.2998E-01
     1    64   0.4248E-01
     1    65   0.3584E-01
     1    66   0.2964E-01
     1    67   0.4203E-01
     1    68   0.3652E-01
     1    69   0.3189E-01
     1    70   0.4097E-01
     1    71   0.3755E-01
     1    72   0.4471E-01
     1    73   0.3266E-01
     1    74   0.4012E-01
     1    75   0.2960E-01
     1    76   0.3884E-01
     1    77   0.3316E-01
     1    78   0.3185E-01
     1    79   0.3933E-01
     1    80   0.3631E-01
     1    81   0.2949E-01
     1    82   0.3385E-01
     1    83   0.2153E-01
     1    84   0.4565E-01
     1    85   0.4657E-01
     1    86   0.4263E-01
     1    87   0.4407E-01
     1    88   0.3843E-01
     1    89   0.3200E-01
     1    90   0.4045E-01
     1    91   0.2392E-01
     1    92   0.2546E-01
     1    93   0.3119E-01
     1    94   0.3023E-01
     1    95   0.4070E-01
     1    96   0.3941E-01
     1    97   0.3622E-01
     1    98   0.5842E-01
     1    99   0.3586E-01
     1   100   0.5472E-01
     1   101   0.2966E-01
     1   102   0.3779E-01
     1   103   0.3812E-01
     1   104   0.4032E-01
     1   105   0.8576E-01
     1   106   0.2842E-01
     1   107   0.3954E-01
     1   108   0.5334E-01
     1   109   0.3923E-01
     1   110   0.2735E-01
     1   111   0.2858E-01
     1   112   0.3046E-01
     1   113   0.2961E-01
     1   114   0.3680E-01
     1   115   0.5111E-01
     1   116   0.3955E-01
     1   117   0.3721E-01
     1   118   0.3878E-01
     1   119   0.3691E-01
     1   120   0.3586E-01
     1   121   0.3420E-01
     1   122   0.3910E-01
     1   123   0.2378E-01
     1   124   0.3990E-01
     1   125   0.4569E-01
     1   126   0.3138E-01
     1   127   0.3288E-01
     1   128   0.5235E-01
     1   129   0.5858E-01
     1   130   0.3975E-01
     1   131   0.8546E-01
     1   132   0.4721E-01
     1   133   0.3009E-01
     1   134   0.2273E-01
     1   135   0.3280E-01
     1   136   0.3735E-01
     1   137   0.4130E-01
     1   138   0.3621E-01
     1   139   0.3079E-01
     1   140   0.1992E-01
     1   141   0.2004E-01
     1   142   0.3252E-01
     1   143   0.4068E-01
     1   144   0.3242E-01
     1   145   0.3744E-01
     1   146   0.3371E-01
     1   147   0.3419E-01
     1   148   0.3779E-01
     1   149   0.3876E-01
     1   150   0.4683E-01
     1   151   0.3805E-01
     1   152   0.3967E-01
     1   153   0.3730E-01
     1   154   0.4369E-01
     1   155   0.4222E-01
     1   156   0.2545E-01
     1   157   0.4221E-01
     1   158   0.4252E-01
     1   159   0.2806E-01
     1   160   0.4346E-01
     1   161   0.3587E-01
     1   162   0.4553E-01
     1   163   0.3641E-01
     1   164   0.2681E-01
     1   165   0.3876E-01
     1   166   0.3624E-01
     1   167   0.4117E-01
     1   168   0.3609E-01
     1   169   0.3855E-01
     1   170   0.2362E-01
     1   171   0.4892E-01
     1   172   0.3023E-01
     1   173   0.3082E-01
     1   174   0.3128E-01
     1   175   0.4087E-01
     1   176   0.4597E-01
     1   177   0.3308E-01
     1   178   0.4117E-01
     1   179   0.2924E-01
     1   180   0.2777E-01
     1   181   0.1944E-01
     1   182   0.3870E-01
     1   183   0.1956E-01
     1   184   0.4823E-01
     1   185   0.2033E-01
     1   186   0.4278E-01
     1   187   0.3907E-01
     1   188   0.3558E-01
     1   189   0.3053E-01
     1   190   0.2847E-01
     1   191   0.2780E-01
     1   192   0.4345E-01
     1   193   0.3125E-01
     1   194   0.3576E-01
     1   195   0.4475E-01
     1   196   0.3637E-01
     1   197   0.4806E-01
     1   198   0.2809E-01
     1   199   0.3810E-01
     1   200   0.3790E-01
     1   201   0.4325E-01
     1   202   0.5220E-01
     1   203   0.3501E-01
     1   204   0.4250E-01
     1   205   0.4328E-01
     1   206   0.4888E-01
     1   207   0.3091E-01
     1   208   0.2559E-01
     1   209   0.3610E-01
     1   210   0.3027E-01
     1   211   0.3682E-01
     1   212   0.6287E-01
     1   213   0.2387E-01
     1   214   0.4021E-01
     1   215   0.7713E-01
     1   216   0.4599E-01
     1   217   0.3984E-01
     1   218   0.4225E-01
     1   219   0.3784E-01
     1   220   0.3089E-01
     1   221   0.3192E-01
     1   222   0.3523E-01
     1   223   0.3804E-01
     1   224   0.3192E-01
     1   225   0.4853E-01
     1   226   0.3552E-01
     1   227   0.3380E-01
     1   228   0.3041E-01
     1   229   0.4360E-01
     1   230   0.3961E-01
     1   231   0.4072E-01
     1   232   0.4582E-01
     1   233   0.4258E-01
     1   234   0.2966E-01
     1   235   0.3585E-01
     1   236   0.4242E-01
     1   237   0.6009E-01
     1   238   0.2757E-01
     1   239   0.4022E-01
     1   240   0.6705E-01
     1   241   0.4866E-01
     1   242   0.3917E-01
     1   243   0.5222E-01
     1   244   0.2513E-01
     1   245   0.3383E-01
     1   246   0.5257E-01
     1   247   0.5889E-01
     1   248   0.3933E-01
     1   249   0.3850E-01
     1   250   0.3322E-01
     1   251   0.4926E-01
     1   252   0.2872E-01
     1   253   0.3562E-01
     1   254   0.2969E-01
     1   255   0.3053E-01
     1   256   0.3684E-01
     1   257   0.3775E-01
     1   258   0.4713E-01
     1   259   0.4071E-01
     1   260   0.4286E-01
     1   261   0.3023E-01
     1   262   0.3850E-01
     1   263   0.3484E-01
     1   264   0.2568E-01
     1   265   0.3697E-01
     1   266   0.4286E-01
     1   267   0.2628E-01
     1   268   0.2721E-01
     1   269   0.4361E-01
     1   270   0.2762E-01
     1   271   0.4161E-01
     1   272   0.4074E-01
     1   273   0.3479E-01
     1   274   0.3294E-01
     1   275   0.3033E-01
     1   276   0.3662E-01
     1   277   0.3559E-01
     1   278   0.4174E-01
     1   279   0.3577E-01
     1   280   0.3651E-01
     1   281   0.3268E-01
     1   282   0.3559E-01
     1   283   0.4298E-01
     1   284   0.4249E-01
     1   285   0.3050E-01
     1   286   0.3888E-01
     1   287   0.5172E-01
     1   288   0.2628E-01
     1   289   0.3577E-01
     1   290   0.4176E-01
     1   291   0.4196E-01
     1   292   0.3627E-01
     1   293   0.4817E-01
     1   294   0.3250E-01
     1   295   0.3787E-01
     1   296   0.3689E-01
     1   297   0.3765E-01
     1   298   0.3934E-01
     1   299   0.3610E-01
     1   300   0.3911E-01
     1   301   0.3084E-01
     1   302   0.3653E-01
     1   303   0.4370E-01
     1   304   0.2727E-01
     1   305   0.3339E-01
     1   306   0.4923E-01
     1   307   0.3329E-01
     1   308   0.4081E-01
     1   309   0.4768E-01
     1   310   0.3203E-01
     1   311   0.3721E-01
     1   312   0.3742E-01
     1   313   0.3361E-01
     1   314   0.5622E-01
     1   315   0.3886E-01
     1   316   0.5534E-01
     1   317   0.5500E-01
     1   318   0.3684E-01
     1   319   0.3060E-01
     1   320   0.3358E-01
     1   321   0.3228E-01
     1   322   0.4359E-01
     1   323   0.3706E-01
     1   324   0.3661E-01
     1   325   0.3247E-01
     1   326   0.2841E-01
     1   327   0.3981E-01
     1   328   0.4974E-01
     1   329   0.3073E-01
     1   330   0.3661E-01
     1   331   0.4296E-01
     1   332   0.3019E-01
     1   333   0.4209E-01
     1   334   0.4068E-01
     1   335   0.2886E-01
     1   336   0.2887E-01
     1   337   0.3528E-01
     1   338   0.3797E-01
     1   339   0.2809E-01
     1   340   0.6745E-01
     1   341   0.4098E-01
     1   342   0.2816E-01
     1   343   0.5032E-01
     1   344   0.3608E-01
     1   345   0.3509E-01
     1   346   0.3361E-01
     1   347   0.4381E-01
     1   348   0.4055E-01
     1   349   0.2661E-01
     1   350   0.3217E-01
     1   351   0.3945E-01
     1   352   0.3454E-01
     1   353   0.3666E-01
     1   354   0.3717E-01
     1   355   0.4225E-01
     1   356   0.4081E-01
     1   357   0.2560E-01
     1   358   0.4651E-01
     1   359   0.3693E-01
     1   360   0.4025E-01
     1   361   0.3228E-01
     1   362   0.3849E-01
     1   363   0.4543E-01
     1   364   0.4075E-01
     1   365   0.3118E-01
     1   366   0.3065E-01
     1   367   0.3836E-01
     1   368   0.2909E-01
     1   369   0.4122E-01
     1   370   0.5747E-01
     1   371   0.4882E-01
     1   372   0.3466E-01
     1   373   0.4667E-01
     1   374   0.3580E-01
     1   375   0.4637E-01
     1   376   0.3657E-01
     1   377   0.2744E-01
     1   378   0.2684E-01
     1   379   0.4717E-01
     1   380   0.3448E-01
     1   381   0.5738E-01
     1   382   0.2827E-01
     1   383   0.4050E-01
     1   384   0.3072E-01
     1   385   0.4220E-01
     1   386   0.6436E-01
     1   387   0.4280E-01
     1   388   0.3154E-01
     1   389   0.4195E-01
     1   390   0.4161E-01
     1   391   0.3998E-01
     1   392   0.4412E-01
     1   393   0.3111E-01
     1   394   0.4043E-01
     1   395   0.3380E-01
     1   396   0.3890E-01
     1   397   0.3603E-01
     1   398   0.2968E-01
     1   399   0.4820E-01
     1   400   0.4065E-01
     1   401   0.3662E-01
     1   402   0.3855E-01
     1   403   0.4872E-01
     1   404   0.5224E-01
     1   405   0.5050E-01
     1   406   0.4200E-01
     1   407   0.3863E-01
     1   408   0.2644E-01
     1   409   0.3460E-01
     1   410   0.3334E-01
     1   411   0.6247E-01
     1   412   0.2828E-01
     1   413   0.5770E-01
     1   414   0.3466E-01
     1   415   0.2509E-01
     1   416   0.3197E-01
     1   417   0.4060E-01
     1   418   0.3584E-01
     1   419   0.4768E-01
     1   420   0.3116E-01
     1   421   0.3839E-01
     1   422   0.4633E-01
     1   423   0.4420E-01
     1   424   0.4186E-01
     1   425   0.4009E-01
     1   426   0.4170E-01
     1   427   0.3160E-01
     1   428   0.4336E-01
     1   429   0.3775E-01
     1   430   0.3243E-01
     1   431   0.3614E-01
     1   432   0.4646E-01
     1   433   0.3434E-01
     1   434   0.1987E-01
     1   435   0.4399E-01
     1   436   0.2641E-01
     1   437   0.3311E-01
     1   438   0.3207E-01
     1   439   0.3005E-01
     1   440   0.2739E-01
     1   441   0.2713E-01
     1   442   0.5062E-01
     1   443   0.4376E-01
     1   444   0.2951E-01
     1   445   0.3567E-01
     1   446   0.4092E-01
     1   447   0.4477E-01
     1   448   0.4424E-01
     1   449   0.4474E-01
     1   450   0.1926E-01
     1   451   0.2861E-01
     1   452   0.2925E-01
     1   453   0.3600E-01
     1   454   0.4052E-01
     1   455   0.3193E-01
     1   456   0.3950E-01
     1   457   0.3530E-01
     1   458   0.2994E-01
     1   459   0.3138E-01
     1   460   0.4033E-01
     1   461   0.3056E-01
     1   462   0.3279E-01
     1   463   0.2661E-01
     1   464   0.4078E-01
     1   465   0.2922E-01
     1   466   0.3031E-01
     1   467   0.3066E-01
     1   468   0.2822E-01
     1   469   0.3426E-01
     1   470   0.3072E-01
     1   471   0.2595E-01
     1   472   0.2837E-01
     1   473   0.2507E-01
     1   474   0.2805E-01
     1   475   0.3497E-01
     1   476   0.4071E-01
     1   477   0.3996E-01
     1   478   0.3761E-01
     1   479   0.3617E-01
     1   480   0.3453E-01
     1   481   0.5414E-01
     1   482   0.4833E-01
     1   483   0.3400E-01
     1   484   0.3736E-01
     1   485   0.5092E-01
     1   486   0.4124E-01
     1   487   0.4821E-01
     1   488   0.3925E-01
     1   489   0.3618E-01
     1   490   0.3537E-01
     1   491   0.4203E-01
     1   492   0.4959E-01
     1   493   0.3654E-01
     1   494   0.2297E-01
     1   495   0.2841E-01
     1   496   0.3869E-01
     1   497   0.6650E-01
     1   498   0.4143E-01
     1   499   0.4235E-01
     1   500   0.3150E-01
