 2 -72.51027289540335
 3 -53.28248138805376
 4 -52.59321329101698
 5 -64.38565599630707
 6 -75.33655672780854
 7 -65.12578788253538
 8 -73.81021210751787
 9 -68.72693569505574
 10 -274.0365722781008
 11 -76.67134786270742
 12 -69.30534930288418
 13 -84.47396693331834
 14 -89.54211707342679
 15 -66.01751891674535
 16 -59.36418746525955
 17 -50.61148323058934
 18 -75.21365883885510
 19 -62.19543438279821
 20 -44.10802967181561
 21 -82.14981824214829
 22 -59.07166634892022
 23 -65.22374903192411
 24 -57.04785723973747
 25 -82.71616858088667
 26 -74.80206223561829
 27 -86.34272766800655
 28 -58.27408876319784
 29 -61.93911515569905
 30 -63.72774840630296
 31 -76.37752517264872
 32 -57.44854496453615
 33 -66.11125447354775
 34 -66.51592540122164
 35 -80.07594924252555
 36 -60.23681698983385
 37 -60.91860670186291
 38 -61.44567481447679
 39 -80.46615856780514
 40 -52.87619937881357
 41 -68.75788626845409
 42 -71.79101924972150
 43 -61.62034855648423
 44 -66.20441021286943
 45 -55.90425155888960
 46 -57.78767465367596
 47 -63.94670707231131
 48 -71.21374848631058
 49 -67.71022751145459
 50 -59.93230732046339
 51 -74.07479484637855
 52 -80.53872017967375
 53 -62.46076477119833
 54 -60.97908226957826
 55 -65.61153058243050
 56 -71.39403284185678
 57 -64.07339356289707
 58 -76.06741264095119
 59 -64.53437730426505
 60 -60.05240758011581
 61 -73.72359504746566
 62 -64.85619361113841
 63 -73.83093538267599
 64 -61.99309365441015
 65 -44.29688590366815
 66 -64.09641544290733
 67 -68.03661329714018
 68 -272.7221831197795
 69 -71.09325386371907
 70 -73.98765962562757
 71 -59.78098384506786
 72 -60.88281595637952
 73 -71.86626902452656
 74 -75.59833344787319
 75 -63.24746157479301
 76 -77.24073193673524
 77 -74.88759533409467
 78 -293.2012043674898
 79 -53.66005031054345
 80 -66.04894244571484
 81 -52.21221394260430
 82 -65.25444634032664
 83 -77.64111423120703
 84 -54.23501708334865
 85 -63.08086733994348
 86 -78.62728330634968
 87 -60.48622947338541
 88 -68.65081943648505
 89 -49.46076183320514
 90 -68.29123123948834
 91 -61.54701429074734
 92 -76.24450333803136
 93 -80.84709883585153
 94 -57.22780501038008
 95 -50.12383166808360
 96 -59.48635756391116
 97 -62.71917529933526
 98 -60.28544048387212
 99 -74.72141048466894
 100 -75.33764612269370
 101 -61.37370258565661
 102 -75.58726085564449
 103 -82.95894215591647
 104 -68.23919429706214
 105 -71.15704422289704
 106 -77.43575864105138
 107 -70.87936881090064
 108 -81.12755054701283
 109 -90.14969108711544
 110 -73.72428330372890
 111 -68.29480124625813
 112 -61.48753931958697
 113 -81.21022138323407
 114 -81.35107918489803
 115 -54.13960870593431
 116 -75.59976791633791
 117 -70.31202236257072
 118 -62.11754343448850
 119 -61.47217863737532
 120 -68.27186212864028
 121 -64.85570720881142
 122 -68.11997435863837
 123 -267.2821640239706
 124 -58.69571547042191
 125 -64.85576595129932
 126 -56.49564524427376
 127 -62.94494748337885
 128 -85.25867742207778
 129 -62.06737422660377
 130 -91.39194733230876
 131 -75.73147828097505
 132 -96.06995411461259
 133 -62.00219670261735
 134 -69.43281758415485
 135 -76.39262528110540
 136 -80.59973915373143
 137 -66.74389841100538
 138 -74.29756945783650
 139 -68.16433485516164
 140 -40.52206165140051
 141 -56.13227135436566
 142 -53.95218253010737
 143 -74.60008813130895
 144 -53.67791354634012
 145 -58.49390543498252
 146 -57.27000075189889
 147 -74.97448082879974
 148 -56.20813105064907
 149 -58.58966869399615
 150 -272.8866573989971
 151 -57.50463338716254
 152 -75.11489656197787
 153 -67.05067253623210
 154 -75.06271514942289
 155 -85.81048435982852
 156 -65.95951602644170
 157 -52.67708277800682
 158 -63.18168336657283
 159 -67.69401315946148
 160 -59.53430803011846
 161 -64.68083300498051
 162 -76.29687589948863
 163 -277.8761216702359
 164 -291.3278095241558
 165 -83.63802974235138
 166 -64.67520071199939
 167 -76.04727793863496
 168 -50.71035505871153
 169 -54.72064092238256
 170 -60.78121631241648
 171 -74.48165873432183
 172 -63.88154879300166
 173 -70.59311783556724
 174 -71.34108283152119
 175 -65.88096547288194
 176 -68.83541712311906
 177 -78.56168309430485
 178 -56.20668001762022
 179 -80.03391430470688
 180 -55.38842898594955
 181 -65.68202195923219
 182 -57.79321380364424
 183 -68.75998695880091
 184 -80.74835089942290
 185 -90.16295554768035
 186 -269.0489124276273
 187 -59.94702411797269
 188 -81.92173406295386
 189 -78.48004520895611
 190 -71.30490484168742
 191 -59.70788561565828
 192 -67.14025150423139
 193 -94.10837934979403
 194 -74.50160580375251
 195 -55.83741590137089
 196 -88.47989735930643
 197 -72.75192361481180
 198 -66.31744307236626
 199 -67.83150161116441
 200 -54.67780299724782
 201 -69.46866956633409
 202 -67.57654594880321
 203 -65.11030287321424
 204 -62.93744820196672
 205 -72.02750648387001
 206 -280.9949400260165
 207 -66.20932519495449
 208 -77.40638064121984
 209 -78.03058257028221
 210 -62.90945376901055
 211 -65.19187700479877
 212 -74.77606586516457
 213 -63.64816092838256
 214 -78.53836729555435
 215 -62.78633657825452
 216 -65.24957867612231
 217 -60.97248069185775
 218 -82.28393949771798
 219 -62.39758108927850
 220 -59.54205324781109
 221 -57.62423219392562
 222 -68.34838601988776
 223 -71.96730873448779
 224 -85.15033537757907
 225 -76.31066452341454
 226 -75.31107592383763
 227 -74.46858025604605
 228 -61.16762243990338
 229 -72.23046749642097
 230 -70.34140643223607
 231 -57.71023176306971
 232 -49.09554366929346
 233 -67.05089386099363
 234 -62.17252179493406
 235 -80.43879562582174
 236 -63.65600591523364
 237 -51.55328981565390
 238 -71.07660688245018
 239 -74.17397078112099
 240 -50.63652463947071
 241 -48.80847415987574
 242 -67.84720992705535
 243 -69.09402185371209
 244 -80.61357768338353
 245 -62.50367041022201
 246 -60.11684193005198
 247 -84.26357098613261
 248 -74.84563369809334
 249 -76.02020070361087
 250 -55.97669479943061
 251 -87.92792282163492
 252 -73.73745744728731
 253 -47.98760552679862
 254 -66.80311109926582
 255 -76.66933439857776
 256 -59.14102764510146
 257 -68.16244701252434
 258 -73.42647941515304
 259 -75.25764495831702
 260 -73.75999154896064
 261 -61.31877394900120
 262 -76.37183794074257
 263 -51.43528423799977
 264 -66.21441447967689
 265 -65.41989785847329
 266 -84.45581058795746
 267 -87.21422754463399
 268 -259.1613571768032
 269 -63.03494331900644
 270 -74.25189143249825
 271 -64.35448970193742
 272 -62.49941566457287
 273 -69.70415896691209
 274 -53.79209560919610
 275 -69.01712043885099
 276 -76.82149982464554
 277 -59.94625056172438
 278 -69.48579708163258
 279 -64.97393206011895
 280 -58.49037839461103
 281 -249.2092529077455
 282 -65.32359010657864
 283 -279.1934346168439
 284 -76.17173687244012
 285 -63.44276867477857
 286 -64.37044580385829
 287 -68.02967165052718
 288 -74.78025366956311
 289 -63.92033659987420
 290 -60.07216420655582
 291 -66.51303550880183
 292 -68.93644902920290
 293 -71.48439691033126
 294 -58.45308733717097
 295 -80.06062079067867
 296 -66.83969026447639
 297 -74.74984074760481
 298 -67.34607616125723
 299 -107.3843881682028
 300 -61.80900457124541
 301 -77.88481679467822
 302 -59.97539749283852
 303 -65.84847112710480
 304 -64.37822730623130
 305 -72.03659288142097
 306 -53.72993099550294
 307 -71.70460554027127
 308 -54.62103543218004
 309 -59.79817294085149
 310 -285.7080414286010
 311 -64.90329402795808
 312 -62.86455060413147
 313 -80.77077588357291
 314 -65.16217680448361
 315 -80.18712057378634
 316 -66.96824281021874
 317 -63.24350500928530
 318 -68.79336279795001
 319 -63.70081846060934
 320 -58.24964378162652
 321 -64.76623556798147
 322 -65.38927813529973
 323 -73.65476168727332
 324 -63.01261327732321
 325 -66.70727398879865
 326 -60.01898953464355
 327 -67.95511659080367
 328 -74.79051951306509
 329 -58.18820221028213
 330 -77.30308977951805
 331 -62.27314559975560
 332 -69.92696073732536
 333 -62.04627329087052
 334 -49.60615078787734
 335 -72.02806024981501
 336 -63.04357002497112
 337 -61.34263513607104
 338 -71.31107150725953
 339 -91.67789656086713
 340 -82.91151192829102
 341 -66.44983669832584
 342 -74.78185611350365
 343 -69.77444409672334
 344 -64.02037169997240
 345 -79.91358290718718
 346 -78.22074918714861
 347 -76.44207925931020
 348 -64.50035056670536
 349 -72.98054392973307
 350 -66.14027448403455
 351 -70.64030365072065
 352 -270.2688742387763
 353 -65.16530161508376
 354 -48.31480128835871
 355 -66.72372617749609
 356 -71.99242039641834
 357 -49.30725902324048
 358 -76.57074408544288
 359 -79.58559958422602
 360 -80.74390531525020
 361 -62.46685198546815
 362 -80.33920437995027
 363 -63.77637030686132
 364 -79.14134948221550
 365 -66.11843030576885
 366 -64.72795984313538
 367 -72.24802990266409
 368 -70.76042773641753
 369 -76.79083570986614
 370 -54.37723152654905
 371 -73.38163310759487
 372 -66.90950582912576
 373 -59.04995418850790
 374 -276.4617224174239
 375 -59.44407419953814
 376 -66.00930733123391
 377 -71.53062125500004
 378 -70.50002070790327
 379 -68.83837814537459
 380 -90.04310062239453
 381 -66.43096054149997
 382 -70.78337213162756
 383 -57.93346444612026
 384 -55.12687412335086
 385 -67.83436638914648
 386 -294.0333211339905
 387 -78.56966163565745
 388 -66.15394671120399
 389 -61.94114605883863
 390 -50.15823279487299
 391 -81.16885323193529
 392 -64.59123267673573
 393 -69.84097418716131
 394 -62.75832625260590
 395 -52.45008158466965
 396 -64.93850518265029
 397 -64.17208139019853
 398 -73.99401395916777
 399 -90.89377946774322
 400 -44.32994598776536
 401 -99.79787130726456
 402 -265.4179764736779
 403 -62.11468260468533
 404 -77.43885581314036
 405 -66.89308144130841
 406 -77.35663045455233
 407 -65.87517243831149
 408 -69.41070249913574
 409 -69.15578182798146
 410 -48.18705266382998
 411 -51.50145774736947
 412 -62.98518521051525
 413 -68.52385523611264
 414 -77.34775262216034
 415 -75.60725729195819
 416 -56.05456596898112
 417 -77.65779249464816
 418 -67.15391519824152
 419 -73.26797080707821
 420 -72.84574814644908
 421 -59.83314449257284
 422 -68.80290649168971
 423 -72.67684418480739
 424 -67.02687139878697
 425 -80.60008191235687
 426 -91.14713753605548
 427 -67.07006415399792
 428 -69.81641755175679
 429 -69.50882954678310
 430 -55.27116644132897
 431 -64.89315319128058
 432 -61.88407736932390
 433 -81.92898699990212
 434 -52.48491218179986
 435 -63.22462175875144
 436 -78.95353287993242
 437 -75.16740565559583
 438 -58.25467386582402
 439 -66.40527230340142
 440 -72.31279388140580
 441 -69.77784324321379
 442 -79.78690104810225
 443 -72.24971472676634
 444 -77.82715469561913
 445 -94.32749981564542
 446 -48.40871146733082
 447 -62.26336922925518
 448 -76.14030452348943
 449 -73.73434826029069
 450 -73.49594079761208
 451 -69.40166691293362
 452 -60.20132528517230
 453 -71.73080181820913
 454 -68.68778886765051
 455 -64.37536949560848
 456 -70.25253599190907
 457 -66.92302333521553
 458 -82.99602800360505
 459 -78.06650577601299
 460 -56.56419991106740
 461 -272.2176777444721
 462 -68.97455946274493
 463 -66.85339082312211
 464 -70.91867155169511
 465 -65.02302693509635
 466 -66.97547212147678
 467 -77.00432962228857
 468 -260.3378885572499
 469 -65.83003001262190
 470 -71.80972297288825
 471 -77.91470347976794
 472 -89.90073292439966
 473 -63.21670993989584
 474 -79.88303083693515
 475 -74.74051996728922
 476 -62.93823136738902
 477 -62.40231088366208
 478 -116.0369811257335
 479 -283.6938285743693
 480 -72.74786504927121
 481 -62.36457255534863
 482 -78.15540676858321
 483 -63.70320052222853
 484 -66.04240642831587
 485 -59.78836124420763
 486 -77.02563064081752
 487 -63.08507227465044
 488 -56.32238060194906
 489 -65.69187286753271
 490 -77.91236666836932
 491 -73.78973519699588
 492 -55.08273883352838
 493 -65.53233983732486
 494 -56.65858292522500
 495 -56.50586665524160
 496 -72.66076067324482
 497 -61.26345349910472
 498 -84.22807494192722
 499 -66.46751397745564
 500 -70.02431372976589
 501 -57.05915017022670
