  RUN# Stock Fleet Selectivity by age
     0     1     0 0.0001 0.1685 0.2812 0.8944 1.0000 0.4438 0.3618 0.4684 0.7696 0.7696
     0     1     1 0.0001 0.1685 0.2812 0.8944 1.0000 0.4438 0.3618 0.4684 0.7696 0.7696
     1     1     0 0.0001 0.1701 0.2793 0.8842 1.0000 0.4198 0.3209 0.3904 0.6419 0.6419
     1     1     1 0.0001 0.1701 0.2793 0.8842 1.0000 0.4198 0.3209 0.3904 0.6419 0.6419
     2     1     0 0.0001 0.1668 0.3167 0.8524 1.0000 0.4397 0.3559 0.4393 0.7230 0.7230
     2     1     1 0.0001 0.1668 0.3167 0.8524 1.0000 0.4397 0.3559 0.4393 0.7230 0.7230
     3     1     0 0.0001 0.2164 0.3165 0.9680 1.0000 0.3665 0.2554 0.2988 0.4918 0.4918
     3     1     1 0.0001 0.2164 0.3165 0.9680 1.0000 0.3665 0.2554 0.2988 0.4918 0.4918
     4     1     0 0.0001 0.1526 0.2978 0.8469 1.0000 0.4415 0.3557 0.4455 0.7324 0.7324
     4     1     1 0.0001 0.1526 0.2978 0.8469 1.0000 0.4415 0.3557 0.4455 0.7324 0.7324
     5     1     0 0.0001 0.1281 0.2432 0.8833 1.0000 0.4401 0.3580 0.4580 0.7532 0.7532
     5     1     1 0.0001 0.1281 0.2432 0.8833 1.0000 0.4401 0.3580 0.4580 0.7532 0.7532
     6     1     0 0.0001 0.1997 0.2975 0.8471 1.0000 0.4424 0.3551 0.4414 0.7247 0.7247
     6     1     1 0.0001 0.1997 0.2975 0.8471 1.0000 0.4424 0.3551 0.4414 0.7247 0.7247
     7     1     0 0.0001 0.1252 0.2202 0.7758 1.0000 0.4667 0.3797 0.4778 0.7857 0.7857
     7     1     1 0.0001 0.1252 0.2202 0.7758 1.0000 0.4667 0.3797 0.4778 0.7857 0.7857
     8     1     0 0.0001 0.1914 0.2831 0.8600 1.0000 0.4287 0.3367 0.4076 0.6707 0.6707
     8     1     1 0.0001 0.1914 0.2831 0.8600 1.0000 0.4287 0.3367 0.4076 0.6707 0.6707
     9     1     0 0.0001 0.1792 0.3676 1.0000 0.8678 0.3670 0.2987 0.4539 0.7459 0.7459
     9     1     1 0.0001 0.1792 0.3676 1.0000 0.8678 0.3670 0.2987 0.4539 0.7459 0.7459
    10     1     0 0.0001 0.2132 0.2952 0.8528 1.0000 0.4723 0.4025 0.5181 0.8526 0.8526
    10     1     1 0.0001 0.2132 0.2952 0.8528 1.0000 0.4723 0.4025 0.5181 0.8526 0.8526
    11     1     0 0.0001 0.1422 0.2284 0.8405 1.0000 0.4408 0.3551 0.4487 0.7378 0.7378
    11     1     1 0.0001 0.1422 0.2284 0.8405 1.0000 0.4408 0.3551 0.4487 0.7378 0.7378
    12     1     0 0.0001 0.1446 0.1973 0.7599 1.0000 0.4597 0.3658 0.4501 0.7386 0.7386
    12     1     1 0.0001 0.1446 0.1973 0.7599 1.0000 0.4597 0.3658 0.4501 0.7386 0.7386
    13     1     0 0.0001 0.1906 0.3083 0.8372 1.0000 0.4398 0.3493 0.4353 0.7150 0.7150
    13     1     1 0.0001 0.1906 0.3083 0.8372 1.0000 0.4398 0.3493 0.4353 0.7150 0.7150
    14     1     0 0.0001 0.1949 0.2773 0.8758 1.0000 0.4413 0.3557 0.4504 0.7400 0.7400
    14     1     1 0.0001 0.1949 0.2773 0.8758 1.0000 0.4413 0.3557 0.4504 0.7400 0.7400
    15     1     0 0.0001 0.1654 0.2431 1.0000 0.9902 0.3824 0.2802 0.3594 0.5911 0.5911
    15     1     1 0.0001 0.1654 0.2431 1.0000 0.9902 0.3824 0.2802 0.3594 0.5911 0.5911
    16     1     0 0.0000 0.1358 0.2258 0.8905 1.0000 0.4193 0.3186 0.3895 0.6399 0.6399
    16     1     1 0.0000 0.1358 0.2258 0.8905 1.0000 0.4193 0.3186 0.3895 0.6399 0.6399
    17     1     0 0.0001 0.1724 0.2845 0.8925 1.0000 0.4257 0.3335 0.4163 0.6846 0.6846
    17     1     1 0.0001 0.1724 0.2845 0.8925 1.0000 0.4257 0.3335 0.4163 0.6846 0.6846
    18     1     0 0.0001 0.1687 0.2789 0.8568 1.0000 0.4418 0.3536 0.4390 0.7212 0.7212
    18     1     1 0.0001 0.1687 0.2789 0.8568 1.0000 0.4418 0.3536 0.4390 0.7212 0.7212
    19     1     0 0.0001 0.1523 0.3137 0.8869 1.0000 0.4219 0.3259 0.3998 0.6571 0.6571
    19     1     1 0.0001 0.1523 0.3137 0.8869 1.0000 0.4219 0.3259 0.3998 0.6571 0.6571
    20     1     0 0.0001 0.1626 0.3339 0.8989 1.0000 0.4007 0.2975 0.3527 0.5810 0.5810
    20     1     1 0.0001 0.1626 0.3339 0.8989 1.0000 0.4007 0.2975 0.3527 0.5810 0.5810
    21     1     0 0.0001 0.1963 0.2798 0.8815 1.0000 0.4413 0.3570 0.4555 0.7485 0.7485
    21     1     1 0.0001 0.1963 0.2798 0.8815 1.0000 0.4413 0.3570 0.4555 0.7485 0.7485
    22     1     0 0.0001 0.1421 0.2797 0.8398 1.0000 0.4392 0.3500 0.4226 0.6947 0.6947
    22     1     1 0.0001 0.1421 0.2797 0.8398 1.0000 0.4392 0.3500 0.4226 0.6947 0.6947
    23     1     0 0.0001 0.1937 0.3214 0.8687 1.0000 0.4394 0.3532 0.4440 0.7302 0.7302
    23     1     1 0.0001 0.1937 0.3214 0.8687 1.0000 0.4394 0.3532 0.4440 0.7302 0.7302
    24     1     0 0.0001 0.1927 0.2868 0.8182 1.0000 0.4496 0.3689 0.4594 0.7560 0.7560
    24     1     1 0.0001 0.1927 0.2868 0.8182 1.0000 0.4496 0.3689 0.4594 0.7560 0.7560
    25     1     0 0.0001 0.1212 0.2085 0.8113 1.0000 0.4455 0.3545 0.4377 0.7175 0.7175
    25     1     1 0.0001 0.1212 0.2085 0.8113 1.0000 0.4455 0.3545 0.4377 0.7175 0.7175
    26     1     0 0.0001 0.1490 0.2207 0.8308 1.0000 0.4421 0.3523 0.4326 0.7107 0.7107
    26     1     1 0.0001 0.1490 0.2207 0.8308 1.0000 0.4421 0.3523 0.4326 0.7107 0.7107
    27     1     0 0.0001 0.1670 0.2477 0.8708 1.0000 0.4465 0.3673 0.4626 0.7616 0.7616
    27     1     1 0.0001 0.1670 0.2477 0.8708 1.0000 0.4465 0.3673 0.4626 0.7616 0.7616
    28     1     0 0.0001 0.1658 0.3267 0.8852 1.0000 0.4409 0.3577 0.4584 0.7533 0.7533
    28     1     1 0.0001 0.1658 0.3267 0.8852 1.0000 0.4409 0.3577 0.4584 0.7533 0.7533
    29     1     0 0.0001 0.1492 0.2838 0.8659 1.0000 0.4404 0.3562 0.4460 0.7333 0.7333
    29     1     1 0.0001 0.1492 0.2838 0.8659 1.0000 0.4404 0.3562 0.4460 0.7333 0.7333
    30     1     0 0.0001 0.1755 0.2623 0.7741 1.0000 0.4625 0.3764 0.4624 0.7605 0.7605
    30     1     1 0.0001 0.1755 0.2623 0.7741 1.0000 0.4625 0.3764 0.4624 0.7605 0.7605
    31     1     0 0.0001 0.1795 0.2661 0.8523 1.0000 0.4415 0.3535 0.4382 0.7202 0.7202
    31     1     1 0.0001 0.1795 0.2661 0.8523 1.0000 0.4415 0.3535 0.4382 0.7202 0.7202
    32     1     0 0.0001 0.1929 0.2877 0.8183 1.0000 0.4404 0.3542 0.4355 0.7162 0.7162
    32     1     1 0.0001 0.1929 0.2877 0.8183 1.0000 0.4404 0.3542 0.4355 0.7162 0.7162
    33     1     0 0.0001 0.1878 0.2697 0.8556 1.0000 0.4454 0.3576 0.4474 0.7332 0.7332
    33     1     1 0.0001 0.1878 0.2697 0.8556 1.0000 0.4454 0.3576 0.4474 0.7332 0.7332
    34     1     0 0.0001 0.1648 0.2726 0.8638 1.0000 0.4416 0.3562 0.4463 0.7333 0.7333
    34     1     1 0.0001 0.1648 0.2726 0.8638 1.0000 0.4416 0.3562 0.4463 0.7333 0.7333
    35     1     0 0.0000 0.1389 0.2285 0.9334 1.0000 0.3934 0.2893 0.3497 0.5755 0.5755
    35     1     1 0.0000 0.1389 0.2285 0.9334 1.0000 0.3934 0.2893 0.3497 0.5755 0.5755
    36     1     0 0.0001 0.2246 0.3185 0.8615 1.0000 0.4408 0.3557 0.4430 0.7282 0.7282
    36     1     1 0.0001 0.2246 0.3185 0.8615 1.0000 0.4408 0.3557 0.4430 0.7282 0.7282
    37     1     0 0.0001 0.1685 0.2599 0.7933 1.0000 0.4594 0.3716 0.4633 0.7610 0.7610
    37     1     1 0.0001 0.1685 0.2599 0.7933 1.0000 0.4594 0.3716 0.4633 0.7610 0.7610
    38     1     0 0.0001 0.1168 0.2279 0.8727 1.0000 0.4394 0.3501 0.4397 0.7224 0.7224
    38     1     1 0.0001 0.1168 0.2279 0.8727 1.0000 0.4394 0.3501 0.4397 0.7224 0.7224
    39     1     0 0.0001 0.1403 0.2337 0.8673 1.0000 0.4397 0.3568 0.4487 0.7381 0.7381
    39     1     1 0.0001 0.1403 0.2337 0.8673 1.0000 0.4397 0.3568 0.4487 0.7381 0.7381
    40     1     0 0.0001 0.1068 0.2000 0.7338 1.0000 0.4625 0.3717 0.4555 0.7489 0.7489
    40     1     1 0.0001 0.1068 0.2000 0.7338 1.0000 0.4625 0.3717 0.4555 0.7489 0.7489
    41     1     0 0.0001 0.1653 0.3254 0.8812 1.0000 0.4287 0.3375 0.4184 0.6879 0.6879
    41     1     1 0.0001 0.1653 0.3254 0.8812 1.0000 0.4287 0.3375 0.4184 0.6879 0.6879
    42     1     0 0.0001 0.1697 0.2827 0.8493 1.0000 0.4400 0.3538 0.4343 0.7144 0.7144
    42     1     1 0.0001 0.1697 0.2827 0.8493 1.0000 0.4400 0.3538 0.4343 0.7144 0.7144
    43     1     0 0.0001 0.1689 0.2503 0.8231 1.0000 0.4421 0.3534 0.4344 0.7137 0.7137
    43     1     1 0.0001 0.1689 0.2503 0.8231 1.0000 0.4421 0.3534 0.4344 0.7137 0.7137
    44     1     0 0.0001 0.1460 0.2479 0.8163 1.0000 0.4434 0.3521 0.4284 0.7033 0.7033
    44     1     1 0.0001 0.1460 0.2479 0.8163 1.0000 0.4434 0.3521 0.4284 0.7033 0.7033
    45     1     0 0.0001 0.1873 0.2995 0.8491 1.0000 0.4417 0.3570 0.4465 0.7339 0.7339
    45     1     1 0.0001 0.1873 0.2995 0.8491 1.0000 0.4417 0.3570 0.4465 0.7339 0.7339
    46     1     0 0.0001 0.1055 0.2006 0.7633 1.0000 0.4491 0.3580 0.4361 0.7166 0.7166
    46     1     1 0.0001 0.1055 0.2006 0.7633 1.0000 0.4491 0.3580 0.4361 0.7166 0.7166
    47     1     0 0.0001 0.1624 0.2285 0.8559 1.0000 0.4409 0.3558 0.4408 0.7247 0.7247
    47     1     1 0.0001 0.1624 0.2285 0.8559 1.0000 0.4409 0.3558 0.4408 0.7247 0.7247
    48     1     0 0.0001 0.1445 0.2807 0.8650 1.0000 0.4403 0.3546 0.4478 0.7366 0.7366
    48     1     1 0.0001 0.1445 0.2807 0.8650 1.0000 0.4403 0.3546 0.4478 0.7366 0.7366
    49     1     0 0.0001 0.1276 0.2207 0.7023 1.0000 0.5053 0.4127 0.4965 0.8160 0.8160
    49     1     1 0.0001 0.1276 0.2207 0.7023 1.0000 0.5053 0.4127 0.4965 0.8160 0.8160
    50     1     0 0.0001 0.2052 0.3035 0.8554 1.0000 0.4404 0.3576 0.4499 0.7401 0.7401
    50     1     1 0.0001 0.2052 0.3035 0.8554 1.0000 0.4404 0.3576 0.4499 0.7401 0.7401
    51     1     0 0.0001 0.1409 0.2815 0.8859 1.0000 0.4430 0.3568 0.4582 0.7519 0.7519
    51     1     1 0.0001 0.1409 0.2815 0.8859 1.0000 0.4430 0.3568 0.4582 0.7519 0.7519
    52     1     0 0.0001 0.1542 0.2291 0.8688 1.0000 0.4430 0.3548 0.4463 0.7322 0.7322
    52     1     1 0.0001 0.1542 0.2291 0.8688 1.0000 0.4430 0.3548 0.4463 0.7322 0.7322
    53     1     0 0.0000 0.1184 0.2282 0.8615 1.0000 0.4435 0.3587 0.4498 0.7389 0.7389
    53     1     1 0.0000 0.1184 0.2282 0.8615 1.0000 0.4435 0.3587 0.4498 0.7389 0.7389
    54     1     0 0.0001 0.1266 0.2488 0.8910 1.0000 0.4329 0.3523 0.4472 0.7362 0.7362
    54     1     1 0.0001 0.1266 0.2488 0.8910 1.0000 0.4329 0.3523 0.4472 0.7362 0.7362
    55     1     0 0.0001 0.2096 0.3112 0.8811 1.0000 0.4318 0.3417 0.4265 0.7014 0.7014
    55     1     1 0.0001 0.2096 0.3112 0.8811 1.0000 0.4318 0.3417 0.4265 0.7014 0.7014
    56     1     0 0.0001 0.1296 0.2186 0.8309 1.0000 0.4417 0.3538 0.4356 0.7157 0.7157
    56     1     1 0.0001 0.1296 0.2186 0.8309 1.0000 0.4417 0.3538 0.4356 0.7157 0.7157
    57     1     0 0.0001 0.1823 0.2705 0.8401 1.0000 0.4467 0.3601 0.4557 0.7485 0.7485
    57     1     1 0.0001 0.1823 0.2705 0.8401 1.0000 0.4467 0.3601 0.4557 0.7485 0.7485
    58     1     0 0.0001 0.2291 0.3272 0.8854 1.0000 0.4407 0.3578 0.4583 0.7534 0.7534
    58     1     1 0.0001 0.2291 0.3272 0.8854 1.0000 0.4407 0.3578 0.4583 0.7534 0.7534
    59     1     0 0.0001 0.1570 0.2234 0.8473 1.0000 0.4444 0.3565 0.4571 0.7499 0.7499
    59     1     1 0.0001 0.1570 0.2234 0.8473 1.0000 0.4444 0.3565 0.4571 0.7499 0.7499
    60     1     0 0.0001 0.2207 0.3177 0.8914 1.0000 0.4400 0.3578 0.4607 0.7570 0.7570
    60     1     1 0.0001 0.2207 0.3177 0.8914 1.0000 0.4400 0.3578 0.4607 0.7570 0.7570
    61     1     0 0.0001 0.2273 0.3233 0.8760 1.0000 0.4391 0.3520 0.4441 0.7300 0.7300
    61     1     1 0.0001 0.2273 0.3233 0.8760 1.0000 0.4391 0.3520 0.4441 0.7300 0.7300
    62     1     0 0.0001 0.1970 0.2801 0.8747 1.0000 0.4068 0.3030 0.3567 0.5865 0.5865
    62     1     1 0.0001 0.1970 0.2801 0.8747 1.0000 0.4068 0.3030 0.3567 0.5865 0.5865
    63     1     0 0.0001 0.1369 0.2168 0.8146 1.0000 0.4404 0.3532 0.4384 0.7210 0.7210
    63     1     1 0.0001 0.1369 0.2168 0.8146 1.0000 0.4404 0.3532 0.4384 0.7210 0.7210
    64     1     0 0.0001 0.1595 0.2240 0.8461 1.0000 0.4419 0.3509 0.4380 0.7194 0.7194
    64     1     1 0.0001 0.1595 0.2240 0.8461 1.0000 0.4419 0.3509 0.4380 0.7194 0.7194
    65     1     0 0.0001 0.1671 0.3225 0.8738 1.0000 0.4410 0.3570 0.4600 0.7559 0.7559
    65     1     1 0.0001 0.1671 0.3225 0.8738 1.0000 0.4410 0.3570 0.4600 0.7559 0.7559
    66     1     0 0.0001 0.1694 0.2883 0.8308 1.0000 0.4452 0.3571 0.4436 0.7296 0.7296
    66     1     1 0.0001 0.1694 0.2883 0.8308 1.0000 0.4452 0.3571 0.4436 0.7296 0.7296
    67     1     0 0.0001 0.1364 0.2348 0.8804 1.0000 0.4299 0.3509 0.4614 0.7576 0.7576
    67     1     1 0.0001 0.1364 0.2348 0.8804 1.0000 0.4299 0.3509 0.4614 0.7576 0.7576
    68     1     0 0.0001 0.1265 0.2162 0.8177 1.0000 0.4415 0.3542 0.4356 0.7160 0.7160
    68     1     1 0.0001 0.1265 0.2162 0.8177 1.0000 0.4415 0.3542 0.4356 0.7160 0.7160
    69     1     0 0.0001 0.1820 0.3065 0.8279 1.0000 0.4409 0.3538 0.4313 0.7094 0.7094
    69     1     1 0.0001 0.1820 0.3065 0.8279 1.0000 0.4409 0.3538 0.4313 0.7094 0.7094
    70     1     0 0.0001 0.1470 0.2174 0.8264 1.0000 0.4420 0.3547 0.4414 0.7250 0.7250
    70     1     1 0.0001 0.1470 0.2174 0.8264 1.0000 0.4420 0.3547 0.4414 0.7250 0.7250
    71     1     0 0.0001 0.1858 0.2756 0.8450 1.0000 0.4421 0.3578 0.4493 0.7382 0.7382
    71     1     1 0.0001 0.1858 0.2756 0.8450 1.0000 0.4421 0.3578 0.4493 0.7382 0.7382
    72     1     0 0.0001 0.1856 0.2761 0.8570 1.0000 0.4432 0.3580 0.4517 0.7416 0.7416
    72     1     1 0.0001 0.1856 0.2761 0.8570 1.0000 0.4432 0.3580 0.4517 0.7416 0.7416
    73     1     0 0.0001 0.1491 0.3393 0.9427 1.0000 0.3727 0.2602 0.3011 0.4956 0.4956
    73     1     1 0.0001 0.1491 0.3393 0.9427 1.0000 0.3727 0.2602 0.3011 0.4956 0.4956
    74     1     0 0.0001 0.1417 0.2798 0.8811 1.0000 0.4417 0.3569 0.4554 0.7480 0.7480
    74     1     1 0.0001 0.1417 0.2798 0.8811 1.0000 0.4417 0.3569 0.4554 0.7480 0.7480
    75     1     0 0.0001 0.1271 0.2395 0.8858 1.0000 0.4544 0.3715 0.4747 0.7806 0.7806
    75     1     1 0.0001 0.1271 0.2395 0.8858 1.0000 0.4544 0.3715 0.4747 0.7806 0.7806
    76     1     0 0.0001 0.1856 0.2754 0.8343 1.0000 0.4420 0.3554 0.4366 0.7173 0.7173
    76     1     1 0.0001 0.1856 0.2754 0.8343 1.0000 0.4420 0.3554 0.4366 0.7173 0.7173
    77     1     0 0.0001 0.1269 0.2490 0.8715 1.0000 0.4281 0.3639 0.4622 0.7599 0.7599
    77     1     1 0.0001 0.1269 0.2490 0.8715 1.0000 0.4281 0.3639 0.4622 0.7599 0.7599
    78     1     0 0.0001 0.1530 0.2984 0.8491 1.0000 0.4406 0.3541 0.4399 0.7234 0.7234
    78     1     1 0.0001 0.1530 0.2984 0.8491 1.0000 0.4406 0.3541 0.4399 0.7234 0.7234
    79     1     0 0.0001 0.1399 0.2693 0.8175 1.0000 0.4435 0.3578 0.4418 0.7260 0.7260
    79     1     1 0.0001 0.1399 0.2693 0.8175 1.0000 0.4435 0.3578 0.4418 0.7260 0.7260
    80     1     0 0.0001 0.2094 0.2956 0.8424 1.0000 0.4414 0.3541 0.4373 0.7186 0.7186
    80     1     1 0.0001 0.2094 0.2956 0.8424 1.0000 0.4414 0.3541 0.4373 0.7186 0.7186
    81     1     0 0.0001 0.1788 0.2855 0.8676 1.0000 0.4400 0.3587 0.4517 0.7430 0.7430
    81     1     1 0.0001 0.1788 0.2855 0.8676 1.0000 0.4400 0.3587 0.4517 0.7430 0.7430
    82     1     0 0.0001 0.1659 0.2737 0.8696 1.0000 0.4271 0.3325 0.4051 0.6662 0.6662
    82     1     1 0.0001 0.1659 0.2737 0.8696 1.0000 0.4271 0.3325 0.4051 0.6662 0.6662
    83     1     0 0.0001 0.1649 0.2828 0.8492 1.0000 0.4856 0.4101 0.5320 0.8753 0.8753
    83     1     1 0.0001 0.1649 0.2828 0.8492 1.0000 0.4856 0.4101 0.5320 0.8753 0.8753
    84     1     0 0.0001 0.1921 0.2728 0.8462 1.0000 0.4428 0.3540 0.4412 0.7243 0.7243
    84     1     1 0.0001 0.1921 0.2728 0.8462 1.0000 0.4428 0.3540 0.4412 0.7243 0.7243
    85     1     0 0.0001 0.1505 0.3000 0.8607 1.0000 0.4429 0.3525 0.4394 0.7212 0.7212
    85     1     1 0.0001 0.1505 0.3000 0.8607 1.0000 0.4429 0.3525 0.4394 0.7212 0.7212
    86     1     0 0.0001 0.1838 0.2971 0.8469 1.0000 0.4430 0.3555 0.4460 0.7322 0.7322
    86     1     1 0.0001 0.1838 0.2971 0.8469 1.0000 0.4430 0.3555 0.4460 0.7322 0.7322
    87     1     0 0.0001 0.2002 0.2983 0.8591 1.0000 0.4338 0.3368 0.4149 0.6814 0.6814
    87     1     1 0.0001 0.2002 0.2983 0.8591 1.0000 0.4338 0.3368 0.4149 0.6814 0.6814
    88     1     0 0.0001 0.1420 0.2743 0.8684 1.0000 0.4415 0.3561 0.4482 0.7365 0.7365
    88     1     1 0.0001 0.1420 0.2743 0.8684 1.0000 0.4415 0.3561 0.4482 0.7365 0.7365
    89     1     0 0.0001 0.1604 0.2369 0.8600 1.0000 0.4405 0.3592 0.4578 0.7528 0.7528
    89     1     1 0.0001 0.1604 0.2369 0.8600 1.0000 0.4405 0.3592 0.4578 0.7528 0.7528
    90     1     0 0.0001 0.1514 0.2242 0.8382 1.0000 0.4422 0.3537 0.4333 0.7118 0.7118
    90     1     1 0.0001 0.1514 0.2242 0.8382 1.0000 0.4422 0.3537 0.4333 0.7118 0.7118
    91     1     0 0.0001 0.2240 0.3014 0.9117 1.0000 0.4811 0.4071 0.5354 0.8809 0.8809
    91     1     1 0.0001 0.2240 0.3014 0.9117 1.0000 0.4811 0.4071 0.5354 0.8809 0.8809
    92     1     0 0.0001 0.1459 0.2298 0.8278 1.0000 0.4443 0.3603 0.4516 0.7432 0.7432
    92     1     1 0.0001 0.1459 0.2298 0.8278 1.0000 0.4443 0.3603 0.4516 0.7432 0.7432
    93     1     0 0.0001 0.1949 0.2729 0.8117 1.0000 0.4513 0.3673 0.4507 0.7411 0.7411
    93     1     1 0.0001 0.1949 0.2729 0.8117 1.0000 0.4513 0.3673 0.4507 0.7411 0.7411
    94     1     0 0.0001 0.1899 0.2680 0.8508 1.0000 0.4400 0.3559 0.4390 0.7219 0.7219
    94     1     1 0.0001 0.1899 0.2680 0.8508 1.0000 0.4400 0.3559 0.4390 0.7219 0.7219
    95     1     0 0.0001 0.1443 0.2801 0.8621 1.0000 0.4417 0.3549 0.4425 0.7267 0.7267
    95     1     1 0.0001 0.1443 0.2801 0.8621 1.0000 0.4417 0.3549 0.4425 0.7267 0.7267
    96     1     0 0.0001 0.1989 0.3235 0.8782 1.0000 0.4449 0.3589 0.4568 0.7503 0.7503
    96     1     1 0.0001 0.1989 0.3235 0.8782 1.0000 0.4449 0.3589 0.4568 0.7503 0.7503
    97     1     0 0.0001 0.2052 0.3048 0.8649 1.0000 0.4405 0.3547 0.4451 0.7316 0.7316
    97     1     1 0.0001 0.2052 0.3048 0.8649 1.0000 0.4405 0.3547 0.4451 0.7316 0.7316
    98     1     0 0.0001 0.1845 0.3091 0.8469 1.0000 0.4449 0.3533 0.4383 0.7185 0.7185
    98     1     1 0.0001 0.1845 0.3091 0.8469 1.0000 0.4449 0.3533 0.4383 0.7185 0.7185
    99     1     0 0.0001 0.1853 0.2874 0.8242 1.0000 0.4418 0.3523 0.4258 0.7000 0.7000
    99     1     1 0.0001 0.1853 0.2874 0.8242 1.0000 0.4418 0.3523 0.4258 0.7000 0.7000
   100     1     0 0.0001 0.1338 0.2744 0.8729 1.0000 0.4335 0.3366 0.4160 0.6824 0.6824
   100     1     1 0.0001 0.1338 0.2744 0.8729 1.0000 0.4335 0.3366 0.4160 0.6824 0.6824
   101     1     0 0.0001 0.1691 0.2710 0.8665 1.0000 0.4401 0.3554 0.4496 0.7395 0.7395
   101     1     1 0.0001 0.1691 0.2710 0.8665 1.0000 0.4401 0.3554 0.4496 0.7395 0.7395
   102     1     0 0.0001 0.1948 0.2892 0.8257 1.0000 0.4414 0.3528 0.4464 0.7335 0.7335
   102     1     1 0.0001 0.1948 0.2892 0.8257 1.0000 0.4414 0.3528 0.4464 0.7335 0.7335
   103     1     0 0.0001 0.1428 0.2352 0.8890 1.0000 0.4412 0.3555 0.4578 0.7522 0.7522
   103     1     1 0.0001 0.1428 0.2352 0.8890 1.0000 0.4412 0.3555 0.4578 0.7522 0.7522
   104     1     0 0.0001 0.1927 0.2731 0.8570 1.0000 0.4417 0.3544 0.4511 0.7410 0.7410
   104     1     1 0.0001 0.1927 0.2731 0.8570 1.0000 0.4417 0.3544 0.4511 0.7410 0.7410
   105     1     0 0.0001 0.1266 0.2250 0.7813 1.0000 0.4499 0.3518 0.4371 0.7140 0.7140
   105     1     1 0.0001 0.1266 0.2250 0.7813 1.0000 0.4499 0.3518 0.4371 0.7140 0.7140
   106     1     0 0.0001 0.1542 0.2631 0.8545 1.0000 0.4400 0.3562 0.4523 0.7441 0.7441
   106     1     1 0.0001 0.1542 0.2631 0.8545 1.0000 0.4400 0.3562 0.4523 0.7441 0.7441
   107     1     0 0.0000 0.1089 0.2133 0.8018 1.0000 0.4422 0.3506 0.4267 0.7011 0.7011
   107     1     1 0.0000 0.1089 0.2133 0.8018 1.0000 0.4422 0.3506 0.4267 0.7011 0.7011
   108     1     0 0.0000 0.1077 0.2208 0.8750 1.0000 0.4309 0.3343 0.4116 0.6754 0.6754
   108     1     1 0.0000 0.1077 0.2208 0.8750 1.0000 0.4309 0.3343 0.4116 0.6754 0.6754
   109     1     0 0.0001 0.1609 0.3291 0.8937 1.0000 0.4141 0.3134 0.3806 0.6256 0.6256
   109     1     1 0.0001 0.1609 0.3291 0.8937 1.0000 0.4141 0.3134 0.3806 0.6256 0.6256
   110     1     0 0.0001 0.1400 0.2806 0.8830 1.0000 0.4270 0.3375 0.4187 0.6889 0.6889
   110     1     1 0.0001 0.1400 0.2806 0.8830 1.0000 0.4270 0.3375 0.4187 0.6889 0.6889
   111     1     0 0.0001 0.1455 0.2771 0.8367 1.0000 0.4400 0.3547 0.4390 0.7222 0.7222
   111     1     1 0.0001 0.1455 0.2771 0.8367 1.0000 0.4400 0.3547 0.4390 0.7222 0.7222
   112     1     0 0.0001 0.1446 0.2832 0.8059 1.0000 0.4407 0.3544 0.4377 0.7200 0.7200
   112     1     1 0.0001 0.1446 0.2832 0.8059 1.0000 0.4407 0.3544 0.4377 0.7200 0.7200
   113     1     0 0.0001 0.1479 0.2873 0.8959 1.0000 0.4404 0.3594 0.4658 0.7661 0.7661
   113     1     1 0.0001 0.1479 0.2873 0.8959 1.0000 0.4404 0.3594 0.4658 0.7661 0.7661
   114     1     0 0.0001 0.1899 0.2942 0.7957 1.0000 0.4420 0.3527 0.4252 0.6990 0.6990
   114     1     1 0.0001 0.1899 0.2942 0.7957 1.0000 0.4420 0.3527 0.4252 0.6990 0.6990
   115     1     0 0.0001 0.1672 0.2403 0.7381 1.0000 0.3833 0.2684 0.2886 0.4746 0.4746
   115     1     1 0.0001 0.1672 0.2403 0.7381 1.0000 0.3833 0.2684 0.2886 0.4746 0.4746
   116     1     0 0.0001 0.1566 0.3095 0.8755 1.0000 0.4416 0.3569 0.4523 0.7428 0.7428
   116     1     1 0.0001 0.1566 0.3095 0.8755 1.0000 0.4416 0.3569 0.4523 0.7428 0.7428
   117     1     0 0.0000 0.1074 0.2064 0.7628 1.0000 0.4537 0.3657 0.4538 0.7456 0.7456
   117     1     1 0.0000 0.1074 0.2064 0.7628 1.0000 0.4537 0.3657 0.4538 0.7456 0.7456
   118     1     0 0.0001 0.2117 0.3151 0.8546 1.0000 0.4417 0.3566 0.4412 0.7250 0.7250
   118     1     1 0.0001 0.2117 0.3151 0.8546 1.0000 0.4417 0.3566 0.4412 0.7250 0.7250
   119     1     0 0.0001 0.1752 0.2597 0.8403 1.0000 0.4780 0.3921 0.4963 0.8151 0.8151
   119     1     1 0.0001 0.1752 0.2597 0.8403 1.0000 0.4780 0.3921 0.4963 0.8151 0.8151
   120     1     0 0.0001 0.1766 0.3079 0.9460 1.0000 0.3769 0.2675 0.3136 0.5163 0.5163
   120     1     1 0.0001 0.1766 0.3079 0.9460 1.0000 0.3769 0.2675 0.3136 0.5163 0.5163
   121     1     0 0.0001 0.1717 0.2766 0.8734 1.0000 0.4369 0.3501 0.4384 0.7206 0.7206
   121     1     1 0.0001 0.1717 0.2766 0.8734 1.0000 0.4369 0.3501 0.4384 0.7206 0.7206
   122     1     0 0.0001 0.1649 0.2349 0.8794 1.0000 0.4448 0.3627 0.4490 0.7376 0.7376
   122     1     1 0.0001 0.1649 0.2349 0.8794 1.0000 0.4448 0.3627 0.4490 0.7376 0.7376
   123     1     0 0.0001 0.2325 0.3325 0.8950 1.0000 0.4150 0.3202 0.3917 0.6453 0.6453
   123     1     1 0.0001 0.2325 0.3325 0.8950 1.0000 0.4150 0.3202 0.3917 0.6453 0.6453
   124     1     0 0.0001 0.1968 0.3231 0.8775 1.0000 0.4423 0.3583 0.4578 0.7520 0.7520
   124     1     1 0.0001 0.1968 0.3231 0.8775 1.0000 0.4423 0.3583 0.4578 0.7520 0.7520
   125     1     0 0.0001 0.1580 0.2248 0.8585 1.0000 0.4423 0.3551 0.4406 0.7232 0.7232
   125     1     1 0.0001 0.1580 0.2248 0.8585 1.0000 0.4423 0.3551 0.4406 0.7232 0.7232
   126     1     0 0.0001 0.1395 0.2714 0.8594 1.0000 0.4405 0.3560 0.4423 0.7276 0.7276
   126     1     1 0.0001 0.1395 0.2714 0.8594 1.0000 0.4405 0.3560 0.4423 0.7276 0.7276
   127     1     0 0.0001 0.1634 0.2332 0.8802 1.0000 0.4321 0.3464 0.4327 0.7117 0.7117
   127     1     1 0.0001 0.1634 0.2332 0.8802 1.0000 0.4321 0.3464 0.4327 0.7117 0.7117
   128     1     0 0.0000 0.1099 0.1941 0.7381 1.0000 0.4798 0.3858 0.4768 0.7819 0.7819
   128     1     1 0.0000 0.1099 0.1941 0.7381 1.0000 0.4798 0.3858 0.4768 0.7819 0.7819
   129     1     0 0.0001 0.1488 0.2996 0.8207 1.0000 0.4446 0.3517 0.4439 0.7276 0.7276
   129     1     1 0.0001 0.1488 0.2996 0.8207 1.0000 0.4446 0.3517 0.4439 0.7276 0.7276
   130     1     0 0.0001 0.1651 0.3209 0.8710 1.0000 0.4419 0.3568 0.4498 0.7388 0.7388
   130     1     1 0.0001 0.1651 0.3209 0.8710 1.0000 0.4419 0.3568 0.4498 0.7388 0.7388
   131     1     0 0.0001 0.1174 0.2693 0.9042 1.0000 0.3922 0.2741 0.3164 0.5184 0.5184
   131     1     1 0.0001 0.1174 0.2693 0.9042 1.0000 0.3922 0.2741 0.3164 0.5184 0.5184
   132     1     0 0.0001 0.2001 0.2865 0.9055 1.0000 0.3923 0.2792 0.3253 0.5350 0.5350
   132     1     1 0.0001 0.2001 0.2865 0.9055 1.0000 0.3923 0.2792 0.3253 0.5350 0.5350
   133     1     0 0.0001 0.2015 0.3521 0.9521 1.0000 0.3714 0.2590 0.3017 0.4967 0.4967
   133     1     1 0.0001 0.2015 0.3521 0.9521 1.0000 0.3714 0.2590 0.3017 0.4967 0.4967
   134     1     0 0.0001 0.1299 0.2236 0.8022 1.0000 0.4981 0.4173 0.5409 0.8899 0.8899
   134     1     1 0.0001 0.1299 0.2236 0.8022 1.0000 0.4981 0.4173 0.5409 0.8899 0.8899
   135     1     0 0.0001 0.1555 0.2949 0.9320 1.0000 0.4450 0.3481 0.4564 0.7503 0.7503
   135     1     1 0.0001 0.1555 0.2949 0.9320 1.0000 0.4450 0.3481 0.4564 0.7503 0.7503
   136     1     0 0.0001 0.1983 0.3138 0.8504 1.0000 0.4417 0.3527 0.4339 0.7131 0.7131
   136     1     1 0.0001 0.1983 0.3138 0.8504 1.0000 0.4417 0.3527 0.4339 0.7131 0.7131
   137     1     0 0.0001 0.1938 0.3211 0.8721 1.0000 0.4238 0.3293 0.3984 0.6547 0.6547
   137     1     1 0.0001 0.1938 0.3211 0.8721 1.0000 0.4238 0.3293 0.3984 0.6547 0.6547
   138     1     0 0.0001 0.1214 0.2342 0.8714 1.0000 0.4379 0.3502 0.4383 0.7203 0.7203
   138     1     1 0.0001 0.1214 0.2342 0.8714 1.0000 0.4379 0.3502 0.4383 0.7203 0.7203
   139     1     0 0.0001 0.1564 0.2310 0.9334 1.0000 0.3961 0.2941 0.3580 0.5893 0.5893
   139     1     1 0.0001 0.1564 0.2310 0.9334 1.0000 0.3961 0.2941 0.3580 0.5893 0.5893
   140     1     0 0.0001 0.1459 0.2815 0.8804 1.0000 0.4391 0.3634 0.4654 0.7666 0.7666
   140     1     1 0.0001 0.1459 0.2815 0.8804 1.0000 0.4391 0.3634 0.4654 0.7666 0.7666
   141     1     0 0.0001 0.1596 0.2366 0.8462 1.0000 0.4588 0.3837 0.4890 0.8049 0.8049
   141     1     1 0.0001 0.1596 0.2366 0.8462 1.0000 0.4588 0.3837 0.4890 0.8049 0.8049
   142     1     0 0.0001 0.1700 0.3257 0.8808 1.0000 0.4404 0.3604 0.4590 0.7546 0.7546
   142     1     1 0.0001 0.1700 0.3257 0.8808 1.0000 0.4404 0.3604 0.4590 0.7546 0.7546
   143     1     0 0.0001 0.1349 0.2841 0.9063 1.0000 0.4102 0.3103 0.3788 0.6227 0.6227
   143     1     1 0.0001 0.1349 0.2841 0.9063 1.0000 0.4102 0.3103 0.3788 0.6227 0.6227
   144     1     0 0.0001 0.2253 0.3233 0.8739 1.0000 0.4406 0.3606 0.4604 0.7569 0.7569
   144     1     1 0.0001 0.2253 0.3233 0.8739 1.0000 0.4406 0.3606 0.4604 0.7569 0.7569
   145     1     0 0.0001 0.1421 0.2115 0.7775 1.0000 0.4645 0.3778 0.4783 0.7856 0.7856
   145     1     1 0.0001 0.1421 0.2115 0.7775 1.0000 0.4645 0.3778 0.4783 0.7856 0.7856
   146     1     0 0.0001 0.1257 0.2918 1.0000 0.9914 0.3610 0.2504 0.3036 0.4998 0.4998
   146     1     1 0.0001 0.1257 0.2918 1.0000 0.9914 0.3610 0.2504 0.3036 0.4998 0.4998
   147     1     0 0.0000 0.1222 0.2387 0.8765 1.0000 0.4408 0.3564 0.4522 0.7433 0.7433
   147     1     1 0.0000 0.1222 0.2387 0.8765 1.0000 0.4408 0.3564 0.4522 0.7433 0.7433
   148     1     0 0.0001 0.1612 0.2279 0.8615 1.0000 0.4415 0.3552 0.4476 0.7354 0.7354
   148     1     1 0.0001 0.1612 0.2279 0.8615 1.0000 0.4415 0.3552 0.4476 0.7354 0.7354
   149     1     0 0.0001 0.1518 0.2835 1.0000 0.9519 0.4212 0.3630 0.5391 0.8848 0.8848
   149     1     1 0.0001 0.1518 0.2835 1.0000 0.9519 0.4212 0.3630 0.5391 0.8848 0.8848
   150     1     0 0.0001 0.1410 0.2788 0.8655 1.0000 0.4394 0.3505 0.4358 0.7154 0.7154
   150     1     1 0.0001 0.1410 0.2788 0.8655 1.0000 0.4394 0.3505 0.4358 0.7154 0.7154
   151     1     0 0.0001 0.1830 0.3106 0.8417 1.0000 0.4417 0.3547 0.4433 0.7283 0.7283
   151     1     1 0.0001 0.1830 0.3106 0.8417 1.0000 0.4417 0.3547 0.4433 0.7283 0.7283
   152     1     0 0.0001 0.1907 0.2703 0.8446 1.0000 0.4417 0.3549 0.4507 0.7403 0.7403
   152     1     1 0.0001 0.1907 0.2703 0.8446 1.0000 0.4417 0.3549 0.4507 0.7403 0.7403
   153     1     0 0.0001 0.1924 0.2854 0.7720 1.0000 0.4660 0.3787 0.4691 0.7708 0.7708
   153     1     1 0.0001 0.1924 0.2854 0.7720 1.0000 0.4660 0.3787 0.4691 0.7708 0.7708
   154     1     0 0.0001 0.1734 0.2843 0.8782 1.0000 0.4424 0.3617 0.4598 0.7548 0.7548
   154     1     1 0.0001 0.1734 0.2843 0.8782 1.0000 0.4424 0.3617 0.4598 0.7548 0.7548
   155     1     0 0.0001 0.1552 0.2165 0.8086 1.0000 0.4502 0.3622 0.4504 0.7395 0.7395
   155     1     1 0.0001 0.1552 0.2165 0.8086 1.0000 0.4502 0.3622 0.4504 0.7395 0.7395
   156     1     0 0.0001 0.1606 0.3129 0.8424 1.0000 0.4397 0.3585 0.4518 0.7436 0.7436
   156     1     1 0.0001 0.1606 0.3129 0.8424 1.0000 0.4397 0.3585 0.4518 0.7436 0.7436
   157     1     0 0.0001 0.1552 0.2301 0.8812 1.0000 0.4294 0.3354 0.4156 0.6829 0.6829
   157     1     1 0.0001 0.1552 0.2301 0.8812 1.0000 0.4294 0.3354 0.4156 0.6829 0.6829
   158     1     0 0.0001 0.1961 0.3211 0.8732 1.0000 0.4421 0.3560 0.4513 0.7411 0.7411
   158     1     1 0.0001 0.1961 0.3211 0.8732 1.0000 0.4421 0.3560 0.4513 0.7411 0.7411
   159     1     0 0.0001 0.2044 0.3252 0.8771 1.0000 0.4471 0.3668 0.4676 0.7690 0.7690
   159     1     1 0.0001 0.2044 0.3252 0.8771 1.0000 0.4471 0.3668 0.4676 0.7690 0.7690
   160     1     0 0.0001 0.1396 0.2323 0.8953 1.0000 0.4249 0.3303 0.4120 0.6768 0.6768
   160     1     1 0.0001 0.1396 0.2323 0.8953 1.0000 0.4249 0.3303 0.4120 0.6768 0.6768
   161     1     0 0.0001 0.1761 0.2814 0.8634 1.0000 0.4409 0.3545 0.4424 0.7271 0.7271
   161     1     1 0.0001 0.1761 0.2814 0.8634 1.0000 0.4409 0.3545 0.4424 0.7271 0.7271
   162     1     0 0.0001 0.1155 0.2235 0.8782 1.0000 0.4468 0.3472 0.4282 0.7031 0.7031
   162     1     1 0.0001 0.1155 0.2235 0.8782 1.0000 0.4468 0.3472 0.4282 0.7031 0.7031
   163     1     0 0.0001 0.2276 0.3391 0.9198 1.0000 0.4579 0.3734 0.4974 0.8170 0.8170
   163     1     1 0.0001 0.2276 0.3391 0.9198 1.0000 0.4579 0.3734 0.4974 0.8170 0.8170
   164     1     0 0.0001 0.1895 0.2982 0.8462 1.0000 0.4398 0.3548 0.4368 0.7189 0.7189
   164     1     1 0.0001 0.1895 0.2982 0.8462 1.0000 0.4398 0.3548 0.4368 0.7189 0.7189
   165     1     0 0.0001 0.1558 0.3073 0.8687 1.0000 0.4417 0.3574 0.4491 0.7381 0.7381
   165     1     1 0.0001 0.1558 0.3073 0.8687 1.0000 0.4417 0.3574 0.4491 0.7381 0.7381
   166     1     0 0.0001 0.1536 0.2953 0.8360 1.0000 0.4413 0.3565 0.4413 0.7252 0.7252
   166     1     1 0.0001 0.1536 0.2953 0.8360 1.0000 0.4413 0.3565 0.4413 0.7252 0.7252
   167     1     0 0.0001 0.1418 0.2802 0.8708 1.0000 0.4420 0.3554 0.4480 0.7360 0.7360
   167     1     1 0.0001 0.1418 0.2802 0.8708 1.0000 0.4420 0.3554 0.4480 0.7360 0.7360
   168     1     0 0.0001 0.1871 0.2972 0.8430 1.0000 0.4412 0.3558 0.4409 0.7247 0.7247
   168     1     1 0.0001 0.1871 0.2972 0.8430 1.0000 0.4412 0.3558 0.4409 0.7247 0.7247
   169     1     0 0.0001 0.2114 0.3147 0.8532 1.0000 0.4487 0.3626 0.4573 0.7514 0.7514
   169     1     1 0.0001 0.2114 0.3147 0.8532 1.0000 0.4487 0.3626 0.4573 0.7514 0.7514
   170     1     0 0.0001 0.1882 0.2799 0.8778 1.0000 0.4405 0.3573 0.4492 0.7394 0.7394
   170     1     1 0.0001 0.1882 0.2799 0.8778 1.0000 0.4405 0.3573 0.4492 0.7394 0.7394
   171     1     0 0.0001 0.1617 0.2792 0.8070 1.0000 0.4431 0.3489 0.4253 0.6981 0.6981
   171     1     1 0.0001 0.1617 0.2792 0.8070 1.0000 0.4431 0.3489 0.4253 0.6981 0.6981
   172     1     0 0.0001 0.1411 0.2323 0.8699 1.0000 0.4403 0.3548 0.4463 0.7342 0.7342
   172     1     1 0.0001 0.1411 0.2323 0.8699 1.0000 0.4403 0.3548 0.4463 0.7342 0.7342
   173     1     0 0.0001 0.2421 0.3479 0.9413 1.0000 0.3906 0.2841 0.3440 0.5663 0.5663
   173     1     1 0.0001 0.2421 0.3479 0.9413 1.0000 0.3906 0.2841 0.3440 0.5663 0.5663
   174     1     0 0.0001 0.1643 0.2316 0.8664 1.0000 0.4404 0.3560 0.4456 0.7330 0.7330
   174     1     1 0.0001 0.1643 0.2316 0.8664 1.0000 0.4404 0.3560 0.4456 0.7330 0.7330
   175     1     0 0.0001 0.2097 0.3472 0.9448 1.0000 0.3757 0.2612 0.3050 0.5019 0.5019
   175     1     1 0.0001 0.2097 0.3472 0.9448 1.0000 0.3757 0.2612 0.3050 0.5019 0.5019
   176     1     0 0.0001 0.1276 0.2502 0.8057 1.0000 0.4402 0.3536 0.4180 0.6862 0.6862
   176     1     1 0.0001 0.1276 0.2502 0.8057 1.0000 0.4402 0.3536 0.4180 0.6862 0.6862
   177     1     0 0.0001 0.1508 0.2896 0.8321 1.0000 0.4487 0.3632 0.4567 0.7508 0.7508
   177     1     1 0.0001 0.1508 0.2896 0.8321 1.0000 0.4487 0.3632 0.4567 0.7508 0.7508
   178     1     0 0.0001 0.1523 0.3013 0.8572 1.0000 0.4420 0.3551 0.4419 0.7259 0.7259
   178     1     1 0.0001 0.1523 0.3013 0.8572 1.0000 0.4420 0.3551 0.4419 0.7259 0.7259
   179     1     0 0.0001 0.2018 0.3224 0.8699 1.0000 0.4400 0.3576 0.4497 0.7395 0.7395
   179     1     1 0.0001 0.2018 0.3224 0.8699 1.0000 0.4400 0.3576 0.4497 0.7395 0.7395
   180     1     0 0.0001 0.1305 0.1908 0.7148 1.0000 0.4763 0.3896 0.4818 0.7925 0.7925
   180     1     1 0.0001 0.1305 0.1908 0.7148 1.0000 0.4763 0.3896 0.4818 0.7925 0.7925
   181     1     0 0.0001 0.1671 0.2372 0.8661 1.0000 0.4386 0.3587 0.4557 0.7506 0.7506
   181     1     1 0.0001 0.1671 0.2372 0.8661 1.0000 0.4386 0.3587 0.4557 0.7506 0.7506
   182     1     0 0.0001 0.1455 0.2815 0.8849 1.0000 0.4419 0.3582 0.4592 0.7544 0.7544
   182     1     1 0.0001 0.1455 0.2815 0.8849 1.0000 0.4419 0.3582 0.4592 0.7544 0.7544
   183     1     0 0.0001 0.1713 0.2540 0.8900 1.0000 0.4404 0.3641 0.4677 0.7702 0.7702
   183     1     1 0.0001 0.1713 0.2540 0.8900 1.0000 0.4404 0.3641 0.4677 0.7702 0.7702
   184     1     0 0.0000 0.1061 0.2034 0.7685 1.0000 0.4605 0.3697 0.4553 0.7471 0.7471
   184     1     1 0.0000 0.1061 0.2034 0.7685 1.0000 0.4605 0.3697 0.4553 0.7471 0.7471
   185     1     0 0.0001 0.1834 0.3091 0.8473 0.8405 0.4271 0.4153 0.6079 1.0000 1.0000
   185     1     1 0.0001 0.1834 0.3091 0.8473 0.8405 0.4271 0.4153 0.6079 1.0000 1.0000
   186     1     0 0.0001 0.1324 0.2222 0.8432 1.0000 0.4447 0.3583 0.4484 0.7362 0.7362
   186     1     1 0.0001 0.1324 0.2222 0.8432 1.0000 0.4447 0.3583 0.4484 0.7362 0.7362
   187     1     0 0.0001 0.1905 0.2830 0.8767 1.0000 0.4422 0.3585 0.4547 0.7471 0.7471
   187     1     1 0.0001 0.1905 0.2830 0.8767 1.0000 0.4422 0.3585 0.4547 0.7471 0.7471
   188     1     0 0.0001 0.1626 0.2303 0.8653 1.0000 0.4412 0.3567 0.4463 0.7335 0.7335
   188     1     1 0.0001 0.1626 0.2303 0.8653 1.0000 0.4412 0.3567 0.4463 0.7335 0.7335
   189     1     0 0.0001 0.1258 0.2390 0.8894 1.0000 0.4396 0.3573 0.4592 0.7551 0.7551
   189     1     1 0.0001 0.1258 0.2390 0.8894 1.0000 0.4396 0.3573 0.4592 0.7551 0.7551
   190     1     0 0.0001 0.1818 0.2569 0.8298 1.0000 0.4402 0.3547 0.4319 0.7106 0.7106
   190     1     1 0.0001 0.1818 0.2569 0.8298 1.0000 0.4402 0.3547 0.4319 0.7106 0.7106
   191     1     0 0.0001 0.1450 0.2752 0.8655 1.0000 0.4412 0.3596 0.4501 0.7406 0.7406
   191     1     1 0.0001 0.1450 0.2752 0.8655 1.0000 0.4412 0.3596 0.4501 0.7406 0.7406
   192     1     0 0.0001 0.1384 0.2263 0.8789 1.0000 0.4233 0.3254 0.3964 0.6513 0.6513
   192     1     1 0.0001 0.1384 0.2263 0.8789 1.0000 0.4233 0.3254 0.3964 0.6513 0.6513
   193     1     0 0.0001 0.1753 0.2970 0.9243 1.0000 0.4151 0.3214 0.4058 0.6678 0.6678
   193     1     1 0.0001 0.1753 0.2970 0.9243 1.0000 0.4151 0.3214 0.4058 0.6678 0.6678
   194     1     0 0.0001 0.1531 0.2263 0.8350 1.0000 0.4412 0.3554 0.4408 0.7246 0.7246
   194     1     1 0.0001 0.1531 0.2263 0.8350 1.0000 0.4412 0.3554 0.4408 0.7246 0.7246
   195     1     0 0.0001 0.1300 0.2558 0.7689 1.0000 0.4450 0.3535 0.4232 0.6948 0.6948
   195     1     1 0.0001 0.1300 0.2558 0.7689 1.0000 0.4450 0.3535 0.4232 0.6948 0.6948
   196     1     0 0.0001 0.1592 0.3069 0.8705 1.0000 0.4412 0.3558 0.4492 0.7383 0.7383
   196     1     1 0.0001 0.1592 0.3069 0.8705 1.0000 0.4412 0.3558 0.4492 0.7383 0.7383
   197     1     0 0.0001 0.2053 0.3064 0.9467 1.0000 0.3597 0.2405 0.2691 0.4428 0.4428
   197     1     1 0.0001 0.2053 0.3064 0.9467 1.0000 0.3597 0.2405 0.2691 0.4428 0.4428
   198     1     0 0.0001 0.1410 0.2424 0.8007 1.0000 0.4403 0.3534 0.4230 0.6961 0.6961
   198     1     1 0.0001 0.1410 0.2424 0.8007 1.0000 0.4403 0.3534 0.4230 0.6961 0.6961
   199     1     0 0.0001 0.1857 0.3072 0.8730 1.0000 0.4414 0.3551 0.4491 0.7379 0.7379
   199     1     1 0.0001 0.1857 0.3072 0.8730 1.0000 0.4414 0.3551 0.4491 0.7379 0.7379
   200     1     0 0.0001 0.1583 0.2254 0.8854 1.0000 0.4195 0.3233 0.3939 0.6475 0.6475
   200     1     1 0.0001 0.1583 0.2254 0.8854 1.0000 0.4195 0.3233 0.3939 0.6475 0.6475
   201     1     0 0.0001 0.1911 0.3171 0.9010 1.0000 0.4489 0.3664 0.4784 0.7853 0.7853
   201     1     1 0.0001 0.1911 0.3171 0.9010 1.0000 0.4489 0.3664 0.4784 0.7853 0.7853
   202     1     0 0.0001 0.1341 0.2239 0.8537 1.0000 0.4441 0.3556 0.4468 0.7329 0.7329
   202     1     1 0.0001 0.1341 0.2239 0.8537 1.0000 0.4441 0.3556 0.4468 0.7329 0.7329
   203     1     0 0.0001 0.1999 0.3320 0.8993 1.0000 0.4416 0.3593 0.4679 0.7690 0.7690
   203     1     1 0.0001 0.1999 0.3320 0.8993 1.0000 0.4416 0.3593 0.4679 0.7690 0.7690
   204     1     0 0.0001 0.1881 0.2798 0.8556 1.0000 0.4424 0.3559 0.4401 0.7229 0.7229
   204     1     1 0.0001 0.1881 0.2798 0.8556 1.0000 0.4424 0.3559 0.4401 0.7229 0.7229
   205     1     0 0.0001 0.0986 0.2129 0.7981 1.0000 0.3892 0.3168 0.3653 0.6007 0.6007
   205     1     1 0.0001 0.0986 0.2129 0.7981 1.0000 0.3892 0.3168 0.3653 0.6007 0.6007
   206     1     0 0.0001 0.1863 0.2778 0.8262 1.0000 0.4794 0.3959 0.5057 0.8292 0.8292
   206     1     1 0.0001 0.1863 0.2778 0.8262 1.0000 0.4794 0.3959 0.5057 0.8292 0.8292
   207     1     0 0.0001 0.2185 0.3093 0.8751 1.0000 0.4325 0.3436 0.4271 0.7023 0.7023
   207     1     1 0.0001 0.2185 0.3093 0.8751 1.0000 0.4325 0.3436 0.4271 0.7023 0.7023
   208     1     0 0.0001 0.1581 0.3078 0.8620 1.0000 0.4402 0.3605 0.4490 0.7387 0.7387
   208     1     1 0.0001 0.1581 0.3078 0.8620 1.0000 0.4402 0.3605 0.4490 0.7387 0.7387
   209     1     0 0.0001 0.2181 0.3244 0.8789 1.0000 0.4220 0.3269 0.3978 0.6542 0.6542
   209     1     1 0.0001 0.2181 0.3244 0.8789 1.0000 0.4220 0.3269 0.3978 0.6542 0.6542
   210     1     0 0.0001 0.1627 0.2401 0.8879 1.0000 0.4400 0.3599 0.4630 0.7613 0.7613
   210     1     1 0.0001 0.1627 0.2401 0.8879 1.0000 0.4400 0.3599 0.4630 0.7613 0.7613
   211     1     0 0.0001 0.1347 0.2258 0.8415 1.0000 0.4415 0.3522 0.4365 0.7175 0.7175
   211     1     1 0.0001 0.1347 0.2258 0.8415 1.0000 0.4415 0.3522 0.4365 0.7175 0.7175
   212     1     0 0.0001 0.1462 0.2947 0.8498 1.0000 0.4459 0.3522 0.4344 0.7116 0.7116
   212     1     1 0.0001 0.1462 0.2947 0.8498 1.0000 0.4459 0.3522 0.4344 0.7116 0.7116
   213     1     0 0.0001 0.1427 0.2333 0.8935 1.0000 0.4232 0.3303 0.4113 0.6773 0.6773
   213     1     1 0.0001 0.1427 0.2333 0.8935 1.0000 0.4232 0.3303 0.4113 0.6773 0.6773
   214     1     0 0.0001 0.1974 0.2803 0.8865 1.0000 0.4125 0.3096 0.3712 0.6103 0.6103
   214     1     1 0.0001 0.1974 0.2803 0.8865 1.0000 0.4125 0.3096 0.3712 0.6103 0.6103
   215     1     0 0.0000 0.0874 0.1946 0.8386 1.0000 0.4001 0.2835 0.3191 0.5233 0.5233
   215     1     1 0.0000 0.0874 0.1946 0.8386 1.0000 0.4001 0.2835 0.3191 0.5233 0.5233
   216     1     0 0.0001 0.1921 0.2733 0.8495 1.0000 0.4429 0.3547 0.4437 0.7284 0.7284
   216     1     1 0.0001 0.1921 0.2733 0.8495 1.0000 0.4429 0.3547 0.4437 0.7284 0.7284
   217     1     0 0.0001 0.2035 0.2899 0.8917 1.0000 0.4535 0.3753 0.4842 0.7950 0.7950
   217     1     1 0.0001 0.2035 0.2899 0.8917 1.0000 0.4535 0.3753 0.4842 0.7950 0.7950
   218     1     0 0.0001 0.1908 0.2709 0.8398 1.0000 0.4422 0.3549 0.4451 0.7312 0.7312
   218     1     1 0.0001 0.1908 0.2709 0.8398 1.0000 0.4422 0.3549 0.4451 0.7312 0.7312
   219     1     0 0.0001 0.1853 0.2600 0.8440 1.0000 0.4489 0.3636 0.4582 0.7529 0.7529
   219     1     1 0.0001 0.1853 0.2600 0.8440 1.0000 0.4489 0.3636 0.4582 0.7529 0.7529
   220     1     0 0.0001 0.1625 0.2295 0.8536 1.0000 0.4413 0.3586 0.4537 0.7461 0.7461
   220     1     1 0.0001 0.1625 0.2295 0.8536 1.0000 0.4413 0.3586 0.4537 0.7461 0.7461
   221     1     0 0.0001 0.2007 0.3202 0.8651 1.0000 0.4408 0.3568 0.4464 0.7340 0.7340
   221     1     1 0.0001 0.2007 0.3202 0.8651 1.0000 0.4408 0.3568 0.4464 0.7340 0.7340
   222     1     0 0.0001 0.1854 0.3078 0.8681 1.0000 0.4410 0.3577 0.4513 0.7417 0.7417
   222     1     1 0.0001 0.1854 0.3078 0.8681 1.0000 0.4410 0.3577 0.4513 0.7417 0.7417
   223     1     0 0.0000 0.1095 0.2236 0.8562 1.0000 0.4212 0.3258 0.3924 0.6451 0.6451
   223     1     1 0.0000 0.1095 0.2236 0.8562 1.0000 0.4212 0.3258 0.3924 0.6451 0.6451
   224     1     0 0.0001 0.1488 0.2449 0.9333 1.0000 0.4169 0.3216 0.4120 0.6776 0.6776
   224     1     1 0.0001 0.1488 0.2449 0.9333 1.0000 0.4169 0.3216 0.4120 0.6776 0.6776
   225     1     0 0.0001 0.1419 0.2126 0.7500 1.0000 0.4693 0.3776 0.4586 0.7525 0.7525
   225     1     1 0.0001 0.1419 0.2126 0.7500 1.0000 0.4693 0.3776 0.4586 0.7525 0.7525
   226     1     0 0.0001 0.1799 0.3074 0.8317 1.0000 0.4410 0.3598 0.4474 0.7353 0.7353
   226     1     1 0.0001 0.1799 0.3074 0.8317 1.0000 0.4410 0.3598 0.4474 0.7353 0.7353
   227     1     0 0.0001 0.1401 0.2734 0.8669 1.0000 0.4414 0.3580 0.4520 0.7433 0.7433
   227     1     1 0.0001 0.1401 0.2734 0.8669 1.0000 0.4414 0.3580 0.4520 0.7433 0.7433
   228     1     0 0.0001 0.1984 0.2798 0.8584 1.0000 0.4403 0.3556 0.4481 0.7370 0.7370
   228     1     1 0.0001 0.1984 0.2798 0.8584 1.0000 0.4403 0.3556 0.4481 0.7370 0.7370
   229     1     0 0.0001 0.1236 0.2352 0.8014 1.0000 0.4537 0.3634 0.4535 0.7447 0.7447
   229     1     1 0.0001 0.1236 0.2352 0.8014 1.0000 0.4537 0.3634 0.4535 0.7447 0.7447
   230     1     0 0.0001 0.1252 0.2460 0.8160 1.0000 0.4421 0.3532 0.4340 0.7131 0.7131
   230     1     1 0.0001 0.1252 0.2460 0.8160 1.0000 0.4421 0.3532 0.4340 0.7131 0.7131
   231     1     0 0.0001 0.1891 0.3042 0.8624 1.0000 0.4419 0.3564 0.4445 0.7302 0.7302
   231     1     1 0.0001 0.1891 0.3042 0.8624 1.0000 0.4419 0.3564 0.4445 0.7302 0.7302
   232     1     0 0.0001 0.1500 0.2816 0.7648 1.0000 0.4731 0.3816 0.4659 0.7646 0.7646
   232     1     1 0.0001 0.1500 0.2816 0.7648 1.0000 0.4731 0.3816 0.4659 0.7646 0.7646
   233     1     0 0.0001 0.1619 0.2294 0.8594 1.0000 0.4423 0.3550 0.4412 0.7247 0.7247
   233     1     1 0.0001 0.1619 0.2294 0.8594 1.0000 0.4423 0.3550 0.4412 0.7247 0.7247
   234     1     0 0.0001 0.1268 0.2386 0.8831 1.0000 0.4437 0.3621 0.4623 0.7603 0.7603
   234     1     1 0.0001 0.1268 0.2386 0.8831 1.0000 0.4437 0.3621 0.4623 0.7603 0.7603
   235     1     0 0.0001 0.1407 0.2316 0.8919 1.0000 0.4252 0.3345 0.4164 0.6845 0.6845
   235     1     1 0.0001 0.1407 0.2316 0.8919 1.0000 0.4252 0.3345 0.4164 0.6845 0.6845
   236     1     0 0.0001 0.1172 0.2318 0.8819 1.0000 0.4322 0.3406 0.4262 0.7000 0.7000
   236     1     1 0.0001 0.1172 0.2318 0.8819 1.0000 0.4322 0.3406 0.4262 0.7000 0.7000
   237     1     0 0.0001 0.1830 0.2725 0.8514 1.0000 0.4453 0.3540 0.4370 0.7163 0.7163
   237     1     1 0.0001 0.1830 0.2725 0.8514 1.0000 0.4453 0.3540 0.4370 0.7163 0.7163
   238     1     0 0.0001 0.1389 0.2684 0.8045 1.0000 0.4442 0.3603 0.4459 0.7336 0.7336
   238     1     1 0.0001 0.1389 0.2684 0.8045 1.0000 0.4442 0.3603 0.4459 0.7336 0.7336
   239     1     0 0.0001 0.1610 0.3129 0.8491 1.0000 0.4419 0.3564 0.4445 0.7300 0.7300
   239     1     1 0.0001 0.1610 0.3129 0.8491 1.0000 0.4419 0.3564 0.4445 0.7300 0.7300
   240     1     0 0.0001 0.1313 0.1954 0.7694 1.0000 0.4631 0.3658 0.4501 0.7369 0.7369
   240     1     1 0.0001 0.1313 0.1954 0.7694 1.0000 0.4631 0.3658 0.4501 0.7369 0.7369
   241     1     0 0.0001 0.1354 0.2784 0.8891 1.0000 0.4280 0.3320 0.4137 0.6792 0.6792
   241     1     1 0.0001 0.1354 0.2784 0.8891 1.0000 0.4280 0.3320 0.4137 0.6792 0.6792
   242     1     0 0.0001 0.1927 0.2741 0.8671 1.0000 0.4389 0.3516 0.4391 0.7215 0.7215
   242     1     1 0.0001 0.1927 0.2741 0.8671 1.0000 0.4389 0.3516 0.4391 0.7215 0.7215
   243     1     0 0.0001 0.1607 0.2762 0.8035 1.0000 0.4489 0.3551 0.4340 0.7119 0.7119
   243     1     1 0.0001 0.1607 0.2762 0.8035 1.0000 0.4489 0.3551 0.4340 0.7119 0.7119
   244     1     0 0.0001 0.1979 0.2852 0.8881 1.0000 0.4392 0.3616 0.4643 0.7641 0.7641
   244     1     1 0.0001 0.1979 0.2852 0.8881 1.0000 0.4392 0.3616 0.4643 0.7641 0.7641
   245     1     0 0.0001 0.1211 0.2367 0.8847 1.0000 0.4402 0.3571 0.4569 0.7511 0.7511
   245     1     1 0.0001 0.1211 0.2367 0.8847 1.0000 0.4402 0.3571 0.4569 0.7511 0.7511
   246     1     0 0.0001 0.1901 0.2838 0.9045 1.0000 0.3721 0.2594 0.2882 0.4738 0.4738
   246     1     1 0.0001 0.1901 0.2838 0.9045 1.0000 0.3721 0.2594 0.2882 0.4738 0.4738
   247     1     0 0.0001 0.1903 0.2705 0.7797 1.0000 0.4475 0.3549 0.4384 0.7184 0.7184
   247     1     1 0.0001 0.1903 0.2705 0.7797 1.0000 0.4475 0.3549 0.4384 0.7184 0.7184
   248     1     0 0.0001 0.1347 0.2141 0.8470 1.0000 0.4133 0.3079 0.3575 0.5878 0.5878
   248     1     1 0.0001 0.1347 0.2141 0.8470 1.0000 0.4133 0.3079 0.3575 0.5878 0.5878
   249     1     0 0.0001 0.2045 0.3386 0.9195 1.0000 0.4195 0.3258 0.4132 0.6791 0.6791
   249     1     1 0.0001 0.2045 0.3386 0.9195 1.0000 0.4195 0.3258 0.4132 0.6791 0.6791
   250     1     0 0.0001 0.1164 0.2302 0.8686 1.0000 0.4330 0.3475 0.4286 0.7049 0.7049
   250     1     1 0.0001 0.1164 0.2302 0.8686 1.0000 0.4330 0.3475 0.4286 0.7049 0.7049
   251     1     0 0.0001 0.1101 0.2168 0.6393 1.0000 0.4874 0.3963 0.4744 0.7780 0.7780
   251     1     1 0.0001 0.1101 0.2168 0.6393 1.0000 0.4874 0.3963 0.4744 0.7780 0.7780
   252     1     0 0.0001 0.1863 0.2663 0.8589 1.0000 0.4399 0.3583 0.4569 0.7514 0.7514
   252     1     1 0.0001 0.1863 0.2663 0.8589 1.0000 0.4399 0.3583 0.4569 0.7514 0.7514
   253     1     0 0.0001 0.1994 0.3424 0.9287 1.0000 0.4044 0.3034 0.3747 0.6163 0.6163
   253     1     1 0.0001 0.1994 0.3424 0.9287 1.0000 0.4044 0.3034 0.3747 0.6163 0.6163
   254     1     0 0.0001 0.1389 0.2063 0.7568 1.0000 0.4486 0.3586 0.4328 0.7121 0.7121
   254     1     1 0.0001 0.1389 0.2063 0.7568 1.0000 0.4486 0.3586 0.4328 0.7121 0.7121
   255     1     0 0.0001 0.1506 0.2881 0.8203 1.0000 0.4404 0.3538 0.4358 0.7167 0.7167
   255     1     1 0.0001 0.1506 0.2881 0.8203 1.0000 0.4404 0.3538 0.4358 0.7167 0.7167
   256     1     0 0.0001 0.1247 0.2301 0.8502 1.0000 0.4725 0.3904 0.5030 0.8263 0.8263
   256     1     1 0.0001 0.1247 0.2301 0.8502 1.0000 0.4725 0.3904 0.5030 0.8263 0.8263
   257     1     0 0.0001 0.2182 0.3120 0.8813 1.0000 0.4412 0.3571 0.4556 0.7486 0.7486
   257     1     1 0.0001 0.2182 0.3120 0.8813 1.0000 0.4412 0.3571 0.4556 0.7486 0.7486
   258     1     0 0.0001 0.0927 0.1989 0.8032 1.0000 0.4024 0.2956 0.3384 0.5562 0.5562
   258     1     1 0.0001 0.0927 0.1989 0.8032 1.0000 0.4024 0.2956 0.3384 0.5562 0.5562
   259     1     0 0.0001 0.1248 0.2348 0.8860 1.0000 0.4662 0.3778 0.4843 0.7953 0.7953
   259     1     1 0.0001 0.1248 0.2348 0.8860 1.0000 0.4662 0.3778 0.4843 0.7953 0.7953
   260     1     0 0.0001 0.1587 0.2750 0.7961 1.0000 0.4499 0.3601 0.4420 0.7258 0.7258
   260     1     1 0.0001 0.1587 0.2750 0.7961 1.0000 0.4499 0.3601 0.4420 0.7258 0.7258
   261     1     0 0.0001 0.2014 0.3301 0.8917 1.0000 0.4400 0.3617 0.4664 0.7669 0.7669
   261     1     1 0.0001 0.2014 0.3301 0.8917 1.0000 0.4400 0.3617 0.4664 0.7669 0.7669
   262     1     0 0.0001 0.1357 0.2160 0.8220 1.0000 0.4416 0.3528 0.4394 0.7219 0.7219
   262     1     1 0.0001 0.1357 0.2160 0.8220 1.0000 0.4416 0.3528 0.4394 0.7219 0.7219
   263     1     0 0.0001 0.2118 0.2990 0.8510 1.0000 0.4412 0.3544 0.4437 0.7294 0.7294
   263     1     1 0.0001 0.2118 0.2990 0.8510 1.0000 0.4412 0.3544 0.4437 0.7294 0.7294
   264     1     0 0.0001 0.1270 0.2402 0.8651 1.0000 0.4395 0.3566 0.4460 0.7339 0.7339
   264     1     1 0.0001 0.1270 0.2402 0.8651 1.0000 0.4395 0.3566 0.4460 0.7339 0.7339
   265     1     0 0.0001 0.1702 0.2361 0.8996 1.0000 0.4476 0.3572 0.4649 0.7638 0.7638
   265     1     1 0.0001 0.1702 0.2361 0.8996 1.0000 0.4476 0.3572 0.4649 0.7638 0.7638
   266     1     0 0.0001 0.1616 0.3157 0.8581 1.0000 0.4424 0.3540 0.4400 0.7227 0.7227
   266     1     1 0.0001 0.1616 0.3157 0.8581 1.0000 0.4424 0.3540 0.4400 0.7227 0.7227
   267     1     0 0.0001 0.0997 0.1923 0.6942 1.0000 0.4413 0.3568 0.4056 0.6675 0.6675
   267     1     1 0.0001 0.0997 0.1923 0.6942 1.0000 0.4413 0.3568 0.4056 0.6675 0.6675
   268     1     0 0.0001 0.1695 0.2392 0.8125 1.0000 0.4415 0.3574 0.4506 0.7413 0.7413
   268     1     1 0.0001 0.1695 0.2392 0.8125 1.0000 0.4415 0.3574 0.4506 0.7413 0.7413
   269     1     0 0.0001 0.1386 0.2212 0.8545 1.0000 0.4372 0.3455 0.4227 0.6944 0.6944
   269     1     1 0.0001 0.1386 0.2212 0.8545 1.0000 0.4372 0.3455 0.4227 0.6944 0.6944
   270     1     0 0.0001 0.1631 0.3481 0.9395 1.0000 0.3965 0.2932 0.3599 0.5925 0.5925
   270     1     1 0.0001 0.1631 0.3481 0.9395 1.0000 0.3965 0.2932 0.3599 0.5925 0.5925
   271     1     0 0.0001 0.1404 0.2185 0.8119 1.0000 0.4604 0.3729 0.4694 0.7708 0.7708
   271     1     1 0.0001 0.1404 0.2185 0.8119 1.0000 0.4604 0.3729 0.4694 0.7708 0.7708
   272     1     0 0.0001 0.1701 0.2821 0.8922 1.0000 0.4301 0.3386 0.4262 0.7003 0.7003
   272     1     1 0.0001 0.1701 0.2821 0.8922 1.0000 0.4301 0.3386 0.4262 0.7003 0.7003
   273     1     0 0.0001 0.1675 0.3222 0.8720 1.0000 0.4408 0.3546 0.4479 0.7364 0.7364
   273     1     1 0.0001 0.1675 0.3222 0.8720 1.0000 0.4408 0.3546 0.4479 0.7364 0.7364
   274     1     0 0.0001 0.2003 0.3233 0.8744 1.0000 0.4404 0.3596 0.4544 0.7470 0.7470
   274     1     1 0.0001 0.2003 0.3233 0.8744 1.0000 0.4404 0.3596 0.4544 0.7470 0.7470
   275     1     0 0.0001 0.2085 0.2794 0.8334 1.0000 0.4636 0.3732 0.4635 0.7622 0.7622
   275     1     1 0.0001 0.2085 0.2794 0.8334 1.0000 0.4636 0.3732 0.4635 0.7622 0.7622
   276     1     0 0.0001 0.1558 0.2305 0.8771 1.0000 0.4345 0.3468 0.4336 0.7125 0.7125
   276     1     1 0.0001 0.1558 0.2305 0.8771 1.0000 0.4345 0.3468 0.4336 0.7125 0.7125
   277     1     0 0.0001 0.1927 0.2858 0.9053 1.0000 0.4405 0.3535 0.4632 0.7612 0.7612
   277     1     1 0.0001 0.1927 0.2858 0.9053 1.0000 0.4405 0.3535 0.4632 0.7612 0.7612
   278     1     0 0.0001 0.1862 0.2952 0.8450 1.0000 0.4423 0.3532 0.4332 0.7114 0.7114
   278     1     1 0.0001 0.1862 0.2952 0.8450 1.0000 0.4423 0.3532 0.4332 0.7114 0.7114
   279     1     0 0.0001 0.1478 0.2418 0.8871 1.0000 0.4410 0.3583 0.4603 0.7565 0.7565
   279     1     1 0.0001 0.1478 0.2418 0.8871 1.0000 0.4410 0.3583 0.4603 0.7565 0.7565
   280     1     0 0.0001 0.1508 0.2202 0.6166 1.0000 0.4315 0.3507 0.4010 0.6594 0.6594
   280     1     1 0.0001 0.1508 0.2202 0.6166 1.0000 0.4315 0.3507 0.4010 0.6594 0.6594
   281     1     0 0.0001 0.1657 0.2468 0.8198 1.0000 0.4488 0.3659 0.4595 0.7555 0.7555
   281     1     1 0.0001 0.1657 0.2468 0.8198 1.0000 0.4488 0.3659 0.4595 0.7555 0.7555
   282     1     0 0.0001 0.1540 0.2729 0.7368 1.0000 0.4977 0.4056 0.4804 0.7894 0.7894
   282     1     1 0.0001 0.1540 0.2729 0.7368 1.0000 0.4977 0.4056 0.4804 0.7894 0.7894
   283     1     0 0.0000 0.1308 0.2158 0.9004 1.0000 0.3956 0.2863 0.3354 0.5517 0.5517
   283     1     1 0.0000 0.1308 0.2158 0.9004 1.0000 0.3956 0.2863 0.3354 0.5517 0.5517
   284     1     0 0.0001 0.2205 0.3151 0.8955 1.0000 0.4125 0.3098 0.3754 0.6170 0.6170
   284     1     1 0.0001 0.2205 0.3151 0.8955 1.0000 0.4125 0.3098 0.3754 0.6170 0.6170
   285     1     0 0.0001 0.1573 0.3087 0.8330 1.0000 0.4404 0.3558 0.4384 0.7210 0.7210
   285     1     1 0.0001 0.1573 0.3087 0.8330 1.0000 0.4404 0.3558 0.4384 0.7210 0.7210
   286     1     0 0.0001 0.1303 0.2559 0.8297 1.0000 0.4418 0.3543 0.4335 0.7121 0.7121
   286     1     1 0.0001 0.1303 0.2559 0.8297 1.0000 0.4418 0.3543 0.4335 0.7121 0.7121
   287     1     0 0.0001 0.1441 0.2855 0.8195 1.0000 0.4440 0.3526 0.4343 0.7124 0.7124
   287     1     1 0.0001 0.1441 0.2855 0.8195 1.0000 0.4440 0.3526 0.4343 0.7124 0.7124
   288     1     0 0.0001 0.1470 0.2439 0.8952 1.0000 0.4273 0.3398 0.4272 0.7031 0.7031
   288     1     1 0.0001 0.1470 0.2439 0.8952 1.0000 0.4273 0.3398 0.4272 0.7031 0.7031
   289     1     0 0.0001 0.1647 0.2332 0.8783 1.0000 0.4407 0.3555 0.4517 0.7424 0.7424
   289     1     1 0.0001 0.1647 0.2332 0.8783 1.0000 0.4407 0.3555 0.4517 0.7424 0.7424
   290     1     0 0.0001 0.1764 0.2617 0.7876 1.0000 0.4425 0.3539 0.4284 0.7036 0.7036
   290     1     1 0.0001 0.1764 0.2617 0.7876 1.0000 0.4425 0.3539 0.4284 0.7036 0.7036
   291     1     0 0.0001 0.1600 0.2256 0.8463 1.0000 0.4423 0.3539 0.4334 0.7118 0.7118
   291     1     1 0.0001 0.1600 0.2256 0.8463 1.0000 0.4423 0.3539 0.4334 0.7118 0.7118
   292     1     0 0.0001 0.1584 0.2346 0.9348 1.0000 0.3930 0.2893 0.3496 0.5753 0.5753
   292     1     1 0.0001 0.1584 0.2346 0.9348 1.0000 0.3930 0.2893 0.3496 0.5753 0.5753
   293     1     0 0.0001 0.2312 0.3462 0.9465 1.0000 0.3774 0.2644 0.3104 0.5103 0.5103
   293     1     1 0.0001 0.2312 0.3462 0.9465 1.0000 0.3774 0.2644 0.3104 0.5103 0.5103
   294     1     0 0.0001 0.2005 0.3396 0.9190 1.0000 0.4251 0.3364 0.4325 0.7112 0.7112
   294     1     1 0.0001 0.2005 0.3396 0.9190 1.0000 0.4251 0.3364 0.4325 0.7112 0.7112
   295     1     0 0.0001 0.1916 0.3170 0.8914 1.0000 0.4412 0.3589 0.4632 0.7610 0.7610
   295     1     1 0.0001 0.1916 0.3170 0.8914 1.0000 0.4412 0.3589 0.4632 0.7610 0.7610
   296     1     0 0.0000 0.1050 0.2212 0.8889 1.0000 0.4062 0.3048 0.3611 0.5940 0.5940
   296     1     1 0.0000 0.1050 0.2212 0.8889 1.0000 0.4062 0.3048 0.3611 0.5940 0.5940
   297     1     0 0.0001 0.1891 0.2699 0.8631 1.0000 0.4412 0.3578 0.4551 0.7479 0.7479
   297     1     1 0.0001 0.1891 0.2699 0.8631 1.0000 0.4412 0.3578 0.4551 0.7479 0.7479
   298     1     0 0.0001 0.1619 0.3141 0.8519 1.0000 0.4419 0.3557 0.4481 0.7362 0.7362
   298     1     1 0.0001 0.1619 0.3141 0.8519 1.0000 0.4419 0.3557 0.4481 0.7362 0.7362
   299     1     0 0.0001 0.1564 0.2314 0.8528 1.0000 0.4412 0.3562 0.4402 0.7235 0.7235
   299     1     1 0.0001 0.1564 0.2314 0.8528 1.0000 0.4412 0.3562 0.4402 0.7235 0.7235
   300     1     0 0.0001 0.1537 0.2189 0.8857 1.0000 0.4069 0.3037 0.3590 0.5902 0.5902
   300     1     1 0.0001 0.1537 0.2189 0.8857 1.0000 0.4069 0.3037 0.3590 0.5902 0.5902
   301     1     0 0.0001 0.1273 0.2398 0.8681 1.0000 0.4437 0.3622 0.4545 0.7473 0.7473
   301     1     1 0.0001 0.1273 0.2398 0.8681 1.0000 0.4437 0.3622 0.4545 0.7473 0.7473
   302     1     0 0.0000 0.1221 0.2391 0.8784 1.0000 0.4415 0.3586 0.4557 0.7490 0.7490
   302     1     1 0.0000 0.1221 0.2391 0.8784 1.0000 0.4415 0.3586 0.4557 0.7490 0.7490
   303     1     0 0.0001 0.1851 0.2753 0.8693 1.0000 0.4424 0.3562 0.4482 0.7360 0.7360
   303     1     1 0.0001 0.1851 0.2753 0.8693 1.0000 0.4424 0.3562 0.4482 0.7360 0.7360
   304     1     0 0.0001 0.1527 0.3315 0.9268 1.0000 0.3887 0.2815 0.3341 0.5502 0.5502
   304     1     1 0.0001 0.1527 0.3315 0.9268 1.0000 0.3887 0.2815 0.3341 0.5502 0.5502
   305     1     0 0.0001 0.2217 0.3044 0.8224 1.0000 0.4618 0.3774 0.4764 0.7830 0.7830
   305     1     1 0.0001 0.2217 0.3044 0.8224 1.0000 0.4618 0.3774 0.4764 0.7830 0.7830
   306     1     0 0.0001 0.1331 0.2111 0.8228 1.0000 0.4333 0.3346 0.4000 0.6568 0.6568
   306     1     1 0.0001 0.1331 0.2111 0.8228 1.0000 0.4333 0.3346 0.4000 0.6568 0.6568
   307     1     0 0.0001 0.1998 0.2838 0.8610 1.0000 0.4417 0.3591 0.4485 0.7373 0.7373
   307     1     1 0.0001 0.1998 0.2838 0.8610 1.0000 0.4417 0.3591 0.4485 0.7373 0.7373
   308     1     0 0.0001 0.1384 0.2278 0.8666 1.0000 0.4315 0.3386 0.4145 0.6810 0.6810
   308     1     1 0.0001 0.1384 0.2278 0.8666 1.0000 0.4315 0.3386 0.4145 0.6810 0.6810
   309     1     0 0.0001 0.1199 0.2061 0.8091 1.0000 0.3896 0.3025 0.3578 0.5878 0.5878
   309     1     1 0.0001 0.1199 0.2061 0.8091 1.0000 0.3896 0.3025 0.3578 0.5878 0.5878
   310     1     0 0.0001 0.1955 0.3234 0.8741 1.0000 0.4399 0.3567 0.4501 0.7403 0.7403
   310     1     1 0.0001 0.1955 0.3234 0.8741 1.0000 0.4399 0.3567 0.4501 0.7403 0.7403
   311     1     0 0.0001 0.1902 0.2823 0.8729 1.0000 0.4282 0.3356 0.4112 0.6761 0.6761
   311     1     1 0.0001 0.1902 0.2823 0.8729 1.0000 0.4282 0.3356 0.4112 0.6761 0.6761
   312     1     0 0.0001 0.1594 0.3145 0.8875 1.0000 0.4409 0.3571 0.4585 0.7534 0.7534
   312     1     1 0.0001 0.1594 0.3145 0.8875 1.0000 0.4409 0.3571 0.4585 0.7534 0.7534
   313     1     0 0.0001 0.2203 0.3272 0.9160 1.0000 0.4126 0.3162 0.3932 0.6467 0.6467
   313     1     1 0.0001 0.2203 0.3272 0.9160 1.0000 0.4126 0.3162 0.3932 0.6467 0.6467
   314     1     0 0.0000 0.0992 0.1982 0.7667 1.0000 0.4447 0.3511 0.4278 0.7014 0.7014
   314     1     1 0.0000 0.0992 0.1982 0.7667 1.0000 0.4447 0.3511 0.4278 0.7014 0.7014
   315     1     0 0.0001 0.1804 0.3009 0.8559 1.0000 0.4417 0.3549 0.4432 0.7283 0.7283
   315     1     1 0.0001 0.1804 0.3009 0.8559 1.0000 0.4417 0.3549 0.4432 0.7283 0.7283
   316     1     0 0.0000 0.1243 0.2480 0.8236 1.0000 0.4477 0.3576 0.4485 0.7353 0.7353
   316     1     1 0.0000 0.1243 0.2480 0.8236 1.0000 0.4477 0.3576 0.4485 0.7353 0.7353
   317     1     0 0.0001 0.1770 0.2840 0.8196 1.0000 0.4447 0.3511 0.4293 0.7041 0.7041
   317     1     1 0.0001 0.1770 0.2840 0.8196 1.0000 0.4447 0.3511 0.4293 0.7041 0.7041
   318     1     0 0.0001 0.1688 0.3256 0.8825 1.0000 0.4427 0.3597 0.4594 0.7548 0.7548
   318     1     1 0.0001 0.1688 0.3256 0.8825 1.0000 0.4427 0.3597 0.4594 0.7548 0.7548
   319     1     0 0.0001 0.1664 0.2456 0.8899 1.0000 0.4400 0.3591 0.4638 0.7628 0.7628
   319     1     1 0.0001 0.1664 0.2456 0.8899 1.0000 0.4400 0.3591 0.4638 0.7628 0.7628
   320     1     0 0.0001 0.1568 0.2619 0.8462 1.0000 0.4409 0.3532 0.4378 0.7198 0.7198
   320     1     1 0.0001 0.1568 0.2619 0.8462 1.0000 0.4409 0.3532 0.4378 0.7198 0.7198
   321     1     0 0.0001 0.1393 0.2256 0.8826 1.0000 0.4047 0.3022 0.3544 0.5830 0.5830
   321     1     1 0.0001 0.1393 0.2256 0.8826 1.0000 0.4047 0.3022 0.3544 0.5830 0.5830
   322     1     0 0.0001 0.1518 0.3012 0.8181 1.0000 0.4426 0.3526 0.4346 0.7135 0.7135
   322     1     1 0.0001 0.1518 0.3012 0.8181 1.0000 0.4426 0.3526 0.4346 0.7135 0.7135
   323     1     0 0.0001 0.1613 0.2388 0.8801 1.0000 0.4412 0.3574 0.4552 0.7479 0.7479
   323     1     1 0.0001 0.1613 0.2388 0.8801 1.0000 0.4412 0.3574 0.4552 0.7479 0.7479
   324     1     0 0.0000 0.1365 0.2245 0.9406 1.0000 0.3832 0.2746 0.3257 0.5359 0.5359
   324     1     1 0.0000 0.1365 0.2245 0.9406 1.0000 0.3832 0.2746 0.3257 0.5359 0.5359
   325     1     0 0.0001 0.1502 0.2215 0.8221 1.0000 0.4540 0.3704 0.4666 0.7672 0.7672
   325     1     1 0.0001 0.1502 0.2215 0.8221 1.0000 0.4540 0.3704 0.4666 0.7672 0.7672
   326     1     0 0.0001 0.2021 0.2836 0.8720 1.0000 0.4400 0.3542 0.4466 0.7349 0.7349
   326     1     1 0.0001 0.2021 0.2836 0.8720 1.0000 0.4400 0.3542 0.4466 0.7349 0.7349
   327     1     0 0.0001 0.2174 0.3240 0.8796 1.0000 0.4416 0.3550 0.4522 0.7427 0.7427
   327     1     1 0.0001 0.2174 0.3240 0.8796 1.0000 0.4416 0.3550 0.4522 0.7427 0.7427
   328     1     0 0.0001 0.1194 0.2067 0.7928 1.0000 0.4440 0.3503 0.4237 0.6954 0.6954
   328     1     1 0.0001 0.1194 0.2067 0.7928 1.0000 0.4440 0.3503 0.4237 0.6954 0.6954
   329     1     0 0.0001 0.1634 0.3111 0.8750 1.0000 0.4402 0.3583 0.4560 0.7498 0.7498
   329     1     1 0.0001 0.1634 0.3111 0.8750 1.0000 0.4402 0.3583 0.4560 0.7498 0.7498
   330     1     0 0.0001 0.1526 0.2650 0.8075 1.0000 0.4414 0.3526 0.4342 0.7136 0.7136
   330     1     1 0.0001 0.1526 0.2650 0.8075 1.0000 0.4414 0.3526 0.4342 0.7136 0.7136
   331     1     0 0.0001 0.1457 0.2573 0.7928 1.0000 0.4414 0.3489 0.4281 0.7032 0.7032
   331     1     1 0.0001 0.1457 0.2573 0.7928 1.0000 0.4414 0.3489 0.4281 0.7032 0.7032
   332     1     0 0.0001 0.1582 0.2333 0.8658 1.0000 0.4402 0.3585 0.4597 0.7562 0.7562
   332     1     1 0.0001 0.1582 0.2333 0.8658 1.0000 0.4402 0.3585 0.4597 0.7562 0.7562
   333     1     0 0.0001 0.1466 0.2170 0.8147 1.0000 0.4424 0.3532 0.4297 0.7058 0.7058
   333     1     1 0.0001 0.1466 0.2170 0.8147 1.0000 0.4424 0.3532 0.4297 0.7058 0.7058
   334     1     0 0.0001 0.1156 0.2233 0.8317 1.0000 0.4422 0.3560 0.4463 0.7330 0.7330
   334     1     1 0.0001 0.1156 0.2233 0.8317 1.0000 0.4422 0.3560 0.4463 0.7330 0.7330
   335     1     0 0.0001 0.1579 0.3090 0.8332 1.0000 0.4403 0.3545 0.4314 0.7097 0.7097
   335     1     1 0.0001 0.1579 0.3090 0.8332 1.0000 0.4403 0.3545 0.4314 0.7097 0.7097
   336     1     0 0.0001 0.1695 0.2793 0.8770 1.0000 0.4399 0.3586 0.4546 0.7476 0.7476
   336     1     1 0.0001 0.1695 0.2793 0.8770 1.0000 0.4399 0.3586 0.4546 0.7476 0.7476
   337     1     0 0.0001 0.2286 0.3300 0.9222 1.0000 0.3950 0.2903 0.3477 0.5720 0.5720
   337     1     1 0.0001 0.2286 0.3300 0.9222 1.0000 0.3950 0.2903 0.3477 0.5720 0.5720
   338     1     0 0.0001 0.1150 0.2179 0.8057 1.0000 0.4481 0.3613 0.4354 0.7155 0.7155
   338     1     1 0.0001 0.1150 0.2179 0.8057 1.0000 0.4481 0.3613 0.4354 0.7155 0.7155
   339     1     0 0.0001 0.1390 0.2331 0.8660 1.0000 0.4401 0.3567 0.4513 0.7428 0.7428
   339     1     1 0.0001 0.1390 0.2331 0.8660 1.0000 0.4401 0.3567 0.4513 0.7428 0.7428
   340     1     0 0.0001 0.1288 0.1915 0.7525 1.0000 0.4753 0.3775 0.4629 0.7575 0.7575
   340     1     1 0.0001 0.1288 0.1915 0.7525 1.0000 0.4753 0.3775 0.4629 0.7575 0.7575
   341     1     0 0.0001 0.1864 0.2737 0.7415 1.0000 0.3761 0.2655 0.2825 0.4650 0.4650
   341     1     1 0.0001 0.1864 0.2737 0.7415 1.0000 0.3761 0.2655 0.2825 0.4650 0.4650
   342     1     0 0.0001 0.1633 0.3317 0.9197 1.0000 0.4059 0.3097 0.3804 0.6260 0.6260
   342     1     1 0.0001 0.1633 0.3317 0.9197 1.0000 0.4059 0.3097 0.3804 0.6260 0.6260
   343     1     0 0.0001 0.1514 0.2688 0.7307 1.0000 0.4869 0.3922 0.4857 0.7963 0.7963
   343     1     1 0.0001 0.1514 0.2688 0.7307 1.0000 0.4869 0.3922 0.4857 0.7963 0.7963
   344     1     0 0.0001 0.1559 0.1875 0.5052 1.0000 0.5326 0.4341 0.5055 0.8303 0.8303
   344     1     1 0.0001 0.1559 0.1875 0.5052 1.0000 0.5326 0.4341 0.5055 0.8303 0.8303
   345     1     0 0.0001 0.1681 0.2735 0.8592 1.0000 0.4575 0.3801 0.4823 0.7924 0.7924
   345     1     1 0.0001 0.1681 0.2735 0.8592 1.0000 0.4575 0.3801 0.4823 0.7924 0.7924
   346     1     0 0.0001 0.2106 0.3127 0.9176 1.0000 0.4661 0.3834 0.5089 0.8363 0.8363
   346     1     1 0.0001 0.2106 0.3127 0.9176 1.0000 0.4661 0.3834 0.5089 0.8363 0.8363
   347     1     0 0.0001 0.2201 0.3170 0.8951 1.0000 0.4183 0.3204 0.3932 0.6461 0.6461
   347     1     1 0.0001 0.2201 0.3170 0.8951 1.0000 0.4183 0.3204 0.3932 0.6461 0.6461
   348     1     0 0.0000 0.1087 0.2222 0.8908 1.0000 0.4128 0.3117 0.3757 0.6177 0.6177
   348     1     1 0.0000 0.1087 0.2222 0.8908 1.0000 0.4128 0.3117 0.3757 0.6177 0.6177
   349     1     0 0.0001 0.1423 0.2704 0.8591 1.0000 0.4387 0.3543 0.4401 0.7243 0.7243
   349     1     1 0.0001 0.1423 0.2704 0.8591 1.0000 0.4387 0.3543 0.4401 0.7243 0.7243
   350     1     0 0.0001 0.1772 0.2982 0.8483 1.0000 0.4405 0.3541 0.4428 0.7281 0.7281
   350     1     1 0.0001 0.1772 0.2982 0.8483 1.0000 0.4405 0.3541 0.4428 0.7281 0.7281
   351     1     0 0.0001 0.1167 0.2294 0.8655 1.0000 0.4416 0.3569 0.4468 0.7341 0.7341
   351     1     1 0.0001 0.1167 0.2294 0.8655 1.0000 0.4416 0.3569 0.4468 0.7341 0.7341
   352     1     0 0.0001 0.1661 0.2347 0.8727 1.0000 0.4354 0.3470 0.4328 0.7116 0.7116
   352     1     1 0.0001 0.1661 0.2347 0.8727 1.0000 0.4354 0.3470 0.4328 0.7116 0.7116
   353     1     0 0.0001 0.1704 0.2737 0.8701 1.0000 0.4531 0.3718 0.4791 0.7871 0.7871
   353     1     1 0.0001 0.1704 0.2737 0.8701 1.0000 0.4531 0.3718 0.4791 0.7871 0.7871
   354     1     0 0.0001 0.1219 0.2340 0.8613 1.0000 0.4425 0.3590 0.4565 0.7500 0.7500
   354     1     1 0.0001 0.1219 0.2340 0.8613 1.0000 0.4425 0.3590 0.4565 0.7500 0.7500
   355     1     0 0.0001 0.1327 0.1962 0.7980 1.0000 0.4243 0.3150 0.3658 0.6014 0.6014
   355     1     1 0.0001 0.1327 0.1962 0.7980 1.0000 0.4243 0.3150 0.3658 0.6014 0.6014
   356     1     0 0.0001 0.1202 0.2327 0.8668 1.0000 0.4423 0.3563 0.4468 0.7339 0.7339
   356     1     1 0.0001 0.1202 0.2327 0.8668 1.0000 0.4423 0.3563 0.4468 0.7339 0.7339
   357     1     0 0.0001 0.1469 0.2928 0.9154 1.0000 0.4290 0.3466 0.4475 0.7363 0.7363
   357     1     1 0.0001 0.1469 0.2928 0.9154 1.0000 0.4290 0.3466 0.4475 0.7363 0.7363
   358     1     0 0.0001 0.1800 0.3031 0.8249 1.0000 0.4430 0.3506 0.4249 0.6977 0.6977
   358     1     1 0.0001 0.1800 0.3031 0.8249 1.0000 0.4430 0.3506 0.4249 0.6977 0.6977
   359     1     0 0.0001 0.1645 0.2627 0.8499 1.0000 0.4324 0.3386 0.4139 0.6806 0.6806
   359     1     1 0.0001 0.1645 0.2627 0.8499 1.0000 0.4324 0.3386 0.4139 0.6806 0.6806
   360     1     0 0.0001 0.1483 0.2924 0.8319 1.0000 0.4425 0.3557 0.4379 0.7195 0.7195
   360     1     1 0.0001 0.1483 0.2924 0.8319 1.0000 0.4425 0.3557 0.4379 0.7195 0.7195
   361     1     0 0.0001 0.1838 0.2719 0.8605 1.0000 0.4404 0.3559 0.4428 0.7282 0.7282
   361     1     1 0.0001 0.1838 0.2719 0.8605 1.0000 0.4404 0.3559 0.4428 0.7282 0.7282
   362     1     0 0.0001 0.2018 0.3000 0.8124 1.0000 0.4433 0.3553 0.4397 0.7224 0.7224
   362     1     1 0.0001 0.2018 0.3000 0.8124 1.0000 0.4433 0.3553 0.4397 0.7224 0.7224
   363     1     0 0.0001 0.1125 0.2253 0.8730 1.0000 0.4368 0.3448 0.4303 0.7065 0.7065
   363     1     1 0.0001 0.1125 0.2253 0.8730 1.0000 0.4368 0.3448 0.4303 0.7065 0.7065
   364     1     0 0.0001 0.1853 0.2752 0.8507 1.0000 0.4420 0.3539 0.4418 0.7257 0.7257
   364     1     1 0.0001 0.1853 0.2752 0.8507 1.0000 0.4420 0.3539 0.4418 0.7257 0.7257
   365     1     0 0.0001 0.1877 0.2987 0.8466 1.0000 0.4406 0.3558 0.4450 0.7321 0.7321
   365     1     1 0.0001 0.1877 0.2987 0.8466 1.0000 0.4406 0.3558 0.4450 0.7321 0.7321
   366     1     0 0.0001 0.1634 0.3278 0.8856 1.0000 0.4267 0.3366 0.4178 0.6875 0.6875
   366     1     1 0.0001 0.1634 0.3278 0.8856 1.0000 0.4267 0.3366 0.4178 0.6875 0.6875
   367     1     0 0.0001 0.1902 0.3072 0.8691 1.0000 0.4299 0.3387 0.4146 0.6815 0.6815
   367     1     1 0.0001 0.1902 0.3072 0.8691 1.0000 0.4299 0.3387 0.4146 0.6815 0.6815
   368     1     0 0.0001 0.1460 0.2758 0.8663 1.0000 0.4411 0.3600 0.4513 0.7421 0.7421
   368     1     1 0.0001 0.1460 0.2758 0.8663 1.0000 0.4411 0.3600 0.4513 0.7421 0.7421
   369     1     0 0.0001 0.1852 0.3104 0.8424 1.0000 0.4421 0.3531 0.4355 0.7153 0.7153
   369     1     1 0.0001 0.1852 0.3104 0.8424 1.0000 0.4421 0.3531 0.4355 0.7153 0.7153
   370     1     0 0.0001 0.1903 0.3451 0.9602 1.0000 0.3486 0.2256 0.2483 0.4084 0.4084
   370     1     1 0.0001 0.1903 0.3451 0.9602 1.0000 0.3486 0.2256 0.2483 0.4084 0.4084
   371     1     0 0.0001 0.1650 0.2453 0.8108 1.0000 0.4542 0.3670 0.4534 0.7440 0.7440
   371     1     1 0.0001 0.1650 0.2453 0.8108 1.0000 0.4542 0.3670 0.4534 0.7440 0.7440
   372     1     0 0.0001 0.1378 0.2768 0.8794 1.0000 0.4161 0.3154 0.3786 0.6227 0.6227
   372     1     1 0.0001 0.1378 0.2768 0.8794 1.0000 0.4161 0.3154 0.3786 0.6227 0.6227
   373     1     0 0.0001 0.1618 0.3315 0.8656 1.0000 0.4313 0.3705 0.4787 0.7855 0.7855
   373     1     1 0.0001 0.1618 0.3315 0.8656 1.0000 0.4313 0.3705 0.4787 0.7855 0.7855
   374     1     0 0.0001 0.1613 0.3120 0.8866 1.0000 0.4390 0.3516 0.4491 0.7380 0.7380
   374     1     1 0.0001 0.1613 0.3120 0.8866 1.0000 0.4390 0.3516 0.4491 0.7380 0.7380
   375     1     0 0.0001 0.1546 0.2296 0.8808 1.0000 0.4427 0.3540 0.4522 0.7421 0.7421
   375     1     1 0.0001 0.1546 0.2296 0.8808 1.0000 0.4427 0.3540 0.4522 0.7421 0.7421
   376     1     0 0.0001 0.1957 0.2706 0.8779 1.0000 0.4131 0.3034 0.3609 0.5935 0.5935
   376     1     1 0.0001 0.1957 0.2706 0.8779 1.0000 0.4131 0.3034 0.3609 0.5935 0.5935
   377     1     0 0.0001 0.1581 0.2897 0.7796 1.0000 0.4588 0.3725 0.4620 0.7603 0.7603
   377     1     1 0.0001 0.1581 0.2897 0.7796 1.0000 0.4588 0.3725 0.4620 0.7603 0.7603
   378     1     0 0.0001 0.1419 0.2308 0.8496 1.0000 0.4437 0.3521 0.4263 0.7014 0.7014
   378     1     1 0.0001 0.1419 0.2308 0.8496 1.0000 0.4437 0.3521 0.4263 0.7014 0.7014
   379     1     0 0.0001 0.2060 0.3413 0.9321 1.0000 0.3940 0.2853 0.3444 0.5661 0.5661
   379     1     1 0.0001 0.2060 0.3413 0.9321 1.0000 0.3940 0.2853 0.3444 0.5661 0.5661
   380     1     0 0.0001 0.1689 0.2400 0.8909 1.0000 0.4451 0.3646 0.4698 0.7722 0.7722
   380     1     1 0.0001 0.1689 0.2400 0.8909 1.0000 0.4451 0.3646 0.4698 0.7722 0.7722
   381     1     0 0.0001 0.1694 0.2526 0.7851 1.0000 0.4453 0.3513 0.4295 0.7042 0.7042
   381     1     1 0.0001 0.1694 0.2526 0.7851 1.0000 0.4453 0.3513 0.4295 0.7042 0.7042
   382     1     0 0.0001 0.1688 0.3181 0.8959 1.0000 0.4431 0.3627 0.4699 0.7728 0.7728
   382     1     1 0.0001 0.1688 0.3181 0.8959 1.0000 0.4431 0.3627 0.4699 0.7728 0.7728
   383     1     0 0.0001 0.1584 0.3133 0.8503 1.0000 0.4420 0.3539 0.4413 0.7249 0.7249
   383     1     1 0.0001 0.1584 0.3133 0.8503 1.0000 0.4420 0.3539 0.4413 0.7249 0.7249
   384     1     0 0.0001 0.1630 0.2407 0.8901 1.0000 0.4400 0.3599 0.4634 0.7620 0.7620
   384     1     1 0.0001 0.1630 0.2407 0.8901 1.0000 0.4400 0.3599 0.4634 0.7620 0.7620
   385     1     0 0.0001 0.1491 0.2106 0.7456 1.0000 0.5026 0.4118 0.5069 0.8319 0.8319
   385     1     1 0.0001 0.1491 0.2106 0.7456 1.0000 0.5026 0.4118 0.5069 0.8319 0.8319
   386     1     0 0.0001 0.1602 0.2686 0.8641 1.0000 0.4457 0.3559 0.4565 0.7474 0.7474
   386     1     1 0.0001 0.1602 0.2686 0.8641 1.0000 0.4457 0.3559 0.4565 0.7474 0.7474
   387     1     0 0.0001 0.1553 0.2664 0.8480 1.0000 0.4376 0.3441 0.4354 0.7152 0.7152
   387     1     1 0.0001 0.1553 0.2664 0.8480 1.0000 0.4376 0.3441 0.4354 0.7152 0.7152
   388     1     0 0.0001 0.2230 0.3310 0.8946 1.0000 0.4403 0.3599 0.4657 0.7658 0.7658
   388     1     1 0.0001 0.2230 0.3310 0.8946 1.0000 0.4403 0.3599 0.4657 0.7658 0.7658
   389     1     0 0.0001 0.1965 0.2923 0.7931 1.0000 0.4433 0.3537 0.4354 0.7151 0.7151
   389     1     1 0.0001 0.1965 0.2923 0.7931 1.0000 0.4433 0.3537 0.4354 0.7151 0.7151
   390     1     0 0.0001 0.1077 0.2114 0.8060 1.0000 0.4428 0.3540 0.4262 0.7002 0.7002
   390     1     1 0.0001 0.1077 0.2114 0.8060 1.0000 0.4428 0.3540 0.4262 0.7002 0.7002
   391     1     0 0.0001 0.1969 0.3212 0.8721 1.0000 0.4417 0.3580 0.4536 0.7450 0.7450
   391     1     1 0.0001 0.1969 0.3212 0.8721 1.0000 0.4417 0.3580 0.4536 0.7450 0.7450
   392     1     0 0.0001 0.1723 0.2764 0.8003 1.0000 0.4501 0.3599 0.4545 0.7462 0.7462
   392     1     1 0.0001 0.1723 0.2764 0.8003 1.0000 0.4501 0.3599 0.4545 0.7462 0.7462
   393     1     0 0.0001 0.1384 0.2871 0.8985 1.0000 0.4105 0.3126 0.3788 0.6234 0.6234
   393     1     1 0.0001 0.1384 0.2871 0.8985 1.0000 0.4105 0.3126 0.3788 0.6234 0.6234
   394     1     0 0.0001 0.1529 0.2265 0.8757 1.0000 0.4224 0.3248 0.3937 0.6471 0.6471
   394     1     1 0.0001 0.1529 0.2265 0.8757 1.0000 0.4224 0.3248 0.3937 0.6471 0.6471
   395     1     0 0.0001 0.1720 0.2859 0.9024 1.0000 0.4186 0.3242 0.4025 0.6620 0.6620
   395     1     1 0.0001 0.1720 0.2859 0.9024 1.0000 0.4186 0.3242 0.4025 0.6620 0.6620
   396     1     0 0.0001 0.1444 0.2787 0.8420 1.0000 0.4420 0.3550 0.4340 0.7131 0.7131
   396     1     1 0.0001 0.1444 0.2787 0.8420 1.0000 0.4420 0.3550 0.4340 0.7131 0.7131
   397     1     0 0.0001 0.1584 0.2227 0.8227 1.0000 0.4422 0.3561 0.4477 0.7357 0.7357
   397     1     1 0.0001 0.1584 0.2227 0.8227 1.0000 0.4422 0.3561 0.4477 0.7357 0.7357
   398     1     0 0.0001 0.2083 0.3369 0.9102 1.0000 0.4499 0.3758 0.4944 0.8131 0.8131
   398     1     1 0.0001 0.2083 0.3369 0.9102 1.0000 0.4499 0.3758 0.4944 0.8131 0.8131
   399     1     0 0.0001 0.1758 0.2938 0.8447 1.0000 0.4434 0.3520 0.4349 0.7138 0.7138
   399     1     1 0.0001 0.1758 0.2938 0.8447 1.0000 0.4434 0.3520 0.4349 0.7138 0.7138
   400     1     0 0.0001 0.1530 0.2267 0.8465 1.0000 0.4422 0.3544 0.4337 0.7125 0.7125
   400     1     1 0.0001 0.1530 0.2267 0.8465 1.0000 0.4422 0.3544 0.4337 0.7125 0.7125
   401     1     0 0.0001 0.1563 0.2979 1.0000 0.9605 0.4398 0.3584 0.5000 0.8213 0.8213
   401     1     1 0.0001 0.1563 0.2979 1.0000 0.9605 0.4398 0.3584 0.5000 0.8213 0.8213
   402     1     0 0.0001 0.1615 0.2281 0.8644 1.0000 0.4314 0.3387 0.4137 0.6799 0.6799
   402     1     1 0.0001 0.1615 0.2281 0.8644 1.0000 0.4314 0.3387 0.4137 0.6799 0.6799
   403     1     0 0.0001 0.1634 0.2302 0.7898 1.0000 0.4437 0.3523 0.4329 0.7104 0.7104
   403     1     1 0.0001 0.1634 0.2302 0.7898 1.0000 0.4437 0.3523 0.4329 0.7104 0.7104
   404     1     0 0.0000 0.1250 0.2494 0.8170 1.0000 0.4446 0.3537 0.4301 0.7057 0.7057
   404     1     1 0.0000 0.1250 0.2494 0.8170 1.0000 0.4446 0.3537 0.4301 0.7057 0.7057
   405     1     0 0.0001 0.1391 0.2062 0.7962 1.0000 0.4472 0.3559 0.4398 0.7217 0.7217
   405     1     1 0.0001 0.1391 0.2062 0.7962 1.0000 0.4472 0.3559 0.4398 0.7217 0.7217
   406     1     0 0.0001 0.2288 0.3280 0.8921 1.0000 0.3992 0.2912 0.3401 0.5592 0.5592
   406     1     1 0.0001 0.2288 0.3280 0.8921 1.0000 0.3992 0.2912 0.3401 0.5592 0.5592
   407     1     0 0.0001 0.2028 0.3015 0.8167 1.0000 0.4438 0.3543 0.4368 0.7177 0.7177
   407     1     1 0.0001 0.2028 0.3015 0.8167 1.0000 0.4438 0.3543 0.4368 0.7177 0.7177
   408     1     0 0.0000 0.1244 0.2424 0.8912 1.0000 0.4395 0.3599 0.4638 0.7630 0.7630
   408     1     1 0.0000 0.1244 0.2424 0.8912 1.0000 0.4395 0.3599 0.4638 0.7630 0.7630
   409     1     0 0.0001 0.1905 0.3035 0.8618 1.0000 0.4414 0.3558 0.4433 0.7289 0.7289
   409     1     1 0.0001 0.1905 0.3035 0.8618 1.0000 0.4414 0.3558 0.4433 0.7289 0.7289
   410     1     0 0.0001 0.1727 0.2651 0.7970 1.0000 0.4604 0.3758 0.4670 0.7677 0.7677
   410     1     1 0.0001 0.1727 0.2651 0.7970 1.0000 0.4604 0.3758 0.4670 0.7677 0.7677
   411     1     0 0.0001 0.2031 0.3034 0.9424 1.0000 0.3866 0.2728 0.3261 0.5353 0.5353
   411     1     1 0.0001 0.2031 0.3034 0.9424 1.0000 0.3866 0.2728 0.3261 0.5353 0.5353
   412     1     0 0.0001 0.1730 0.2851 0.8926 1.0000 0.4321 0.3471 0.4401 0.7240 0.7240
   412     1     1 0.0001 0.1730 0.2851 0.8926 1.0000 0.4321 0.3471 0.4401 0.7240 0.7240
   413     1     0 0.0001 0.2014 0.3018 0.8628 1.0000 0.4446 0.3544 0.4480 0.7343 0.7343
   413     1     1 0.0001 0.2014 0.3018 0.8628 1.0000 0.4446 0.3544 0.4480 0.7343 0.7343
   414     1     0 0.0001 0.1750 0.2817 0.8668 1.0000 0.4409 0.3565 0.4495 0.7391 0.7391
   414     1     1 0.0001 0.1750 0.2817 0.8668 1.0000 0.4409 0.3565 0.4495 0.7391 0.7391
   415     1     0 0.0001 0.2131 0.3175 0.8548 1.0000 0.4394 0.3566 0.4401 0.7244 0.7244
   415     1     1 0.0001 0.2131 0.3175 0.8548 1.0000 0.4394 0.3566 0.4401 0.7244 0.7244
   416     1     0 0.0001 0.1689 0.2639 0.8406 1.0000 0.4406 0.3574 0.4384 0.7209 0.7209
   416     1     1 0.0001 0.1689 0.2639 0.8406 1.0000 0.4406 0.3574 0.4384 0.7209 0.7209
   417     1     0 0.0001 0.1215 0.2397 0.8913 1.0000 0.4416 0.3569 0.4611 0.7575 0.7575
   417     1     1 0.0001 0.1215 0.2397 0.8913 1.0000 0.4416 0.3569 0.4611 0.7575 0.7575
   418     1     0 0.0001 0.1486 0.2195 0.8302 1.0000 0.4412 0.3540 0.4428 0.7278 0.7278
   418     1     1 0.0001 0.1486 0.2195 0.8302 1.0000 0.4412 0.3540 0.4428 0.7278 0.7278
   419     1     0 0.0000 0.1005 0.1987 0.7437 1.0000 0.4434 0.3581 0.4342 0.7127 0.7127
   419     1     1 0.0000 0.1005 0.1987 0.7437 1.0000 0.4434 0.3581 0.4342 0.7127 0.7127
   420     1     0 0.0001 0.1458 0.2840 0.8770 1.0000 0.4403 0.3568 0.4540 0.7466 0.7466
   420     1     1 0.0001 0.1458 0.2840 0.8770 1.0000 0.4403 0.3568 0.4540 0.7466 0.7466
   421     1     0 0.0001 0.1536 0.2275 0.8951 1.0000 0.4076 0.3057 0.3663 0.6023 0.6023
   421     1     1 0.0001 0.1536 0.2275 0.8951 1.0000 0.4076 0.3057 0.3663 0.6023 0.6023
   422     1     0 0.0001 0.2213 0.3153 0.8587 1.0000 0.4374 0.3449 0.4239 0.6961 0.6961
   422     1     1 0.0001 0.2213 0.3153 0.8587 1.0000 0.4374 0.3449 0.4239 0.6961 0.6961
   423     1     0 0.0001 0.1678 0.2822 0.8108 1.0000 0.4431 0.3523 0.4197 0.6893 0.6893
   423     1     1 0.0001 0.1678 0.2822 0.8108 1.0000 0.4431 0.3523 0.4197 0.6893 0.6893
   424     1     0 0.0001 0.2216 0.3181 0.8642 1.0000 0.4440 0.3609 0.4543 0.7459 0.7459
   424     1     1 0.0001 0.2216 0.3181 0.8642 1.0000 0.4440 0.3609 0.4543 0.7459 0.7459
   425     1     0 0.0001 0.2318 0.3336 0.9065 1.0000 0.4103 0.3095 0.3780 0.6214 0.6214
   425     1     1 0.0001 0.2318 0.3336 0.9065 1.0000 0.4103 0.3095 0.3780 0.6214 0.6214
   426     1     0 0.0001 0.1416 0.2802 0.8693 1.0000 0.4419 0.3551 0.4466 0.7336 0.7336
   426     1     1 0.0001 0.1416 0.2802 0.8693 1.0000 0.4419 0.3551 0.4466 0.7336 0.7336
   427     1     0 0.0001 0.1692 0.2395 0.8728 1.0000 0.4404 0.3571 0.4505 0.7409 0.7409
   427     1     1 0.0001 0.1692 0.2395 0.8728 1.0000 0.4404 0.3571 0.4505 0.7409 0.7409
   428     1     0 0.0001 0.1300 0.2220 0.9206 1.0000 0.3991 0.2911 0.3512 0.5775 0.5775
   428     1     1 0.0001 0.1300 0.2220 0.9206 1.0000 0.3991 0.2911 0.3512 0.5775 0.5775
   429     1     0 0.0001 0.1407 0.2303 0.8857 1.0000 0.4315 0.3408 0.4274 0.7025 0.7025
   429     1     1 0.0001 0.1407 0.2303 0.8857 1.0000 0.4315 0.3408 0.4274 0.7025 0.7025
   430     1     0 0.0001 0.1278 0.2289 0.7871 1.0000 0.4419 0.3560 0.4390 0.7219 0.7219
   430     1     1 0.0001 0.1278 0.2289 0.7871 1.0000 0.4419 0.3560 0.4390 0.7219 0.7219
   431     1     0 0.0001 0.2111 0.3000 0.8495 1.0000 0.4414 0.3567 0.4395 0.7222 0.7222
   431     1     1 0.0001 0.2111 0.3000 0.8495 1.0000 0.4414 0.3567 0.4395 0.7222 0.7222
   432     1     0 0.0001 0.1468 0.2665 0.7723 1.0000 0.4446 0.3504 0.4333 0.7113 0.7113
   432     1     1 0.0001 0.1468 0.2665 0.7723 1.0000 0.4446 0.3504 0.4333 0.7113 0.7113
   433     1     0 0.0000 0.1179 0.2248 0.8280 1.0000 0.4411 0.3548 0.4347 0.7147 0.7147
   433     1     1 0.0000 0.1179 0.2248 0.8280 1.0000 0.4411 0.3548 0.4347 0.7147 0.7147
   434     1     0 0.0001 0.1858 0.2915 0.8863 1.0000 0.4606 0.3853 0.5020 0.8267 0.8267
   434     1     1 0.0001 0.1858 0.2915 0.8863 1.0000 0.4606 0.3853 0.5020 0.8267 0.8267
   435     1     0 0.0001 0.1537 0.2114 0.7899 1.0000 0.4591 0.3702 0.4493 0.7378 0.7378
   435     1     1 0.0001 0.1537 0.2114 0.7899 1.0000 0.4591 0.3702 0.4493 0.7378 0.7378
   436     1     0 0.0001 0.1964 0.2924 0.8164 1.0000 0.4159 0.3231 0.3811 0.6275 0.6275
   436     1     1 0.0001 0.1964 0.2924 0.8164 1.0000 0.4159 0.3231 0.3811 0.6275 0.6275
   437     1     0 0.0001 0.1778 0.2631 0.8432 1.0000 0.4504 0.3648 0.4518 0.7427 0.7427
   437     1     1 0.0001 0.1778 0.2631 0.8432 1.0000 0.4504 0.3648 0.4518 0.7427 0.7427
   438     1     0 0.0001 0.1868 0.2635 0.8513 1.0000 0.4404 0.3553 0.4463 0.7339 0.7339
   438     1     1 0.0001 0.1868 0.2635 0.8513 1.0000 0.4404 0.3553 0.4463 0.7339 0.7339
   439     1     0 0.0001 0.1553 0.3045 0.8610 1.0000 0.4365 0.3500 0.4314 0.7097 0.7097
   439     1     1 0.0001 0.1553 0.3045 0.8610 1.0000 0.4365 0.3500 0.4314 0.7097 0.7097
   440     1     0 0.0001 0.2260 0.3247 0.8752 1.0000 0.4396 0.3592 0.4551 0.7488 0.7488
   440     1     1 0.0001 0.2260 0.3247 0.8752 1.0000 0.4396 0.3592 0.4551 0.7488 0.7488
   441     1     0 0.0001 0.1454 0.2762 0.8422 1.0000 0.4398 0.3556 0.4464 0.7345 0.7345
   441     1     1 0.0001 0.1454 0.2762 0.8422 1.0000 0.4398 0.3556 0.4464 0.7345 0.7345
   442     1     0 0.0001 0.1333 0.2086 0.7973 1.0000 0.4443 0.3525 0.4246 0.6967 0.6967
   442     1     1 0.0001 0.1333 0.2086 0.7973 1.0000 0.4443 0.3525 0.4246 0.6967 0.6967
   443     1     0 0.0001 0.1489 0.3407 0.9284 1.0000 0.3768 0.2675 0.3074 0.5056 0.5056
   443     1     1 0.0001 0.1489 0.3407 0.9284 1.0000 0.3768 0.2675 0.3074 0.5056 0.5056
   444     1     0 0.0001 0.1730 0.2734 0.8321 1.0000 0.4318 0.3379 0.4092 0.6733 0.6733
   444     1     1 0.0001 0.1730 0.2734 0.8321 1.0000 0.4318 0.3379 0.4092 0.6733 0.6733
   445     1     0 0.0001 0.1419 0.2256 0.8483 1.0000 0.4427 0.3574 0.4471 0.7349 0.7349
   445     1     1 0.0001 0.1419 0.2256 0.8483 1.0000 0.4427 0.3574 0.4471 0.7349 0.7349
   446     1     0 0.0001 0.2068 0.2896 0.7849 1.0000 0.4461 0.3562 0.4298 0.7062 0.7062
   446     1     1 0.0001 0.2068 0.2896 0.7849 1.0000 0.4461 0.3562 0.4298 0.7062 0.7062
   447     1     0 0.0001 0.1348 0.1993 0.7463 1.0000 0.4748 0.3833 0.4747 0.7789 0.7789
   447     1     1 0.0001 0.1348 0.1993 0.7463 1.0000 0.4748 0.3833 0.4747 0.7789 0.7789
   448     1     0 0.0001 0.1557 0.3045 0.8276 1.0000 0.4427 0.3540 0.4319 0.7091 0.7091
   448     1     1 0.0001 0.1557 0.3045 0.8276 1.0000 0.4427 0.3540 0.4319 0.7091 0.7091
   449     1     0 0.0001 0.1947 0.3143 0.8554 1.0000 0.4428 0.3549 0.4418 0.7255 0.7255
   449     1     1 0.0001 0.1947 0.3143 0.8554 1.0000 0.4428 0.3549 0.4418 0.7255 0.7255
   450     1     0 0.0001 0.1494 0.2476 0.9114 1.0000 0.4152 0.3244 0.4047 0.6667 0.6667
   450     1     1 0.0001 0.1494 0.2476 0.9114 1.0000 0.4152 0.3244 0.4047 0.6667 0.6667
   451     1     0 0.0001 0.1384 0.2298 0.8595 1.0000 0.4387 0.3533 0.4373 0.7195 0.7195
   451     1     1 0.0001 0.1384 0.2298 0.8595 1.0000 0.4387 0.3533 0.4373 0.7195 0.7195
   452     1     0 0.0001 0.1611 0.2283 0.8522 1.0000 0.4401 0.3555 0.4467 0.7350 0.7350
   452     1     1 0.0001 0.1611 0.2283 0.8522 1.0000 0.4401 0.3555 0.4467 0.7350 0.7350
   453     1     0 0.0001 0.1729 0.2882 0.9021 1.0000 0.4406 0.3589 0.4688 0.7703 0.7703
   453     1     1 0.0001 0.1729 0.2882 0.9021 1.0000 0.4406 0.3589 0.4688 0.7703 0.7703
   454     1     0 0.0001 0.1291 0.2835 0.9170 1.0000 0.3796 0.2653 0.3035 0.4992 0.4992
   454     1     1 0.0001 0.1291 0.2835 0.9170 1.0000 0.3796 0.2653 0.3035 0.4992 0.4992
   455     1     0 0.0001 0.2285 0.3245 0.8769 1.0000 0.4402 0.3559 0.4511 0.7419 0.7419
   455     1     1 0.0001 0.2285 0.3245 0.8769 1.0000 0.4402 0.3559 0.4511 0.7419 0.7419
   456     1     0 0.0001 0.1941 0.2885 0.9039 1.0000 0.4280 0.3372 0.4284 0.7038 0.7038
   456     1     1 0.0001 0.1941 0.2885 0.9039 1.0000 0.4280 0.3372 0.4284 0.7038 0.7038
   457     1     0 0.0001 0.1240 0.2382 0.8905 1.0000 0.4407 0.3582 0.4615 0.7585 0.7585
   457     1     1 0.0001 0.1240 0.2382 0.8905 1.0000 0.4407 0.3582 0.4615 0.7585 0.7585
   458     1     0 0.0001 0.1711 0.2682 0.8524 1.0000 0.4403 0.3551 0.4384 0.7210 0.7210
   458     1     1 0.0001 0.1711 0.2682 0.8524 1.0000 0.4403 0.3551 0.4384 0.7210 0.7210
   459     1     0 0.0001 0.1633 0.2353 0.9371 1.0000 0.4023 0.3037 0.3771 0.6206 0.6206
   459     1     1 0.0001 0.1633 0.2353 0.9371 1.0000 0.4023 0.3037 0.3771 0.6206 0.6206
   460     1     0 0.0001 0.1364 0.2365 0.7418 1.0000 0.5010 0.4099 0.4968 0.8158 0.8158
   460     1     1 0.0001 0.1364 0.2365 0.7418 1.0000 0.5010 0.4099 0.4968 0.8158 0.8158
   461     1     0 0.0001 0.1544 0.2277 0.8258 1.0000 0.4610 0.3753 0.4589 0.7545 0.7545
   461     1     1 0.0001 0.1544 0.2277 0.8258 1.0000 0.4610 0.3753 0.4589 0.7545 0.7545
   462     1     0 0.0001 0.2004 0.2908 0.9301 1.0000 0.4054 0.3094 0.3841 0.6320 0.6320
   462     1     1 0.0001 0.2004 0.2908 0.9301 1.0000 0.4054 0.3094 0.3841 0.6320 0.6320
   463     1     0 0.0001 0.1680 0.3326 0.8963 1.0000 0.4201 0.3269 0.4050 0.6667 0.6667
   463     1     1 0.0001 0.1680 0.3326 0.8963 1.0000 0.4201 0.3269 0.4050 0.6667 0.6667
   464     1     0 0.0000 0.1185 0.2337 0.8846 1.0000 0.4417 0.3563 0.4565 0.7500 0.7500
   464     1     1 0.0000 0.1185 0.2337 0.8846 1.0000 0.4417 0.3563 0.4565 0.7500 0.7500
   465     1     0 0.0001 0.2094 0.2999 0.9351 1.0000 0.3893 0.2828 0.3390 0.5580 0.5580
   465     1     1 0.0001 0.2094 0.2999 0.9351 1.0000 0.3893 0.2828 0.3390 0.5580 0.5580
   466     1     0 0.0001 0.1224 0.2525 0.8300 1.0000 0.4148 0.3204 0.3813 0.6275 0.6275
   466     1     1 0.0001 0.1224 0.2525 0.8300 1.0000 0.4148 0.3204 0.3813 0.6275 0.6275
   467     1     0 0.0001 0.1813 0.2685 1.0000 0.8418 0.3836 0.3123 0.5207 0.8558 0.8558
   467     1     1 0.0001 0.1813 0.2685 1.0000 0.8418 0.3836 0.3123 0.5207 0.8558 0.8558
   468     1     0 0.0001 0.1161 0.2377 0.9360 1.0000 0.4009 0.3054 0.3774 0.6212 0.6212
   468     1     1 0.0001 0.1161 0.2377 0.9360 1.0000 0.4009 0.3054 0.3774 0.6212 0.6212
   469     1     0 0.0001 0.1447 0.2376 0.9406 1.0000 0.4084 0.3111 0.3926 0.6458 0.6458
   469     1     1 0.0001 0.1447 0.2376 0.9406 1.0000 0.4084 0.3111 0.3926 0.6458 0.6458
   470     1     0 0.0001 0.1647 0.2771 0.8381 1.0000 0.4403 0.3545 0.4381 0.7206 0.7206
   470     1     1 0.0001 0.1647 0.2771 0.8381 1.0000 0.4403 0.3545 0.4381 0.7206 0.7206
   471     1     0 0.0001 0.1306 0.2286 0.8194 1.0000 0.4395 0.3585 0.4479 0.7372 0.7372
   471     1     1 0.0001 0.1306 0.2286 0.8194 1.0000 0.4395 0.3585 0.4479 0.7372 0.7372
   472     1     0 0.0001 0.1580 0.2329 0.8743 1.0000 0.4333 0.3475 0.4324 0.7112 0.7112
   472     1     1 0.0001 0.1580 0.2329 0.8743 1.0000 0.4333 0.3475 0.4324 0.7112 0.7112
   473     1     0 0.0001 0.1692 0.3121 0.8896 1.0000 0.4534 0.3759 0.4827 0.7942 0.7942
   473     1     1 0.0001 0.1692 0.3121 0.8896 1.0000 0.4534 0.3759 0.4827 0.7942 0.7942
   474     1     0 0.0001 0.1529 0.2507 0.8989 1.0000 0.4394 0.3608 0.4690 0.7713 0.7713
   474     1     1 0.0001 0.1529 0.2507 0.8989 1.0000 0.4394 0.3608 0.4690 0.7713 0.7713
   475     1     0 0.0001 0.1827 0.2556 0.8347 1.0000 0.4485 0.3639 0.4560 0.7494 0.7494
   475     1     1 0.0001 0.1827 0.2556 0.8347 1.0000 0.4485 0.3639 0.4560 0.7494 0.7494
   476     1     0 0.0000 0.1193 0.2311 0.8777 1.0000 0.4418 0.3551 0.4513 0.7414 0.7414
   476     1     1 0.0000 0.1193 0.2311 0.8777 1.0000 0.4418 0.3551 0.4513 0.7414 0.7414
   477     1     0 0.0001 0.1173 0.2265 0.8570 1.0000 0.4419 0.3561 0.4412 0.7249 0.7249
   477     1     1 0.0001 0.1173 0.2265 0.8570 1.0000 0.4419 0.3561 0.4412 0.7249 0.7249
   478     1     0 0.0001 0.1840 0.2352 0.8666 1.0000 0.5020 0.4103 0.5306 0.8713 0.8713
   478     1     1 0.0001 0.1840 0.2352 0.8666 1.0000 0.5020 0.4103 0.5306 0.8713 0.8713
   479     1     0 0.0001 0.1504 0.2885 0.7799 1.0000 0.4565 0.3691 0.4579 0.7525 0.7525
   479     1     1 0.0001 0.1504 0.2885 0.7799 1.0000 0.4565 0.3691 0.4579 0.7525 0.7525
   480     1     0 0.0001 0.1178 0.2297 0.8492 1.0000 0.4410 0.3536 0.4369 0.7183 0.7183
   480     1     1 0.0001 0.1178 0.2297 0.8492 1.0000 0.4410 0.3536 0.4369 0.7183 0.7183
   481     1     0 0.0001 0.1823 0.2598 0.8403 1.0000 0.4448 0.3545 0.4399 0.7213 0.7213
   481     1     1 0.0001 0.1823 0.2598 0.8403 1.0000 0.4448 0.3545 0.4399 0.7213 0.7213
   482     1     0 0.0001 0.1938 0.2759 0.8573 1.0000 0.4433 0.3543 0.4411 0.7239 0.7239
   482     1     1 0.0001 0.1938 0.2759 0.8573 1.0000 0.4433 0.3543 0.4411 0.7239 0.7239
   483     1     0 0.0000 0.1139 0.2283 0.8744 1.0000 0.4273 0.3373 0.4135 0.6799 0.6799
   483     1     1 0.0000 0.1139 0.2283 0.8744 1.0000 0.4273 0.3373 0.4135 0.6799 0.6799
   484     1     0 0.0001 0.1316 0.2433 0.7369 1.0000 0.4655 0.3748 0.4621 0.7594 0.7594
   484     1     1 0.0001 0.1316 0.2433 0.7369 1.0000 0.4655 0.3748 0.4621 0.7594 0.7594
   485     1     0 0.0001 0.1499 0.2986 0.8533 1.0000 0.4405 0.3493 0.4282 0.7026 0.7026
   485     1     1 0.0001 0.1499 0.2986 0.8533 1.0000 0.4405 0.3493 0.4282 0.7026 0.7026
   486     1     0 0.0001 0.1895 0.3126 0.8843 1.0000 0.4382 0.3511 0.4460 0.7326 0.7326
   486     1     1 0.0001 0.1895 0.3126 0.8843 1.0000 0.4382 0.3511 0.4460 0.7326 0.7326
   487     1     0 0.0001 0.1109 0.2201 0.8488 1.0000 0.4433 0.3530 0.4380 0.7189 0.7189
   487     1     1 0.0001 0.1109 0.2201 0.8488 1.0000 0.4433 0.3530 0.4380 0.7189 0.7189
   488     1     0 0.0001 0.1506 0.2231 0.8879 1.0000 0.4145 0.3152 0.3804 0.6253 0.6253
   488     1     1 0.0001 0.1506 0.2231 0.8879 1.0000 0.4145 0.3152 0.3804 0.6253 0.6253
   489     1     0 0.0001 0.1466 0.2818 0.8549 1.0000 0.4412 0.3558 0.4401 0.7232 0.7232
   489     1     1 0.0001 0.1466 0.2818 0.8549 1.0000 0.4412 0.3558 0.4401 0.7232 0.7232
   490     1     0 0.0001 0.1551 0.2294 0.8650 1.0000 0.4410 0.3549 0.4493 0.7385 0.7385
   490     1     1 0.0001 0.1551 0.2294 0.8650 1.0000 0.4410 0.3549 0.4493 0.7385 0.7385
   491     1     0 0.0001 0.1917 0.2714 0.8398 1.0000 0.4424 0.3541 0.4422 0.7264 0.7264
   491     1     1 0.0001 0.1917 0.2714 0.8398 1.0000 0.4424 0.3541 0.4422 0.7264 0.7264
   492     1     0 0.0001 0.1248 0.1995 0.7638 1.0000 0.4442 0.3560 0.4411 0.7238 0.7238
   492     1     1 0.0001 0.1248 0.1995 0.7638 1.0000 0.4442 0.3560 0.4411 0.7238 0.7238
   493     1     0 0.0000 0.1029 0.2261 0.9413 1.0000 0.3876 0.2799 0.3361 0.5529 0.5529
   493     1     1 0.0000 0.1029 0.2261 0.9413 1.0000 0.3876 0.2799 0.3361 0.5529 0.5529
   494     1     0 0.0000 0.1215 0.2352 0.8433 1.0000 0.4390 0.3562 0.4474 0.7365 0.7365
   494     1     1 0.0000 0.1215 0.2352 0.8433 1.0000 0.4390 0.3562 0.4474 0.7365 0.7365
   495     1     0 0.0001 0.1709 0.2393 0.8072 1.0000 0.4467 0.3618 0.4508 0.7417 0.7417
   495     1     1 0.0001 0.1709 0.2393 0.8072 1.0000 0.4467 0.3618 0.4508 0.7417 0.7417
   496     1     0 0.0001 0.1585 0.2238 0.8693 1.0000 0.4189 0.3190 0.3859 0.6343 0.6343
   496     1     1 0.0001 0.1585 0.2238 0.8693 1.0000 0.4189 0.3190 0.3859 0.6343 0.6343
   497     1     0 0.0001 0.1897 0.2719 0.8621 1.0000 0.4463 0.3541 0.4431 0.7255 0.7255
   497     1     1 0.0001 0.1897 0.2719 0.8621 1.0000 0.4463 0.3541 0.4431 0.7255 0.7255
   498     1     0 0.0001 0.2181 0.3100 0.8415 1.0000 0.4422 0.3545 0.4360 0.7162 0.7162
   498     1     1 0.0001 0.2181 0.3100 0.8415 1.0000 0.4422 0.3545 0.4360 0.7162 0.7162
   499     1     0 0.0001 0.1967 0.2812 0.9033 1.0000 0.4191 0.3207 0.3985 0.6547 0.6547
   499     1     1 0.0001 0.1967 0.2812 0.9033 1.0000 0.4191 0.3207 0.3985 0.6547 0.6547
   500     1     0 0.0001 0.1371 0.2097 0.7828 1.0000 0.4564 0.3692 0.4558 0.7497 0.7497
   500     1     1 0.0001 0.1371 0.2097 0.7828 1.0000 0.4564 0.3692 0.4558 0.7497 0.7497
