  RUN# SR_TYPE   PARM 1         PARM 2         STD. DEV.    RHO          Last Residual
    0      6  0.17666D+07  0.00000D+00         0.5094         0.0000         0.0000
    1      6  0.17666D+07  0.00000D+00         0.5094         0.0000         0.0000
    2      6  0.17666D+07  0.00000D+00         0.5094         0.0000         0.0000
    3      6  0.17666D+07  0.00000D+00         0.5094         0.0000         0.0000
    4      6  0.17666D+07  0.00000D+00         0.5094         0.0000         0.0000
    5      6  0.17666D+07  0.00000D+00         0.5094         0.0000         0.0000
    6      6  0.17666D+07  0.00000D+00         0.5094         0.0000         0.0000
    7      6  0.17666D+07  0.00000D+00         0.5094         0.0000         0.0000
    8      6  0.17666D+07  0.00000D+00         0.5094         0.0000         0.0000
    9      6  0.17666D+07  0.00000D+00         0.5094         0.0000         0.0000
   10      6  0.17666D+07  0.00000D+00         0.5094         0.0000         0.0000
   11      6  0.17666D+07  0.00000D+00         0.5094         0.0000         0.0000
   12      6  0.17666D+07  0.00000D+00         0.5094         0.0000         0.0000
   13      6  0.17666D+07  0.00000D+00         0.5094         0.0000         0.0000
   14      6  0.17666D+07  0.00000D+00         0.5094         0.0000         0.0000
   15      6  0.17666D+07  0.00000D+00         0.5094         0.0000         0.0000
   16      6  0.17666D+07  0.00000D+00         0.5094         0.0000         0.0000
   17      6  0.17666D+07  0.00000D+00         0.5094         0.0000         0.0000
   18      6  0.17666D+07  0.00000D+00         0.5094         0.0000         0.0000
   19      6  0.17666D+07  0.00000D+00         0.5094         0.0000         0.0000
   20      6  0.17666D+07  0.00000D+00         0.5094         0.0000         0.0000
   21      6  0.17666D+07  0.00000D+00         0.5094         0.0000         0.0000
   22      6  0.17666D+07  0.00000D+00         0.5094         0.0000         0.0000
   23      6  0.17666D+07  0.00000D+00         0.5094         0.0000         0.0000
   24      6  0.17666D+07  0.00000D+00         0.5094         0.0000         0.0000
   25      6  0.17666D+07  0.00000D+00         0.5094         0.0000         0.0000
   26      6  0.17666D+07  0.00000D+00         0.5094         0.0000         0.0000
   27      6  0.17666D+07  0.00000D+00         0.5094         0.0000         0.0000
   28      6  0.17666D+07  0.00000D+00         0.5094         0.0000         0.0000
   29      6  0.17666D+07  0.00000D+00         0.5094         0.0000         0.0000
   30      6  0.17666D+07  0.00000D+00         0.5094         0.0000         0.0000
   31      6  0.17666D+07  0.00000D+00         0.5094         0.0000         0.0000
   32      6  0.17666D+07  0.00000D+00         0.5094         0.0000         0.0000
   33      6  0.17666D+07  0.00000D+00         0.5094         0.0000         0.0000
   34      6  0.17666D+07  0.00000D+00         0.5094         0.0000         0.0000
   35      6  0.17666D+07  0.00000D+00         0.5094         0.0000         0.0000
   36      6  0.17666D+07  0.00000D+00         0.5094         0.0000         0.0000
   37      6  0.17666D+07  0.00000D+00         0.5094         0.0000         0.0000
   38      6  0.17666D+07  0.00000D+00         0.5094         0.0000         0.0000
   39      6  0.17666D+07  0.00000D+00         0.5094         0.0000         0.0000
   40      6  0.17666D+07  0.00000D+00         0.5094         0.0000         0.0000
   41      6  0.17666D+07  0.00000D+00         0.5094         0.0000         0.0000
   42      6  0.17666D+07  0.00000D+00         0.5094         0.0000         0.0000
   43      6  0.17666D+07  0.00000D+00         0.5094         0.0000         0.0000
   44      6  0.17666D+07  0.00000D+00         0.5094         0.0000         0.0000
   45      6  0.17666D+07  0.00000D+00         0.5094         0.0000         0.0000
   46      6  0.17666D+07  0.00000D+00         0.5094         0.0000         0.0000
   47      6  0.17666D+07  0.00000D+00         0.5094         0.0000         0.0000
   48      6  0.17666D+07  0.00000D+00         0.5094         0.0000         0.0000
   49      6  0.17666D+07  0.00000D+00         0.5094         0.0000         0.0000
   50      6  0.17666D+07  0.00000D+00         0.5094         0.0000         0.0000
   51      6  0.17666D+07  0.00000D+00         0.5094         0.0000         0.0000
   52      6  0.17666D+07  0.00000D+00         0.5094         0.0000         0.0000
   53      6  0.17666D+07  0.00000D+00         0.5094         0.0000         0.0000
   54      6  0.17666D+07  0.00000D+00         0.5094         0.0000         0.0000
   55      6  0.17666D+07  0.00000D+00         0.5094         0.0000         0.0000
   56      6  0.17666D+07  0.00000D+00         0.5094         0.0000         0.0000
   57      6  0.17666D+07  0.00000D+00         0.5094         0.0000         0.0000
   58      6  0.17666D+07  0.00000D+00         0.5094         0.0000         0.0000
   59      6  0.17666D+07  0.00000D+00         0.5094         0.0000         0.0000
   60      6  0.17666D+07  0.00000D+00         0.5094         0.0000         0.0000
   61      6  0.17666D+07  0.00000D+00         0.5094         0.0000         0.0000
   62      6  0.17666D+07  0.00000D+00         0.5094         0.0000         0.0000
   63      6  0.17666D+07  0.00000D+00         0.5094         0.0000         0.0000
   64      6  0.17666D+07  0.00000D+00         0.5094         0.0000         0.0000
   65      6  0.17666D+07  0.00000D+00         0.5094         0.0000         0.0000
   66      6  0.17666D+07  0.00000D+00         0.5094         0.0000         0.0000
   67      6  0.17666D+07  0.00000D+00         0.5094         0.0000         0.0000
   68      6  0.17666D+07  0.00000D+00         0.5094         0.0000         0.0000
   69      6  0.17666D+07  0.00000D+00         0.5094         0.0000         0.0000
   70      6  0.17666D+07  0.00000D+00         0.5094         0.0000         0.0000
   71      6  0.17666D+07  0.00000D+00         0.5094         0.0000         0.0000
   72      6  0.17666D+07  0.00000D+00         0.5094         0.0000         0.0000
   73      6  0.17666D+07  0.00000D+00         0.5094         0.0000         0.0000
   74      6  0.17666D+07  0.00000D+00         0.5094         0.0000         0.0000
   75      6  0.17666D+07  0.00000D+00         0.5094         0.0000         0.0000
   76      6  0.17666D+07  0.00000D+00         0.5094         0.0000         0.0000
   77      6  0.17666D+07  0.00000D+00         0.5094         0.0000         0.0000
   78      6  0.17666D+07  0.00000D+00         0.5094         0.0000         0.0000
   79      6  0.17666D+07  0.00000D+00         0.5094         0.0000         0.0000
   80      6  0.17666D+07  0.00000D+00         0.5094         0.0000         0.0000
   81      6  0.17666D+07  0.00000D+00         0.5094         0.0000         0.0000
   82      6  0.17666D+07  0.00000D+00         0.5094         0.0000         0.0000
   83      6  0.17666D+07  0.00000D+00         0.5094         0.0000         0.0000
   84      6  0.17666D+07  0.00000D+00         0.5094         0.0000         0.0000
   85      6  0.17666D+07  0.00000D+00         0.5094         0.0000         0.0000
   86      6  0.17666D+07  0.00000D+00         0.5094         0.0000         0.0000
   87      6  0.17666D+07  0.00000D+00         0.5094         0.0000         0.0000
   88      6  0.17666D+07  0.00000D+00         0.5094         0.0000         0.0000
   89      6  0.17666D+07  0.00000D+00         0.5094         0.0000         0.0000
   90      6  0.17666D+07  0.00000D+00         0.5094         0.0000         0.0000
   91      6  0.17666D+07  0.00000D+00         0.5094         0.0000         0.0000
   92      6  0.17666D+07  0.00000D+00         0.5094         0.0000         0.0000
   93      6  0.17666D+07  0.00000D+00         0.5094         0.0000         0.0000
   94      6  0.17666D+07  0.00000D+00         0.5094         0.0000         0.0000
   95      6  0.17666D+07  0.00000D+00         0.5094         0.0000         0.0000
   96      6  0.17666D+07  0.00000D+00         0.5094         0.0000         0.0000
   97      6  0.17666D+07  0.00000D+00         0.5094         0.0000         0.0000
   98      6  0.17666D+07  0.00000D+00         0.5094         0.0000         0.0000
   99      6  0.17666D+07  0.00000D+00         0.5094         0.0000         0.0000
  100      6  0.17666D+07  0.00000D+00         0.5094         0.0000         0.0000
  101      6  0.17666D+07  0.00000D+00         0.5094         0.0000         0.0000
  102      6  0.17666D+07  0.00000D+00         0.5094         0.0000         0.0000
  103      6  0.17666D+07  0.00000D+00         0.5094         0.0000         0.0000
  104      6  0.17666D+07  0.00000D+00         0.5094         0.0000         0.0000
  105      6  0.17666D+07  0.00000D+00         0.5094         0.0000         0.0000
  106      6  0.17666D+07  0.00000D+00         0.5094         0.0000         0.0000
  107      6  0.17666D+07  0.00000D+00         0.5094         0.0000         0.0000
  108      6  0.17666D+07  0.00000D+00         0.5094         0.0000         0.0000
  109      6  0.17666D+07  0.00000D+00         0.5094         0.0000         0.0000
  110      6  0.17666D+07  0.00000D+00         0.5094         0.0000         0.0000
  111      6  0.17666D+07  0.00000D+00         0.5094         0.0000         0.0000
  112      6  0.17666D+07  0.00000D+00         0.5094         0.0000         0.0000
  113      6  0.17666D+07  0.00000D+00         0.5094         0.0000         0.0000
  114      6  0.17666D+07  0.00000D+00         0.5094         0.0000         0.0000
  115      6  0.17666D+07  0.00000D+00         0.5094         0.0000         0.0000
  116      6  0.17666D+07  0.00000D+00         0.5094         0.0000         0.0000
  117      6  0.17666D+07  0.00000D+00         0.5094         0.0000         0.0000
  118      6  0.17666D+07  0.00000D+00         0.5094         0.0000         0.0000
  119      6  0.17666D+07  0.00000D+00         0.5094         0.0000         0.0000
  120      6  0.17666D+07  0.00000D+00         0.5094         0.0000         0.0000
  121      6  0.17666D+07  0.00000D+00         0.5094         0.0000         0.0000
  122      6  0.17666D+07  0.00000D+00         0.5094         0.0000         0.0000
  123      6  0.17666D+07  0.00000D+00         0.5094         0.0000         0.0000
  124      6  0.17666D+07  0.00000D+00         0.5094         0.0000         0.0000
  125      6  0.17666D+07  0.00000D+00         0.5094         0.0000         0.0000
  126      6  0.17666D+07  0.00000D+00         0.5094         0.0000         0.0000
  127      6  0.17666D+07  0.00000D+00         0.5094         0.0000         0.0000
  128      6  0.17666D+07  0.00000D+00         0.5094         0.0000         0.0000
  129      6  0.17666D+07  0.00000D+00         0.5094         0.0000         0.0000
  130      6  0.17666D+07  0.00000D+00         0.5094         0.0000         0.0000
  131      6  0.17666D+07  0.00000D+00         0.5094         0.0000         0.0000
  132      6  0.17666D+07  0.00000D+00         0.5094         0.0000         0.0000
  133      6  0.17666D+07  0.00000D+00         0.5094         0.0000         0.0000
  134      6  0.17666D+07  0.00000D+00         0.5094         0.0000         0.0000
  135      6  0.17666D+07  0.00000D+00         0.5094         0.0000         0.0000
  136      6  0.17666D+07  0.00000D+00         0.5094         0.0000         0.0000
  137      6  0.17666D+07  0.00000D+00         0.5094         0.0000         0.0000
  138      6  0.17666D+07  0.00000D+00         0.5094         0.0000         0.0000
  139      6  0.17666D+07  0.00000D+00         0.5094         0.0000         0.0000
  140      6  0.17666D+07  0.00000D+00         0.5094         0.0000         0.0000
  141      6  0.17666D+07  0.00000D+00         0.5094         0.0000         0.0000
  142      6  0.17666D+07  0.00000D+00         0.5094         0.0000         0.0000
  143      6  0.17666D+07  0.00000D+00         0.5094         0.0000         0.0000
  144      6  0.17666D+07  0.00000D+00         0.5094         0.0000         0.0000
  145      6  0.17666D+07  0.00000D+00         0.5094         0.0000         0.0000
  146      6  0.17666D+07  0.00000D+00         0.5094         0.0000         0.0000
  147      6  0.17666D+07  0.00000D+00         0.5094         0.0000         0.0000
  148      6  0.17666D+07  0.00000D+00         0.5094         0.0000         0.0000
  149      6  0.17666D+07  0.00000D+00         0.5094         0.0000         0.0000
  150      6  0.17666D+07  0.00000D+00         0.5094         0.0000         0.0000
  151      6  0.17666D+07  0.00000D+00         0.5094         0.0000         0.0000
  152      6  0.17666D+07  0.00000D+00         0.5094         0.0000         0.0000
  153      6  0.17666D+07  0.00000D+00         0.5094         0.0000         0.0000
  154      6  0.17666D+07  0.00000D+00         0.5094         0.0000         0.0000
  155      6  0.17666D+07  0.00000D+00         0.5094         0.0000         0.0000
  156      6  0.17666D+07  0.00000D+00         0.5094         0.0000         0.0000
  157      6  0.17666D+07  0.00000D+00         0.5094         0.0000         0.0000
  158      6  0.17666D+07  0.00000D+00         0.5094         0.0000         0.0000
  159      6  0.17666D+07  0.00000D+00         0.5094         0.0000         0.0000
  160      6  0.17666D+07  0.00000D+00         0.5094         0.0000         0.0000
  161      6  0.17666D+07  0.00000D+00         0.5094         0.0000         0.0000
  162      6  0.17666D+07  0.00000D+00         0.5094         0.0000         0.0000
  163      6  0.17666D+07  0.00000D+00         0.5094         0.0000         0.0000
  164      6  0.17666D+07  0.00000D+00         0.5094         0.0000         0.0000
  165      6  0.17666D+07  0.00000D+00         0.5094         0.0000         0.0000
  166      6  0.17666D+07  0.00000D+00         0.5094         0.0000         0.0000
  167      6  0.17666D+07  0.00000D+00         0.5094         0.0000         0.0000
  168      6  0.17666D+07  0.00000D+00         0.5094         0.0000         0.0000
  169      6  0.17666D+07  0.00000D+00         0.5094         0.0000         0.0000
  170      6  0.17666D+07  0.00000D+00         0.5094         0.0000         0.0000
  171      6  0.17666D+07  0.00000D+00         0.5094         0.0000         0.0000
  172      6  0.17666D+07  0.00000D+00         0.5094         0.0000         0.0000
  173      6  0.17666D+07  0.00000D+00         0.5094         0.0000         0.0000
  174      6  0.17666D+07  0.00000D+00         0.5094         0.0000         0.0000
  175      6  0.17666D+07  0.00000D+00         0.5094         0.0000         0.0000
  176      6  0.17666D+07  0.00000D+00         0.5094         0.0000         0.0000
  177      6  0.17666D+07  0.00000D+00         0.5094         0.0000         0.0000
  178      6  0.17666D+07  0.00000D+00         0.5094         0.0000         0.0000
  179      6  0.17666D+07  0.00000D+00         0.5094         0.0000         0.0000
  180      6  0.17666D+07  0.00000D+00         0.5094         0.0000         0.0000
  181      6  0.17666D+07  0.00000D+00         0.5094         0.0000         0.0000
  182      6  0.17666D+07  0.00000D+00         0.5094         0.0000         0.0000
  183      6  0.17666D+07  0.00000D+00         0.5094         0.0000         0.0000
  184      6  0.17666D+07  0.00000D+00         0.5094         0.0000         0.0000
  185      6  0.17666D+07  0.00000D+00         0.5094         0.0000         0.0000
  186      6  0.17666D+07  0.00000D+00         0.5094         0.0000         0.0000
  187      6  0.17666D+07  0.00000D+00         0.5094         0.0000         0.0000
  188      6  0.17666D+07  0.00000D+00         0.5094         0.0000         0.0000
  189      6  0.17666D+07  0.00000D+00         0.5094         0.0000         0.0000
  190      6  0.17666D+07  0.00000D+00         0.5094         0.0000         0.0000
  191      6  0.17666D+07  0.00000D+00         0.5094         0.0000         0.0000
  192      6  0.17666D+07  0.00000D+00         0.5094         0.0000         0.0000
  193      6  0.17666D+07  0.00000D+00         0.5094         0.0000         0.0000
  194      6  0.17666D+07  0.00000D+00         0.5094         0.0000         0.0000
  195      6  0.17666D+07  0.00000D+00         0.5094         0.0000         0.0000
  196      6  0.17666D+07  0.00000D+00         0.5094         0.0000         0.0000
  197      6  0.17666D+07  0.00000D+00         0.5094         0.0000         0.0000
  198      6  0.17666D+07  0.00000D+00         0.5094         0.0000         0.0000
  199      6  0.17666D+07  0.00000D+00         0.5094         0.0000         0.0000
  200      6  0.17666D+07  0.00000D+00         0.5094         0.0000         0.0000
  201      6  0.17666D+07  0.00000D+00         0.5094         0.0000         0.0000
  202      6  0.17666D+07  0.00000D+00         0.5094         0.0000         0.0000
  203      6  0.17666D+07  0.00000D+00         0.5094         0.0000         0.0000
  204      6  0.17666D+07  0.00000D+00         0.5094         0.0000         0.0000
  205      6  0.17666D+07  0.00000D+00         0.5094         0.0000         0.0000
  206      6  0.17666D+07  0.00000D+00         0.5094         0.0000         0.0000
  207      6  0.17666D+07  0.00000D+00         0.5094         0.0000         0.0000
  208      6  0.17666D+07  0.00000D+00         0.5094         0.0000         0.0000
  209      6  0.17666D+07  0.00000D+00         0.5094         0.0000         0.0000
  210      6  0.17666D+07  0.00000D+00         0.5094         0.0000         0.0000
  211      6  0.17666D+07  0.00000D+00         0.5094         0.0000         0.0000
  212      6  0.17666D+07  0.00000D+00         0.5094         0.0000         0.0000
  213      6  0.17666D+07  0.00000D+00         0.5094         0.0000         0.0000
  214      6  0.17666D+07  0.00000D+00         0.5094         0.0000         0.0000
  215      6  0.17666D+07  0.00000D+00         0.5094         0.0000         0.0000
  216      6  0.17666D+07  0.00000D+00         0.5094         0.0000         0.0000
  217      6  0.17666D+07  0.00000D+00         0.5094         0.0000         0.0000
  218      6  0.17666D+07  0.00000D+00         0.5094         0.0000         0.0000
  219      6  0.17666D+07  0.00000D+00         0.5094         0.0000         0.0000
  220      6  0.17666D+07  0.00000D+00         0.5094         0.0000         0.0000
  221      6  0.17666D+07  0.00000D+00         0.5094         0.0000         0.0000
  222      6  0.17666D+07  0.00000D+00         0.5094         0.0000         0.0000
  223      6  0.17666D+07  0.00000D+00         0.5094         0.0000         0.0000
  224      6  0.17666D+07  0.00000D+00         0.5094         0.0000         0.0000
  225      6  0.17666D+07  0.00000D+00         0.5094         0.0000         0.0000
  226      6  0.17666D+07  0.00000D+00         0.5094         0.0000         0.0000
  227      6  0.17666D+07  0.00000D+00         0.5094         0.0000         0.0000
  228      6  0.17666D+07  0.00000D+00         0.5094         0.0000         0.0000
  229      6  0.17666D+07  0.00000D+00         0.5094         0.0000         0.0000
  230      6  0.17666D+07  0.00000D+00         0.5094         0.0000         0.0000
  231      6  0.17666D+07  0.00000D+00         0.5094         0.0000         0.0000
  232      6  0.17666D+07  0.00000D+00         0.5094         0.0000         0.0000
  233      6  0.17666D+07  0.00000D+00         0.5094         0.0000         0.0000
  234      6  0.17666D+07  0.00000D+00         0.5094         0.0000         0.0000
  235      6  0.17666D+07  0.00000D+00         0.5094         0.0000         0.0000
  236      6  0.17666D+07  0.00000D+00         0.5094         0.0000         0.0000
  237      6  0.17666D+07  0.00000D+00         0.5094         0.0000         0.0000
  238      6  0.17666D+07  0.00000D+00         0.5094         0.0000         0.0000
  239      6  0.17666D+07  0.00000D+00         0.5094         0.0000         0.0000
  240      6  0.17666D+07  0.00000D+00         0.5094         0.0000         0.0000
  241      6  0.17666D+07  0.00000D+00         0.5094         0.0000         0.0000
  242      6  0.17666D+07  0.00000D+00         0.5094         0.0000         0.0000
  243      6  0.17666D+07  0.00000D+00         0.5094         0.0000         0.0000
  244      6  0.17666D+07  0.00000D+00         0.5094         0.0000         0.0000
  245      6  0.17666D+07  0.00000D+00         0.5094         0.0000         0.0000
  246      6  0.17666D+07  0.00000D+00         0.5094         0.0000         0.0000
  247      6  0.17666D+07  0.00000D+00         0.5094         0.0000         0.0000
  248      6  0.17666D+07  0.00000D+00         0.5094         0.0000         0.0000
  249      6  0.17666D+07  0.00000D+00         0.5094         0.0000         0.0000
  250      6  0.17666D+07  0.00000D+00         0.5094         0.0000         0.0000
  251      6  0.17666D+07  0.00000D+00         0.5094         0.0000         0.0000
  252      6  0.17666D+07  0.00000D+00         0.5094         0.0000         0.0000
  253      6  0.17666D+07  0.00000D+00         0.5094         0.0000         0.0000
  254      6  0.17666D+07  0.00000D+00         0.5094         0.0000         0.0000
  255      6  0.17666D+07  0.00000D+00         0.5094         0.0000         0.0000
  256      6  0.17666D+07  0.00000D+00         0.5094         0.0000         0.0000
  257      6  0.17666D+07  0.00000D+00         0.5094         0.0000         0.0000
  258      6  0.17666D+07  0.00000D+00         0.5094         0.0000         0.0000
  259      6  0.17666D+07  0.00000D+00         0.5094         0.0000         0.0000
  260      6  0.17666D+07  0.00000D+00         0.5094         0.0000         0.0000
  261      6  0.17666D+07  0.00000D+00         0.5094         0.0000         0.0000
  262      6  0.17666D+07  0.00000D+00         0.5094         0.0000         0.0000
  263      6  0.17666D+07  0.00000D+00         0.5094         0.0000         0.0000
  264      6  0.17666D+07  0.00000D+00         0.5094         0.0000         0.0000
  265      6  0.17666D+07  0.00000D+00         0.5094         0.0000         0.0000
  266      6  0.17666D+07  0.00000D+00         0.5094         0.0000         0.0000
  267      6  0.17666D+07  0.00000D+00         0.5094         0.0000         0.0000
  268      6  0.17666D+07  0.00000D+00         0.5094         0.0000         0.0000
  269      6  0.17666D+07  0.00000D+00         0.5094         0.0000         0.0000
  270      6  0.17666D+07  0.00000D+00         0.5094         0.0000         0.0000
  271      6  0.17666D+07  0.00000D+00         0.5094         0.0000         0.0000
  272      6  0.17666D+07  0.00000D+00         0.5094         0.0000         0.0000
  273      6  0.17666D+07  0.00000D+00         0.5094         0.0000         0.0000
  274      6  0.17666D+07  0.00000D+00         0.5094         0.0000         0.0000
  275      6  0.17666D+07  0.00000D+00         0.5094         0.0000         0.0000
  276      6  0.17666D+07  0.00000D+00         0.5094         0.0000         0.0000
  277      6  0.17666D+07  0.00000D+00         0.5094         0.0000         0.0000
  278      6  0.17666D+07  0.00000D+00         0.5094         0.0000         0.0000
  279      6  0.17666D+07  0.00000D+00         0.5094         0.0000         0.0000
  280      6  0.17666D+07  0.00000D+00         0.5094         0.0000         0.0000
  281      6  0.17666D+07  0.00000D+00         0.5094         0.0000         0.0000
  282      6  0.17666D+07  0.00000D+00         0.5094         0.0000         0.0000
  283      6  0.17666D+07  0.00000D+00         0.5094         0.0000         0.0000
  284      6  0.17666D+07  0.00000D+00         0.5094         0.0000         0.0000
  285      6  0.17666D+07  0.00000D+00         0.5094         0.0000         0.0000
  286      6  0.17666D+07  0.00000D+00         0.5094         0.0000         0.0000
  287      6  0.17666D+07  0.00000D+00         0.5094         0.0000         0.0000
  288      6  0.17666D+07  0.00000D+00         0.5094         0.0000         0.0000
  289      6  0.17666D+07  0.00000D+00         0.5094         0.0000         0.0000
  290      6  0.17666D+07  0.00000D+00         0.5094         0.0000         0.0000
  291      6  0.17666D+07  0.00000D+00         0.5094         0.0000         0.0000
  292      6  0.17666D+07  0.00000D+00         0.5094         0.0000         0.0000
  293      6  0.17666D+07  0.00000D+00         0.5094         0.0000         0.0000
  294      6  0.17666D+07  0.00000D+00         0.5094         0.0000         0.0000
  295      6  0.17666D+07  0.00000D+00         0.5094         0.0000         0.0000
  296      6  0.17666D+07  0.00000D+00         0.5094         0.0000         0.0000
  297      6  0.17666D+07  0.00000D+00         0.5094         0.0000         0.0000
  298      6  0.17666D+07  0.00000D+00         0.5094         0.0000         0.0000
  299      6  0.17666D+07  0.00000D+00         0.5094         0.0000         0.0000
  300      6  0.17666D+07  0.00000D+00         0.5094         0.0000         0.0000
  301      6  0.17666D+07  0.00000D+00         0.5094         0.0000         0.0000
  302      6  0.17666D+07  0.00000D+00         0.5094         0.0000         0.0000
  303      6  0.17666D+07  0.00000D+00         0.5094         0.0000         0.0000
  304      6  0.17666D+07  0.00000D+00         0.5094         0.0000         0.0000
  305      6  0.17666D+07  0.00000D+00         0.5094         0.0000         0.0000
  306      6  0.17666D+07  0.00000D+00         0.5094         0.0000         0.0000
  307      6  0.17666D+07  0.00000D+00         0.5094         0.0000         0.0000
  308      6  0.17666D+07  0.00000D+00         0.5094         0.0000         0.0000
  309      6  0.17666D+07  0.00000D+00         0.5094         0.0000         0.0000
  310      6  0.17666D+07  0.00000D+00         0.5094         0.0000         0.0000
  311      6  0.17666D+07  0.00000D+00         0.5094         0.0000         0.0000
  312      6  0.17666D+07  0.00000D+00         0.5094         0.0000         0.0000
  313      6  0.17666D+07  0.00000D+00         0.5094         0.0000         0.0000
  314      6  0.17666D+07  0.00000D+00         0.5094         0.0000         0.0000
  315      6  0.17666D+07  0.00000D+00         0.5094         0.0000         0.0000
  316      6  0.17666D+07  0.00000D+00         0.5094         0.0000         0.0000
  317      6  0.17666D+07  0.00000D+00         0.5094         0.0000         0.0000
  318      6  0.17666D+07  0.00000D+00         0.5094         0.0000         0.0000
  319      6  0.17666D+07  0.00000D+00         0.5094         0.0000         0.0000
  320      6  0.17666D+07  0.00000D+00         0.5094         0.0000         0.0000
  321      6  0.17666D+07  0.00000D+00         0.5094         0.0000         0.0000
  322      6  0.17666D+07  0.00000D+00         0.5094         0.0000         0.0000
  323      6  0.17666D+07  0.00000D+00         0.5094         0.0000         0.0000
  324      6  0.17666D+07  0.00000D+00         0.5094         0.0000         0.0000
  325      6  0.17666D+07  0.00000D+00         0.5094         0.0000         0.0000
  326      6  0.17666D+07  0.00000D+00         0.5094         0.0000         0.0000
  327      6  0.17666D+07  0.00000D+00         0.5094         0.0000         0.0000
  328      6  0.17666D+07  0.00000D+00         0.5094         0.0000         0.0000
  329      6  0.17666D+07  0.00000D+00         0.5094         0.0000         0.0000
  330      6  0.17666D+07  0.00000D+00         0.5094         0.0000         0.0000
  331      6  0.17666D+07  0.00000D+00         0.5094         0.0000         0.0000
  332      6  0.17666D+07  0.00000D+00         0.5094         0.0000         0.0000
  333      6  0.17666D+07  0.00000D+00         0.5094         0.0000         0.0000
  334      6  0.17666D+07  0.00000D+00         0.5094         0.0000         0.0000
  335      6  0.17666D+07  0.00000D+00         0.5094         0.0000         0.0000
  336      6  0.17666D+07  0.00000D+00         0.5094         0.0000         0.0000
  337      6  0.17666D+07  0.00000D+00         0.5094         0.0000         0.0000
  338      6  0.17666D+07  0.00000D+00         0.5094         0.0000         0.0000
  339      6  0.17666D+07  0.00000D+00         0.5094         0.0000         0.0000
  340      6  0.17666D+07  0.00000D+00         0.5094         0.0000         0.0000
  341      6  0.17666D+07  0.00000D+00         0.5094         0.0000         0.0000
  342      6  0.17666D+07  0.00000D+00         0.5094         0.0000         0.0000
  343      6  0.17666D+07  0.00000D+00         0.5094         0.0000         0.0000
  344      6  0.17666D+07  0.00000D+00         0.5094         0.0000         0.0000
  345      6  0.17666D+07  0.00000D+00         0.5094         0.0000         0.0000
  346      6  0.17666D+07  0.00000D+00         0.5094         0.0000         0.0000
  347      6  0.17666D+07  0.00000D+00         0.5094         0.0000         0.0000
  348      6  0.17666D+07  0.00000D+00         0.5094         0.0000         0.0000
  349      6  0.17666D+07  0.00000D+00         0.5094         0.0000         0.0000
  350      6  0.17666D+07  0.00000D+00         0.5094         0.0000         0.0000
  351      6  0.17666D+07  0.00000D+00         0.5094         0.0000         0.0000
  352      6  0.17666D+07  0.00000D+00         0.5094         0.0000         0.0000
  353      6  0.17666D+07  0.00000D+00         0.5094         0.0000         0.0000
  354      6  0.17666D+07  0.00000D+00         0.5094         0.0000         0.0000
  355      6  0.17666D+07  0.00000D+00         0.5094         0.0000         0.0000
  356      6  0.17666D+07  0.00000D+00         0.5094         0.0000         0.0000
  357      6  0.17666D+07  0.00000D+00         0.5094         0.0000         0.0000
  358      6  0.17666D+07  0.00000D+00         0.5094         0.0000         0.0000
  359      6  0.17666D+07  0.00000D+00         0.5094         0.0000         0.0000
  360      6  0.17666D+07  0.00000D+00         0.5094         0.0000         0.0000
  361      6  0.17666D+07  0.00000D+00         0.5094         0.0000         0.0000
  362      6  0.17666D+07  0.00000D+00         0.5094         0.0000         0.0000
  363      6  0.17666D+07  0.00000D+00         0.5094         0.0000         0.0000
  364      6  0.17666D+07  0.00000D+00         0.5094         0.0000         0.0000
  365      6  0.17666D+07  0.00000D+00         0.5094         0.0000         0.0000
  366      6  0.17666D+07  0.00000D+00         0.5094         0.0000         0.0000
  367      6  0.17666D+07  0.00000D+00         0.5094         0.0000         0.0000
  368      6  0.17666D+07  0.00000D+00         0.5094         0.0000         0.0000
  369      6  0.17666D+07  0.00000D+00         0.5094         0.0000         0.0000
  370      6  0.17666D+07  0.00000D+00         0.5094         0.0000         0.0000
  371      6  0.17666D+07  0.00000D+00         0.5094         0.0000         0.0000
  372      6  0.17666D+07  0.00000D+00         0.5094         0.0000         0.0000
  373      6  0.17666D+07  0.00000D+00         0.5094         0.0000         0.0000
  374      6  0.17666D+07  0.00000D+00         0.5094         0.0000         0.0000
  375      6  0.17666D+07  0.00000D+00         0.5094         0.0000         0.0000
  376      6  0.17666D+07  0.00000D+00         0.5094         0.0000         0.0000
  377      6  0.17666D+07  0.00000D+00         0.5094         0.0000         0.0000
  378      6  0.17666D+07  0.00000D+00         0.5094         0.0000         0.0000
  379      6  0.17666D+07  0.00000D+00         0.5094         0.0000         0.0000
  380      6  0.17666D+07  0.00000D+00         0.5094         0.0000         0.0000
  381      6  0.17666D+07  0.00000D+00         0.5094         0.0000         0.0000
  382      6  0.17666D+07  0.00000D+00         0.5094         0.0000         0.0000
  383      6  0.17666D+07  0.00000D+00         0.5094         0.0000         0.0000
  384      6  0.17666D+07  0.00000D+00         0.5094         0.0000         0.0000
  385      6  0.17666D+07  0.00000D+00         0.5094         0.0000         0.0000
  386      6  0.17666D+07  0.00000D+00         0.5094         0.0000         0.0000
  387      6  0.17666D+07  0.00000D+00         0.5094         0.0000         0.0000
  388      6  0.17666D+07  0.00000D+00         0.5094         0.0000         0.0000
  389      6  0.17666D+07  0.00000D+00         0.5094         0.0000         0.0000
  390      6  0.17666D+07  0.00000D+00         0.5094         0.0000         0.0000
  391      6  0.17666D+07  0.00000D+00         0.5094         0.0000         0.0000
  392      6  0.17666D+07  0.00000D+00         0.5094         0.0000         0.0000
  393      6  0.17666D+07  0.00000D+00         0.5094         0.0000         0.0000
  394      6  0.17666D+07  0.00000D+00         0.5094         0.0000         0.0000
  395      6  0.17666D+07  0.00000D+00         0.5094         0.0000         0.0000
  396      6  0.17666D+07  0.00000D+00         0.5094         0.0000         0.0000
  397      6  0.17666D+07  0.00000D+00         0.5094         0.0000         0.0000
  398      6  0.17666D+07  0.00000D+00         0.5094         0.0000         0.0000
  399      6  0.17666D+07  0.00000D+00         0.5094         0.0000         0.0000
  400      6  0.17666D+07  0.00000D+00         0.5094         0.0000         0.0000
  401      6  0.17666D+07  0.00000D+00         0.5094         0.0000         0.0000
  402      6  0.17666D+07  0.00000D+00         0.5094         0.0000         0.0000
  403      6  0.17666D+07  0.00000D+00         0.5094         0.0000         0.0000
  404      6  0.17666D+07  0.00000D+00         0.5094         0.0000         0.0000
  405      6  0.17666D+07  0.00000D+00         0.5094         0.0000         0.0000
  406      6  0.17666D+07  0.00000D+00         0.5094         0.0000         0.0000
  407      6  0.17666D+07  0.00000D+00         0.5094         0.0000         0.0000
  408      6  0.17666D+07  0.00000D+00         0.5094         0.0000         0.0000
  409      6  0.17666D+07  0.00000D+00         0.5094         0.0000         0.0000
  410      6  0.17666D+07  0.00000D+00         0.5094         0.0000         0.0000
  411      6  0.17666D+07  0.00000D+00         0.5094         0.0000         0.0000
  412      6  0.17666D+07  0.00000D+00         0.5094         0.0000         0.0000
  413      6  0.17666D+07  0.00000D+00         0.5094         0.0000         0.0000
  414      6  0.17666D+07  0.00000D+00         0.5094         0.0000         0.0000
  415      6  0.17666D+07  0.00000D+00         0.5094         0.0000         0.0000
  416      6  0.17666D+07  0.00000D+00         0.5094         0.0000         0.0000
  417      6  0.17666D+07  0.00000D+00         0.5094         0.0000         0.0000
  418      6  0.17666D+07  0.00000D+00         0.5094         0.0000         0.0000
  419      6  0.17666D+07  0.00000D+00         0.5094         0.0000         0.0000
  420      6  0.17666D+07  0.00000D+00         0.5094         0.0000         0.0000
  421      6  0.17666D+07  0.00000D+00         0.5094         0.0000         0.0000
  422      6  0.17666D+07  0.00000D+00         0.5094         0.0000         0.0000
  423      6  0.17666D+07  0.00000D+00         0.5094         0.0000         0.0000
  424      6  0.17666D+07  0.00000D+00         0.5094         0.0000         0.0000
  425      6  0.17666D+07  0.00000D+00         0.5094         0.0000         0.0000
  426      6  0.17666D+07  0.00000D+00         0.5094         0.0000         0.0000
  427      6  0.17666D+07  0.00000D+00         0.5094         0.0000         0.0000
  428      6  0.17666D+07  0.00000D+00         0.5094         0.0000         0.0000
  429      6  0.17666D+07  0.00000D+00         0.5094         0.0000         0.0000
  430      6  0.17666D+07  0.00000D+00         0.5094         0.0000         0.0000
  431      6  0.17666D+07  0.00000D+00         0.5094         0.0000         0.0000
  432      6  0.17666D+07  0.00000D+00         0.5094         0.0000         0.0000
  433      6  0.17666D+07  0.00000D+00         0.5094         0.0000         0.0000
  434      6  0.17666D+07  0.00000D+00         0.5094         0.0000         0.0000
  435      6  0.17666D+07  0.00000D+00         0.5094         0.0000         0.0000
  436      6  0.17666D+07  0.00000D+00         0.5094         0.0000         0.0000
  437      6  0.17666D+07  0.00000D+00         0.5094         0.0000         0.0000
  438      6  0.17666D+07  0.00000D+00         0.5094         0.0000         0.0000
  439      6  0.17666D+07  0.00000D+00         0.5094         0.0000         0.0000
  440      6  0.17666D+07  0.00000D+00         0.5094         0.0000         0.0000
  441      6  0.17666D+07  0.00000D+00         0.5094         0.0000         0.0000
  442      6  0.17666D+07  0.00000D+00         0.5094         0.0000         0.0000
  443      6  0.17666D+07  0.00000D+00         0.5094         0.0000         0.0000
  444      6  0.17666D+07  0.00000D+00         0.5094         0.0000         0.0000
  445      6  0.17666D+07  0.00000D+00         0.5094         0.0000         0.0000
  446      6  0.17666D+07  0.00000D+00         0.5094         0.0000         0.0000
  447      6  0.17666D+07  0.00000D+00         0.5094         0.0000         0.0000
  448      6  0.17666D+07  0.00000D+00         0.5094         0.0000         0.0000
  449      6  0.17666D+07  0.00000D+00         0.5094         0.0000         0.0000
  450      6  0.17666D+07  0.00000D+00         0.5094         0.0000         0.0000
  451      6  0.17666D+07  0.00000D+00         0.5094         0.0000         0.0000
  452      6  0.17666D+07  0.00000D+00         0.5094         0.0000         0.0000
  453      6  0.17666D+07  0.00000D+00         0.5094         0.0000         0.0000
  454      6  0.17666D+07  0.00000D+00         0.5094         0.0000         0.0000
  455      6  0.17666D+07  0.00000D+00         0.5094         0.0000         0.0000
  456      6  0.17666D+07  0.00000D+00         0.5094         0.0000         0.0000
  457      6  0.17666D+07  0.00000D+00         0.5094         0.0000         0.0000
  458      6  0.17666D+07  0.00000D+00         0.5094         0.0000         0.0000
  459      6  0.17666D+07  0.00000D+00         0.5094         0.0000         0.0000
  460      6  0.17666D+07  0.00000D+00         0.5094         0.0000         0.0000
  461      6  0.17666D+07  0.00000D+00         0.5094         0.0000         0.0000
  462      6  0.17666D+07  0.00000D+00         0.5094         0.0000         0.0000
  463      6  0.17666D+07  0.00000D+00         0.5094         0.0000         0.0000
  464      6  0.17666D+07  0.00000D+00         0.5094         0.0000         0.0000
  465      6  0.17666D+07  0.00000D+00         0.5094         0.0000         0.0000
  466      6  0.17666D+07  0.00000D+00         0.5094         0.0000         0.0000
  467      6  0.17666D+07  0.00000D+00         0.5094         0.0000         0.0000
  468      6  0.17666D+07  0.00000D+00         0.5094         0.0000         0.0000
  469      6  0.17666D+07  0.00000D+00         0.5094         0.0000         0.0000
  470      6  0.17666D+07  0.00000D+00         0.5094         0.0000         0.0000
  471      6  0.17666D+07  0.00000D+00         0.5094         0.0000         0.0000
  472      6  0.17666D+07  0.00000D+00         0.5094         0.0000         0.0000
  473      6  0.17666D+07  0.00000D+00         0.5094         0.0000         0.0000
  474      6  0.17666D+07  0.00000D+00         0.5094         0.0000         0.0000
  475      6  0.17666D+07  0.00000D+00         0.5094         0.0000         0.0000
  476      6  0.17666D+07  0.00000D+00         0.5094         0.0000         0.0000
  477      6  0.17666D+07  0.00000D+00         0.5094         0.0000         0.0000
  478      6  0.17666D+07  0.00000D+00         0.5094         0.0000         0.0000
  479      6  0.17666D+07  0.00000D+00         0.5094         0.0000         0.0000
  480      6  0.17666D+07  0.00000D+00         0.5094         0.0000         0.0000
  481      6  0.17666D+07  0.00000D+00         0.5094         0.0000         0.0000
  482      6  0.17666D+07  0.00000D+00         0.5094         0.0000         0.0000
  483      6  0.17666D+07  0.00000D+00         0.5094         0.0000         0.0000
  484      6  0.17666D+07  0.00000D+00         0.5094         0.0000         0.0000
  485      6  0.17666D+07  0.00000D+00         0.5094         0.0000         0.0000
  486      6  0.17666D+07  0.00000D+00         0.5094         0.0000         0.0000
  487      6  0.17666D+07  0.00000D+00         0.5094         0.0000         0.0000
  488      6  0.17666D+07  0.00000D+00         0.5094         0.0000         0.0000
  489      6  0.17666D+07  0.00000D+00         0.5094         0.0000         0.0000
  490      6  0.17666D+07  0.00000D+00         0.5094         0.0000         0.0000
  491      6  0.17666D+07  0.00000D+00         0.5094         0.0000         0.0000
  492      6  0.17666D+07  0.00000D+00         0.5094         0.0000         0.0000
  493      6  0.17666D+07  0.00000D+00         0.5094         0.0000         0.0000
  494      6  0.17666D+07  0.00000D+00         0.5094         0.0000         0.0000
  495      6  0.17666D+07  0.00000D+00         0.5094         0.0000         0.0000
  496      6  0.17666D+07  0.00000D+00         0.5094         0.0000         0.0000
  497      6  0.17666D+07  0.00000D+00         0.5094         0.0000         0.0000
  498      6  0.17666D+07  0.00000D+00         0.5094         0.0000         0.0000
  499      6  0.17666D+07  0.00000D+00         0.5094         0.0000         0.0000
  500      6  0.17666D+07  0.00000D+00         0.5094         0.0000         0.0000
