 Initial value of the OBJECTIVE function =     438.9632
 Amoeba restart #     1, Objective function =      56.5749
 Amoeba restart #     2, Objective function =      56.5749
 Amoeba restart #     3, Objective function =      -1.7366
 Amoeba restart #     4, Objective function =     -24.5873
 Amoeba restart #     5, Objective function =     -32.2194
 Amoeba restart #     6, Objective function =     -57.6971
 Amoeba restart #     7, Objective function =     -60.3246
 Amoeba restart #     8, Objective function =     -60.9687
 Amoeba restart #     9, Objective function =     -60.9981
 Amoeba restart #    10, Objective function =     -61.0081
 Amoeba restart #    11, Objective function =     -61.0223
 Amoeba restart #    12, Objective function =     -61.0223
 Amoeba restart #    13, Objective function =     -61.0227
 Amoeba restart #    14, Objective function =     -61.0227
 Amoeba restart #    15, Objective function =     -61.0232
 Amoeba restart #    16, Objective function =     -61.0232
 Amoeba restart #    17, Objective function =     -61.0232
 Amoeba restart #    18, Objective function =     -61.0234
 Amoeba restart #    19, Objective function =     -61.0237
 Amoeba restart #    20, Objective function =     -61.0248
 Amoeba restart #    21, Objective function =     -61.0248
 Amoeba restart #    22, Objective function =     -61.0251
 Amoeba restart #    23, Objective function =     -61.0257
 Amoeba restart #    24, Objective function =     -61.0257


 FIRST DERIVATIVE TEST
==============================================      
             -h       central        +h     
         ----------  ----------  ---------- 
    1 : -0.1051D+05 -0.8224D+02  0.1010D+05
    2 : -0.6130D+01  0.9145D+00  0.7780D+01
    3 : -0.4974D+02 -0.1101D+02  0.4682D+02
    4 : -0.2146D+02  0.2410D+00  0.2115D+02
    5 : -0.4860D+02  0.7839D+02  0.2228D+03
    6 : -0.2306D+02  0.1532D+01  0.4629D+02
    7 : -0.5254D+02  0.3423D+01  0.5918D+02
    8 : -0.2843D+02 -0.1355D+02  0.1271D+02
    9 : -0.1567D+03 -0.2901D+02  0.9234D+02
   10 : -0.1042D+00  0.3191D-01  0.1235D+00
   11 : -0.1619D+01 -0.2094D+00  0.1091D+01
   12 : -0.4795D+00 -0.4108D-01  0.3726D+00
   13 : -0.1762D+01 -0.2733D+00  0.1158D+01
   14 : -0.3604D+01 -0.7710D+00  0.1951D+01
   15 : -0.1445D+01 -0.9667D-02  0.1369D+01
   16 : -0.3387D+00 -0.1152D+00  0.9959D-01
   17 : -0.2699D+00 -0.2362D-01  0.2130D+00
   18 : -0.2433D+00 -0.5582D-01  0.1243D+00


 HESSIAN MATRIX
=================================================================================================================================================================================================================================================      
              1            2            3            4            5            6            7            8            9           10           11           12           13           14           15           16           17           18
    1 :   0.1698D+12
    2 :  -0.4936D+07   0.6318D+05
    3 :   0.0000D+00  -0.8652D+05   0.1256D+07
    4 :  -0.2677D+08  -0.1385D+05  -0.4104D+05   0.5490D+05
    5 :   0.1873D+08   0.8343D+04  -0.6930D+04  -0.3855D+05   0.9187D+06
    6 :  -0.2365D-03  -0.1983D+04  -0.7299D+04  -0.1388D+04  -0.3503D+05   0.2374D+06
    7 :   0.0000D+00   0.2333D+03   0.1677D+05  -0.1082D+04  -0.7062D+05  -0.6212D+05   0.3996D+06
    8 :   0.0000D+00  -0.1801D+04  -0.6665D+04  -0.5783D+03  -0.1635D+04   0.3600D+04  -0.4326D+05   0.2347D+06
    9 :   0.1469D+08   0.6209D+04  -0.9144D+04  -0.1720D+05  -0.3107D+06  -0.3105D+04  -0.6879D+05  -0.1804D+05   0.7329D+06
   10 :   0.0000D+00   0.1801D-08   0.5719D-08  -0.5151D-09   0.0000D+00   0.1602D-08   0.0000D+00   0.0000D+00   0.1552D+03   0.3126D+02
   11 :   0.0000D+00   0.3204D-08   0.1017D-07  -0.9163D-09   0.0000D+00   0.2849D-08   0.0000D+00   0.0000D+00  -0.1106D+04  -0.1764D+02   0.5380D+03
   12 :   0.0000D+00   0.1065D-08  -0.3452D+00  -0.1461D+00  -0.3302D+00  -0.5288D+00   0.4445D+00  -0.1601D+01  -0.7345D+03   0.2222D+01  -0.1590D+01   0.4668D+02
   13 :   0.0000D+00   0.0000D+00   0.0000D+00   0.0000D+00  -0.1420D-08   0.2975D-08  -0.2685D-08   0.0000D+00  -0.6391D+03   0.0000D+00   0.7171D+01   0.1597D+02   0.3024D+03
   14 :   0.0000D+00   0.3642D-08   0.1156D-07  -0.1042D-08  -0.1696D-01  -0.1557D+01  -0.2073D+02  -0.9197D+02   0.8054D+03   0.4333D+01  -0.5632D+02  -0.6388D+01   0.8310D-10   0.6264D+03
   15 :   0.0000D+00   0.2414D-08   0.7664D-08   0.1577D+03   0.7076D+02  -0.1634D+03  -0.2340D+03  -0.2092D+03   0.3195D+03  -0.2984D+01   0.3274D+02  -0.9697D+01   0.0000D+00   0.0000D+00   0.2102D+03
   16 :   0.0000D+00   0.0000D+00   0.0000D+00   0.0000D+00   0.0000D+00   0.0000D+00   0.0000D+00   0.0000D+00   0.1447D+03   0.0000D+00   0.0000D+00   0.3686D+01   0.0000D+00   0.0000D+00   0.0000D+00   0.5903D+02
   17 :   0.0000D+00   0.4208D+03  -0.1348D+03  -0.7421D+01   0.2597D+02  -0.4499D+03  -0.1252D+03  -0.9479D+02   0.1457D+03   0.0000D+00   0.0000D+00   0.0000D+00   0.0000D+00   0.0000D+00   0.0000D+00   0.0000D+00   0.4838D+02
   18 :   0.0000D+00   0.0000D+00  -0.6686D+01  -0.3319D+01  -0.1179D+02  -0.3309D+02  -0.3814D+02  -0.5082D+02  -0.9441D+02   0.0000D+00   0.0000D+00   0.3240D+00   0.0000D+00   0.0000D+00   0.0000D+00   0.0000D+00   0.0000D+00   0.1857D+02
 
 
 CORRELATION MATRIX OF PARAMETERS
==================================================================================================  
          1    2    3    4    5    6    7    8    9   10   11   12   13   14   15   16   17   18
    1 :  1.0
    2 :  0.0  1.0
    3 :  0.0  0.3  1.0
    4 :  0.3  0.3  0.2  1.0
    5 :  0.0  0.0  0.0  0.2  1.0
    6 :  0.0  0.0  0.0  0.0  0.1  1.0
    7 :  0.0  0.0  0.0  0.0  0.1  0.2  1.0
    8 :  0.0  0.0  0.0  0.0  0.0  0.0  0.1  1.0
    9 :  0.0  0.0  0.0  0.2  0.4  0.0  0.1  0.0  1.0
   10 :  0.0  0.0  0.0  0.0  0.0  0.0  0.0  0.0  0.0  1.0
   11 :  0.0  0.0  0.0  0.0  0.0  0.0  0.0  0.0  0.1  0.1  1.0
   12 :  0.0  0.0  0.0  0.0  0.1  0.0  0.0  0.0  0.1 -0.1  0.0  1.0
   13 :  0.0  0.0  0.0  0.0  0.0  0.0  0.0  0.0  0.0  0.0  0.0 -0.1  1.0
   14 :  0.0  0.0  0.0  0.0  0.0  0.0  0.0  0.0  0.0  0.0  0.1  0.0  0.0  1.0
   15 :  0.0  0.0  0.0  0.0  0.0  0.0  0.0  0.0  0.0  0.0 -0.1  0.1  0.0  0.0  1.0
   16 :  0.0  0.0  0.0  0.0  0.0  0.0  0.0  0.0  0.0  0.0  0.0 -0.1  0.0  0.0  0.0  1.0
   17 :  0.0 -0.2  0.0  0.0  0.0  0.1  0.0  0.0  0.0  0.0  0.0  0.0  0.0  0.0  0.0  0.0  1.0
   18 :  0.0  0.0  0.0  0.0  0.0  0.0  0.0  0.0  0.0  0.0  0.0  0.0  0.0  0.0  0.0  0.0  0.0  1.0
 
 
 COVARIANCE MATRIX OF PARAMETERS
=================================================================================================================================================================================================================================================      
              1            2            3            4            5            6            7            8            9           10           11           12           13           14           15           16           17           18
    1 :   0.5890D-11
    2 :   0.4601D-09   0.1583D-04
    3 :   0.3170D-10   0.1090D-05   0.7962D-06
    4 :   0.3012D-08   0.4809D-05   0.5951D-06   0.1821D-04
    5 :   0.2363D-11   0.6624D-07   0.3097D-07   0.7642D-06   0.1088D-05
    6 :   0.2277D-10   0.2036D-06   0.3252D-07   0.2193D-06   0.1606D-06   0.4212D-05
    7 :   0.1052D-10   0.1396D-08  -0.2126D-07   0.2185D-06   0.2173D-06   0.6548D-06   0.2502D-05
    8 :   0.1346D-10   0.1619D-06   0.1988D-07   0.8711D-07   0.4518D-07   0.5608D-07   0.4613D-06   0.4261D-05
    9 :  -0.4848D-10   0.2541D-07   0.3566D-07   0.7750D-06   0.4837D-06   0.8069D-07   0.2462D-06   0.1049D-06   0.1364D-05
   10 :   0.2406D-09  -0.1261D-06  -0.1770D-06  -0.3847D-05  -0.2401D-05  -0.4005D-06  -0.1222D-05  -0.5207D-06  -0.6772D-05   0.3198D-01
   11 :  -0.9181D-10   0.4812D-07   0.6753D-07   0.1468D-05   0.9159D-06   0.1528D-06   0.4663D-06   0.1987D-06   0.2584D-05   0.1049D-02   0.1859D-02
   12 :  -0.7671D-09   0.4389D-06   0.5810D-06   0.1249D-04   0.7764D-05   0.1337D-05   0.3940D-05   0.1828D-05   0.2188D-04  -0.1487D-02   0.6330D-04   0.2142D-01
   13 :  -0.5978D-10   0.2939D-07   0.4309D-07   0.9435D-06   0.5905D-06   0.9630D-07   0.3013D-06   0.1205D-06   0.1667D-05   0.5361D-04  -0.4742D-04  -0.1131D-02   0.3306D-02
   14 :   0.4697D-10   0.1330D-08  -0.3033D-07  -0.6899D-06  -0.4295D-06  -0.3322D-07  -0.7548D-07   0.5309D-06  -0.1252D-05  -0.1421D-03   0.1678D-03   0.2184D-03  -0.4386D-15   0.1596D-02
   15 :  -0.2161D-08  -0.3335D-05  -0.4757D-06  -0.1430D-04  -0.5083D-06   0.3967D-05   0.2962D-05   0.4127D-05  -0.1563D-05   0.2220D-03  -0.2865D-03   0.9880D-03   0.0000D+00   0.0000D+00   0.4756D-02
   16 :   0.1668D-09  -0.8972D-07  -0.1237D-06  -0.2680D-05  -0.1671D-05  -0.2813D-06  -0.8498D-06  -0.3714D-06  -0.4712D-05   0.9284D-04  -0.3953D-05  -0.1338D-02   0.0000D+00   0.0000D+00   0.0000D+00   0.1694D-01
   17 :  -0.3041D-08  -0.1318D-03   0.2472D-05   0.2825D-05   0.1036D-06   0.4072D-04   0.6636D-05   0.8032D-05  -0.4108D-05   0.0000D+00   0.0000D+00   0.0000D+00   0.0000D+00   0.0000D+00   0.0000D+00   0.0000D+00   0.2067D-01
   18 :   0.4171D-09   0.2224D-05   0.6525D-06   0.8540D-05   0.3871D-05   0.9390D-05   0.7584D-05   0.1216D-04   0.6555D-05   0.2594D-04  -0.1104D-05  -0.3738D-03   0.0000D+00   0.0000D+00   0.0000D+00   0.0000D+00   0.0000D+00   0.5385D-01
 
 
 DETERMINISTIC RUN COMPLETED
 MAXIMUM NUMBER ( 100 ) OF ITERATIONS EXCEEDED
 BOOTSTRAP RUNS COMPLETED 
