                ****************************************
                                VPA-2BOX                
                BOOTSTRAP ESTIMATES OF BIAS AND VARIANCE
                ****************************************


BFT East 1968-2015 Continuity Run                 
 8:25, 22  February 2018


 *************************************************
 BIAS AND STANDARD ERROR ESTIMATES
 *************************************************


TABLE 1A. BIAS OF FISHING MORTALITY RATE FOR BFTE test                                         
=============================================================================
        1      2      3      4      5      6      7      8      9     10
-----------------------------------------------------------------------------
  1968   0.000  0.002  0.002  0.003  0.003  0.001  0.007  0.006  0.005  0.037
  1969   0.000  0.005  0.003  0.000  0.001  0.003  0.003  0.013  0.014  0.065
  1970   0.000  0.004  0.001  0.001  0.000  0.001  0.003  0.006  0.013  0.051
  1971   0.000  0.002  0.001  0.001  0.000  0.000  0.001  0.005  0.014  0.055
  1972   0.000  0.002  0.004  0.002  0.000  0.001  0.000  0.001  0.005  0.023
  1973   0.000  0.001  0.001  0.001  0.000  0.000  0.001  0.001  0.003  0.012
  1974  -0.001 -0.003  0.002  0.004  0.001  0.001  0.000  0.003  0.002  0.007
  1975  -0.001 -0.004 -0.001  0.001  0.001  0.001  0.001  0.001  0.002  0.003
  1976   0.000 -0.002 -0.003 -0.002  0.003  0.001  0.002  0.003  0.002  0.003
  1977   0.000 -0.003 -0.001 -0.002  0.000  0.002  0.001  0.001  0.002  0.001
  1978  -0.002 -0.003 -0.001 -0.001 -0.001  0.000  0.001  0.001  0.002  0.001
  1979   0.000 -0.002 -0.002 -0.001  0.000  0.000  0.000  0.002  0.001  0.000
  1980  -0.001 -0.001 -0.002 -0.001  0.000  0.000  0.000  0.000  0.002 -0.001
  1981  -0.001 -0.003 -0.001 -0.001 -0.001  0.000 -0.001 -0.001 -0.001 -0.001
  1982  -0.002 -0.002 -0.003 -0.001 -0.001 -0.001 -0.001 -0.001 -0.001 -0.002
  1983  -0.002 -0.002 -0.002 -0.001 -0.001 -0.001 -0.001 -0.001 -0.001 -0.002
  1984  -0.001 -0.003 -0.001 -0.002 -0.002 -0.001 -0.002 -0.002 -0.001 -0.002
  1985  -0.001 -0.004 -0.003 -0.002 -0.002 -0.001 -0.001 -0.001 -0.001 -0.002
  1986  -0.001 -0.002 -0.002 -0.001  0.000 -0.001 -0.001 -0.001 -0.001 -0.002
  1987  -0.001 -0.003 -0.002 -0.001 -0.001 -0.001 -0.001 -0.001 -0.001 -0.002
  1988  -0.002 -0.002 -0.004 -0.001 -0.001 -0.001 -0.001 -0.001 -0.001 -0.003
  1989  -0.002 -0.004 -0.002 -0.002 -0.001  0.000  0.000 -0.001 -0.001 -0.002
  1990  -0.001 -0.002 -0.003 -0.004 -0.003  0.000  0.000  0.000 -0.001 -0.002
  1991   0.000 -0.002 -0.003 -0.003 -0.004 -0.001  0.000  0.000  0.000 -0.003
  1992   0.000 -0.002 -0.004 -0.002 -0.002 -0.001 -0.001  0.000  0.000 -0.003
  1993   0.000 -0.003 -0.004 -0.003 -0.002 -0.001 -0.002  0.000  0.001 -0.003
  1994   0.000 -0.001 -0.002 -0.001 -0.002 -0.002 -0.003 -0.002  0.003 -0.007
  1995   0.000  0.000 -0.001 -0.001 -0.001 -0.002 -0.002 -0.003  0.006 -0.007
  1996   0.000  0.000 -0.001 -0.002 -0.001 -0.001 -0.001 -0.002 -0.003 -0.005
  1997   0.000  0.000 -0.001 -0.001 -0.001 -0.001 -0.001 -0.002 -0.003 -0.004
  1998   0.000 -0.001 -0.001 -0.001 -0.001  0.000  0.000 -0.002 -0.002 -0.003
  1999  -0.001 -0.001 -0.001 -0.001  0.000  0.000 -0.001 -0.001 -0.002 -0.004
  2000  -0.001 -0.001 -0.001 -0.001  0.000  0.000  0.000 -0.001 -0.002 -0.004
  2001   0.000 -0.008 -0.001 -0.002 -0.001  0.000  0.000  0.000 -0.001 -0.004
  2002   0.000 -0.010 -0.012 -0.001 -0.001 -0.001  0.000  0.000  0.000 -0.005
  2003  -0.001 -0.008 -0.008 -0.003 -0.001 -0.001 -0.001  0.000  0.000 -0.006
  2004  -0.002 -0.005 -0.006 -0.004 -0.002  0.000 -0.001 -0.001  0.000 -0.008
  2005  -0.003 -0.003 -0.002 -0.003 -0.003 -0.003 -0.001 -0.001 -0.001 -0.011
  2006  -0.001 -0.002 -0.003 -0.004 -0.004 -0.006 -0.005 -0.001 -0.001 -0.011
  2007  -0.001 -0.004 -0.003 -0.008 -0.015 -0.009 -0.007 -0.006 -0.001 -0.012
  2008   0.000 -0.005 -0.003 -0.004 -0.005 -0.003 -0.002 -0.004 -0.004 -0.004
  2009   0.000 -0.002 -0.001 -0.002 -0.002 -0.004 -0.005 -0.002 -0.004 -0.004
  2010   0.000  0.002 -0.002 -0.002 -0.003 -0.002 -0.002 -0.002 -0.001 -0.001
  2011   0.000  0.001  0.001 -0.001 -0.002 -0.001 -0.001 -0.001 -0.001 -0.001
  2012   0.000  0.000  0.001  0.002 -0.002 -0.001 -0.001 -0.001 -0.002 -0.002
  2013   0.000 -0.003 -0.001  0.003  0.003 -0.001 -0.001 -0.002 -0.002 -0.002
  2014   0.000 -0.001 -0.001 -0.004  0.003  0.001 -0.001 -0.001 -0.002 -0.002
  2015   0.000 -0.002 -0.001 -0.007 -0.003  0.001  0.001 -0.001 -0.002 -0.002
=============================================================================


TABLE 1B. STANDARD ERROR OF FISHING MORTALITY RATE FOR BFTE test                                         
====================================================================================================================     
            1          2          3          4          5          6          7          8          9         10
--------------------------------------------------------------------------------------------------------------------     
  1968  0.807E-03  0.126E-01  0.893E-02  0.119E-01  0.107E-01  0.507E-02  0.337E-01  0.305E-01  0.367E-01  0.116E+00
  1969  0.379E-02  0.378E-01  0.204E-01  0.149E-02  0.407E-02  0.133E-01  0.989E-02  0.549E-01  0.612E-01  0.200E+00
  1970  0.106E-01  0.484E-01  0.918E-02  0.388E-02  0.114E-02  0.430E-02  0.125E-01  0.225E-01  0.472E-01  0.163E+00
  1971  0.538E-02  0.422E-01  0.684E-02  0.519E-02  0.294E-02  0.387E-03  0.220E-02  0.188E-01  0.519E-01  0.201E+00
  1972  0.140E-02  0.406E-01  0.401E-01  0.152E-01  0.182E-02  0.361E-02  0.107E-02  0.220E-02  0.211E-01  0.893E-01
  1973  0.191E-02  0.655E-01  0.144E-01  0.573E-02  0.378E-02  0.230E-02  0.536E-02  0.308E-02  0.107E-01  0.483E-01
  1974  0.285E-02  0.150E-01  0.342E-01  0.396E-01  0.111E-01  0.898E-02  0.168E-02  0.206E-01  0.772E-02  0.343E-01
  1975  0.402E-02  0.184E-01  0.360E-02  0.121E-01  0.110E-01  0.921E-02  0.811E-02  0.762E-02  0.110E-01  0.221E-01
  1976  0.616E-03  0.120E-01  0.148E-01  0.916E-02  0.242E-01  0.111E-01  0.122E-01  0.185E-01  0.126E-01  0.215E-01
  1977  0.180E-02  0.192E-01  0.815E-02  0.935E-02  0.265E-02  0.162E-01  0.831E-02  0.755E-02  0.112E-01  0.141E-01
  1978  0.105E-01  0.170E-01  0.836E-02  0.540E-02  0.444E-02  0.163E-02  0.671E-02  0.439E-02  0.106E-01  0.109E-01
  1979  0.125E-02  0.114E-01  0.112E-01  0.712E-02  0.219E-02  0.192E-02  0.211E-02  0.157E-01  0.950E-02  0.755E-02
  1980  0.389E-02  0.600E-02  0.169E-01  0.104E-01  0.321E-02  0.272E-02  0.321E-02  0.271E-02  0.141E-01  0.768E-02
  1981  0.662E-02  0.163E-01  0.972E-02  0.474E-02  0.488E-02  0.283E-02  0.468E-02  0.712E-02  0.597E-02  0.604E-02
  1982  0.135E-01  0.166E-01  0.242E-01  0.115E-01  0.816E-02  0.776E-02  0.572E-02  0.862E-02  0.987E-02  0.937E-02
  1983  0.159E-01  0.199E-01  0.121E-01  0.935E-02  0.101E-01  0.801E-02  0.879E-02  0.679E-02  0.108E-01  0.968E-02
  1984  0.492E-02  0.229E-01  0.117E-01  0.161E-01  0.172E-01  0.135E-01  0.163E-01  0.161E-01  0.127E-01  0.106E-01
  1985  0.407E-02  0.303E-01  0.338E-01  0.183E-01  0.155E-01  0.977E-02  0.701E-02  0.990E-02  0.116E-01  0.890E-02
  1986  0.832E-02  0.170E-01  0.231E-01  0.157E-01  0.592E-02  0.121E-01  0.963E-02  0.778E-02  0.122E-01  0.903E-02
  1987  0.651E-02  0.190E-01  0.251E-01  0.196E-01  0.963E-02  0.927E-02  0.962E-02  0.902E-02  0.116E-01  0.831E-02
  1988  0.726E-02  0.138E-01  0.322E-01  0.191E-01  0.121E-01  0.986E-02  0.128E-01  0.168E-01  0.167E-01  0.113E-01
  1989  0.559E-02  0.113E-01  0.103E-01  0.203E-01  0.227E-01  0.914E-02  0.118E-01  0.147E-01  0.148E-01  0.946E-02
  1990  0.300E-02  0.717E-02  0.923E-02  0.252E-01  0.337E-01  0.158E-01  0.166E-01  0.148E-01  0.184E-01  0.111E-01
  1991  0.139E-02  0.628E-02  0.106E-01  0.983E-02  0.321E-01  0.163E-01  0.151E-01  0.182E-01  0.247E-01  0.136E-01
  1992  0.177E-02  0.934E-02  0.154E-01  0.909E-02  0.523E-02  0.154E-01  0.221E-01  0.205E-01  0.292E-01  0.147E-01
  1993  0.127E-02  0.121E-01  0.175E-01  0.985E-02  0.747E-02  0.489E-02  0.218E-01  0.232E-01  0.277E-01  0.133E-01
  1994  0.172E-02  0.473E-02  0.817E-02  0.580E-02  0.635E-02  0.821E-02  0.102E-01  0.630E-01  0.791E-01  0.371E-01
  1995  0.218E-02  0.230E-02  0.423E-02  0.527E-02  0.583E-02  0.958E-02  0.870E-02  0.113E-01  0.105E+00  0.502E-01
  1996  0.232E-02  0.369E-02  0.539E-02  0.822E-02  0.612E-02  0.418E-02  0.498E-02  0.721E-02  0.126E-01  0.701E-01
  1997  0.297E-02  0.346E-02  0.534E-02  0.483E-02  0.402E-02  0.491E-02  0.501E-02  0.973E-02  0.149E-01  0.805E-01
  1998  0.251E-02  0.510E-02  0.103E-01  0.825E-02  0.491E-02  0.206E-02  0.232E-02  0.718E-02  0.937E-02  0.548E-01
  1999  0.770E-02  0.742E-02  0.767E-02  0.122E-01  0.325E-02  0.200E-02  0.295E-02  0.371E-02  0.103E-01  0.646E-01
  2000  0.281E-02  0.102E-01  0.657E-02  0.976E-02  0.593E-02  0.256E-02  0.314E-02  0.351E-02  0.103E-01  0.716E-01
  2001  0.276E-03  0.185E-01  0.131E-01  0.143E-01  0.539E-02  0.760E-02  0.349E-02  0.353E-02  0.534E-02  0.492E-01
  2002  0.122E-02  0.256E-01  0.316E-01  0.136E-01  0.398E-02  0.498E-02  0.544E-02  0.310E-02  0.395E-02  0.401E-01
  2003  0.149E-02  0.207E-01  0.197E-01  0.802E-02  0.112E-01  0.504E-02  0.599E-02  0.635E-02  0.576E-02  0.451E-01
  2004  0.436E-02  0.118E-01  0.174E-01  0.963E-02  0.661E-02  0.667E-02  0.803E-02  0.823E-02  0.934E-02  0.462E-01
  2005  0.944E-02  0.786E-02  0.615E-02  0.754E-02  0.867E-02  0.914E-02  0.101E-01  0.702E-02  0.126E-01  0.622E-01
  2006  0.322E-02  0.498E-02  0.941E-02  0.119E-01  0.105E-01  0.173E-01  0.141E-01  0.177E-01  0.147E-01  0.584E-01
  2007  0.168E-02  0.125E-01  0.101E-01  0.235E-01  0.412E-01  0.269E-01  0.203E-01  0.188E-01  0.204E-01  0.459E-01
  2008  0.390E-03  0.152E-01  0.870E-02  0.134E-01  0.146E-01  0.106E-01  0.754E-02  0.124E-01  0.131E-01  0.131E-01
  2009  0.641E-03  0.623E-02  0.373E-02  0.605E-02  0.665E-02  0.130E-01  0.156E-01  0.611E-02  0.115E-01  0.115E-01
  2010  0.256E-03  0.710E-02  0.682E-02  0.556E-02  0.908E-02  0.599E-02  0.737E-02  0.591E-02  0.421E-02  0.421E-02
  2011  0.156E-06  0.180E-02  0.380E-02  0.586E-02  0.678E-02  0.366E-02  0.244E-02  0.321E-02  0.498E-02  0.498E-02
  2012  0.149E-05  0.115E-03  0.306E-02  0.862E-02  0.897E-02  0.276E-02  0.278E-02  0.358E-02  0.571E-02  0.571E-02
  2013  0.242E-05  0.317E-02  0.206E-02  0.830E-02  0.136E-01  0.655E-02  0.489E-02  0.634E-02  0.598E-02  0.598E-02
  2014  0.834E-07  0.183E-02  0.137E-02  0.736E-02  0.765E-02  0.444E-02  0.242E-02  0.246E-02  0.712E-02  0.712E-02
  2015  0.420E-06  0.346E-02  0.174E-02  0.909E-02  0.618E-02  0.311E-02  0.408E-02  0.529E-02  0.800E-02  0.800E-02
====================================================================================================================     


TABLE 1C. BIAS OF ABUNDANCE (BY AREA) OF BFTE test                                         
====================================================================================================================     
            1          2          3          4          5          6          7          8          9         10
--------------------------------------------------------------------------------------------------------------------     
  1968  0.337E+05  0.104E+05 -0.113E+05  0.286E+05  0.215E+05  0.809E+05  0.231E+05  0.195E+05  0.103E+05  0.512E+06
  1969  0.362E+05  0.230E+05  0.770E+04 -0.889E+04  0.234E+05  0.180E+05  0.689E+05  0.201E+05  0.171E+05  0.473E+06
  1970  0.560E+05  0.248E+05  0.171E+05  0.606E+04 -0.727E+04  0.196E+05  0.153E+05  0.599E+05  0.176E+05  0.443E+06
  1971  0.122E+06  0.383E+05  0.184E+05  0.134E+05  0.496E+04 -0.608E+04  0.167E+05  0.133E+05  0.526E+05  0.417E+06
  1972  0.116E+06  0.832E+05  0.284E+05  0.144E+05  0.110E+05  0.415E+04 -0.519E+04  0.145E+05  0.117E+05  0.424E+06
  1973  0.440E+05  0.796E+05  0.616E+05  0.223E+05  0.118E+05  0.919E+04  0.353E+04 -0.451E+04  0.127E+05  0.394E+06
  1974  0.344E+05  0.301E+05  0.589E+05  0.485E+05  0.183E+05  0.988E+04  0.783E+04  0.307E+04 -0.396E+04  0.367E+06
  1975  0.340E+05  0.235E+05  0.223E+05  0.464E+05  0.397E+05  0.153E+05  0.842E+04  0.680E+04  0.270E+04  0.328E+06
  1976  0.374E+05  0.232E+05  0.174E+05  0.175E+05  0.380E+05  0.332E+05  0.130E+05  0.732E+04  0.598E+04  0.300E+06
  1977  0.186E+05  0.256E+05  0.172E+05  0.137E+05  0.144E+05  0.317E+05  0.283E+05  0.113E+05  0.643E+04  0.276E+06
  1978  0.151E+05  0.127E+05  0.189E+05  0.135E+05  0.112E+05  0.120E+05  0.270E+05  0.246E+05  0.993E+04  0.255E+06
  1979  0.219E+05  0.103E+05  0.940E+04  0.149E+05  0.111E+05  0.937E+04  0.102E+05  0.235E+05  0.216E+05  0.240E+06
  1980  0.226E+05  0.150E+05  0.766E+04  0.740E+04  0.122E+05  0.925E+04  0.798E+04  0.888E+04  0.206E+05  0.236E+06
  1981  0.222E+05  0.155E+05  0.111E+05  0.602E+04  0.605E+04  0.102E+05  0.788E+04  0.694E+04  0.780E+04  0.232E+06
  1982  0.303E+05  0.152E+05  0.115E+05  0.874E+04  0.493E+04  0.506E+04  0.868E+04  0.685E+04  0.609E+04  0.217E+06
  1983  0.343E+05  0.207E+05  0.113E+05  0.900E+04  0.715E+04  0.412E+04  0.431E+04  0.755E+04  0.602E+04  0.202E+06
  1984  0.227E+05  0.234E+05  0.153E+05  0.885E+04  0.737E+04  0.597E+04  0.351E+04  0.375E+04  0.663E+04  0.188E+06
  1985  0.249E+05  0.155E+05  0.173E+05  0.120E+05  0.725E+04  0.616E+04  0.509E+04  0.305E+04  0.329E+04  0.176E+06
  1986  0.248E+05  0.170E+05  0.115E+05  0.136E+05  0.986E+04  0.605E+04  0.525E+04  0.443E+04  0.268E+04  0.162E+06
  1987  0.258E+05  0.169E+05  0.126E+05  0.904E+04  0.111E+05  0.824E+04  0.516E+04  0.456E+04  0.389E+04  0.149E+06
  1988  0.371E+05  0.176E+05  0.125E+05  0.991E+04  0.740E+04  0.931E+04  0.702E+04  0.448E+04  0.400E+04  0.138E+06
  1989  0.454E+05  0.253E+05  0.131E+05  0.983E+04  0.812E+04  0.618E+04  0.793E+04  0.610E+04  0.394E+04  0.129E+06
  1990  0.345E+05  0.310E+05  0.187E+05  0.103E+05  0.805E+04  0.678E+04  0.527E+04  0.690E+04  0.536E+04  0.120E+06
  1991  0.364E+05  0.236E+05  0.230E+05  0.147E+05  0.840E+04  0.672E+04  0.578E+04  0.458E+04  0.605E+04  0.113E+06
  1992  0.354E+05  0.249E+05  0.174E+05  0.181E+05  0.121E+05  0.702E+04  0.573E+04  0.502E+04  0.402E+04  0.108E+06
  1993  0.230E+05  0.242E+05  0.184E+05  0.137E+05  0.148E+05  0.101E+05  0.598E+04  0.498E+04  0.441E+04  0.101E+06
  1994  0.706E+04  0.157E+05  0.179E+05  0.144E+05  0.112E+05  0.123E+05  0.858E+04  0.520E+04  0.437E+04  0.954E+05
  1995  0.845E+04  0.484E+04  0.117E+05  0.141E+05  0.118E+05  0.937E+04  0.105E+05  0.746E+04  0.456E+04  0.902E+05
  1996  0.407E+04  0.577E+04  0.358E+04  0.917E+04  0.115E+05  0.988E+04  0.798E+04  0.914E+04  0.655E+04  0.856E+05
  1997  0.107E+05  0.278E+04  0.427E+04  0.281E+04  0.750E+04  0.963E+04  0.842E+04  0.694E+04  0.803E+04  0.833E+05
  1998  0.264E+05  0.734E+04  0.205E+04  0.336E+04  0.230E+04  0.626E+04  0.820E+04  0.732E+04  0.609E+04  0.825E+05
  1999  0.187E+05  0.181E+05  0.542E+04  0.160E+04  0.274E+04  0.192E+04  0.534E+04  0.713E+04  0.643E+04  0.800E+05
  2000  0.989E+05  0.128E+05  0.134E+05  0.426E+04  0.131E+04  0.229E+04  0.163E+04  0.464E+04  0.626E+04  0.781E+05
  2001  0.112E+06  0.677E+05  0.945E+04  0.105E+05  0.349E+04  0.110E+04  0.195E+04  0.142E+04  0.407E+04  0.763E+05
  2002  0.204E+06  0.763E+05  0.501E+05  0.743E+04  0.860E+04  0.291E+04  0.933E+03  0.170E+04  0.125E+04  0.726E+05
  2003  0.164E+06  0.140E+06  0.564E+05  0.393E+05  0.608E+04  0.718E+04  0.248E+04  0.811E+03  0.149E+04  0.668E+05
  2004  0.232E+06  0.112E+06  0.103E+06  0.443E+05  0.322E+05  0.508E+04  0.612E+04  0.216E+04  0.713E+03  0.617E+05
  2005  0.233E+06  0.158E+06  0.829E+05  0.814E+05  0.363E+05  0.269E+05  0.433E+04  0.532E+04  0.189E+04  0.565E+05
  2006  0.219E+06  0.160E+06  0.117E+06  0.652E+05  0.666E+05  0.303E+05  0.229E+05  0.376E+04  0.467E+04  0.528E+05
  2007  0.255E+06  0.150E+06  0.118E+06  0.923E+05  0.534E+05  0.556E+05  0.258E+05  0.199E+05  0.330E+04  0.519E+05
  2008  0.137E+06  0.174E+06  0.111E+06  0.930E+05  0.755E+05  0.445E+05  0.474E+05  0.224E+05  0.175E+05  0.499E+05
  2009 -0.102E+05  0.940E+05  0.129E+06  0.875E+05  0.761E+05  0.631E+05  0.380E+05  0.412E+05  0.197E+05  0.606E+05
  2010 -0.369E+05 -0.695E+04  0.696E+05  0.101E+06  0.716E+05  0.636E+05  0.537E+05  0.330E+05  0.362E+05  0.723E+05
  2011  0.293E+06 -0.252E+05 -0.514E+04  0.548E+05  0.831E+05  0.598E+05  0.542E+05  0.467E+05  0.290E+05  0.977E+05
  2012  0.688E+06  0.201E+06 -0.187E+05 -0.404E+04  0.448E+05  0.694E+05  0.510E+05  0.471E+05  0.410E+05  0.114E+06
  2013  0.131E+07  0.470E+06  0.149E+06 -0.147E+05 -0.331E+04  0.375E+05  0.591E+05  0.443E+05  0.414E+05  0.140E+06
  2014  0.180E+07  0.893E+06  0.349E+06  0.117E+06 -0.120E+05 -0.277E+04  0.319E+05  0.514E+05  0.389E+05  0.163E+06
  2015  0.389E+05  0.123E+07  0.662E+06  0.274E+06  0.957E+05 -0.101E+05 -0.236E+04  0.277E+05  0.451E+05  0.182E+06
  2016             0.266E+05  0.910E+06  0.521E+06  0.224E+06  0.799E+05 -0.857E+04 -0.205E+04  0.244E+05  0.205E+06
====================================================================================================================     


TABLE 1D. STANDARD ERROR OF ABUNDANCE (BY AREA) OF BFTE test                                         
====================================================================================================================     
            1          2          3          4          5          6          7          8          9         10
--------------------------------------------------------------------------------------------------------------------     
  1968  0.330E+06  0.145E+06  0.488E+06  0.587E+06  0.204E+06  0.360E+06  0.865E+05  0.639E+05  0.304E+05  0.121E+07
  1969  0.242E+06  0.226E+06  0.108E+06  0.384E+06  0.481E+06  0.170E+06  0.307E+06  0.752E+05  0.561E+05  0.112E+07
  1970  0.309E+06  0.165E+06  0.167E+06  0.846E+05  0.314E+06  0.402E+06  0.145E+06  0.267E+06  0.660E+05  0.105E+07
  1971  0.567E+06  0.211E+06  0.122E+06  0.132E+06  0.693E+05  0.263E+06  0.342E+06  0.126E+06  0.234E+06  0.100E+07
  1972  0.458E+06  0.387E+06  0.157E+06  0.962E+05  0.108E+06  0.579E+05  0.224E+06  0.297E+06  0.111E+06  0.109E+07
  1973  0.153E+06  0.313E+06  0.287E+06  0.123E+06  0.788E+05  0.899E+05  0.493E+05  0.195E+06  0.261E+06  0.106E+07
  1974  0.126E+06  0.105E+06  0.232E+06  0.226E+06  0.101E+06  0.658E+05  0.766E+05  0.429E+05  0.171E+06  0.113E+07
  1975  0.129E+06  0.861E+05  0.775E+05  0.182E+06  0.185E+06  0.842E+05  0.561E+05  0.666E+05  0.377E+05  0.108E+07
  1976  0.148E+06  0.882E+05  0.637E+05  0.609E+05  0.149E+06  0.154E+06  0.717E+05  0.487E+05  0.585E+05  0.972E+06
  1977  0.773E+05  0.101E+06  0.653E+05  0.501E+05  0.499E+05  0.125E+06  0.131E+06  0.624E+05  0.428E+05  0.873E+06
  1978  0.636E+05  0.529E+05  0.748E+05  0.514E+05  0.410E+05  0.417E+05  0.106E+06  0.114E+06  0.548E+05  0.784E+06
  1979  0.924E+05  0.434E+05  0.391E+05  0.588E+05  0.421E+05  0.343E+05  0.355E+05  0.923E+05  0.100E+06  0.700E+06
  1980  0.975E+05  0.632E+05  0.322E+05  0.308E+05  0.482E+05  0.351E+05  0.292E+05  0.309E+05  0.811E+05  0.620E+06
  1981  0.976E+05  0.667E+05  0.468E+05  0.253E+05  0.252E+05  0.402E+05  0.299E+05  0.254E+05  0.271E+05  0.552E+06
  1982  0.135E+06  0.667E+05  0.493E+05  0.368E+05  0.207E+05  0.210E+05  0.343E+05  0.260E+05  0.223E+05  0.513E+06
  1983  0.158E+06  0.926E+05  0.494E+05  0.388E+05  0.301E+05  0.173E+05  0.179E+05  0.298E+05  0.229E+05  0.474E+06
  1984  0.108E+06  0.108E+06  0.685E+05  0.389E+05  0.317E+05  0.252E+05  0.147E+05  0.156E+05  0.262E+05  0.439E+06
  1985  0.118E+06  0.738E+05  0.800E+05  0.539E+05  0.318E+05  0.265E+05  0.215E+05  0.128E+05  0.137E+05  0.409E+06
  1986  0.113E+06  0.806E+05  0.546E+05  0.628E+05  0.441E+05  0.266E+05  0.226E+05  0.187E+05  0.113E+05  0.375E+06
  1987  0.109E+06  0.771E+05  0.596E+05  0.429E+05  0.514E+05  0.368E+05  0.226E+05  0.196E+05  0.164E+05  0.344E+06
  1988  0.103E+06  0.744E+05  0.570E+05  0.469E+05  0.351E+05  0.429E+05  0.314E+05  0.197E+05  0.172E+05  0.319E+06
  1989  0.136E+06  0.702E+05  0.550E+05  0.447E+05  0.384E+05  0.293E+05  0.366E+05  0.273E+05  0.173E+05  0.296E+06
  1990  0.108E+06  0.929E+05  0.519E+05  0.433E+05  0.366E+05  0.320E+05  0.250E+05  0.318E+05  0.240E+05  0.275E+06
  1991  0.121E+06  0.739E+05  0.688E+05  0.408E+05  0.354E+05  0.306E+05  0.273E+05  0.217E+05  0.279E+05  0.260E+06
  1992  0.130E+06  0.831E+05  0.547E+05  0.541E+05  0.334E+05  0.296E+05  0.260E+05  0.237E+05  0.191E+05  0.249E+06
  1993  0.938E+05  0.889E+05  0.615E+05  0.429E+05  0.443E+05  0.279E+05  0.252E+05  0.226E+05  0.208E+05  0.235E+06
  1994  0.447E+05  0.641E+05  0.657E+05  0.482E+05  0.351E+05  0.370E+05  0.238E+05  0.219E+05  0.199E+05  0.224E+06
  1995  0.676E+05  0.305E+05  0.475E+05  0.517E+05  0.395E+05  0.293E+05  0.315E+05  0.207E+05  0.192E+05  0.215E+06
  1996  0.448E+05  0.462E+05  0.226E+05  0.373E+05  0.423E+05  0.330E+05  0.250E+05  0.274E+05  0.181E+05  0.207E+06
  1997  0.671E+05  0.306E+05  0.342E+05  0.177E+05  0.305E+05  0.353E+05  0.281E+05  0.217E+05  0.240E+05  0.203E+06
  1998  0.140E+06  0.458E+05  0.226E+05  0.269E+05  0.145E+05  0.255E+05  0.301E+05  0.244E+05  0.191E+05  0.204E+06
  1999  0.119E+06  0.954E+05  0.339E+05  0.177E+05  0.220E+05  0.121E+05  0.217E+05  0.262E+05  0.214E+05  0.201E+06
  2000  0.216E+06  0.811E+05  0.706E+05  0.266E+05  0.145E+05  0.184E+05  0.103E+05  0.189E+05  0.230E+05  0.200E+06
  2001  0.244E+06  0.148E+06  0.600E+05  0.555E+05  0.218E+05  0.121E+05  0.156E+05  0.898E+04  0.166E+05  0.200E+06
  2002  0.447E+06  0.167E+06  0.109E+06  0.472E+05  0.454E+05  0.182E+05  0.103E+05  0.136E+05  0.788E+04  0.193E+06
  2003  0.357E+06  0.306E+06  0.123E+06  0.860E+05  0.386E+05  0.379E+05  0.155E+05  0.895E+04  0.119E+05  0.176E+06
  2004  0.505E+06  0.244E+06  0.226E+06  0.970E+05  0.704E+05  0.322E+05  0.323E+05  0.135E+05  0.786E+04  0.159E+06
  2005  0.510E+06  0.345E+06  0.181E+06  0.178E+06  0.794E+05  0.588E+05  0.275E+05  0.281E+05  0.118E+05  0.141E+06
  2006  0.479E+06  0.349E+06  0.256E+06  0.142E+06  0.146E+06  0.663E+05  0.501E+05  0.239E+05  0.247E+05  0.128E+06
  2007  0.556E+06  0.327E+06  0.258E+06  0.201E+06  0.117E+06  0.122E+06  0.565E+05  0.435E+05  0.210E+05  0.119E+06
  2008  0.323E+06  0.380E+06  0.242E+06  0.203E+06  0.165E+06  0.972E+05  0.104E+06  0.491E+05  0.382E+05  0.109E+06
  2009  0.230E+06  0.221E+06  0.281E+06  0.191E+06  0.166E+06  0.138E+06  0.829E+05  0.901E+05  0.431E+05  0.133E+06
  2010  0.284E+06  0.157E+06  0.164E+06  0.221E+06  0.156E+06  0.139E+06  0.117E+06  0.720E+05  0.791E+05  0.158E+06
  2011  0.453E+06  0.194E+06  0.117E+06  0.129E+06  0.181E+06  0.130E+06  0.118E+06  0.102E+06  0.632E+05  0.213E+06
  2012  0.811E+06  0.310E+06  0.144E+06  0.916E+05  0.105E+06  0.151E+06  0.111E+06  0.103E+06  0.895E+05  0.249E+06
  2013  0.172E+07  0.555E+06  0.230E+06  0.113E+06  0.750E+05  0.881E+05  0.129E+06  0.966E+05  0.904E+05  0.305E+06
  2014  0.242E+07  0.118E+07  0.411E+06  0.181E+06  0.925E+05  0.627E+05  0.750E+05  0.112E+06  0.848E+05  0.356E+06
  2015  0.306E+05  0.165E+07  0.871E+06  0.323E+06  0.148E+06  0.773E+05  0.534E+05  0.652E+05  0.985E+05  0.397E+06
  2016             0.209E+05  0.123E+07  0.685E+06  0.265E+06  0.124E+06  0.659E+05  0.464E+05  0.573E+05  0.447E+06
====================================================================================================================     


TABLE 1E. PARAMETER ESTIMATES FOR BFTE test                                         
==================================================================
 
 TERMINAL AGE STRUCTURE OF POPULATION ABUNDANCE
                  Average of               Std.              
  Age      MLE    bootstraps    Bias       Error   % CV      
  ---  ---------- ---------- ---------- ---------- -----     
    2   0.271E+06  0.289E+06  0.266E+05  0.209E+05   7.2
    3   0.208E+07  0.311E+07  0.910E+06  0.123E+07  39.5
    4   0.197E+07  0.234E+07  0.521E+06  0.685E+06  29.2
    5   0.826E+06  0.994E+06  0.224E+06  0.265E+06  26.6
    6   0.406E+06  0.469E+06  0.799E+05  0.124E+06  26.4
    7   0.246E+06  0.267E+06 -0.857E+04  0.659E+05  24.6
    8   0.181E+06  0.188E+06 -0.205E+04  0.464E+05  24.7
    9   0.239E+06  0.237E+06  0.244E+05  0.573E+05  24.2
   10   0.169E+07  0.189E+07  0.205E+06  0.447E+06  23.7
 
 TERMINAL AGE STRUCTURE OF FISHING MORTALITY RATE
                  Average of               Std.              
  Age      MLE    bootstraps    Bias       Error   % CV      
  ---  ---------- ---------- ---------- ---------- -----     
    1   0.606E-05  0.572E-05 -0.548E-06  0.420E-06   7.3
    2   0.116E-01  0.900E-02 -0.202E-02  0.346E-02  38.5
    3   0.731E-02  0.659E-02 -0.128E-02  0.174E-02  26.4
    4   0.406E-01  0.361E-01 -0.749E-02  0.909E-02  25.2
    5   0.273E-01  0.252E-01 -0.332E-02  0.618E-02  24.5
    6   0.132E-01  0.128E-01  0.108E-02  0.311E-02  24.2
    7   0.145E-01  0.149E-01  0.104E-02  0.408E-02  27.5
    8   0.196E-01  0.210E-01 -0.108E-02  0.529E-02  25.2
    9   0.364E-01  0.344E-01 -0.215E-02  0.800E-02  23.2
   10   0.364E-01  0.344E-01 -0.215E-02  0.800E-02  23.2
 
 RATIO OF FISHING MORTALITY RATE ON LAST TWO AGES (F-RATIO)
                  Average of               Std.              
 Year      MLE    bootstraps    Bias       Error   % CV      
 ----  ---------- ---------- ---------- ---------- -----     
 1968   0.960E+00  0.107E+01  0.122E+00  0.699E+00  65.5
 1969   0.960E+00  0.107E+01  0.122E+00  0.699E+00  65.5
 1970   0.960E+00  0.107E+01  0.122E+00  0.699E+00  65.5
 1971   0.960E+00  0.107E+01  0.122E+00  0.699E+00  65.5
 1972   0.960E+00  0.107E+01  0.122E+00  0.699E+00  65.5
 1973   0.960E+00  0.107E+01  0.122E+00  0.699E+00  65.5
 1974   0.960E+00  0.107E+01  0.122E+00  0.699E+00  65.5
 1975   0.960E+00  0.107E+01  0.122E+00  0.699E+00  65.5
 1976   0.960E+00  0.107E+01  0.122E+00  0.699E+00  65.5
 1977   0.960E+00  0.107E+01  0.122E+00  0.699E+00  65.5
 1978   0.960E+00  0.107E+01  0.122E+00  0.699E+00  65.5
 1979   0.960E+00  0.107E+01  0.122E+00  0.699E+00  65.5
 1980   0.960E+00  0.107E+01  0.122E+00  0.699E+00  65.5
 1981   0.526E+00  0.505E+00 -0.184E-01  0.107E+00  21.2
 1982   0.526E+00  0.505E+00 -0.184E-01  0.107E+00  21.2
 1983   0.526E+00  0.505E+00 -0.184E-01  0.107E+00  21.2
 1984   0.526E+00  0.505E+00 -0.184E-01  0.107E+00  21.2
 1985   0.526E+00  0.505E+00 -0.184E-01  0.107E+00  21.2
 1986   0.526E+00  0.505E+00 -0.184E-01  0.107E+00  21.2
 1987   0.526E+00  0.505E+00 -0.184E-01  0.107E+00  21.2
 1988   0.526E+00  0.505E+00 -0.184E-01  0.107E+00  21.2
 1989   0.526E+00  0.505E+00 -0.184E-01  0.107E+00  21.2
 1990   0.526E+00  0.505E+00 -0.184E-01  0.107E+00  21.2
 1991   0.526E+00  0.505E+00 -0.184E-01  0.107E+00  21.2
 1992   0.526E+00  0.505E+00 -0.184E-01  0.107E+00  21.2
 1993   0.526E+00  0.505E+00 -0.184E-01  0.107E+00  21.2
 1994   0.526E+00  0.505E+00 -0.184E-01  0.107E+00  21.2
 1995   0.526E+00  0.505E+00 -0.184E-01  0.107E+00  21.2
 1996   0.160E+01  0.155E+01 -0.429E-01  0.409E+00  26.3
 1997   0.160E+01  0.155E+01 -0.429E-01  0.409E+00  26.3
 1998   0.160E+01  0.155E+01 -0.429E-01  0.409E+00  26.3
 1999   0.160E+01  0.155E+01 -0.429E-01  0.409E+00  26.3
 2000   0.160E+01  0.155E+01 -0.429E-01  0.409E+00  26.3
 2001   0.160E+01  0.155E+01 -0.429E-01  0.409E+00  26.3
 2002   0.160E+01  0.155E+01 -0.429E-01  0.409E+00  26.3
 2003   0.160E+01  0.155E+01 -0.429E-01  0.409E+00  26.3
 2004   0.160E+01  0.155E+01 -0.429E-01  0.409E+00  26.3
 2005   0.160E+01  0.155E+01 -0.429E-01  0.409E+00  26.3
 2006   0.160E+01  0.155E+01 -0.429E-01  0.409E+00  26.3
 2007   0.160E+01  0.155E+01 -0.429E-01  0.409E+00  26.3
 2008   0.100E+01  0.100E+01  0.000E+00  0.000E+00   0.0
 2009   0.100E+01  0.100E+01  0.000E+00  0.000E+00   0.0
 2010   0.100E+01  0.100E+01  0.000E+00  0.000E+00   0.0
 2011   0.100E+01  0.100E+01  0.000E+00  0.000E+00   0.0
 2012   0.100E+01  0.100E+01  0.000E+00  0.000E+00   0.0
 2013   0.100E+01  0.100E+01  0.000E+00  0.000E+00   0.0
 2014   0.100E+01  0.100E+01  0.000E+00  0.000E+00   0.0
 2015   0.100E+01  0.100E+01  0.000E+00  0.000E+00   0.0
 
 NATURAL MORTALITY RATE
                  Average of               Std.              
  Age      MLE    bootstraps    Bias       Error   % CV      
  ---  ---------- ---------- ---------- ---------- -----     
    1   0.380E+00  0.380E+00  0.000E+00  0.000E+00   0.0
    2   0.300E+00  0.300E+00  0.000E+00  0.000E+00   0.0
    3   0.240E+00  0.240E+00  0.000E+00  0.000E+00   0.0
    4   0.200E+00  0.200E+00  0.000E+00  0.000E+00   0.0
    5   0.180E+00  0.180E+00  0.000E+00  0.000E+00   0.0
    6   0.160E+00  0.160E+00  0.000E+00  0.000E+00   0.0
    7   0.140E+00  0.140E+00  0.000E+00  0.000E+00   0.0
    8   0.130E+00  0.130E+00  0.000E+00  0.000E+00   0.0
    9   0.120E+00  0.120E+00  0.000E+00  0.000E+00   0.0
   10   0.100E+00  0.100E+00  0.000E+00  0.000E+00   0.0
 
 TRANSFER COEFFICIENTS
                  Average of               Std.              
  Age      MLE    bootstraps    Bias       Error   % CV      
  ---  ---------- ---------- ---------- ---------- -----     
    1   0.000E+00  0.000E+00  0.000E+00  0.000E+00   0.0
    2   0.000E+00  0.000E+00  0.000E+00  0.000E+00   0.0
    3   0.000E+00  0.000E+00  0.000E+00  0.000E+00   0.0
    4   0.000E+00  0.000E+00  0.000E+00  0.000E+00   0.0
    5   0.000E+00  0.000E+00  0.000E+00  0.000E+00   0.0
    6   0.000E+00  0.000E+00  0.000E+00  0.000E+00   0.0
    7   0.000E+00  0.000E+00  0.000E+00  0.000E+00   0.0
    8   0.000E+00  0.000E+00  0.000E+00  0.000E+00   0.0
    9   0.000E+00  0.000E+00  0.000E+00  0.000E+00   0.0
   10   0.000E+00  0.000E+00  0.000E+00  0.000E+00   0.0
 
 
 VARIANCE SCALING PARAMETERS
                  Average of               Std.              
 Index     MLE    bootstraps    Bias       Error   % CV      
 ----- ---------- ---------- ---------- ---------- -----     
    1   0.483E+00  0.474E+00 -0.880E-02  0.482E-01  10.2
    2   0.483E+00  0.474E+00 -0.880E-02  0.482E-01  10.2
    3   0.444E+00  0.435E+00 -0.915E-02  0.409E-01   9.4
    4   0.444E+00  0.435E+00 -0.915E-02  0.409E-01   9.4
    5   0.444E+00  0.435E+00 -0.915E-02  0.409E-01   9.4
    6   0.668E+00  0.649E+00 -0.183E-01  0.668E-01  10.3
    7   0.668E+00  0.649E+00 -0.183E-01  0.668E-01  10.3
    8   0.361E+00  0.298E+00 -0.633E-01  0.174E+00  58.5
    9   0.501E+00  0.410E+00 -0.901E-01  0.185E+00  45.0
   10   0.101E+01  0.984E+00 -0.266E-01  0.185E+00  18.8
 
 CATCHABILITY COEFFICIENTS
                         Average of               Std.           
 Index  Year      MLE    bootstraps    Bias       Error   % CV   
 -----  ----  ---------- ---------- ---------- ---------- -----  
    1   1968   0.803E-06  0.792E-06 -0.811E-07  0.182E-06  23.0
    1   1969   0.803E-06  0.792E-06 -0.811E-07  0.182E-06  23.0
    1   1970   0.803E-06  0.792E-06 -0.811E-07  0.182E-06  23.0
    1   1971   0.803E-06  0.792E-06 -0.811E-07  0.182E-06  23.0
    1   1972   0.803E-06  0.792E-06 -0.811E-07  0.182E-06  23.0
    1   1973   0.803E-06  0.792E-06 -0.811E-07  0.182E-06  23.0
    1   1974   0.803E-06  0.792E-06 -0.811E-07  0.182E-06  23.0
    1   1975   0.803E-06  0.792E-06 -0.811E-07  0.182E-06  23.0
    1   1976   0.803E-06  0.792E-06 -0.811E-07  0.182E-06  23.0
    1   1977   0.803E-06  0.792E-06 -0.811E-07  0.182E-06  23.0
    1   1978   0.803E-06  0.792E-06 -0.811E-07  0.182E-06  23.0
    1   1979   0.803E-06  0.792E-06 -0.811E-07  0.182E-06  23.0
    1   1980   0.803E-06  0.792E-06 -0.811E-07  0.182E-06  23.0
    1   1981   0.803E-06  0.792E-06 -0.811E-07  0.182E-06  23.0
    1   1982   0.803E-06  0.792E-06 -0.811E-07  0.182E-06  23.0
    1   1983   0.803E-06  0.792E-06 -0.811E-07  0.182E-06  23.0
    1   1984   0.803E-06  0.792E-06 -0.811E-07  0.182E-06  23.0
    1   1985   0.803E-06  0.792E-06 -0.811E-07  0.182E-06  23.0
    1   1986   0.803E-06  0.792E-06 -0.811E-07  0.182E-06  23.0
    1   1987   0.803E-06  0.792E-06 -0.811E-07  0.182E-06  23.0
    1   1988   0.803E-06  0.792E-06 -0.811E-07  0.182E-06  23.0
    1   1989   0.803E-06  0.792E-06 -0.811E-07  0.182E-06  23.0
    1   1990   0.803E-06  0.792E-06 -0.811E-07  0.182E-06  23.0
    1   1991   0.803E-06  0.792E-06 -0.811E-07  0.182E-06  23.0
    1   1992   0.803E-06  0.792E-06 -0.811E-07  0.182E-06  23.0
    1   1993   0.803E-06  0.792E-06 -0.811E-07  0.182E-06  23.0
    1   1994   0.803E-06  0.792E-06 -0.811E-07  0.182E-06  23.0
    1   1995   0.803E-06  0.792E-06 -0.811E-07  0.182E-06  23.0
    1   1996   0.803E-06  0.792E-06 -0.811E-07  0.182E-06  23.0
    1   1997   0.803E-06  0.792E-06 -0.811E-07  0.182E-06  23.0
    1   1998   0.803E-06  0.792E-06 -0.811E-07  0.182E-06  23.0
    1   1999   0.803E-06  0.792E-06 -0.811E-07  0.182E-06  23.0
    1   2000   0.803E-06  0.792E-06 -0.811E-07  0.182E-06  23.0
    1   2001   0.803E-06  0.792E-06 -0.811E-07  0.182E-06  23.0
    1   2002   0.803E-06  0.792E-06 -0.811E-07  0.182E-06  23.0
    1   2003   0.803E-06  0.792E-06 -0.811E-07  0.182E-06  23.0
    1   2004   0.803E-06  0.792E-06 -0.811E-07  0.182E-06  23.0
    1   2005   0.803E-06  0.792E-06 -0.811E-07  0.182E-06  23.0
    1   2006   0.803E-06  0.792E-06 -0.811E-07  0.182E-06  23.0
    1   2007   0.803E-06  0.792E-06 -0.811E-07  0.182E-06  23.0
    1   2008   0.803E-06  0.792E-06 -0.811E-07  0.182E-06  23.0
    1   2009   0.803E-06  0.792E-06 -0.811E-07  0.182E-06  23.0
    1   2010   0.803E-06  0.792E-06 -0.811E-07  0.182E-06  23.0
    1   2011   0.803E-06  0.792E-06 -0.811E-07  0.182E-06  23.0
    1   2012   0.803E-06  0.792E-06 -0.811E-07  0.182E-06  23.0
    1   2013   0.803E-06  0.792E-06 -0.811E-07  0.182E-06  23.0
    1   2014   0.803E-06  0.792E-06 -0.811E-07  0.182E-06  23.0
    1   2015   0.803E-06  0.792E-06 -0.811E-07  0.182E-06  23.0
    2   1968   0.806E-06  0.773E-06 -0.825E-07  0.212E-06  27.5
    2   1969   0.806E-06  0.773E-06 -0.825E-07  0.212E-06  27.5
    2   1970   0.806E-06  0.773E-06 -0.825E-07  0.212E-06  27.5
    2   1971   0.806E-06  0.773E-06 -0.825E-07  0.212E-06  27.5
    2   1972   0.806E-06  0.773E-06 -0.825E-07  0.212E-06  27.5
    2   1973   0.806E-06  0.773E-06 -0.825E-07  0.212E-06  27.5
    2   1974   0.806E-06  0.773E-06 -0.825E-07  0.212E-06  27.5
    2   1975   0.806E-06  0.773E-06 -0.825E-07  0.212E-06  27.5
    2   1976   0.806E-06  0.773E-06 -0.825E-07  0.212E-06  27.5
    2   1977   0.806E-06  0.773E-06 -0.825E-07  0.212E-06  27.5
    2   1978   0.806E-06  0.773E-06 -0.825E-07  0.212E-06  27.5
    2   1979   0.806E-06  0.773E-06 -0.825E-07  0.212E-06  27.5
    2   1980   0.806E-06  0.773E-06 -0.825E-07  0.212E-06  27.5
    2   1981   0.806E-06  0.773E-06 -0.825E-07  0.212E-06  27.5
    2   1982   0.806E-06  0.773E-06 -0.825E-07  0.212E-06  27.5
    2   1983   0.806E-06  0.773E-06 -0.825E-07  0.212E-06  27.5
    2   1984   0.806E-06  0.773E-06 -0.825E-07  0.212E-06  27.5
    2   1985   0.806E-06  0.773E-06 -0.825E-07  0.212E-06  27.5
    2   1986   0.806E-06  0.773E-06 -0.825E-07  0.212E-06  27.5
    2   1987   0.806E-06  0.773E-06 -0.825E-07  0.212E-06  27.5
    2   1988   0.806E-06  0.773E-06 -0.825E-07  0.212E-06  27.5
    2   1989   0.806E-06  0.773E-06 -0.825E-07  0.212E-06  27.5
    2   1990   0.806E-06  0.773E-06 -0.825E-07  0.212E-06  27.5
    2   1991   0.806E-06  0.773E-06 -0.825E-07  0.212E-06  27.5
    2   1992   0.806E-06  0.773E-06 -0.825E-07  0.212E-06  27.5
    2   1993   0.806E-06  0.773E-06 -0.825E-07  0.212E-06  27.5
    2   1994   0.806E-06  0.773E-06 -0.825E-07  0.212E-06  27.5
    2   1995   0.806E-06  0.773E-06 -0.825E-07  0.212E-06  27.5
    2   1996   0.806E-06  0.773E-06 -0.825E-07  0.212E-06  27.5
    2   1997   0.806E-06  0.773E-06 -0.825E-07  0.212E-06  27.5
    2   1998   0.806E-06  0.773E-06 -0.825E-07  0.212E-06  27.5
    2   1999   0.806E-06  0.773E-06 -0.825E-07  0.212E-06  27.5
    2   2000   0.806E-06  0.773E-06 -0.825E-07  0.212E-06  27.5
    2   2001   0.806E-06  0.773E-06 -0.825E-07  0.212E-06  27.5
    2   2002   0.806E-06  0.773E-06 -0.825E-07  0.212E-06  27.5
    2   2003   0.806E-06  0.773E-06 -0.825E-07  0.212E-06  27.5
    2   2004   0.806E-06  0.773E-06 -0.825E-07  0.212E-06  27.5
    2   2005   0.806E-06  0.773E-06 -0.825E-07  0.212E-06  27.5
    2   2006   0.806E-06  0.773E-06 -0.825E-07  0.212E-06  27.5
    2   2007   0.806E-06  0.773E-06 -0.825E-07  0.212E-06  27.5
    2   2008   0.806E-06  0.773E-06 -0.825E-07  0.212E-06  27.5
    2   2009   0.806E-06  0.773E-06 -0.825E-07  0.212E-06  27.5
    2   2010   0.806E-06  0.773E-06 -0.825E-07  0.212E-06  27.5
    2   2011   0.806E-06  0.773E-06 -0.825E-07  0.212E-06  27.5
    2   2012   0.806E-06  0.773E-06 -0.825E-07  0.212E-06  27.5
    2   2013   0.806E-06  0.773E-06 -0.825E-07  0.212E-06  27.5
    2   2014   0.806E-06  0.773E-06 -0.825E-07  0.212E-06  27.5
    2   2015   0.806E-06  0.773E-06 -0.825E-07  0.212E-06  27.5
    3   1968   0.870E-06  0.860E-06 -0.759E-07  0.110E-06  12.8
    3   1969   0.870E-06  0.860E-06 -0.759E-07  0.110E-06  12.8
    3   1970   0.870E-06  0.860E-06 -0.759E-07  0.110E-06  12.8
    3   1971   0.870E-06  0.860E-06 -0.759E-07  0.110E-06  12.8
    3   1972   0.870E-06  0.860E-06 -0.759E-07  0.110E-06  12.8
    3   1973   0.870E-06  0.860E-06 -0.759E-07  0.110E-06  12.8
    3   1974   0.870E-06  0.860E-06 -0.759E-07  0.110E-06  12.8
    3   1975   0.870E-06  0.860E-06 -0.759E-07  0.110E-06  12.8
    3   1976   0.870E-06  0.860E-06 -0.759E-07  0.110E-06  12.8
    3   1977   0.870E-06  0.860E-06 -0.759E-07  0.110E-06  12.8
    3   1978   0.870E-06  0.860E-06 -0.759E-07  0.110E-06  12.8
    3   1979   0.870E-06  0.860E-06 -0.759E-07  0.110E-06  12.8
    3   1980   0.870E-06  0.860E-06 -0.759E-07  0.110E-06  12.8
    3   1981   0.870E-06  0.860E-06 -0.759E-07  0.110E-06  12.8
    3   1982   0.870E-06  0.860E-06 -0.759E-07  0.110E-06  12.8
    3   1983   0.870E-06  0.860E-06 -0.759E-07  0.110E-06  12.8
    3   1984   0.870E-06  0.860E-06 -0.759E-07  0.110E-06  12.8
    3   1985   0.870E-06  0.860E-06 -0.759E-07  0.110E-06  12.8
    3   1986   0.870E-06  0.860E-06 -0.759E-07  0.110E-06  12.8
    3   1987   0.870E-06  0.860E-06 -0.759E-07  0.110E-06  12.8
    3   1988   0.870E-06  0.860E-06 -0.759E-07  0.110E-06  12.8
    3   1989   0.870E-06  0.860E-06 -0.759E-07  0.110E-06  12.8
    3   1990   0.870E-06  0.860E-06 -0.759E-07  0.110E-06  12.8
    3   1991   0.870E-06  0.860E-06 -0.759E-07  0.110E-06  12.8
    3   1992   0.870E-06  0.860E-06 -0.759E-07  0.110E-06  12.8
    3   1993   0.870E-06  0.860E-06 -0.759E-07  0.110E-06  12.8
    3   1994   0.870E-06  0.860E-06 -0.759E-07  0.110E-06  12.8
    3   1995   0.870E-06  0.860E-06 -0.759E-07  0.110E-06  12.8
    3   1996   0.870E-06  0.860E-06 -0.759E-07  0.110E-06  12.8
    3   1997   0.870E-06  0.860E-06 -0.759E-07  0.110E-06  12.8
    3   1998   0.870E-06  0.860E-06 -0.759E-07  0.110E-06  12.8
    3   1999   0.870E-06  0.860E-06 -0.759E-07  0.110E-06  12.8
    3   2000   0.870E-06  0.860E-06 -0.759E-07  0.110E-06  12.8
    3   2001   0.870E-06  0.860E-06 -0.759E-07  0.110E-06  12.8
    3   2002   0.870E-06  0.860E-06 -0.759E-07  0.110E-06  12.8
    3   2003   0.870E-06  0.860E-06 -0.759E-07  0.110E-06  12.8
    3   2004   0.870E-06  0.860E-06 -0.759E-07  0.110E-06  12.8
    3   2005   0.870E-06  0.860E-06 -0.759E-07  0.110E-06  12.8
    3   2006   0.870E-06  0.860E-06 -0.759E-07  0.110E-06  12.8
    3   2007   0.870E-06  0.860E-06 -0.759E-07  0.110E-06  12.8
    3   2008   0.870E-06  0.860E-06 -0.759E-07  0.110E-06  12.8
    3   2009   0.870E-06  0.860E-06 -0.759E-07  0.110E-06  12.8
    3   2010   0.870E-06  0.860E-06 -0.759E-07  0.110E-06  12.8
    3   2011   0.870E-06  0.860E-06 -0.759E-07  0.110E-06  12.8
    3   2012   0.870E-06  0.860E-06 -0.759E-07  0.110E-06  12.8
    3   2013   0.870E-06  0.860E-06 -0.759E-07  0.110E-06  12.8
    3   2014   0.870E-06  0.860E-06 -0.759E-07  0.110E-06  12.8
    3   2015   0.870E-06  0.860E-06 -0.759E-07  0.110E-06  12.8
    4   1968   0.974E-06  0.955E-06 -0.882E-07  0.124E-06  13.0
    4   1969   0.974E-06  0.955E-06 -0.882E-07  0.124E-06  13.0
    4   1970   0.974E-06  0.955E-06 -0.882E-07  0.124E-06  13.0
    4   1971   0.974E-06  0.955E-06 -0.882E-07  0.124E-06  13.0
    4   1972   0.974E-06  0.955E-06 -0.882E-07  0.124E-06  13.0
    4   1973   0.974E-06  0.955E-06 -0.882E-07  0.124E-06  13.0
    4   1974   0.974E-06  0.955E-06 -0.882E-07  0.124E-06  13.0
    4   1975   0.974E-06  0.955E-06 -0.882E-07  0.124E-06  13.0
    4   1976   0.974E-06  0.955E-06 -0.882E-07  0.124E-06  13.0
    4   1977   0.974E-06  0.955E-06 -0.882E-07  0.124E-06  13.0
    4   1978   0.974E-06  0.955E-06 -0.882E-07  0.124E-06  13.0
    4   1979   0.974E-06  0.955E-06 -0.882E-07  0.124E-06  13.0
    4   1980   0.974E-06  0.955E-06 -0.882E-07  0.124E-06  13.0
    4   1981   0.974E-06  0.955E-06 -0.882E-07  0.124E-06  13.0
    4   1982   0.974E-06  0.955E-06 -0.882E-07  0.124E-06  13.0
    4   1983   0.974E-06  0.955E-06 -0.882E-07  0.124E-06  13.0
    4   1984   0.974E-06  0.955E-06 -0.882E-07  0.124E-06  13.0
    4   1985   0.974E-06  0.955E-06 -0.882E-07  0.124E-06  13.0
    4   1986   0.974E-06  0.955E-06 -0.882E-07  0.124E-06  13.0
    4   1987   0.974E-06  0.955E-06 -0.882E-07  0.124E-06  13.0
    4   1988   0.974E-06  0.955E-06 -0.882E-07  0.124E-06  13.0
    4   1989   0.974E-06  0.955E-06 -0.882E-07  0.124E-06  13.0
    4   1990   0.974E-06  0.955E-06 -0.882E-07  0.124E-06  13.0
    4   1991   0.974E-06  0.955E-06 -0.882E-07  0.124E-06  13.0
    4   1992   0.974E-06  0.955E-06 -0.882E-07  0.124E-06  13.0
    4   1993   0.974E-06  0.955E-06 -0.882E-07  0.124E-06  13.0
    4   1994   0.974E-06  0.955E-06 -0.882E-07  0.124E-06  13.0
    4   1995   0.974E-06  0.955E-06 -0.882E-07  0.124E-06  13.0
    4   1996   0.974E-06  0.955E-06 -0.882E-07  0.124E-06  13.0
    4   1997   0.974E-06  0.955E-06 -0.882E-07  0.124E-06  13.0
    4   1998   0.974E-06  0.955E-06 -0.882E-07  0.124E-06  13.0
    4   1999   0.974E-06  0.955E-06 -0.882E-07  0.124E-06  13.0
    4   2000   0.974E-06  0.955E-06 -0.882E-07  0.124E-06  13.0
    4   2001   0.974E-06  0.955E-06 -0.882E-07  0.124E-06  13.0
    4   2002   0.974E-06  0.955E-06 -0.882E-07  0.124E-06  13.0
    4   2003   0.974E-06  0.955E-06 -0.882E-07  0.124E-06  13.0
    4   2004   0.974E-06  0.955E-06 -0.882E-07  0.124E-06  13.0
    4   2005   0.974E-06  0.955E-06 -0.882E-07  0.124E-06  13.0
    4   2006   0.974E-06  0.955E-06 -0.882E-07  0.124E-06  13.0
    4   2007   0.974E-06  0.955E-06 -0.882E-07  0.124E-06  13.0
    4   2008   0.974E-06  0.955E-06 -0.882E-07  0.124E-06  13.0
    4   2009   0.974E-06  0.955E-06 -0.882E-07  0.124E-06  13.0
    4   2010   0.974E-06  0.955E-06 -0.882E-07  0.124E-06  13.0
    4   2011   0.974E-06  0.955E-06 -0.882E-07  0.124E-06  13.0
    4   2012   0.974E-06  0.955E-06 -0.882E-07  0.124E-06  13.0
    4   2013   0.974E-06  0.955E-06 -0.882E-07  0.124E-06  13.0
    4   2014   0.974E-06  0.955E-06 -0.882E-07  0.124E-06  13.0
    4   2015   0.974E-06  0.955E-06 -0.882E-07  0.124E-06  13.0
    5   1968   0.900E-06  0.867E-06 -0.118E-06  0.239E-06  27.6
    5   1969   0.900E-06  0.867E-06 -0.118E-06  0.239E-06  27.6
    5   1970   0.900E-06  0.867E-06 -0.118E-06  0.239E-06  27.6
    5   1971   0.900E-06  0.867E-06 -0.118E-06  0.239E-06  27.6
    5   1972   0.900E-06  0.867E-06 -0.118E-06  0.239E-06  27.6
    5   1973   0.900E-06  0.867E-06 -0.118E-06  0.239E-06  27.6
    5   1974   0.900E-06  0.867E-06 -0.118E-06  0.239E-06  27.6
    5   1975   0.900E-06  0.867E-06 -0.118E-06  0.239E-06  27.6
    5   1976   0.900E-06  0.867E-06 -0.118E-06  0.239E-06  27.6
    5   1977   0.900E-06  0.867E-06 -0.118E-06  0.239E-06  27.6
    5   1978   0.900E-06  0.867E-06 -0.118E-06  0.239E-06  27.6
    5   1979   0.900E-06  0.867E-06 -0.118E-06  0.239E-06  27.6
    5   1980   0.900E-06  0.867E-06 -0.118E-06  0.239E-06  27.6
    5   1981   0.900E-06  0.867E-06 -0.118E-06  0.239E-06  27.6
    5   1982   0.900E-06  0.867E-06 -0.118E-06  0.239E-06  27.6
    5   1983   0.900E-06  0.867E-06 -0.118E-06  0.239E-06  27.6
    5   1984   0.900E-06  0.867E-06 -0.118E-06  0.239E-06  27.6
    5   1985   0.900E-06  0.867E-06 -0.118E-06  0.239E-06  27.6
    5   1986   0.900E-06  0.867E-06 -0.118E-06  0.239E-06  27.6
    5   1987   0.900E-06  0.867E-06 -0.118E-06  0.239E-06  27.6
    5   1988   0.900E-06  0.867E-06 -0.118E-06  0.239E-06  27.6
    5   1989   0.900E-06  0.867E-06 -0.118E-06  0.239E-06  27.6
    5   1990   0.900E-06  0.867E-06 -0.118E-06  0.239E-06  27.6
    5   1991   0.900E-06  0.867E-06 -0.118E-06  0.239E-06  27.6
    5   1992   0.900E-06  0.867E-06 -0.118E-06  0.239E-06  27.6
    5   1993   0.900E-06  0.867E-06 -0.118E-06  0.239E-06  27.6
    5   1994   0.900E-06  0.867E-06 -0.118E-06  0.239E-06  27.6
    5   1995   0.900E-06  0.867E-06 -0.118E-06  0.239E-06  27.6
    5   1996   0.900E-06  0.867E-06 -0.118E-06  0.239E-06  27.6
    5   1997   0.900E-06  0.867E-06 -0.118E-06  0.239E-06  27.6
    5   1998   0.900E-06  0.867E-06 -0.118E-06  0.239E-06  27.6
    5   1999   0.900E-06  0.867E-06 -0.118E-06  0.239E-06  27.6
    5   2000   0.900E-06  0.867E-06 -0.118E-06  0.239E-06  27.6
    5   2001   0.900E-06  0.867E-06 -0.118E-06  0.239E-06  27.6
    5   2002   0.900E-06  0.867E-06 -0.118E-06  0.239E-06  27.6
    5   2003   0.900E-06  0.867E-06 -0.118E-06  0.239E-06  27.6
    5   2004   0.900E-06  0.867E-06 -0.118E-06  0.239E-06  27.6
    5   2005   0.900E-06  0.867E-06 -0.118E-06  0.239E-06  27.6
    5   2006   0.900E-06  0.867E-06 -0.118E-06  0.239E-06  27.6
    5   2007   0.900E-06  0.867E-06 -0.118E-06  0.239E-06  27.6
    5   2008   0.900E-06  0.867E-06 -0.118E-06  0.239E-06  27.6
    5   2009   0.900E-06  0.867E-06 -0.118E-06  0.239E-06  27.6
    5   2010   0.900E-06  0.867E-06 -0.118E-06  0.239E-06  27.6
    5   2011   0.900E-06  0.867E-06 -0.118E-06  0.239E-06  27.6
    5   2012   0.900E-06  0.867E-06 -0.118E-06  0.239E-06  27.6
    5   2013   0.900E-06  0.867E-06 -0.118E-06  0.239E-06  27.6
    5   2014   0.900E-06  0.867E-06 -0.118E-06  0.239E-06  27.6
    5   2015   0.900E-06  0.867E-06 -0.118E-06  0.239E-06  27.6
    6   1968   0.581E-07  0.576E-07 -0.955E-08  0.691E-08  12.0
    6   1969   0.581E-07  0.576E-07 -0.955E-08  0.691E-08  12.0
    6   1970   0.581E-07  0.576E-07 -0.955E-08  0.691E-08  12.0
    6   1971   0.581E-07  0.576E-07 -0.955E-08  0.691E-08  12.0
    6   1972   0.581E-07  0.576E-07 -0.955E-08  0.691E-08  12.0
    6   1973   0.581E-07  0.576E-07 -0.955E-08  0.691E-08  12.0
    6   1974   0.581E-07  0.576E-07 -0.955E-08  0.691E-08  12.0
    6   1975   0.581E-07  0.576E-07 -0.955E-08  0.691E-08  12.0
    6   1976   0.581E-07  0.576E-07 -0.955E-08  0.691E-08  12.0
    6   1977   0.581E-07  0.576E-07 -0.955E-08  0.691E-08  12.0
    6   1978   0.581E-07  0.576E-07 -0.955E-08  0.691E-08  12.0
    6   1979   0.581E-07  0.576E-07 -0.955E-08  0.691E-08  12.0
    6   1980   0.581E-07  0.576E-07 -0.955E-08  0.691E-08  12.0
    6   1981   0.581E-07  0.576E-07 -0.955E-08  0.691E-08  12.0
    6   1982   0.581E-07  0.576E-07 -0.955E-08  0.691E-08  12.0
    6   1983   0.581E-07  0.576E-07 -0.955E-08  0.691E-08  12.0
    6   1984   0.581E-07  0.576E-07 -0.955E-08  0.691E-08  12.0
    6   1985   0.581E-07  0.576E-07 -0.955E-08  0.691E-08  12.0
    6   1986   0.581E-07  0.576E-07 -0.955E-08  0.691E-08  12.0
    6   1987   0.581E-07  0.576E-07 -0.955E-08  0.691E-08  12.0
    6   1988   0.581E-07  0.576E-07 -0.955E-08  0.691E-08  12.0
    6   1989   0.581E-07  0.576E-07 -0.955E-08  0.691E-08  12.0
    6   1990   0.581E-07  0.576E-07 -0.955E-08  0.691E-08  12.0
    6   1991   0.581E-07  0.576E-07 -0.955E-08  0.691E-08  12.0
    6   1992   0.581E-07  0.576E-07 -0.955E-08  0.691E-08  12.0
    6   1993   0.581E-07  0.576E-07 -0.955E-08  0.691E-08  12.0
    6   1994   0.581E-07  0.576E-07 -0.955E-08  0.691E-08  12.0
    6   1995   0.581E-07  0.576E-07 -0.955E-08  0.691E-08  12.0
    6   1996   0.581E-07  0.576E-07 -0.955E-08  0.691E-08  12.0
    6   1997   0.581E-07  0.576E-07 -0.955E-08  0.691E-08  12.0
    6   1998   0.581E-07  0.576E-07 -0.955E-08  0.691E-08  12.0
    6   1999   0.581E-07  0.576E-07 -0.955E-08  0.691E-08  12.0
    6   2000   0.581E-07  0.576E-07 -0.955E-08  0.691E-08  12.0
    6   2001   0.581E-07  0.576E-07 -0.955E-08  0.691E-08  12.0
    6   2002   0.581E-07  0.576E-07 -0.955E-08  0.691E-08  12.0
    6   2003   0.581E-07  0.576E-07 -0.955E-08  0.691E-08  12.0
    6   2004   0.581E-07  0.576E-07 -0.955E-08  0.691E-08  12.0
    6   2005   0.581E-07  0.576E-07 -0.955E-08  0.691E-08  12.0
    6   2006   0.581E-07  0.576E-07 -0.955E-08  0.691E-08  12.0
    6   2007   0.581E-07  0.576E-07 -0.955E-08  0.691E-08  12.0
    6   2008   0.581E-07  0.576E-07 -0.955E-08  0.691E-08  12.0
    6   2009   0.581E-07  0.576E-07 -0.955E-08  0.691E-08  12.0
    6   2010   0.581E-07  0.576E-07 -0.955E-08  0.691E-08  12.0
    6   2011   0.581E-07  0.576E-07 -0.955E-08  0.691E-08  12.0
    6   2012   0.581E-07  0.576E-07 -0.955E-08  0.691E-08  12.0
    6   2013   0.581E-07  0.576E-07 -0.955E-08  0.691E-08  12.0
    6   2014   0.581E-07  0.576E-07 -0.955E-08  0.691E-08  12.0
    6   2015   0.581E-07  0.576E-07 -0.955E-08  0.691E-08  12.0
    7   1968   0.217E-07  0.210E-07 -0.452E-08  0.615E-08  29.3
    7   1969   0.217E-07  0.210E-07 -0.452E-08  0.615E-08  29.3
    7   1970   0.217E-07  0.210E-07 -0.452E-08  0.615E-08  29.3
    7   1971   0.217E-07  0.210E-07 -0.452E-08  0.615E-08  29.3
    7   1972   0.217E-07  0.210E-07 -0.452E-08  0.615E-08  29.3
    7   1973   0.217E-07  0.210E-07 -0.452E-08  0.615E-08  29.3
    7   1974   0.217E-07  0.210E-07 -0.452E-08  0.615E-08  29.3
    7   1975   0.217E-07  0.210E-07 -0.452E-08  0.615E-08  29.3
    7   1976   0.217E-07  0.210E-07 -0.452E-08  0.615E-08  29.3
    7   1977   0.217E-07  0.210E-07 -0.452E-08  0.615E-08  29.3
    7   1978   0.217E-07  0.210E-07 -0.452E-08  0.615E-08  29.3
    7   1979   0.217E-07  0.210E-07 -0.452E-08  0.615E-08  29.3
    7   1980   0.217E-07  0.210E-07 -0.452E-08  0.615E-08  29.3
    7   1981   0.217E-07  0.210E-07 -0.452E-08  0.615E-08  29.3
    7   1982   0.217E-07  0.210E-07 -0.452E-08  0.615E-08  29.3
    7   1983   0.217E-07  0.210E-07 -0.452E-08  0.615E-08  29.3
    7   1984   0.217E-07  0.210E-07 -0.452E-08  0.615E-08  29.3
    7   1985   0.217E-07  0.210E-07 -0.452E-08  0.615E-08  29.3
    7   1986   0.217E-07  0.210E-07 -0.452E-08  0.615E-08  29.3
    7   1987   0.217E-07  0.210E-07 -0.452E-08  0.615E-08  29.3
    7   1988   0.217E-07  0.210E-07 -0.452E-08  0.615E-08  29.3
    7   1989   0.217E-07  0.210E-07 -0.452E-08  0.615E-08  29.3
    7   1990   0.217E-07  0.210E-07 -0.452E-08  0.615E-08  29.3
    7   1991   0.217E-07  0.210E-07 -0.452E-08  0.615E-08  29.3
    7   1992   0.217E-07  0.210E-07 -0.452E-08  0.615E-08  29.3
    7   1993   0.217E-07  0.210E-07 -0.452E-08  0.615E-08  29.3
    7   1994   0.217E-07  0.210E-07 -0.452E-08  0.615E-08  29.3
    7   1995   0.217E-07  0.210E-07 -0.452E-08  0.615E-08  29.3
    7   1996   0.217E-07  0.210E-07 -0.452E-08  0.615E-08  29.3
    7   1997   0.217E-07  0.210E-07 -0.452E-08  0.615E-08  29.3
    7   1998   0.217E-07  0.210E-07 -0.452E-08  0.615E-08  29.3
    7   1999   0.217E-07  0.210E-07 -0.452E-08  0.615E-08  29.3
    7   2000   0.217E-07  0.210E-07 -0.452E-08  0.615E-08  29.3
    7   2001   0.217E-07  0.210E-07 -0.452E-08  0.615E-08  29.3
    7   2002   0.217E-07  0.210E-07 -0.452E-08  0.615E-08  29.3
    7   2003   0.217E-07  0.210E-07 -0.452E-08  0.615E-08  29.3
    7   2004   0.217E-07  0.210E-07 -0.452E-08  0.615E-08  29.3
    7   2005   0.217E-07  0.210E-07 -0.452E-08  0.615E-08  29.3
    7   2006   0.217E-07  0.210E-07 -0.452E-08  0.615E-08  29.3
    7   2007   0.217E-07  0.210E-07 -0.452E-08  0.615E-08  29.3
    7   2008   0.217E-07  0.210E-07 -0.452E-08  0.615E-08  29.3
    7   2009   0.217E-07  0.210E-07 -0.452E-08  0.615E-08  29.3
    7   2010   0.217E-07  0.210E-07 -0.452E-08  0.615E-08  29.3
    7   2011   0.217E-07  0.210E-07 -0.452E-08  0.615E-08  29.3
    7   2012   0.217E-07  0.210E-07 -0.452E-08  0.615E-08  29.3
    7   2013   0.217E-07  0.210E-07 -0.452E-08  0.615E-08  29.3
    7   2014   0.217E-07  0.210E-07 -0.452E-08  0.615E-08  29.3
    7   2015   0.217E-07  0.210E-07 -0.452E-08  0.615E-08  29.3
    8   1968   0.291E-06  0.283E-06 -0.216E-07  0.556E-07  19.6
    8   1969   0.291E-06  0.283E-06 -0.216E-07  0.556E-07  19.6
    8   1970   0.291E-06  0.283E-06 -0.216E-07  0.556E-07  19.6
    8   1971   0.291E-06  0.283E-06 -0.216E-07  0.556E-07  19.6
    8   1972   0.291E-06  0.283E-06 -0.216E-07  0.556E-07  19.6
    8   1973   0.291E-06  0.283E-06 -0.216E-07  0.556E-07  19.6
    8   1974   0.291E-06  0.283E-06 -0.216E-07  0.556E-07  19.6
    8   1975   0.291E-06  0.283E-06 -0.216E-07  0.556E-07  19.6
    8   1976   0.291E-06  0.283E-06 -0.216E-07  0.556E-07  19.6
    8   1977   0.291E-06  0.283E-06 -0.216E-07  0.556E-07  19.6
    8   1978   0.291E-06  0.283E-06 -0.216E-07  0.556E-07  19.6
    8   1979   0.291E-06  0.283E-06 -0.216E-07  0.556E-07  19.6
    8   1980   0.291E-06  0.283E-06 -0.216E-07  0.556E-07  19.6
    8   1981   0.291E-06  0.283E-06 -0.216E-07  0.556E-07  19.6
    8   1982   0.291E-06  0.283E-06 -0.216E-07  0.556E-07  19.6
    8   1983   0.291E-06  0.283E-06 -0.216E-07  0.556E-07  19.6
    8   1984   0.291E-06  0.283E-06 -0.216E-07  0.556E-07  19.6
    8   1985   0.291E-06  0.283E-06 -0.216E-07  0.556E-07  19.6
    8   1986   0.291E-06  0.283E-06 -0.216E-07  0.556E-07  19.6
    8   1987   0.291E-06  0.283E-06 -0.216E-07  0.556E-07  19.6
    8   1988   0.291E-06  0.283E-06 -0.216E-07  0.556E-07  19.6
    8   1989   0.291E-06  0.283E-06 -0.216E-07  0.556E-07  19.6
    8   1990   0.291E-06  0.283E-06 -0.216E-07  0.556E-07  19.6
    8   1991   0.291E-06  0.283E-06 -0.216E-07  0.556E-07  19.6
    8   1992   0.291E-06  0.283E-06 -0.216E-07  0.556E-07  19.6
    8   1993   0.291E-06  0.283E-06 -0.216E-07  0.556E-07  19.6
    8   1994   0.291E-06  0.283E-06 -0.216E-07  0.556E-07  19.6
    8   1995   0.291E-06  0.283E-06 -0.216E-07  0.556E-07  19.6
    8   1996   0.291E-06  0.283E-06 -0.216E-07  0.556E-07  19.6
    8   1997   0.291E-06  0.283E-06 -0.216E-07  0.556E-07  19.6
    8   1998   0.291E-06  0.283E-06 -0.216E-07  0.556E-07  19.6
    8   1999   0.291E-06  0.283E-06 -0.216E-07  0.556E-07  19.6
    8   2000   0.291E-06  0.283E-06 -0.216E-07  0.556E-07  19.6
    8   2001   0.291E-06  0.283E-06 -0.216E-07  0.556E-07  19.6
    8   2002   0.291E-06  0.283E-06 -0.216E-07  0.556E-07  19.6
    8   2003   0.291E-06  0.283E-06 -0.216E-07  0.556E-07  19.6
    8   2004   0.291E-06  0.283E-06 -0.216E-07  0.556E-07  19.6
    8   2005   0.291E-06  0.283E-06 -0.216E-07  0.556E-07  19.6
    8   2006   0.291E-06  0.283E-06 -0.216E-07  0.556E-07  19.6
    8   2007   0.291E-06  0.283E-06 -0.216E-07  0.556E-07  19.6
    8   2008   0.291E-06  0.283E-06 -0.216E-07  0.556E-07  19.6
    8   2009   0.291E-06  0.283E-06 -0.216E-07  0.556E-07  19.6
    8   2010   0.291E-06  0.283E-06 -0.216E-07  0.556E-07  19.6
    8   2011   0.291E-06  0.283E-06 -0.216E-07  0.556E-07  19.6
    8   2012   0.291E-06  0.283E-06 -0.216E-07  0.556E-07  19.6
    8   2013   0.291E-06  0.283E-06 -0.216E-07  0.556E-07  19.6
    8   2014   0.291E-06  0.283E-06 -0.216E-07  0.556E-07  19.6
    8   2015   0.291E-06  0.283E-06 -0.216E-07  0.556E-07  19.6
    9   1968   0.355E-06  0.335E-06 -0.676E-07  0.868E-07  25.9
    9   1969   0.355E-06  0.335E-06 -0.676E-07  0.868E-07  25.9
    9   1970   0.355E-06  0.335E-06 -0.676E-07  0.868E-07  25.9
    9   1971   0.355E-06  0.335E-06 -0.676E-07  0.868E-07  25.9
    9   1972   0.355E-06  0.335E-06 -0.676E-07  0.868E-07  25.9
    9   1973   0.355E-06  0.335E-06 -0.676E-07  0.868E-07  25.9
    9   1974   0.355E-06  0.335E-06 -0.676E-07  0.868E-07  25.9
    9   1975   0.355E-06  0.335E-06 -0.676E-07  0.868E-07  25.9
    9   1976   0.355E-06  0.335E-06 -0.676E-07  0.868E-07  25.9
    9   1977   0.355E-06  0.335E-06 -0.676E-07  0.868E-07  25.9
    9   1978   0.355E-06  0.335E-06 -0.676E-07  0.868E-07  25.9
    9   1979   0.355E-06  0.335E-06 -0.676E-07  0.868E-07  25.9
    9   1980   0.355E-06  0.335E-06 -0.676E-07  0.868E-07  25.9
    9   1981   0.355E-06  0.335E-06 -0.676E-07  0.868E-07  25.9
    9   1982   0.355E-06  0.335E-06 -0.676E-07  0.868E-07  25.9
    9   1983   0.355E-06  0.335E-06 -0.676E-07  0.868E-07  25.9
    9   1984   0.355E-06  0.335E-06 -0.676E-07  0.868E-07  25.9
    9   1985   0.355E-06  0.335E-06 -0.676E-07  0.868E-07  25.9
    9   1986   0.355E-06  0.335E-06 -0.676E-07  0.868E-07  25.9
    9   1987   0.355E-06  0.335E-06 -0.676E-07  0.868E-07  25.9
    9   1988   0.355E-06  0.335E-06 -0.676E-07  0.868E-07  25.9
    9   1989   0.355E-06  0.335E-06 -0.676E-07  0.868E-07  25.9
    9   1990   0.355E-06  0.335E-06 -0.676E-07  0.868E-07  25.9
    9   1991   0.355E-06  0.335E-06 -0.676E-07  0.868E-07  25.9
    9   1992   0.355E-06  0.335E-06 -0.676E-07  0.868E-07  25.9
    9   1993   0.355E-06  0.335E-06 -0.676E-07  0.868E-07  25.9
    9   1994   0.355E-06  0.335E-06 -0.676E-07  0.868E-07  25.9
    9   1995   0.355E-06  0.335E-06 -0.676E-07  0.868E-07  25.9
    9   1996   0.355E-06  0.335E-06 -0.676E-07  0.868E-07  25.9
    9   1997   0.355E-06  0.335E-06 -0.676E-07  0.868E-07  25.9
    9   1998   0.355E-06  0.335E-06 -0.676E-07  0.868E-07  25.9
    9   1999   0.355E-06  0.335E-06 -0.676E-07  0.868E-07  25.9
    9   2000   0.355E-06  0.335E-06 -0.676E-07  0.868E-07  25.9
    9   2001   0.355E-06  0.335E-06 -0.676E-07  0.868E-07  25.9
    9   2002   0.355E-06  0.335E-06 -0.676E-07  0.868E-07  25.9
    9   2003   0.355E-06  0.335E-06 -0.676E-07  0.868E-07  25.9
    9   2004   0.355E-06  0.335E-06 -0.676E-07  0.868E-07  25.9
    9   2005   0.355E-06  0.335E-06 -0.676E-07  0.868E-07  25.9
    9   2006   0.355E-06  0.335E-06 -0.676E-07  0.868E-07  25.9
    9   2007   0.355E-06  0.335E-06 -0.676E-07  0.868E-07  25.9
    9   2008   0.355E-06  0.335E-06 -0.676E-07  0.868E-07  25.9
    9   2009   0.355E-06  0.335E-06 -0.676E-07  0.868E-07  25.9
    9   2010   0.355E-06  0.335E-06 -0.676E-07  0.868E-07  25.9
    9   2011   0.355E-06  0.335E-06 -0.676E-07  0.868E-07  25.9
    9   2012   0.355E-06  0.335E-06 -0.676E-07  0.868E-07  25.9
    9   2013   0.355E-06  0.335E-06 -0.676E-07  0.868E-07  25.9
    9   2014   0.355E-06  0.335E-06 -0.676E-07  0.868E-07  25.9
    9   2015   0.355E-06  0.335E-06 -0.676E-07  0.868E-07  25.9
   10   1968   0.605E-08  0.604E-08 -0.248E-08  0.186E-08  30.9
   10   1969   0.605E-08  0.604E-08 -0.248E-08  0.186E-08  30.9
   10   1970   0.605E-08  0.604E-08 -0.248E-08  0.186E-08  30.9
   10   1971   0.605E-08  0.604E-08 -0.248E-08  0.186E-08  30.9
   10   1972   0.605E-08  0.604E-08 -0.248E-08  0.186E-08  30.9
   10   1973   0.605E-08  0.604E-08 -0.248E-08  0.186E-08  30.9
   10   1974   0.605E-08  0.604E-08 -0.248E-08  0.186E-08  30.9
   10   1975   0.605E-08  0.604E-08 -0.248E-08  0.186E-08  30.9
   10   1976   0.605E-08  0.604E-08 -0.248E-08  0.186E-08  30.9
   10   1977   0.605E-08  0.604E-08 -0.248E-08  0.186E-08  30.9
   10   1978   0.605E-08  0.604E-08 -0.248E-08  0.186E-08  30.9
   10   1979   0.605E-08  0.604E-08 -0.248E-08  0.186E-08  30.9
   10   1980   0.605E-08  0.604E-08 -0.248E-08  0.186E-08  30.9
   10   1981   0.605E-08  0.604E-08 -0.248E-08  0.186E-08  30.9
   10   1982   0.605E-08  0.604E-08 -0.248E-08  0.186E-08  30.9
   10   1983   0.605E-08  0.604E-08 -0.248E-08  0.186E-08  30.9
   10   1984   0.605E-08  0.604E-08 -0.248E-08  0.186E-08  30.9
   10   1985   0.605E-08  0.604E-08 -0.248E-08  0.186E-08  30.9
   10   1986   0.605E-08  0.604E-08 -0.248E-08  0.186E-08  30.9
   10   1987   0.605E-08  0.604E-08 -0.248E-08  0.186E-08  30.9
   10   1988   0.605E-08  0.604E-08 -0.248E-08  0.186E-08  30.9
   10   1989   0.605E-08  0.604E-08 -0.248E-08  0.186E-08  30.9
   10   1990   0.605E-08  0.604E-08 -0.248E-08  0.186E-08  30.9
   10   1991   0.605E-08  0.604E-08 -0.248E-08  0.186E-08  30.9
   10   1992   0.605E-08  0.604E-08 -0.248E-08  0.186E-08  30.9
   10   1993   0.605E-08  0.604E-08 -0.248E-08  0.186E-08  30.9
   10   1994   0.605E-08  0.604E-08 -0.248E-08  0.186E-08  30.9
   10   1995   0.605E-08  0.604E-08 -0.248E-08  0.186E-08  30.9
   10   1996   0.605E-08  0.604E-08 -0.248E-08  0.186E-08  30.9
   10   1997   0.605E-08  0.604E-08 -0.248E-08  0.186E-08  30.9
   10   1998   0.605E-08  0.604E-08 -0.248E-08  0.186E-08  30.9
   10   1999   0.605E-08  0.604E-08 -0.248E-08  0.186E-08  30.9
   10   2000   0.605E-08  0.604E-08 -0.248E-08  0.186E-08  30.9
   10   2001   0.605E-08  0.604E-08 -0.248E-08  0.186E-08  30.9
   10   2002   0.605E-08  0.604E-08 -0.248E-08  0.186E-08  30.9
   10   2003   0.605E-08  0.604E-08 -0.248E-08  0.186E-08  30.9
   10   2004   0.605E-08  0.604E-08 -0.248E-08  0.186E-08  30.9
   10   2005   0.605E-08  0.604E-08 -0.248E-08  0.186E-08  30.9
   10   2006   0.605E-08  0.604E-08 -0.248E-08  0.186E-08  30.9
   10   2007   0.605E-08  0.604E-08 -0.248E-08  0.186E-08  30.9
   10   2008   0.605E-08  0.604E-08 -0.248E-08  0.186E-08  30.9
   10   2009   0.605E-08  0.604E-08 -0.248E-08  0.186E-08  30.9
   10   2010   0.605E-08  0.604E-08 -0.248E-08  0.186E-08  30.9
   10   2011   0.605E-08  0.604E-08 -0.248E-08  0.186E-08  30.9
   10   2012   0.605E-08  0.604E-08 -0.248E-08  0.186E-08  30.9
   10   2013   0.605E-08  0.604E-08 -0.248E-08  0.186E-08  30.9
   10   2014   0.605E-08  0.604E-08 -0.248E-08  0.186E-08  30.9
   10   2015   0.605E-08  0.604E-08 -0.248E-08  0.186E-08  30.9
 


 *************************************************
 CORRELATION AND COVARIANCE MATRICES OF PARAMETERS
 *************************************************


TABLE 2A. CORRELATION MATRIX
==================================================================================================  
          1    2    3    4    5    6    7    8    9   10   11   12   13   14   15   16   17   18
    1 :  1.0
    2 :  0.7  1.0
    3 :  0.7  0.8  1.0
    4 :  0.4  0.6  0.9  1.0
    5 :  0.1  0.4  0.6  0.9  1.0
    6 :  0.0  0.4  0.6  0.8  0.9  1.0
    7 :  0.0  0.3  0.4  0.7  0.8  0.9  1.0
    8 : -0.1  0.3  0.4  0.6  0.7  0.9  0.9  1.0
    9 : -0.1  0.3  0.4  0.6  0.8  0.8  0.8  0.9  1.0
   10 : -0.1  0.0  0.1  0.1  0.2  0.2  0.2  0.2  0.2  1.0
   11 : -0.1  0.0  0.1  0.2  0.3  0.3  0.3  0.3  0.3  0.4  1.0
   12 : -0.1  0.1  0.3  0.4  0.6  0.6  0.6  0.6  0.7  0.4  0.4  1.0
   13 :  0.0  0.0  0.0  0.0  0.0  0.0  0.0  0.0  0.0  0.0 -0.1  0.0  1.0
   14 :  0.1  0.1  0.0  0.0  0.0  0.0  0.0  0.0  0.0 -0.1  0.0 -0.1  0.0  1.0
   15 :  0.0  0.0  0.0  0.0  0.0  0.0  0.0  0.0  0.0  0.0  0.0  0.0  0.0  0.1  1.0
   16 :  0.1  0.0  0.0 -0.1 -0.1 -0.1 -0.1 -0.1 -0.1  0.0  0.0 -0.1  0.0  0.0  0.0  1.0
   17 :  0.0 -0.1 -0.1 -0.1 -0.1 -0.1 -0.1 -0.1  0.0  0.0  0.0  0.0  0.0  0.1  0.0  0.0  1.0
   18 :  0.0  0.0  0.0  0.0  0.0  0.0  0.0  0.0  0.0  0.0  0.0  0.0 -0.1  0.0 -0.1  0.0  0.0  1.0
 
 
TABLE 2B. COVARIANCE MATRIX
=================================================================================================================================================================================================================================================      
              1            2            3            4            5            6            7            8            9           10           11           12           13           14           15           16           17           18
    1 :   0.1765D-12
    2 :   0.1090D-08   0.1200D-04
    3 :   0.4765D-09   0.4562D-05   0.3030D-05
    4 :   0.1696D-08   0.2042D-04   0.1410D-04   0.8270D-04
    5 :   0.3177D-09   0.8828D-05   0.6754D-05   0.4862D-04   0.3814D-04
    6 :   0.8160D-11   0.4196D-05   0.3181D-05   0.2294D-04   0.1705D-04   0.9656D-05
    7 :  -0.8577D-10   0.4273D-05   0.3150D-05   0.2597D-04   0.2070D-04   0.1101D-04   0.1668D-04
    8 :  -0.2203D-09   0.5371D-05   0.3893D-05   0.3107D-04   0.2359D-04   0.1421D-04   0.2003D-04   0.2793D-04
    9 :  -0.3059D-09   0.7981D-05   0.6211D-05   0.4549D-04   0.3793D-04   0.2071D-04   0.2750D-04   0.3806D-04   0.6401D-04
   10 :  -0.1922D-07   0.6742D-04   0.8361D-04   0.8980D-03   0.8738D-03   0.4706D-03   0.4958D-03   0.7274D-03   0.1312D-02   0.4888D+00
   11 :  -0.5086D-08   0.7654D-05   0.1830D-04   0.1863D-03   0.1662D-03   0.1021D-03   0.1128D-03   0.1673D-03   0.2769D-03   0.3346D-01   0.1149D-01
   12 :  -0.1488D-07   0.2125D-03   0.2190D-03   0.1637D-02   0.1402D-02   0.7668D-03   0.9839D-03   0.1367D-02   0.2297D-02   0.1068D+00   0.1633D-01   0.1674D+00
   13 :  -0.1486D-09   0.1162D-05   0.8600D-06   0.2240D-05   0.1104D-05   0.2854D-06   0.2015D-05  -0.2090D-05  -0.7157D-05  -0.1129D-03  -0.4407D-03  -0.8283D-03   0.2323D-02
   14 :   0.1276D-08   0.7278D-05   0.2857D-05   0.2368D-05   0.1272D-05  -0.3165D-05  -0.1938D-05  -0.5041D-05   0.2975D-05  -0.1837D-02   0.2887D-04  -0.8850D-03  -0.7876D-04   0.1671D-02
   15 :   0.1057D-08  -0.9866D-06   0.1102D-05  -0.3880D-05  -0.1302D-05  -0.3435D-05  -0.2255D-05  -0.1058D-04  -0.1008D-04   0.2008D-02  -0.1218D-03  -0.1058D-02  -0.2055D-04   0.1591D-03   0.4467D-02
   16 :   0.3697D-08   0.1218D-04  -0.5747D-05  -0.8304D-04  -0.8586D-04  -0.4255D-04  -0.6804D-04  -0.7597D-04  -0.1296D-03  -0.2454D-02  -0.4005D-03  -0.5224D-02  -0.1134D-03  -0.1905D-03  -0.1540D-03   0.3041D-01
   17 :   0.2136D-08  -0.4095D-04  -0.4470D-04  -0.2420D-03  -0.8509D-04  -0.4995D-04  -0.1004D-03  -0.6741D-04  -0.3489D-04   0.8405D-03   0.2090D-03  -0.2923D-02   0.1542D-03   0.5168D-03   0.1964D-03   0.8263D-03   0.3413D-01
   18 :   0.3477D-08   0.2853D-04   0.4989D-05  -0.3754D-04  -0.3265D-04  -0.5414D-05  -0.2021D-04  -0.4607D-04  -0.2261D-04   0.2525D-03   0.6979D-03   0.2251D-03  -0.8341D-03   0.9883D-04  -0.6831D-03   0.3141D-03   0.5885D-03   0.3431D-01
 
 
