 2 -68.66572717442908
 3 -67.02882440909023
 4 -74.34242290474890
 5 -59.92688536421437
 6 -68.60518528347127
 7 -66.25755976791147
 8 -71.41195899979792
 9 -61.79424018953290
 10 -70.51439256045225
 11 -68.33350645420964
 12 -55.89373800656408
 13 -64.45149931224607
 14 -73.57271897542788
 15 -68.92110052796508
 16 -71.56469489322978
 17 -71.85673809896875
 18 -82.31725492880315
 19 -78.41684182549618
 20 -57.92978039057554
 21 -79.30107675881641
 22 -82.17855492239957
 23 -77.30106640131011
 24 -66.25570232670047
 25 -80.23605054936030
 26 -66.12511319404406
 27 -58.80326631985601
 28 -83.23054977357226
 29 -58.19851285013483
 30 -41.48568919715863
 31 -82.43058874457148
 32 -84.61934128920412
 33 -77.60570186189462
 34 -284.1393260783249
 35 -61.41902918420794
 36 -69.08856701437769
 37 -255.8543788651391
 38 -56.32086740843405
 39 -70.04514369597160
 40 -76.75062473271362
 41 -68.89332112079828
 42 -71.94159229520591
 43 -71.03095401575015
 44 -56.55515950189065
 45 -75.30075880007468
 46 -87.88288200246276
 47 -67.23166467602853
 48 -53.03487289847273
 49 -63.35639439502025
 50 -65.09662662689760
 51 -61.01855930352480
 52 -73.63542590829076
 53 -60.04506151626779
 54 -76.80179401928584
 55 -60.30934989407965
 56 -275.9869810362470
 57 -72.72942101712199
 58 -76.85751245281418
 59 -64.68432583970002
 60 -73.24901785827679
 61 -74.06550059108056
 62 -64.51406367428832
 63 -61.23945930487830
 64 -72.73115279544496
 65 -90.67311358445683
 66 -66.85133570792631
 67 -64.13895994444023
 68 -70.05763917162069
 69 -51.82885137939127
 70 -59.20603163880364
 71 -66.07547545095993
 72 -57.05612227557813
 73 -74.63978196878706
 74 -70.82735394972210
 75 -54.10939134332986
 76 -47.64465890519121
 77 -59.10882898752516
 78 -74.52948769638446
 79 -69.31676044430381
 80 -66.63780312039252
 81 -75.37255419323051
 82 -69.99823543155992
 83 -61.83147701170817
 84 -60.96541039281100
 85 -72.52061199276710
 86 -70.41156597687274
 87 -78.75209335961527
 88 -69.41946294015962
 89 -76.98090819918241
 90 -82.32883060566878
 91 -68.56915643124262
 92 -84.64694105944672
 93 -71.13628744734548
 94 -45.56639840374368
 95 -270.0886175938178
 96 -59.86008371979928
 97 -63.08324633347736
 98 -66.71711402610555
 99 -84.16107122490116
 100 -76.87627668271327
 101 -69.83645943965209
 102 -62.23325980517890
 103 -69.95587894638420
 104 -65.40561249171235
 105 -63.87656849658014
 106 -62.99647584436267
 107 -59.76451387186484
 108 -73.15549317166185
 109 -59.62040970270635
 110 -55.77006389791877
 111 -271.7390095453456
 112 -72.80392283306578
 113 -254.5874160238608
 114 -82.52269721323336
 115 -62.62913597295814
 116 -77.48361100448004
 117 -51.12013043957766
 118 -72.84262953233988
 119 -68.92982237423675
 120 -55.32258231801909
 121 -75.89574029021399
 122 -53.95436455959772
 123 -53.26131308657552
 124 -55.50299827394654
 125 -57.95781394729022
 126 -73.37245004085797
 127 -82.28191471550848
 128 -80.95564167496752
 129 -66.47240924525924
 130 -75.25799448202126
 131 -65.48662574704733
 132 -80.27051235474474
 133 -61.50626464306896
 134 -70.15359986602229
 135 -76.01235870107031
 136 -64.41329680590859
 137 -71.88674407009532
 138 -81.99083528140373
 139 -72.04177209538148
 140 -66.00483630568390
 141 -83.59795541243804
 142 -287.0128093953820
 143 -86.93218496614634
 144 -50.22429925760773
 145 -73.83828020587843
 146 -64.97289279417195
 147 -62.06110500702987
 148 -75.34541470147033
 149 -72.52521789816832
 150 -56.02881159597604
 151 -64.50315365322179
 152 -72.33623789359821
 153 -70.23140080049433
 154 -64.48302631368450
 155 -61.49579677349723
 156 -65.33019609064665
 157 -77.82698762748581
 158 -72.95379359452200
 159 -55.96923904060264
 160 -73.84593172890835
 161 -76.34396431774427
 162 -67.13674030284203
 163 -82.58872149155984
 164 -63.57078760604513
 165 -81.55336602833992
 166 -90.60492432386724
 167 -63.92052383541977
 168 -66.77149173945519
 169 -75.10491192051020
 170 -67.39037022119567
 171 -79.53458064244215
 172 -57.71242620684751
 173 -64.26353140220462
 174 -284.9766331712414
 175 -73.78699893199671
 176 -66.40900325639348
 177 -77.07298450175466
 178 -87.75828961714191
 179 -69.70907921326608
 180 -73.42996560464195
 181 -75.12060665952514
 182 -71.21999802260534
 183 -71.07285185019768
 184 -52.32706175230469
 185 -83.92815558821050
 186 -64.37651622885056
 187 -68.72304632380205
 188 -48.13026614559797
 189 -74.46073611978919
 190 -70.00870179415834
 191 -49.68929468189235
 192 -58.45686394363633
 193 -60.99427363147534
 194 -62.34216388466639
 195 -72.60672416018605
 196 -82.74058198860310
 197 -73.04345200215774
 198 -63.44556174710011
 199 -70.31361253745101
 200 -71.72445076992362
 201 -72.35661709720510
 202 -76.28387315592532
 203 -75.81314843388148
 204 -73.07298407693412
 205 -58.72245803606563
 206 -74.19243843273298
 207 -73.60495672808582
 208 -77.35863172824165
 209 -72.46182614702359
 210 -276.7584002138828
 211 -47.89957291201721
 212 -65.47399730831974
 213 -81.34438237335240
 214 -78.78753066472193
 215 -81.08545953580642
 216 -56.76442449959413
 217 -66.73785523509038
 218 -82.15885988214251
 219 -68.89929612632535
 220 -75.00349973532172
 221 -60.93573348344017
 222 -48.84502424746364
 223 -81.32996509494251
 224 -266.5957984348460
 225 -61.57504956433053
 226 -67.97115477010672
 227 -66.37455430966173
 228 -44.93982676993812
 229 -81.19395676378217
 230 -50.75298506215908
 231 -77.26325374496270
 232 -73.54649854602252
 233 -53.00644609896109
 234 -277.9271929358800
 235 -77.87891047635082
 236 -66.74779723224046
 237 -72.55906085854060
 238 -60.77474363116864
 239 -269.5823577216814
 240 -72.20572926527440
 241 -60.66867064604066
 242 -58.21841274089520
 243 -80.31019234711165
 244 -80.31664512872575
 245 -110.7385061388595
 246 -65.01146584708997
 247 -71.85739964511544
 248 -62.23929737104994
 249 -73.14866882695894
 250 -61.68581637597160
 251 -89.33374662817704
 252 -60.05551700011691
 253 -57.58707364196383
 254 -57.73467042762292
 255 -66.98592437062054
 256 -52.13764078370579
 257 -100.6760854219696
 258 -65.17884739087563
 259 -60.18150099363728
 260 -58.73945559933178
 261 -66.80925884311939
 262 -58.45630820336582
 263 -68.09744672554709
 264 -73.57201033106327
 265 -48.22950168950569
 266 -54.90443014158141
 267 -71.16167379746099
 268 -66.52641036448864
 269 -64.24351460265657
 270 -62.28612466961177
 271 -84.16649955488411
 272 -65.89711415823542
 273 -59.49557984691379
 274 -71.35622455738766
 275 -67.60415995649724
 276 -55.55542371484456
 277 -56.68132617222352
 278 -107.5176354623907
 279 -67.31896898090253
 280 -55.74440478957902
 281 -78.29362885080606
 282 -76.46819107704269
 283 -70.72485044394006
 284 -83.32514204863551
 285 -72.80204861210406
 286 -70.62919003306030
 287 -60.61626956856513
 288 -64.47383906937537
 289 -79.75785559906974
 290 -79.86162384447572
 291 -74.60408190711063
 292 -78.34455937830036
 293 -65.03933543018039
 294 -79.04510294053527
 295 -64.02898089003401
 296 -62.40998915858010
 297 -68.67708006941844
 298 -63.71614500540762
 299 -271.3852966481274
 300 -67.04800212895526
 301 -63.13101826474806
 302 -54.56303781755173
 303 -59.13872819105267
 304 -80.13241272277989
 305 -66.38449672977956
 306 -81.24297970175010
 307 -73.69739133659891
 308 -54.57973061839827
 309 -57.67450356962843
 310 -75.56668986980409
 311 -61.90318821368778
 312 -57.74844015825502
 313 -62.67604212924981
 314 -75.30062576560258
 315 -62.31732697680604
 316 -58.36107747802851
 317 -63.32533003662848
 318 -68.13395522973676
 319 -65.95800266270204
 320 -60.32403308040578
 321 -67.76608410708914
 322 -61.95833242016771
 323 -50.34164143190617
 324 -72.42147143689297
 325 -74.88826681917840
 326 -76.70785641132188
 327 -63.73540156934249
 328 -73.93036792425627
 329 -60.14146203967894
 330 -60.31125382578690
 331 -74.11209616521937
 332 -56.66196026706945
 333 -112.5830373700501
 334 -78.39760573249977
 335 -69.46671401345937
 336 -54.97583027847644
 337 -89.65916998580337
 338 -65.16233507433986
 339 -88.65519353412211
 340 -68.11132465320674
 341 -80.05901253748414
 342 -55.78790096611912
 343 -264.3657312585349
 344 -71.05575562980958
 345 -53.80011468667544
 346 -86.40879866200900
 347 -75.09661358913860
 348 -67.57321245335417
 349 -56.87685651765412
 350 -273.6269648967072
 351 -68.96974025644437
 352 -55.21997908188871
 353 -56.14515282809260
 354 -67.00873272563243
 355 -59.95828148231737
 356 -58.42794133191035
 357 -69.08372456295098
 358 -284.9690371636757
 359 -80.21404667822779
 360 -62.24322709273551
 361 -72.64591318664409
 362 -51.43482750058297
 363 -75.62955604233245
 364 -76.19861537828380
 365 -79.55463257893872
 366 -82.22281038565657
 367 -56.99544195411043
 368 -54.48696411118176
 369 -112.7803642117140
 370 -105.8059544079656
 371 -66.12415416714543
 372 -73.88171386834139
 373 -66.86929433262002
 374 -66.91185628677088
 375 -74.51819344477995
 376 -66.23290240463778
 377 -65.32588770844694
 378 -63.66614334293129
 379 -72.84287719137505
 380 -74.72704237095151
 381 -68.99055987479575
 382 -68.05649306671774
 383 -68.01277752436923
 384 -82.37117343197797
 385 -61.26679686466272
 386 -262.7427016758912
 387 -90.12464428411690
 388 -58.49961903551446
 389 -78.70117876322718
 390 -73.23100574326044
 391 -83.24638462370844
 392 -63.21305198140499
 393 -58.30538423219471
 394 -56.02292236127018
 395 -62.68656803314168
 396 -58.42108662142402
 397 -73.06979167648095
 398 -59.20726599331890
 399 -61.41754495934708
 400 -92.25738585523840
 401 -68.62277573429702
 402 -74.52749125715424
 403 -70.05070611057310
 404 -84.82315863640609
 405 -121.8566172037809
 406 -76.17526247985246
 407 -72.21920346991355
 408 -73.11565543097312
 409 -64.71661388799752
 410 -100.4997286498560
 411 -66.25263170275288
 412 -78.00756279988704
 413 -79.60296398628775
 414 -70.43526716850931
 415 -68.00996468142208
 416 -89.57803941761506
 417 -79.16716982841862
 418 -66.52416484779972
 419 -85.61377778373966
 420 -62.65901537689521
 421 -53.78272062955144
 422 -72.71292268272430
 423 -53.66034653293990
 424 -285.6540159254893
 425 -77.71211038585653
 426 -72.89264998184338
 427 -75.74157178169384
 428 -53.86607037905058
 429 -58.83501897321477
 430 -90.06054944716367
 431 -73.46465628338092
 432 -74.17946809647985
 433 -72.40915547030451
 434 -67.25060316441687
 435 -60.22515611239722
 436 -67.62233211553129
 437 -80.59871780197494
 438 -75.30233878300912
 439 -56.22514237552110
 440 -57.73875142797755
 441 -67.33377198578195
 442 -85.93015556509373
 443 -72.45203795832350
 444 -271.3594975081522
 445 -64.04928713418366
 446 -51.88924933907300
 447 -69.29154507698989
 448 -68.30053412036006
 449 -76.84424395909424
 450 -61.66177800905784
 451 -54.54290192365377
 452 -93.27817104559060
 453 -48.68955524599781
 454 -57.65464388924317
 455 -78.33508128814769
 456 -273.8678286649748
 457 -79.58517424326875
 458 -67.38096638072014
 459 -67.25613328685533
 460 -67.27270484915310
 461 -77.90041839162539
 462 -70.00688269624861
 463 -76.86656000580564
 464 -61.25805678481011
 465 -68.41939428403376
 466 -68.89129163983101
 467 -46.86442283636755
 468 -67.52740569808695
 469 -67.08240262174800
 470 -76.07945562289599
 471 -76.54835128161503
 472 -54.27426793159481
 473 -70.93682440254952
 474 -94.71317856759232
 475 -58.85987538739428
 476 -69.00517064107352
 477 -61.26304749069393
 478 -64.67457818698315
 479 -295.7188523646631
 480 -103.2635391003450
 481 -74.57114292877209
 482 -84.66571614737452
 483 -122.0591419954088
 484 -76.16697441783090
 485 -74.10697294103488
 486 -64.34455436478895
 487 -50.80900475634410
 488 -69.33328379699631
 489 -58.86068859071237
 490 -65.77083189459807
 491 -67.01614551529448
 492 -58.43981223663151
 493 -56.53933286197101
 494 -82.51088238049437
 495 -50.93426375274934
 496 -68.92926453903671
 497 -69.46484126321597
 498 -54.52449504936216
 499 -66.72634272591276
 500 -60.79029233223427
 501 -69.54369209034289
