 Initial value of the OBJECTIVE function =     439.0728
 Amoeba restart #     1, Objective function =      59.1281
 Amoeba restart #     2, Objective function =      -5.8672
 Amoeba restart #     3, Objective function =     -26.8312
 Amoeba restart #     4, Objective function =     -43.1814
 Amoeba restart #     5, Objective function =     -54.2611
 Amoeba restart #     6, Objective function =     -58.6918
 Amoeba restart #     7, Objective function =     -60.0098
 Amoeba restart #     8, Objective function =     -60.0532
 Amoeba restart #     9, Objective function =     -60.0800
 Amoeba restart #    10, Objective function =     -60.1335
 Amoeba restart #    11, Objective function =     -60.1338
 Amoeba restart #    12, Objective function =     -60.1363
 Amoeba restart #    13, Objective function =     -60.1363
 Amoeba restart #    14, Objective function =     -60.1363


 FIRST DERIVATIVE TEST
==============================================      
             -h       central        +h     
         ----------  ----------  ---------- 
    1 : -0.6849D+04  0.3522D+04  0.1365D+05
    2 : -0.1596D+02 -0.8701D+01 -0.1623D+01
    3 : -0.7739D+02 -0.3824D+02  0.2017D+02
    4 : -0.1441D+02  0.6727D+01  0.2834D+02
    5 : -0.4909D+02  0.6175D+02  0.1969D+03
    6 : -0.1052D+02  0.2038D+02  0.1449D+03
    7 : -0.4013D+02  0.1687D+02  0.7044D+02
    8 :  0.4098D+01  0.1641D+02  0.2839D+02
    9 : -0.1543D+03 -0.3717D+02  0.8933D+02
   10 : -0.5432D-01  0.1984D-01  0.8871D-01
   11 : -0.1583D+01 -0.4577D+00  0.9536D+00
   12 : -0.3332D+00  0.1917D+00  0.4796D+00
   13 : -0.1872D+01 -0.4383D+00  0.9388D+00
   14 : -0.1977D+01  0.7934D+00  0.3455D+01
   15 : -0.1353D+01  0.7914D-01  0.1455D+01
   16 : -0.4714D+00 -0.2414D+00 -0.2043D-01
   17 : -0.4314D+00 -0.1805D+00  0.6059D-01
   18 : -0.3053D+00 -0.1164D+00  0.6504D-01


 HESSIAN MATRIX
=================================================================================================================================================================================================================================================      
              1            2            3            4            5            6            7            8            9           10           11           12           13           14           15           16           17           18
    1 :   0.1685D+12
    2 :  -0.4929D+07   0.6590D+05
    3 :   0.0000D+00  -0.8790D+05   0.1270D+07
    4 :  -0.2632D+08  -0.1384D+05  -0.4058D+05   0.5315D+05
    5 :   0.1697D+08   0.7603D+04  -0.6363D+04  -0.3541D+05   0.7783D+06
    6 :  -0.2313D-03  -0.1976D+04  -0.7158D+04  -0.1141D+04  -0.3406D+05   0.1843D+06
    7 :   0.0000D+00   0.1860D+03   0.1633D+05  -0.6785D+03  -0.6306D+05  -0.6042D+05   0.4636D+06
    8 :   0.0000D+00  -0.1761D+04  -0.6414D+04  -0.1005D+04  -0.9042D+03   0.3419D+04  -0.4173D+05   0.6441D+05
    9 :   0.1505D+08   0.6492D+04  -0.9260D+04  -0.1735D+05  -0.2749D+06  -0.3212D+04  -0.6802D+05  -0.1658D+05   0.6776D+06
   10 :   0.0000D+00   0.0000D+00   0.0000D+00   0.0000D+00   0.0000D+00   0.0000D+00   0.0000D+00   0.0000D+00  -0.8338D+02   0.3193D+02
   11 :   0.0000D+00   0.0000D+00   0.0000D+00   0.0000D+00  -0.1326D-08   0.2765D-08   0.0000D+00   0.0000D+00  -0.7593D+03  -0.2664D+02   0.4713D+03
   12 :   0.0000D+00   0.0000D+00  -0.3594D+00  -0.1471D+00  -0.3351D+00  -0.5020D+00   0.4802D+00  -0.1517D+01  -0.7987D+03  -0.2709D+01  -0.1600D+02   0.5933D+02
   13 :   0.0000D+00   0.0000D+00   0.0000D+00   0.0000D+00   0.0000D+00   0.0000D+00   0.0000D+00   0.0000D+00  -0.6089D+03   0.0000D+00   0.8025D+01   0.1436D+02   0.2873D+03
   14 :   0.0000D+00   0.0000D+00   0.0000D+00   0.1021D-08  -0.1730D-01  -0.1542D+01  -0.2052D+02  -0.8774D+02   0.7574D+03   0.4223D+01  -0.5458D+02  -0.6134D+01   0.0000D+00   0.6091D+03
   15 :   0.0000D+00   0.0000D+00   0.0000D+00   0.1556D+03   0.6929D+02  -0.1621D+03  -0.2297D+03  -0.2019D+03   0.3176D+03  -0.2875D+01   0.3197D+02  -0.9613D+01   0.0000D+00   0.0000D+00   0.2097D+03
   16 :   0.0000D+00   0.0000D+00   0.0000D+00  -0.2480D-08  -0.1839D-08  -0.3834D-08   0.3458D-08   0.0000D+00   0.1470D+03   0.0000D+00   0.0000D+00   0.3723D+01   0.0000D+00  -0.1087D-09   0.7242D-10   0.6144D+02
   17 :   0.0000D+00   0.4437D+03  -0.1006D+03  -0.4729D+01   0.2519D+02  -0.4482D+03  -0.1302D+03  -0.9868D+02   0.1397D+03   0.0000D+00   0.0000D+00   0.0000D+00   0.0000D+00   0.0000D+00   0.0000D+00   0.0000D+00   0.4925D+02
   18 :   0.0000D+00   0.0000D+00  -0.6823D+01  -0.3286D+01  -0.1167D+02  -0.3264D+02  -0.3760D+02  -0.4895D+02  -0.9174D+02   0.0000D+00   0.0000D+00   0.3368D+00   0.0000D+00   0.0000D+00   0.0000D+00   0.0000D+00   0.0000D+00   0.1867D+02
 
 
 CORRELATION MATRIX OF PARAMETERS
==================================================================================================  
          1    2    3    4    5    6    7    8    9   10   11   12   13   14   15   16   17   18
    1 :  1.0
    2 :  0.0  1.0
    3 :  0.0  0.3  1.0
    4 :  0.3  0.3  0.2  1.0
    5 :  0.0  0.0  0.0  0.2  1.0
    6 :  0.0  0.0  0.0  0.0  0.1  1.0
    7 :  0.0  0.0  0.0  0.0  0.1  0.2  1.0
    8 :  0.0  0.0  0.0  0.0  0.0  0.0  0.2  1.0
    9 :  0.0  0.0  0.0  0.2  0.4  0.0  0.1  0.1  1.0
   10 :  0.0  0.0  0.0  0.0  0.0  0.0  0.0  0.0  0.0  1.0
   11 :  0.0  0.0  0.0  0.0  0.0  0.0  0.0  0.0  0.0  0.2  1.0
   12 :  0.0  0.0  0.0  0.0  0.1  0.0  0.0  0.0  0.1  0.1  0.1  1.0
   13 :  0.0  0.0  0.0  0.0  0.0  0.0  0.0  0.0  0.0  0.0  0.0 -0.1  1.0
   14 :  0.0  0.0  0.0  0.0  0.0  0.0  0.0  0.0  0.0  0.0  0.1  0.0  0.0  1.0
   15 :  0.0  0.0  0.0  0.0  0.0  0.0  0.0  0.1  0.0  0.0 -0.1  0.1  0.0  0.0  1.0
   16 :  0.0  0.0  0.0  0.0  0.0  0.0  0.0  0.0  0.0  0.0  0.0 -0.1  0.0  0.0  0.0  1.0
   17 :  0.0 -0.2  0.0  0.0  0.0  0.2  0.0  0.1  0.0  0.0  0.0  0.0  0.0  0.0  0.0  0.0  1.0
   18 :  0.0  0.0  0.0  0.0  0.0  0.0  0.0  0.0  0.0  0.0  0.0  0.0  0.0  0.0  0.0  0.0  0.0  1.0
 
 
 COVARIANCE MATRIX OF PARAMETERS
=================================================================================================================================================================================================================================================      
              1            2            3            4            5            6            7            8            9           10           11           12           13           14           15           16           17           18
    1 :   0.5934D-11
    2 :   0.4439D-09   0.1517D-04
    3 :   0.3072D-10   0.1050D-05   0.7874D-06
    4 :   0.3078D-08   0.4753D-05   0.6012D-06   0.1882D-04
    5 :   0.6549D-11   0.7659D-07   0.3379D-07   0.8560D-06   0.1285D-05
    6 :   0.2622D-10   0.2470D-06   0.4055D-07   0.2747D-06   0.2374D-06   0.5425D-05
    7 :   0.7553D-11   0.6494D-08  -0.1697D-07   0.1798D-06   0.2057D-06   0.7070D-06   0.2157D-05
    8 :   0.6684D-10   0.5857D-06   0.7513D-07   0.4076D-06   0.1387D-06   0.1700D-06   0.1397D-05   0.1553D-04
    9 :  -0.5162D-10   0.3789D-07   0.4019D-07   0.8583D-06   0.5464D-06   0.1009D-06   0.2507D-06   0.3799D-06   0.1476D-05
   10 :  -0.1348D-09   0.9892D-07   0.1049D-06   0.2241D-05   0.1427D-05   0.2633D-06   0.6546D-06   0.9919D-06   0.3853D-05   0.3132D-01
   11 :  -0.9078D-10   0.6663D-07   0.7067D-07   0.1509D-05   0.9609D-06   0.1774D-06   0.4409D-06   0.6681D-06   0.2595D-05   0.1770D-02   0.2122D-02
   12 :  -0.7159D-09   0.5681D-06   0.5737D-06   0.1213D-04   0.7692D-05   0.1462D-05   0.3542D-05   0.5736D-05   0.2074D-04   0.1907D-02   0.5720D-03   0.1686D-01
   13 :  -0.7107D-10   0.5002D-07   0.5450D-07   0.1170D-05   0.7466D-06   0.1357D-06   0.3419D-06   0.4996D-06   0.2018D-05  -0.1448D-03  -0.8786D-04  -0.8426D-03   0.3481D-02
   14 :   0.5974D-10   0.4912D-07  -0.2824D-07  -0.7600D-06  -0.4983D-06  -0.3457D-07   0.3284D-07   0.1875D-05  -0.1420D-05  -0.3935D-04   0.1959D-03   0.1697D-03   0.0000D+00   0.1642D-02
   15 :  -0.2135D-08  -0.2829D-05  -0.4159D-06  -0.1438D-04  -0.4840D-06   0.5022D-05   0.3432D-05   0.1454D-04  -0.1627D-05   0.2469D-03  -0.903D-06  -0.1628D-05  -0.1767D-03   0.2201D-03   0.1851D-03  -0.9120D-15   0.1616D-02
   15 :  -0.1968D-08   0.3165D-05   0.4425D-05  -0.1500D-04  -0.5709D-06   0.2421D-05   0.3134D-05   0.4681D-05  -0.1690D-05   0.3452D-03  -0.3425D-03   0.1117D-02   0.0000D+00   0.0000D+00   0.4739D-02
   16 :   0.2557D-09   0.2063D-05   0.1452D-05  -0.3549D-05  -0.2176D-05  -0.1205D-05  -0.1086D-05  -0.4839D-06  -0.5695D-05   0.4254D-04   0.6873D-05  -0.1479D-02   0.0000D+00   0.0000D+00   0.1119D-13   0.1604D-01
   17 :  -0.4385D-08  -0.1741D-03  -0.2260D-04   0.4122D-05   0.2688D-06   0.2575D-04   0.6889D-05   0.9068D-05  -0.5169D-05   0.0000D+00   0.0000D+00   0.0000D+00   0.0000D+00   0.0000D+00   0.0000D+00   0.0000D+00   0.2088D-01
   18 :   0.4239D-10  -0.7955D-05  -0.6746D-05   0.1094D-04   0.5228D-05   0.8011D-05   0.8609D-05   0.1419D-04   0.8375D-05   0.1661D-04   0.2684D-05  -0.5775D-03   0.0000D+00   0.0000D+00   0.0000D+00   0.0000D+00   0.0000D+00   0.5732D-01
 
 
 DETERMINISTIC RUN COMPLETED
 BOOTSTRAP RUNS COMPLETED 
