 Initial value of the OBJECTIVE function =     282.5486
 Amoeba restart #     1, Objective function =      10.6432
 Amoeba restart #     2, Objective function =     -24.5116
 Amoeba restart #     3, Objective function =     -32.5004
 Amoeba restart #     4, Objective function =     -38.6827
 Amoeba restart #     5, Objective function =     -42.3853
 Amoeba restart #     6, Objective function =     -43.0060
 Amoeba restart #     7, Objective function =     -43.1138
 Amoeba restart #     8, Objective function =     -43.1144
 Amoeba restart #     9, Objective function =     -43.1151
 Amoeba restart #    10, Objective function =     -43.1153
 Amoeba restart #    11, Objective function =     -43.1160


 FIRST DERIVATIVE TEST
==============================================      
             -h       central        +h     
         ----------  ----------  ---------- 
    1 : -0.1024D+04  0.4773D+04  0.1043D+05
    2 : -0.9392D+01  0.8117D+01  0.2524D+02
    3 : -0.3120D+02  0.1890D+02  0.6783D+02
    4 : -0.6233D+02 -0.4332D+02  0.3059D+02
    5 : -0.4098D+01 -0.3379D+00  0.3839D+01
    6 : -0.1935D+02  0.2787D+01  0.2345D+02
    7 : -0.5077D+01  0.9505D+01  0.2309D+02
    8 : -0.9118D+01  0.6573D+01  0.1976D+02
    9 : -0.1569D+02  0.5048D+00  0.1580D+02
   10 : -0.9733D-01 -0.2570D-01  0.3248D-01
   11 : -0.5204D+00  0.4419D+00  0.1270D+01
   12 : -0.1452D+00 -0.1098D-01  0.1737D+00
   13 : -0.1401D+01 -0.2344D-01  0.1300D+01
   14 : -0.1573D+01  0.1138D+01  0.3743D+01
   15 : -0.1375D+01 -0.1518D-01  0.1292D+01
   16 : -0.5016D+00 -0.2266D+00  0.3760D-01
   17 : -0.3635D+00 -0.1480D+00  0.5913D-01
   18 : -0.1390D+00  0.2365D-02  0.1382D+00


 HESSIAN MATRIX
=================================================================================================================================================================================================================================================      
              1            2            3            4            5            6            7            8            9           10           11           12           13           14           15           16           17           18
    1 :   0.5290D+11
    2 :  -0.4879D+08   0.2110D+06
    3 :   0.0000D+00  -0.1968D+06   0.1064D+07
    4 :  -0.8018D+07  -0.3586D+04  -0.4392D+05   0.2065D+06
    5 :   0.0000D+00  -0.9790D+03  -0.2145D+04  -0.2478D+04   0.8185D+04
    6 :   0.1590D+08   0.3738D+04  -0.3257D+04  -0.2142D+05  -0.4624D+04   0.5808D+05
    7 :   0.0000D+00  -0.4423D+04  -0.7961D+04  -0.5082D+03   0.7748D+03  -0.1927D+05   0.9013D+05
    8 :   0.0000D+00  -0.3267D+04  -0.7433D+04  -0.5992D+03  -0.4857D+03   0.3235D+03  -0.3565D+05   0.9983D+05
    9 :   0.0000D+00  -0.4590D+03  -0.2887D+04   0.1415D+04  -0.2904D+03  -0.3316D+04  -0.1087D+03  -0.1193D+05   0.5816D+05
   10 :   0.0000D+00   0.0000D+00   0.0000D+00   0.0000D+00   0.0000D+00   0.0000D+00   0.0000D+00   0.0000D+00   0.2188D+02   0.1525D+02
   11 :   0.0000D+00   0.0000D+00   0.0000D+00   0.0000D+00   0.0000D+00   0.0000D+00   0.0000D+00   0.0000D+00  -0.3478D+03  -0.1205D+01   0.2543D+03
   12 :   0.0000D+00   0.0000D+00   0.0000D+00  -0.4520D-02   0.2098D-03   0.7584D-01  -0.9597D+00  -0.2461D+01  -0.1535D+03  -0.1709D+01  -0.4826D+01   0.1302D+02
   13 :   0.0000D+00   0.0000D+00   0.0000D+00   0.0000D+00   0.0000D+00   0.0000D+00   0.0000D+00   0.0000D+00  -0.4228D+03   0.2879D-10   0.1635D+02  -0.1692D+01   0.2679D+03
   14 :   0.0000D+00   0.0000D+00   0.0000D+00   0.5531D-09  -0.4561D-01  -0.1836D+01  -0.9092D+02  -0.3028D+03   0.3747D+03   0.1528D+01  -0.4853D+02   0.5147D+01   0.7905D-10   0.5957D+03
   15 :   0.0000D+00   0.0000D+00   0.2094D+04  -0.3961D+01  -0.5512D+02  -0.9462D+02  -0.2483D+03  -0.8221D+02   0.1758D+03  -0.8977D+00   0.1769D+02  -0.3768D+01   0.0000D+00   0.0000D+00   0.1888D+03
   16 :   0.0000D+00   0.0000D+00   0.0000D+00   0.8099D-09  -0.1934D-08  -0.1726D-08   0.0000D+00  -0.3081D-08   0.1002D+03   0.0000D+00   0.0000D+00   0.2380D+01   0.0000D+00  -0.1308D-09   0.8266D-10   0.8846D+02
   17 :   0.0000D+00   0.2827D+03   0.2870D+03   0.3675D+01  -0.1204D+03  -0.6931D+02  -0.1023D+03   0.2893D+03   0.3747D+02   0.0000D+00   0.0000D+00   0.0000D+00   0.0000D+00   0.0000D+00   0.0000D+00   0.0000D+00   0.4366D+02
   18 :   0.0000D+00   0.0000D+00   0.0000D+00  -0.2291D+00  -0.1471D+01  -0.7961D+01  -0.2167D+02  -0.2959D+02  -0.6020D+02   0.0000D+00   0.0000D+00   0.5203D+00   0.0000D+00   0.0000D+00   0.0000D+00   0.0000D+00   0.0000D+00   0.1372D+02
 
 
 CORRELATION MATRIX OF PARAMETERS
==================================================================================================  
          1    2    3    4    5    6    7    8    9   10   11   12   13   14   15   16   17   18
    1 :  1.0
    2 :  0.5  1.0
    3 :  0.2  0.4  1.0
    4 :  0.1  0.1  0.1  1.0
    5 :  0.0  0.0  0.0  0.1  1.0
    6 : -0.3  0.0  0.0  0.2  0.2  1.0
    7 : -0.1  0.0  0.0  0.1  0.0  0.3  1.0
    8 :  0.0  0.0  0.0  0.0  0.0  0.1  0.4  1.0
    9 :  0.0  0.0  0.0  0.0  0.0  0.1  0.1  0.2  1.0
   10 :  0.0  0.0  0.0  0.0  0.0  0.0  0.0  0.0  0.0  1.0
   11 :  0.0  0.0  0.0  0.0  0.0  0.0  0.0  0.0  0.1  0.0  1.0
   12 :  0.0  0.0  0.0  0.0  0.0  0.0  0.0  0.0  0.2  0.1  0.1  1.0
   13 :  0.0  0.0  0.0  0.0  0.0  0.0  0.0  0.0  0.1  0.0 -0.1  0.0  1.0
   14 :  0.0  0.0  0.0  0.0  0.0  0.0  0.0  0.0 -0.1  0.0  0.1 -0.1  0.0  1.0
   15 :  0.0 -0.1 -0.1  0.0  0.1  0.0  0.1  0.0  0.0  0.0 -0.1  0.1  0.0  0.0  1.0
   16 :  0.0  0.0  0.0  0.0  0.0  0.0  0.0  0.0 -0.1  0.0  0.0 -0.1  0.0  0.0  0.0  1.0
   17 : -0.1 -0.1  0.0  0.0  0.2  0.0  0.0 -0.1  0.0  0.0  0.0  0.0  0.0  0.0  0.0  0.0  1.0
   18 :  0.0  0.0  0.0  0.0  0.0  0.0  0.0  0.0  0.1  0.0  0.0  0.0  0.0  0.0  0.0  0.0  0.0  1.0
 
 
 COVARIANCE MATRIX OF PARAMETERS
=================================================================================================================================================================================================================================================      
              1            2            3            4            5            6            7            8            9           10           11           12           13           14           15           16           17           18
    1 :   0.1890D-10
    2 :   0.4370D-08   0.4738D-05
    3 :   0.8088D-09   0.8769D-06   0.9402D-06
    4 :   0.9821D-09   0.2688D-06   0.2000D-06   0.4844D-05
    5 :   0.1032D-08   0.8780D-06   0.3070D-06   0.1466D-05   0.1222D-03
    6 :  -0.4966D-08  -0.8675D-07   0.1510D-06   0.1903D-05   0.9728D-05   0.1722D-04
    7 :  -0.7791D-09   0.2854D-06   0.1138D-06   0.4216D-06   0.1030D-05   0.3681D-05   0.1110D-04
    8 :  -0.4797D-10   0.3284D-06   0.1128D-06   0.1806D-06   0.9305D-06   0.1259D-05   0.3962D-05   0.1002D-04
    9 :  -0.2385D-09   0.1417D-06   0.7530D-07   0.3580D-07   0.1357D-05   0.1247D-05   0.8336D-06   0.2055D-05   0.1719D-04
   10 :   0.3424D-09  -0.2034D-06  -0.1081D-06  -0.5139D-07  -0.1949D-05  -0.1790D-05  -0.1197D-05  -0.2950D-05  -0.2468D-04   0.6559D-01
   11 :  -0.3247D-09   0.1929D-06   0.1025D-06   0.4873D-07   0.1848D-05   0.1697D-05   0.1135D-05   0.2797D-05   0.2340D-04   0.3108D-03   0.3933D-02
   12 :  -0.2926D-08   0.1800D-05   0.9407D-06   0.4893D-06   0.1663D-04   0.1551D-04   0.1166D-04   0.2678D-04   0.2082D-03   0.8723D-02   0.1458D-02   0.7681D-01
   13 :  -0.3752D-09   0.2233D-06   0.1185D-06   0.5662D-07   0.2135D-05   0.1962D-05   0.1320D-05   0.3242D-05   0.2702D-04   0.3611D-04  -0.2309D-03   0.4850D-03   0.3733D-02
   14 :  -0.1053D-10   0.1218D-06   0.2836D-07   0.1395D-06  -0.1725D-06   0.4794D-06   0.3178D-05   0.3803D-05  -0.1064D-04  -0.2183D-03   0.3078D-03  -0.6636D-03  -0.4954D-15   0.1679D-02
   15 :  -0.1198D-07  -0.9102D-05  -0.1012D-04   0.2088D-05   0.4118D-04   0.1300D-04   0.1566D-04   0.2705D-05  -0.1416D-04   0.4567D-03  -0.3393D-03   0.1533D-02   0.0000D+00   0.0000D+00   0.5295D-02
   16 :   0.3490D-09  -0.2090D-06  -0.1106D-06  -0.5373D-07  -0.1986D-05  -0.1830D-05  -0.1258D-05  -0.3049D-05  -0.2508D-04  -0.2347D-03  -0.3922D-04  -0.2066D-02  -0.7324D-27   0.2482D-14  -0.4948D-14   0.1130D-01
   17 :  -0.4004D-07  -0.3582D-04  -0.5657D-05   0.6417D-05   0.3473D-03   0.2655D-04  -0.9744D-06  -0.6814D-04  -0.1475D-04   0.0000D+00   0.0000D+00   0.0000D+00   0.0000D+00   0.0000D+00   0.0000D+00   0.0000D+00   0.2290D-01
   18 :  -0.5026D-08   0.1762D-05   0.8420D-06   0.2537D-05   0.2772D-04   0.2341D-04   0.2930D-04   0.2961D-04   0.6757D-04  -0.3309D-03  -0.5531D-04  -0.2914D-02   0.0000D+00   0.0000D+00   0.0000D+00   0.0000D+00   0.0000D+00   0.7291D-01
 
 
 DETERMINISTIC RUN COMPLETED
 BOOTSTRAP RUNS COMPLETED 
