 Initial value of the OBJECTIVE function =      37.3870
 Amoeba restart #     1, Objective function =     -54.6839
 Amoeba restart #     2, Objective function =     -58.0697
 Amoeba restart #     3, Objective function =     -60.9154
 Amoeba restart #     4, Objective function =     -62.0711
 Amoeba restart #     5, Objective function =     -62.4194
 Amoeba restart #     6, Objective function =     -62.4597
 Amoeba restart #     7, Objective function =     -62.4622
 Amoeba restart #     8, Objective function =     -62.4662
 Amoeba restart #     9, Objective function =     -62.4665
 Amoeba restart #    10, Objective function =     -62.4667
 Amoeba restart #    11, Objective function =     -62.4697
 Amoeba restart #    12, Objective function =     -62.4700
 Amoeba restart #    13, Objective function =     -62.4700
 Amoeba restart #    14, Objective function =     -62.4749
 Amoeba restart #    15, Objective function =     -62.4749
 Amoeba restart #    16, Objective function =     -62.4768
 Amoeba restart #    17, Objective function =     -62.4769
 Amoeba restart #    18, Objective function =     -62.4800
 Amoeba restart #    19, Objective function =     -62.4801
 Amoeba restart #    20, Objective function =     -62.4801
 Amoeba restart #    21, Objective function =     -62.4801
 Amoeba restart #    22, Objective function =     -62.4802


 FIRST DERIVATIVE TEST
==============================================      
             -h       central        +h     
         ----------  ----------  ---------- 
    1 : -0.1647D+03 -0.3989D+02  0.8201D+02
    2 : -0.2454D+02  0.2627D+01  0.2915D+02
    3 : -0.3632D+02 -0.2475D+01  0.3056D+02
    4 : -0.1419D+02  0.1956D+01  0.1909D+02
    5 : -0.1268D+02  0.5381D+01  0.2308D+02
    6 : -0.3868D+02 -0.1523D+01  0.3463D+02
    7 : -0.5429D+01  0.1961D+01  0.9170D+01
    8 : -0.1224D+02 -0.2726D+01  0.6238D+01
    9 : -0.2592D+02  0.1888D+01  0.2870D+02
   10 : -0.5026D-01  0.1652D-01  0.6847D-01
   11 : -0.1001D+01 -0.1151D+00  0.9260D+00
   12 : -0.2280D+00 -0.2890D-01  0.1907D+00
   13 : -0.1138D+01  0.8126D-01  0.1253D+01
   14 : -0.2725D+01 -0.3590D-01  0.2548D+01
   15 : -0.1275D+01  0.1360D+00  0.1491D+01
   16 : -0.4125D+00 -0.1383D+00  0.1251D+00
   17 : -0.1739D+00 -0.3705D-01  0.9448D-01
   18 : -0.1805D+00 -0.6651D-01  0.4301D-01


 HESSIAN MATRIX
=================================================================================================================================================================================================================================================      
              1            2            3            4            5            6            7            8            9           10           11           12           13           14           15           16           17           18
    1 :   0.2426D+08
    2 :  -0.1797D+07   0.4035D+06
    3 :   0.0000D+00  -0.2249D+06   0.4413D+06
    4 :   0.2210D-05   0.1388D+04  -0.1018D+06   0.1222D+06
    5 :  -0.2727D+06  -0.1855D+04  -0.2374D+04  -0.1640D+05   0.3770D+05
    6 :   0.3463D+06  -0.2549D+05  -0.1453D+04   0.1703D+03  -0.4286D+05   0.1101D+06
    7 :   0.0000D+00   0.0000D+00  -0.9014D+03  -0.5576D+03  -0.4375D+03  -0.1071D+05   0.2375D+05
    8 :   0.0000D+00   0.0000D+00  -0.9329D+03  -0.6912D+03  -0.3412D+03  -0.1987D+03  -0.1302D+05   0.3946D+05
    9 :   0.9323D-06   0.2155D+05   0.1110D+03  -0.2850D+03   0.3487D+04  -0.3754D+05   0.5612D+03  -0.8595D+04   0.1093D+06
   10 :   0.0000D+00   0.0000D+00   0.0000D+00   0.0000D+00   0.0000D+00   0.0000D+00   0.1601D+01   0.4180D+01   0.1409D+02   0.1359D+02
   11 :   0.0000D+00   0.0000D+00   0.0000D+00   0.0000D+00   0.0000D+00  -0.1684D+01  -0.5318D+01  -0.3136D+02  -0.6489D+03  -0.5669D+01   0.3128D+03
   12 :   0.0000D+00   0.0000D+00  -0.9853D-09   0.0000D+00   0.0000D+00  -0.2015D+01  -0.7245D+01  -0.3018D+02  -0.2895D+03  -0.1743D+00  -0.1315D+02   0.1501D+02
   13 :   0.0000D+00   0.0000D+00   0.0000D+00   0.0000D+00   0.0000D+00   0.5512D+01  -0.5051D+01  -0.3456D+02  -0.6274D+03   0.0000D+00   0.1642D+02  -0.1533D+01   0.2306D+03
   14 :   0.0000D+00   0.0000D+00   0.0000D+00   0.0000D+00  -0.2282D+00  -0.1524D+02  -0.8542D+02  -0.1663D+03   0.5577D+03   0.1766D+01  -0.5283D+02   0.6821D+01   0.0000D+00   0.6088D+03
   15 :   0.0000D+00   0.0000D+00  -0.8313D+02  -0.3577D+02   0.6694D+02   0.1296D+01  -0.3150D+02  -0.1531D+03   0.2771D+03  -0.1262D+01   0.2305D+02  -0.4893D+01   0.0000D+00   0.0000D+00   0.2178D+03
   16 :   0.0000D+00   0.0000D+00   0.0000D+00   0.0000D+00   0.0000D+00   0.0000D+00   0.0000D+00   0.0000D+00   0.1490D+03   0.0000D+00   0.0000D+00   0.2284D+01   0.0000D+00   0.0000D+00   0.0000D+00   0.8882D+02
   17 :   0.0000D+00  -0.6892D+03   0.1676D+03   0.2362D+02   0.6289D+02  -0.4016D+01   0.0000D+00   0.0000D+00   0.0000D+00   0.0000D+00   0.0000D+00   0.0000D+00   0.0000D+00   0.0000D+00   0.0000D+00   0.0000D+00   0.2973D+02
   18 :   0.0000D+00   0.0000D+00   0.0000D+00   0.0000D+00   0.0000D+00   0.0000D+00   0.0000D+00   0.0000D+00  -0.2106D+02   0.0000D+00   0.0000D+00   0.4379D+00   0.0000D+00   0.0000D+00   0.0000D+00   0.0000D+00   0.0000D+00   0.1531D+02
 
 
 CORRELATION MATRIX OF PARAMETERS
==================================================================================================  
          1    2    3    4    5    6    7    8    9   10   11   12   13   14   15   16   17   18
    1 :  1.0
    2 :  0.6  1.0
    3 :  0.3  0.5  1.0
    4 :  0.1  0.2  0.4  1.0
    5 :  0.3  0.1  0.1  0.2  1.0
    6 :  0.1  0.2  0.1  0.2  0.7  1.0
    7 :  0.0  0.0  0.0  0.0  0.2  0.2  1.0
    8 :  0.0  0.0  0.0  0.0  0.1  0.1  0.4  1.0
    9 :  0.0  0.0  0.0  0.0  0.2  0.4  0.0  0.1  1.0
   10 :  0.0  0.0  0.0  0.0  0.0  0.0  0.0  0.0  0.0  1.0
   11 :  0.0  0.0  0.0  0.0  0.0  0.0  0.0  0.0  0.1  0.1  1.0
   12 :  0.0  0.0  0.0  0.0  0.1  0.1  0.0  0.1  0.2  0.0  0.2  1.0
   13 :  0.0  0.0  0.0  0.0  0.0  0.0  0.0  0.0  0.1  0.0 -0.1  0.0  1.0
   14 :  0.0  0.0  0.0  0.0  0.0  0.0  0.0  0.0 -0.1  0.0  0.1 -0.1  0.0  1.0
   15 :  0.0  0.0  0.0  0.0  0.0  0.0  0.0  0.0  0.0  0.0 -0.1  0.1  0.0  0.0  1.0
   16 :  0.0  0.0  0.0  0.0  0.0  0.0  0.0  0.0 -0.1  0.0  0.0 -0.1  0.0  0.0  0.0  1.0
   17 :  0.1  0.2 -0.1  0.0 -0.1  0.0  0.0  0.0  0.0  0.0  0.0  0.0  0.0  0.0  0.0  0.0  1.0
   18 :  0.0  0.0  0.0  0.0  0.0  0.0  0.0  0.0  0.0  0.0  0.0  0.0  0.0  0.0  0.0  0.0  0.0  1.0
 
 
 COVARIANCE MATRIX OF PARAMETERS
=================================================================================================================================================================================================================================================      
              1            2            3            4            5            6            7            8            9           10           11           12           13           14           15           16           17           18
    1 :   0.4122D-07
    2 :   0.1835D-06   0.2478D-05
    3 :   0.9351D-07   0.1263D-05   0.2266D-05
    4 :   0.7583D-07   0.1024D-05   0.1888D-05   0.8181D-05
    5 :   0.3460D-06   0.6468D-06   0.9639D-06   0.3558D-05   0.2652D-04
    6 :   0.4870D-07   0.8408D-06   0.4023D-06   0.1373D-05   0.1033D-04   0.9084D-05
    7 :   0.3367D-07   0.4631D-06   0.3295D-06   0.8768D-06   0.5146D-05   0.4097D-05   0.4210D-04
    8 :   0.1788D-07   0.2104D-06   0.2057D-06   0.4702D-06   0.1979D-05   0.1397D-05   0.1389D-04   0.2534D-04
    9 :  -0.2916D-07  -0.2050D-06   0.1245D-06   0.4116D-06   0.2829D-05   0.3207D-05   0.8756D-06   0.1992D-05   0.9146D-05
   10 :   0.2078D-07   0.9331D-07  -0.2312D-06  -0.6750D-06  -0.4150D-05  -0.4240D-05  -0.1014D-04  -0.9863D-05  -0.9488D-05   0.7361D-01
   11 :  -0.5748D-07  -0.3900D-06   0.2824D-06   0.9111D-06   0.6134D-05   0.6836D-05   0.3741D-05   0.6494D-05   0.1880D-04   0.1334D-02   0.3197D-02
   12 :  -0.5535D-06  -0.3533D-05   0.3271D-05   0.1028D-04   0.6771D-04   0.7378D-04   0.6827D-04   0.9492D-04   0.1927D-03   0.2023D-02   0.2800D-02   0.6660D-01
   13 :  -0.7665D-07  -0.5317D-06   0.3686D-06   0.1180D-05   0.7871D-05   0.8811D-05   0.5572D-05   0.9385D-05   0.2482D-04  -0.8153D-04  -0.2090D-03   0.4427D-03   0.4336D-02
   14 :   0.3882D-07   0.3369D-06  -0.1266D-07  -0.1241D-06  -0.1275D-05  -0.1976D-05   0.8486D-05   0.4624D-05  -0.8879D-05  -0.1204D-03   0.2461D-03  -0.7463D-03   0.0000D+00   0.1643D-02
   15 :  -0.1020D-07   0.8844D-06   0.9524D-06   0.3058D-06  -0.8830D-05  -0.1652D-05   0.1582D-04   0.1667D-04  -0.9354D-05   0.3307D-03  -0.2755D-03   0.1496D-02   0.0000D+00   0.0000D+00   0.4591D-02
   16 :   0.6313D-07   0.4346D-06  -0.2929D-06  -0.9547D-06  -0.6485D-05  -0.7277D-05  -0.3224D-05  -0.5782D-05  -0.2030D-04  -0.5201D-04  -0.7200D-04  -0.1713D-02   0.0000D+00   0.0000D+00   0.0000D+00   0.1126D-01
   17 :   0.2940D-05   0.4825D-04  -0.1626D-04  -0.1384D-04  -0.5470D-04   0.1227D-05   0.0000D+00   0.0000D+00   0.0000D+00   0.0000D+00   0.0000D+00   0.0000D+00   0.0000D+00   0.0000D+00   0.0000D+00   0.0000D+00   0.3363D-01
   18 :  -0.2428D-07  -0.1809D-06   0.7767D-07   0.2722D-06   0.1955D-05   0.2302D-05  -0.7478D-06   0.2575D-07   0.7070D-05  -0.5784D-04  -0.8008D-04  -0.1905D-02   0.0000D+00   0.0000D+00   0.0000D+00   0.0000D+00   0.0000D+00   0.6530D-01
 
 
 DETERMINISTIC RUN COMPLETED
 BOOTSTRAP RUNS COMPLETED 
