 Initial value of the OBJECTIVE function =     440.8513
 Amoeba restart #     1, Objective function =      81.6976
 Amoeba restart #     2, Objective function =      -2.9447
 Amoeba restart #     3, Objective function =     -31.1962
 Amoeba restart #     4, Objective function =     -50.9739
 Amoeba restart #     5, Objective function =     -56.5293
 Amoeba restart #     6, Objective function =     -63.3246
 Amoeba restart #     7, Objective function =     -63.8309
 Amoeba restart #     8, Objective function =     -63.8367
 Amoeba restart #     9, Objective function =     -63.8433
 Amoeba restart #    10, Objective function =     -63.8465
 Amoeba restart #    11, Objective function =     -63.8470
 Amoeba restart #    12, Objective function =     -63.8471
 Amoeba restart #    13, Objective function =     -63.8471
 Amoeba restart #    14, Objective function =     -63.8490


 FIRST DERIVATIVE TEST
==============================================      
             -h       central        +h     
         ----------  ----------  ---------- 
    1 : -0.5271D+04  0.5171D+04  0.1536D+05
    2 : -0.1566D+02 -0.4718D+01  0.5947D+01
    3 : -0.9865D+02 -0.5313D+01  0.4793D+02
    4 : -0.3529D+02  0.8309D+00  0.3450D+02
    5 : -0.1061D+03  0.7624D+02  0.2841D+03
    6 : -0.3697D+02  0.6363D+01  0.1929D+03
    7 : -0.9032D+02  0.1186D+02  0.1035D+03
    8 : -0.2147D+02  0.3005D+00  0.2206D+02
    9 : -0.2143D+03 -0.1011D+02  0.1958D+03
   10 : -0.7758D+00  0.9240D-01  0.8232D+00
   11 : -0.1457D+00 -0.2132D-01  0.1550D+00
   12 : -0.1993D+01 -0.9450D-01  0.1580D+01
   13 : -0.1370D+01 -0.5720D-01  0.1204D+01
   14 : -0.3066D+01 -0.8696D-01  0.2775D+01
   15 : -0.1467D+01 -0.3341D-01  0.1344D+01
   16 : -0.1328D+00  0.9042D-01  0.3048D+00
   17 : -0.3145D+00 -0.7048D-01  0.1640D+00
   18 : -0.3117D+00 -0.5913D-01  0.1836D+00


 HESSIAN MATRIX
=================================================================================================================================================================================================================================================      
              1            2            3            4            5            6            7            8            9           10           11           12           13           14           15           16           17           18
    1 :   0.1711D+12
    2 :  -0.5080D+07   0.1513D+06
    3 :   0.0000D+00  -0.1832D+06   0.1054D+07
    4 :  -0.4291D+08  -0.3458D+05  -0.1010D+06   0.1576D+06
    5 :   0.3142D+08   0.2243D+05  -0.1509D+05  -0.1014D+06   0.2129D+07
    6 :   0.3836D-03  -0.4913D+04  -0.1701D+05  -0.3202D+04  -0.9337D+05   0.4152D+06
    7 :   0.0000D+00  -0.1176D+04   0.4524D+05  -0.4499D+04  -0.1937D+06  -0.1663D+06   0.1329D+07
    8 :   0.0000D+00  -0.4671D+04  -0.1622D+05  -0.2854D+04  -0.2516D+04   0.1025D+05  -0.1187D+06   0.1982D+06
    9 :   0.2694D+08   0.1807D+05  -0.2362D+05  -0.4967D+05  -0.7699D+06  -0.8773D+04  -0.2056D+06  -0.5279D+05   0.1759D+07
   10 :   0.0000D+00   0.0000D+00   0.0000D+00   0.0000D+00   0.0000D+00   0.0000D+00   0.0000D+00  -0.2289D-08  -0.1585D+03   0.2219D+03
   11 :   0.0000D+00   0.0000D+00  -0.6690D+00  -0.3503D+00  -0.1132D+01  -0.2901D+01  -0.2966D+01  -0.5513D+01  -0.2652D+03  -0.1099D+02   0.1292D+02
   12 :   0.8558D+05   0.6515D+02  -0.4832D+02  -0.1518D+03  -0.2238D+04  -0.5775D+02  -0.8322D+03  -0.7771D+02   0.5077D+04  -0.2075D+02  -0.5645D+01   0.1481D+03
   13 :   0.0000D+00   0.0000D+00   0.0000D+00   0.0000D+00   0.0000D+00   0.0000D+00   0.0000D+00   0.0000D+00  -0.7013D+03   0.2017D+02  -0.4232D+01  -0.3431D+02   0.2362D+03
   14 :   0.0000D+00   0.0000D+00   0.0000D+00   0.0000D+00   0.6944D-01   0.2797D+01   0.3975D+02   0.5718D+02   0.6595D+03  -0.4174D+02   0.8950D+01   0.2374D+02   0.1559D-09   0.6977D+03
   15 :   0.0000D+00   0.0000D+00   0.0000D+00   0.2429D+03   0.1445D+03  -0.1600D+03  -0.2882D+03  -0.2933D+03   0.5891D+03   0.9344D+01  -0.3775D+01   0.1351D+02   0.0000D+00   0.0000D+00   0.2098D+03
   16 :   0.0000D+00   0.0000D+00   0.0000D+00   0.0000D+00  -0.3074D-08   0.6400D-08  -0.1173D-07   0.0000D+00   0.3215D+03   0.0000D+00   0.1411D+01   0.4252D+01   0.0000D+00   0.0000D+00   0.0000D+00   0.6051D+02
   17 :   0.0000D+00   0.5820D+03  -0.3483D+03  -0.2513D+02   0.3408D+02  -0.7079D+03  -0.1862D+03  -0.1322D+03   0.3149D+03   0.0000D+00   0.0000D+00   0.1632D+00   0.0000D+00   0.0000D+00   0.0000D+00   0.0000D+00   0.4722D+02
   18 :   0.0000D+00   0.0000D+00  -0.1201D+02  -0.6327D+01  -0.2211D+02  -0.5366D+02  -0.6045D+02  -0.1019D+03  -0.3628D+03   0.0000D+00   0.8663D+00  -0.2328D+00   0.0000D+00   0.0000D+00   0.0000D+00   0.0000D+00   0.0000D+00   0.3379D+02
 
 
 CORRELATION MATRIX OF PARAMETERS
==================================================================================================  
          1    2    3    4    5    6    7    8    9   10   11   12   13   14   15   16   17   18
    1 :  1.0
    2 :  0.0  1.0
    3 :  0.0  0.5  1.0
    4 :  0.3  0.3  0.2  1.0
    5 :  0.0  0.0  0.1  0.2  1.0
    6 :  0.0  0.0  0.0  0.0  0.1  1.0
    7 :  0.0  0.0  0.0  0.0  0.1  0.2  1.0
    8 :  0.0  0.0  0.0  0.0  0.0  0.0  0.2  1.0
    9 :  0.0  0.0  0.1  0.2  0.4  0.0  0.2  0.1  1.0
   10 :  0.0  0.0  0.0  0.0  0.0  0.0  0.0  0.0  0.0  1.0
   11 :  0.0  0.0  0.0  0.0  0.0  0.0  0.0  0.0  0.1  0.2  1.0
   12 :  0.0  0.0  0.0  0.0  0.0  0.0  0.0  0.0 -0.3  0.1  0.1  1.0
   13 :  0.0  0.0  0.0  0.0  0.0  0.0  0.0  0.0  0.0  0.0  0.1  0.2  1.0
   14 :  0.0  0.0  0.0  0.0  0.0  0.0  0.0  0.0  0.0  0.1 -0.1 -0.1  0.0  1.0
   15 :  0.0  0.0  0.0  0.0  0.0  0.0  0.0  0.0  0.0  0.0  0.1 -0.1  0.0  0.0  1.0
   16 :  0.0  0.0  0.0  0.0  0.0  0.0  0.0  0.0  0.0  0.0 -0.1  0.0  0.0  0.0  0.0  1.0
   17 :  0.0 -0.2  0.1  0.0  0.0  0.2  0.0  0.0  0.0  0.0  0.0  0.0  0.0  0.0  0.0  0.0  1.0
   18 :  0.0  0.0  0.0  0.0  0.0  0.0  0.0  0.0  0.0  0.0  0.0  0.0  0.0  0.0  0.0  0.0  0.0  1.0
 
 
 COVARIANCE MATRIX OF PARAMETERS
=================================================================================================================================================================================================================================================      
              1            2            3            4            5            6            7            8            9           10           11           12           13           14           15           16           17           18
    1 :   0.5845D-11
    2 :   0.1962D-09   0.6609D-05
    3 :   0.3410D-10   0.1149D-05   0.9488D-06
    4 :   0.1656D-08   0.2186D-05   0.6082D-06   0.6345D-05
    5 :  -0.9185D-11   0.4266D-07   0.3569D-07   0.3022D-06   0.4697D-06
    6 :   0.1443D-10   0.1517D-06   0.5160D-07   0.1169D-06   0.1056D-06   0.2409D-05
    7 :   0.5088D-11  -0.6422D-09  -0.1859D-07   0.8019D-07   0.8171D-07   0.3015D-06   0.7527D-06
    8 :   0.3344D-10   0.2735D-06   0.7304D-07   0.1371D-06   0.4942D-07   0.5593D-07   0.4507D-06   0.5044D-05
    9 :  -0.4664D-10   0.3684D-07   0.4580D-07   0.3254D-06   0.2171D-06   0.4891D-07   0.1015D-06   0.1513D-06   0.5684D-06
   10 :  -0.3332D-10   0.2632D-07   0.3272D-07   0.2325D-06   0.1551D-06   0.3494D-07   0.7248D-07   0.1081D-06   0.4060D-06   0.4507D-02
   11 :  -0.9216D-09   0.1052D-05   0.1076D-05   0.7182D-05   0.4694D-05   0.1668D-05   0.2510D-05   0.5353D-05   0.1202D-04   0.3836D-02   0.7742D-01
   12 :  -0.2836D-09  -0.6676D-06  -0.9829D-07   0.7888D-06   0.3847D-06   0.1055D-05   0.1094D-05  -0.2323D-05  -0.1897D-04   0.7779D-03   0.2952D-02   0.6754D-02
   13 :  -0.1933D-09   0.2902D-07   0.1382D-06   0.1190D-05   0.7713D-06   0.3254D-06   0.4990D-06   0.1987D-06  -0.8876D-06  -0.2031D-03   0.1816D-02   0.9810D-03   0.4234D-02
   14 :   0.6048D-10  -0.4702D-07  -0.5693D-07  -0.4290D-06  -0.2784D-06  -0.1329D-06  -0.2408D-06  -0.5397D-06  -0.2149D-07   0.1939D-03  -0.1094D-02  -0.2298D-03  -0.9462D-15   0.1433D-02
   15 :  -0.1713D-08  -0.2106D-05  -0.7172D-06  -0.8009D-05  -0.6182D-06   0.2152D-05   0.1350D-05   0.6868D-05  -0.1759D-06  -0.1818D-03   0.1203D-02  -0.4349D-03   0.0000D+00   0.0000D+00   0.4766D-02
   16 :   0.2892D-09  -0.1733D-06  -0.2615D-06  -0.1952D-05  -0.1290D-05  -0.3729D-06  -0.6744D-06  -0.7656D-06  -0.1966D-05  -0.1441D-03  -0.2013D-02  -0.4746D-03   0.0000D+00   0.0000D+00   0.0000D+00   0.1653D-01
   17 :  -0.6369D-09  -0.6906D-04   0.7896D-05   0.3438D-05   0.2562D-06   0.3713D-04   0.3550D-05   0.1312D-04  -0.3724D-05  -0.2689D-05  -0.1020D-04  -0.2334D-04   0.0000D+00   0.0000D+00   0.0000D+00   0.0000D+00   0.2118D-01
   18 :  -0.3005D-10   0.2274D-05   0.1207D-05   0.5444D-05   0.2984D-05   0.5023D-05   0.3738D-05   0.1668D-04   0.5664D-05  -0.9299D-04  -0.1965D-02   0.4652D-04   0.0000D+00   0.0000D+00   0.0000D+00   0.0000D+00   0.0000D+00   0.2959D-01
 
 
 DETERMINISTIC RUN COMPLETED
 MAXIMUM NUMBER ( 100 ) OF ITERATIONS EXCEEDED
 RETROSPECTIVE RUNS COMPLETED
