 Initial value of the OBJECTIVE function =     436.8636
 Amoeba restart #     1, Objective function =      17.1131
 Amoeba restart #     2, Objective function =     -15.5784
 Amoeba restart #     3, Objective function =     -37.0514
 Amoeba restart #     4, Objective function =     -50.2488
 Amoeba restart #     5, Objective function =     -53.9422
 Amoeba restart #     6, Objective function =     -56.2489
 Amoeba restart #     7, Objective function =     -57.7733
 Amoeba restart #     8, Objective function =     -57.8224
 Amoeba restart #     9, Objective function =     -57.8240
 Amoeba restart #    10, Objective function =     -57.8240
 Amoeba restart #    11, Objective function =     -57.8240
 Amoeba restart #    12, Objective function =     -57.8328
 Amoeba restart #    13, Objective function =     -57.8375
 Amoeba restart #    14, Objective function =     -57.8383
 Amoeba restart #    15, Objective function =     -57.8386
 Amoeba restart #    16, Objective function =     -57.8388
 Amoeba restart #    17, Objective function =     -57.8408
 Amoeba restart #    18, Objective function =     -57.8408
 Amoeba restart #    19, Objective function =     -57.8411
 Amoeba restart #    20, Objective function =     -57.8411
 Amoeba restart #    21, Objective function =     -57.8419
 Amoeba restart #    22, Objective function =     -57.8419
 Amoeba restart #    23, Objective function =     -57.8419


 FIRST DERIVATIVE TEST
==============================================      
             -h       central        +h     
         ----------  ----------  ---------- 
    1 : -0.1003D+05  0.2795D+03  0.1035D+05
    2 : -0.2783D+00  0.4767D+01  0.9684D+01
    3 : -0.2880D+02 -0.1753D+01  0.2465D+02
    4 : -0.9790D+01  0.5741D+01  0.1987D+02
    5 : -0.2643D+02  0.6642D+02  0.1726D+03
    6 : -0.1114D+02  0.8915D+02  0.2868D+03
    7 : -0.3178D+02  0.4311D+01  0.4117D+02
    8 : -0.7661D+01  0.8425D+00  0.9224D+01
    9 : -0.1186D+03 -0.2963D+02  0.6330D+02
   10 : -0.2020D+00  0.2444D-01  0.1305D+00
   11 : -0.1909D+01 -0.4279D+00  0.9948D+00
   12 : -0.2972D+01 -0.2286D+00  0.2407D+01
   13 : -0.1672D+01 -0.2354D+00  0.1145D+01
   14 : -0.2673D+00 -0.3239D-02  0.2504D+00
   15 : -0.2885D+00 -0.4460D-01  0.1897D+00
   16 : -0.2027D+00 -0.3349D-01  0.1291D+00


 HESSIAN MATRIX
=======================================================================================================================================================================================================================      
              1            2            3            4            5            6            7            8            9           10           11           12           13           14           15           16
    1 :   0.1661D+12
    2 :  -0.4773D+07   0.3314D+05
    3 :  -0.3140D-03  -0.4558D+05   0.2896D+06
    4 :  -0.1842D+08  -0.6939D+04  -0.2245D+05   0.2739D+05
    5 :   0.1207D+08   0.3815D+04  -0.1986D+04  -0.1791D+05   0.4600D+06
    6 :   0.1121D+08   0.3014D+04  -0.5258D+04  -0.1185D+05  -0.1143D+06   0.8871D+06
    7 :   0.0000D+00   0.4954D+03   0.4561D+04  -0.2805D+03  -0.2997D+05  -0.5560D+05   0.1926D+06
    8 :   0.0000D+00  -0.8190D+03  -0.3197D+04  -0.4729D+03  -0.3751D+03   0.1595D+04  -0.1946D+05   0.3129D+05
    9 :   0.1011D+08   0.3070D+04  -0.3370D+04  -0.8409D+04  -0.1292D+06  -0.8438D+05  -0.3043D+05  -0.7764D+04   0.3261D+06
   10 :   0.0000D+00   0.0000D+00  -0.3582D+00  -0.1331D+00  -0.3210D+00  -0.5052D+00   0.1805D+00  -0.1049D+01  -0.2267D+03   0.1636D+02
   11 :   0.0000D+00   0.0000D+00   0.0000D+00   0.0000D+00   0.0000D+00   0.0000D+00   0.0000D+00   0.0000D+00  -0.2477D+03  -0.2843D+01   0.2981D+03
   12 :   0.0000D+00   0.0000D+00   0.0000D+00   0.0000D+00  -0.1507D-01  -0.1207D+01  -0.1550D+02  -0.6311D+02   0.4557D+03   0.6948D+01  -0.8021D-10   0.5907D+03
   13 :   0.0000D+00   0.0000D+00   0.0000D+00   0.1059D+03   0.4009D+02  -0.1179D+03  -0.1540D+03  -0.1383D+03   0.1965D+03  -0.4870D+01   0.0000D+00   0.0000D+00   0.2097D+03
   14 :   0.0000D+00   0.0000D+00  -0.6225D-08  -0.1038D-08   0.0000D+00   0.0000D+00   0.0000D+00   0.0000D+00   0.9254D+02   0.2278D+01   0.0000D+00   0.0000D+00   0.0000D+00   0.8362D+02
   15 :   0.0000D+00   0.3123D+03  -0.3986D+02  -0.9170D+00   0.1179D+02  -0.2972D+03  -0.8902D+02  -0.6594D+02   0.9070D+02   0.0000D+00   0.0000D+00   0.0000D+00   0.0000D+00   0.0000D+00   0.4731D+02
   16 :   0.0000D+00   0.0000D+00  -0.4397D+01  -0.1968D+01  -0.7035D+01  -0.2032D+02  -0.2432D+02  -0.2933D+02  -0.6945D+02   0.6477D+00   0.0000D+00   0.0000D+00   0.0000D+00   0.0000D+00   0.0000D+00   0.1518D+02
 
 
 CORRELATION MATRIX OF PARAMETERS
========================================================================================  
          1    2    3    4    5    6    7    8    9   10   11   12   13   14   15   16
    1 :  1.0
    2 :  0.1  1.0
    3 :  0.0  0.5  1.0
    4 :  0.3  0.3  0.3  1.0
    5 :  0.0  0.0  0.0  0.2  1.0
    6 :  0.0  0.0  0.0  0.1  0.2  1.0
    7 :  0.0  0.0  0.0  0.0  0.1  0.1  1.0
    8 :  0.0  0.0  0.0  0.0  0.0  0.0  0.3  1.0
    9 :  0.0  0.0  0.1  0.2  0.4  0.2  0.1  0.1  1.0
   10 :  0.0  0.0  0.0  0.0  0.0  0.0  0.0  0.0  0.1  1.0
   11 :  0.0  0.0  0.0  0.0  0.0  0.0  0.0  0.0  0.0  0.0  1.0
   12 :  0.0  0.0  0.0  0.0  0.0  0.0  0.0  0.0  0.0 -0.1  0.0  1.0
   13 :  0.0  0.0  0.0  0.0  0.0  0.0  0.0  0.1  0.0  0.1  0.0  0.0  1.0
   14 :  0.0  0.0  0.0  0.0  0.0  0.0  0.0  0.0  0.0 -0.1  0.0  0.0  0.0  1.0
   15 :  0.0 -0.2  0.0  0.0  0.0  0.0  0.0  0.1  0.0  0.0  0.0  0.0  0.0  0.0  1.0
   16 :  0.0  0.0  0.0  0.0  0.0  0.0  0.0  0.0  0.0  0.0  0.0  0.0  0.0  0.0  0.0  1.0
 
 
 COVARIANCE MATRIX OF PARAMETERS
=======================================================================================================================================================================================================================      
              1            2            3            4            5            6            7            8            9           10           11           12           13           14           15           16
    1 :   0.6020D-11
    2 :   0.8670D-09   0.3018D-04
    3 :   0.1364D-09   0.4749D-05   0.3453D-05
    4 :   0.4380D-08   0.1154D-04   0.2830D-05   0.3651D-04
    5 :   0.5929D-11   0.2195D-06   0.1251D-06   0.1422D-05   0.2174D-05
    6 :  -0.1892D-10   0.1081D-06   0.7440D-07   0.6710D-06   0.2802D-06   0.1127D-05
    7 :  -0.3623D-11  -0.1080D-06  -0.3672D-07   0.4682D-06   0.4193D-06   0.3255D-06   0.5193D-05
    8 :   0.1016D-09   0.1379D-05   0.3705D-06   0.8258D-06   0.2725D-06   0.1450D-06   0.3230D-05   0.3195D-04
    9 :  -0.8085D-10   0.2002D-06   0.1829D-06   0.1742D-05   0.9794D-06   0.3255D-06   0.5614D-06   0.7608D-06   0.3066D-05
   10 :  -0.1075D-08   0.3068D-05   0.2660D-05   0.2452D-04   0.1363D-04   0.4549D-05   0.7926D-05   0.1259D-04   0.4247D-04   0.6111D-01
   11 :  -0.7744D-10   0.1957D-06   0.1774D-06   0.1681D-05   0.9440D-06   0.3139D-06   0.5422D-06   0.7523D-06   0.2954D-05   0.5829D-03   0.3355D-02
   12 :   0.8575D-10  -0.4580D-07  -0.1336D-06  -0.1530D-05  -0.8753D-06  -0.2783D-06  -0.4499D-07   0.2679D-05  -0.2865D-05  -0.7188D-03   0.4556D-15   0.1693D-02
   13 :  -0.2108D-08  -0.5093D-05  -0.1303D-05  -0.1850D-04  -0.3719D-06   0.7686D-06   0.5600D-05   0.2065D-04  -0.1887D-05   0.1419D-02   0.0000D+00   0.0000D+00   0.4768D-02
   14 :   0.1188D-09  -0.3052D-06  -0.2749D-06  -0.2595D-05  -0.1455D-05  -0.4841D-06  -0.8372D-06  -0.1185D-05  -0.4550D-05  -0.1665D-02   0.0000D+00   0.0000D+00   0.0000D+00   0.1196D-01
   15 :  -0.5354D-08  -0.1930D-03   0.3497D-05   0.3261D-05   0.5092D-06   0.7271D-05   0.1320D-04   0.4308D-04  -0.5878D-05   0.0000D+00   0.0000D+00   0.0000D+00   0.0000D+00   0.0000D+00   0.2114D-01
   16 :   0.4512D-09   0.6396D-05   0.2905D-05   0.1556D-04   0.6480D-05   0.3606D-05   0.1679D-04   0.6469D-04   0.1222D-04  -0.2608D-02   0.0000D+00   0.0000D+00   0.0000D+00   0.0000D+00   0.0000D+00   0.6588D-01
 
 
 DETERMINISTIC RUN COMPLETED
 BOOTSTRAP RUNS COMPLETED 
